<?xml version="1.0" encoding="UTF-8"?>
<testsuite xmlns:xsi="http://www.w3.org/2001/XMLSchema-instance" xsi:noNamespaceSchemaLocation="https://maven.apache.org/surefire/maven-surefire-plugin/xsd/surefire-test-report-3.0.xsd" version="3.0" name="TestSuite" time="110.561" tests="1" errors="0" skipped="0" failures="1">
  <properties>
    <property name="sun.desktop" value="windows"/>
    <property name="awt.toolkit" value="sun.awt.windows.WToolkit"/>
    <property name="file.encoding.pkg" value="sun.io"/>
    <property name="java.specification.version" value="1.8"/>
    <property name="sun.cpu.isalist" value="amd64"/>
    <property name="sun.jnu.encoding" value="Cp1252"/>
    <property name="java.class.path" value="C:\Users\Nitin\eclipse-workspace\No Broker\target\test-classes;C:\Users\Nitin\eclipse-workspace\No Broker\target\classes;C:\Users\Nitin\.m2\repository\org\seleniumhq\selenium\selenium-java\3.141.59\selenium-java-3.141.59.jar;C:\Users\Nitin\.m2\repository\org\seleniumhq\selenium\selenium-api\3.141.59\selenium-api-3.141.59.jar;C:\Users\Nitin\.m2\repository\org\seleniumhq\selenium\selenium-chrome-driver\3.141.59\selenium-chrome-driver-3.141.59.jar;C:\Users\Nitin\.m2\repository\org\seleniumhq\selenium\selenium-edge-driver\3.141.59\selenium-edge-driver-3.141.59.jar;C:\Users\Nitin\.m2\repository\org\seleniumhq\selenium\selenium-firefox-driver\3.141.59\selenium-firefox-driver-3.141.59.jar;C:\Users\Nitin\.m2\repository\org\seleniumhq\selenium\selenium-ie-driver\3.141.59\selenium-ie-driver-3.141.59.jar;C:\Users\Nitin\.m2\repository\org\seleniumhq\selenium\selenium-opera-driver\3.141.59\selenium-opera-driver-3.141.59.jar;C:\Users\Nitin\.m2\repository\org\seleniumhq\selenium\selenium-remote-driver\3.141.59\selenium-remote-driver-3.141.59.jar;C:\Users\Nitin\.m2\repository\org\seleniumhq\selenium\selenium-safari-driver\3.141.59\selenium-safari-driver-3.141.59.jar;C:\Users\Nitin\.m2\repository\org\seleniumhq\selenium\selenium-support\3.141.59\selenium-support-3.141.59.jar;C:\Users\Nitin\.m2\repository\net\bytebuddy\byte-buddy\1.8.15\byte-buddy-1.8.15.jar;C:\Users\Nitin\.m2\repository\org\apache\commons\commons-exec\1.3\commons-exec-1.3.jar;C:\Users\Nitin\.m2\repository\com\google\guava\guava\25.0-jre\guava-25.0-jre.jar;C:\Users\Nitin\.m2\repository\com\google\code\findbugs\jsr305\1.3.9\jsr305-1.3.9.jar;C:\Users\Nitin\.m2\repository\org\checkerframework\checker-compat-qual\2.0.0\checker-compat-qual-2.0.0.jar;C:\Users\Nitin\.m2\repository\com\google\errorprone\error_prone_annotations\2.1.3\error_prone_annotations-2.1.3.jar;C:\Users\Nitin\.m2\repository\com\google\j2objc\j2objc-annotations\1.1\j2objc-annotations-1.1.jar;C:\Users\Nitin\.m2\repository\org\codehaus\mojo\animal-sniffer-annotations\1.14\animal-sniffer-annotations-1.14.jar;C:\Users\Nitin\.m2\repository\com\squareup\okhttp3\okhttp\3.11.0\okhttp-3.11.0.jar;C:\Users\Nitin\.m2\repository\com\squareup\okio\okio\1.14.0\okio-1.14.0.jar;C:\Users\Nitin\.m2\repository\io\appium\java-client\7.3.0\java-client-7.3.0.jar;C:\Users\Nitin\.m2\repository\com\google\code\gson\gson\2.8.5\gson-2.8.5.jar;C:\Users\Nitin\.m2\repository\org\apache\httpcomponents\httpclient\4.5.9\httpclient-4.5.9.jar;C:\Users\Nitin\.m2\repository\org\apache\httpcomponents\httpcore\4.4.11\httpcore-4.4.11.jar;C:\Users\Nitin\.m2\repository\commons-logging\commons-logging\1.2\commons-logging-1.2.jar;C:\Users\Nitin\.m2\repository\cglib\cglib\3.2.12\cglib-3.2.12.jar;C:\Users\Nitin\.m2\repository\org\ow2\asm\asm\7.1\asm-7.1.jar;C:\Users\Nitin\.m2\repository\commons-validator\commons-validator\1.6\commons-validator-1.6.jar;C:\Users\Nitin\.m2\repository\commons-beanutils\commons-beanutils\1.9.2\commons-beanutils-1.9.2.jar;C:\Users\Nitin\.m2\repository\commons-digester\commons-digester\1.8.1\commons-digester-1.8.1.jar;C:\Users\Nitin\.m2\repository\commons-collections\commons-collections\3.2.2\commons-collections-3.2.2.jar;C:\Users\Nitin\.m2\repository\org\apache\commons\commons-lang3\3.9\commons-lang3-3.9.jar;C:\Users\Nitin\.m2\repository\org\springframework\spring-context\5.1.8.RELEASE\spring-context-5.1.8.RELEASE.jar;C:\Users\Nitin\.m2\repository\org\springframework\spring-aop\5.1.8.RELEASE\spring-aop-5.1.8.RELEASE.jar;C:\Users\Nitin\.m2\repository\org\springframework\spring-beans\5.1.8.RELEASE\spring-beans-5.1.8.RELEASE.jar;C:\Users\Nitin\.m2\repository\org\springframework\spring-core\5.1.8.RELEASE\spring-core-5.1.8.RELEASE.jar;C:\Users\Nitin\.m2\repository\org\springframework\spring-jcl\5.1.8.RELEASE\spring-jcl-5.1.8.RELEASE.jar;C:\Users\Nitin\.m2\repository\org\springframework\spring-expression\5.1.8.RELEASE\spring-expression-5.1.8.RELEASE.jar;C:\Users\Nitin\.m2\repository\org\aspectj\aspectjweaver\1.9.4\aspectjweaver-1.9.4.jar;C:\Users\Nitin\.m2\repository\org\slf4j\slf4j-api\1.7.26\slf4j-api-1.7.26.jar;C:\Users\Nitin\.m2\repository\org\testng\testng\7.1.0\testng-7.1.0.jar;C:\Users\Nitin\.m2\repository\com\beust\jcommander\1.72\jcommander-1.72.jar;C:\Users\Nitin\.m2\repository\com\google\inject\guice\4.1.0\guice-4.1.0-no_aop.jar;C:\Users\Nitin\.m2\repository\javax\inject\javax.inject\1\javax.inject-1.jar;C:\Users\Nitin\.m2\repository\aopalliance\aopalliance\1.0\aopalliance-1.0.jar;C:\Users\Nitin\.m2\repository\org\yaml\snakeyaml\1.21\snakeyaml-1.21.jar;C:\Users\Nitin\.m2\repository\org\apache\poi\poi\4.1.2\poi-4.1.2.jar;C:\Users\Nitin\.m2\repository\commons-codec\commons-codec\1.13\commons-codec-1.13.jar;C:\Users\Nitin\.m2\repository\org\apache\commons\commons-collections4\4.4\commons-collections4-4.4.jar;C:\Users\Nitin\.m2\repository\org\apache\commons\commons-math3\3.6.1\commons-math3-3.6.1.jar;C:\Users\Nitin\.m2\repository\com\zaxxer\SparseBitSet\1.2\SparseBitSet-1.2.jar;C:\Users\Nitin\.m2\repository\org\apache\poi\poi-ooxml\4.1.2\poi-ooxml-4.1.2.jar;C:\Users\Nitin\.m2\repository\org\apache\poi\poi-ooxml-schemas\4.1.2\poi-ooxml-schemas-4.1.2.jar;C:\Users\Nitin\.m2\repository\org\apache\xmlbeans\xmlbeans\3.1.0\xmlbeans-3.1.0.jar;C:\Users\Nitin\.m2\repository\org\apache\commons\commons-compress\1.19\commons-compress-1.19.jar;C:\Users\Nitin\.m2\repository\com\github\virtuald\curvesapi\1.06\curvesapi-1.06.jar;C:\Users\Nitin\.m2\repository\org\uncommons\reportng\1.1.4\reportng-1.1.4.jar;C:\Users\Nitin\.m2\repository\velocity\velocity\1.4\velocity-1.4.jar;C:\Users\Nitin\.m2\repository\velocity\velocity-dep\1.4\velocity-dep-1.4.jar;C:\Users\Nitin\.m2\repository\com\aventstack\extentreports\3.1.5\extentreports-3.1.5.jar;C:\Users\Nitin\.m2\repository\org\mongodb\mongodb-driver\3.3.0\mongodb-driver-3.3.0.jar;C:\Users\Nitin\.m2\repository\org\mongodb\bson\3.3.0\bson-3.3.0.jar;C:\Users\Nitin\.m2\repository\org\mongodb\mongodb-driver-core\3.3.0\mongodb-driver-core-3.3.0.jar;C:\Users\Nitin\.m2\repository\org\apache\httpcomponents\httpmime\4.5.2\httpmime-4.5.2.jar;C:\Users\Nitin\.m2\repository\org\apache\maven\plugins\maven-surefire-plugin\3.0.0-M4\maven-surefire-plugin-3.0.0-M4.jar;C:\Users\Nitin\.m2\repository\org\apache\maven\surefire\maven-surefire-common\3.0.0-M4\maven-surefire-common-3.0.0-M4.jar;C:\Users\Nitin\.m2\repository\org\apache\maven\surefire\surefire-api\3.0.0-M4\surefire-api-3.0.0-M4.jar;C:\Users\Nitin\.m2\repository\org\apache\maven\surefire\surefire-logger-api\3.0.0-M4\surefire-logger-api-3.0.0-M4.jar;C:\Users\Nitin\.m2\repository\org\apache\maven\surefire\surefire-extensions-api\3.0.0-M4\surefire-extensions-api-3.0.0-M4.jar;C:\Users\Nitin\.m2\repository\org\apache\maven\surefire\surefire-booter\3.0.0-M4\surefire-booter-3.0.0-M4.jar;C:\Users\Nitin\.m2\repository\org\apache\maven\maven-toolchain\3.0-alpha-2\maven-toolchain-3.0-alpha-2.jar;C:\Users\Nitin\.m2\repository\org\apache\maven\shared\maven-artifact-transfer\0.11.0\maven-artifact-transfer-0.11.0.jar;C:\Users\Nitin\.m2\repository\org\apache\maven\shared\maven-common-artifact-filters\3.0.1\maven-common-artifact-filters-3.0.1.jar;C:\Users\Nitin\.m2\repository\org\apache\maven\maven-model\3.0\maven-model-3.0.jar;C:\Users\Nitin\.m2\repository\org\apache\maven\maven-plugin-api\3.0\maven-plugin-api-3.0.jar;C:\Users\Nitin\.m2\repository\org\sonatype\sisu\sisu-inject-plexus\1.4.2\sisu-inject-plexus-1.4.2.jar;C:\Users\Nitin\.m2\repository\org\codehaus\plexus\plexus-classworlds\2.2.3\plexus-classworlds-2.2.3.jar;C:\Users\Nitin\.m2\repository\org\sonatype\sisu\sisu-inject-bean\1.4.2\sisu-inject-bean-1.4.2.jar;C:\Users\Nitin\.m2\repository\org\sonatype\sisu\sisu-guice\2.1.7\sisu-guice-2.1.7-noaop.jar;C:\Users\Nitin\.m2\repository\org\apache\maven\shared\maven-shared-utils\3.1.0\maven-shared-utils-3.1.0.jar;C:\Users\Nitin\.m2\repository\org\codehaus\plexus\plexus-java\1.0.3\plexus-java-1.0.3.jar;C:\Users\Nitin\.m2\repository\com\thoughtworks\qdox\qdox\2.0-M9\qdox-2.0-M9.jar;C:\Users\Nitin\.m2\repository\org\freemarker\freemarker\2.3.30\freemarker-2.3.30.jar;C:\Users\Nitin\.m2\repository\org\jsoup\jsoup\1.13.1\jsoup-1.13.1.jar;C:\Users\Nitin\.m2\repository\log4j\log4j\1.2.17\log4j-1.2.17.jar;C:\Users\Nitin\.m2\repository\commons-io\commons-io\2.6\commons-io-2.6.jar;"/>
    <property name="java.vm.vendor" value="Oracle Corporation"/>
    <property name="sun.arch.data.model" value="64"/>
    <property name="user.variant" value=""/>
    <property name="java.vendor.url" value="http://java.oracle.com/"/>
    <property name="user.timezone" value="Asia/Calcutta"/>
    <property name="java.vm.specification.version" value="1.8"/>
    <property name="os.name" value="Windows 10"/>
    <property name="user.country" value="IN"/>
    <property name="sun.java.launcher" value="SUN_STANDARD"/>
    <property name="sun.boot.library.path" value="C:\Program Files\Java\jre1.8.0_251\bin"/>
    <property name="sun.java.command" value="C:\Users\Nitin\AppData\Local\Temp\surefire7000741849295233193\surefirebooter4050649313310856416.jar C:\Users\Nitin\AppData\Local\Temp\surefire7000741849295233193 2020-11-22T15-15-15_394-jvmRun1 surefire9160372202935225627tmp surefire_01700298649692385980tmp"/>
    <property name="surefire.test.class.path" value="C:\Users\Nitin\eclipse-workspace\No Broker\target\test-classes;C:\Users\Nitin\eclipse-workspace\No Broker\target\classes;C:\Users\Nitin\.m2\repository\org\seleniumhq\selenium\selenium-java\3.141.59\selenium-java-3.141.59.jar;C:\Users\Nitin\.m2\repository\org\seleniumhq\selenium\selenium-api\3.141.59\selenium-api-3.141.59.jar;C:\Users\Nitin\.m2\repository\org\seleniumhq\selenium\selenium-chrome-driver\3.141.59\selenium-chrome-driver-3.141.59.jar;C:\Users\Nitin\.m2\repository\org\seleniumhq\selenium\selenium-edge-driver\3.141.59\selenium-edge-driver-3.141.59.jar;C:\Users\Nitin\.m2\repository\org\seleniumhq\selenium\selenium-firefox-driver\3.141.59\selenium-firefox-driver-3.141.59.jar;C:\Users\Nitin\.m2\repository\org\seleniumhq\selenium\selenium-ie-driver\3.141.59\selenium-ie-driver-3.141.59.jar;C:\Users\Nitin\.m2\repository\org\seleniumhq\selenium\selenium-opera-driver\3.141.59\selenium-opera-driver-3.141.59.jar;C:\Users\Nitin\.m2\repository\org\seleniumhq\selenium\selenium-remote-driver\3.141.59\selenium-remote-driver-3.141.59.jar;C:\Users\Nitin\.m2\repository\org\seleniumhq\selenium\selenium-safari-driver\3.141.59\selenium-safari-driver-3.141.59.jar;C:\Users\Nitin\.m2\repository\org\seleniumhq\selenium\selenium-support\3.141.59\selenium-support-3.141.59.jar;C:\Users\Nitin\.m2\repository\net\bytebuddy\byte-buddy\1.8.15\byte-buddy-1.8.15.jar;C:\Users\Nitin\.m2\repository\org\apache\commons\commons-exec\1.3\commons-exec-1.3.jar;C:\Users\Nitin\.m2\repository\com\google\guava\guava\25.0-jre\guava-25.0-jre.jar;C:\Users\Nitin\.m2\repository\com\google\code\findbugs\jsr305\1.3.9\jsr305-1.3.9.jar;C:\Users\Nitin\.m2\repository\org\checkerframework\checker-compat-qual\2.0.0\checker-compat-qual-2.0.0.jar;C:\Users\Nitin\.m2\repository\com\google\errorprone\error_prone_annotations\2.1.3\error_prone_annotations-2.1.3.jar;C:\Users\Nitin\.m2\repository\com\google\j2objc\j2objc-annotations\1.1\j2objc-annotations-1.1.jar;C:\Users\Nitin\.m2\repository\org\codehaus\mojo\animal-sniffer-annotations\1.14\animal-sniffer-annotations-1.14.jar;C:\Users\Nitin\.m2\repository\com\squareup\okhttp3\okhttp\3.11.0\okhttp-3.11.0.jar;C:\Users\Nitin\.m2\repository\com\squareup\okio\okio\1.14.0\okio-1.14.0.jar;C:\Users\Nitin\.m2\repository\io\appium\java-client\7.3.0\java-client-7.3.0.jar;C:\Users\Nitin\.m2\repository\com\google\code\gson\gson\2.8.5\gson-2.8.5.jar;C:\Users\Nitin\.m2\repository\org\apache\httpcomponents\httpclient\4.5.9\httpclient-4.5.9.jar;C:\Users\Nitin\.m2\repository\org\apache\httpcomponents\httpcore\4.4.11\httpcore-4.4.11.jar;C:\Users\Nitin\.m2\repository\commons-logging\commons-logging\1.2\commons-logging-1.2.jar;C:\Users\Nitin\.m2\repository\cglib\cglib\3.2.12\cglib-3.2.12.jar;C:\Users\Nitin\.m2\repository\org\ow2\asm\asm\7.1\asm-7.1.jar;C:\Users\Nitin\.m2\repository\commons-validator\commons-validator\1.6\commons-validator-1.6.jar;C:\Users\Nitin\.m2\repository\commons-beanutils\commons-beanutils\1.9.2\commons-beanutils-1.9.2.jar;C:\Users\Nitin\.m2\repository\commons-digester\commons-digester\1.8.1\commons-digester-1.8.1.jar;C:\Users\Nitin\.m2\repository\commons-collections\commons-collections\3.2.2\commons-collections-3.2.2.jar;C:\Users\Nitin\.m2\repository\org\apache\commons\commons-lang3\3.9\commons-lang3-3.9.jar;C:\Users\Nitin\.m2\repository\org\springframework\spring-context\5.1.8.RELEASE\spring-context-5.1.8.RELEASE.jar;C:\Users\Nitin\.m2\repository\org\springframework\spring-aop\5.1.8.RELEASE\spring-aop-5.1.8.RELEASE.jar;C:\Users\Nitin\.m2\repository\org\springframework\spring-beans\5.1.8.RELEASE\spring-beans-5.1.8.RELEASE.jar;C:\Users\Nitin\.m2\repository\org\springframework\spring-core\5.1.8.RELEASE\spring-core-5.1.8.RELEASE.jar;C:\Users\Nitin\.m2\repository\org\springframework\spring-jcl\5.1.8.RELEASE\spring-jcl-5.1.8.RELEASE.jar;C:\Users\Nitin\.m2\repository\org\springframework\spring-expression\5.1.8.RELEASE\spring-expression-5.1.8.RELEASE.jar;C:\Users\Nitin\.m2\repository\org\aspectj\aspectjweaver\1.9.4\aspectjweaver-1.9.4.jar;C:\Users\Nitin\.m2\repository\org\slf4j\slf4j-api\1.7.26\slf4j-api-1.7.26.jar;C:\Users\Nitin\.m2\repository\org\testng\testng\7.1.0\testng-7.1.0.jar;C:\Users\Nitin\.m2\repository\com\beust\jcommander\1.72\jcommander-1.72.jar;C:\Users\Nitin\.m2\repository\com\google\inject\guice\4.1.0\guice-4.1.0-no_aop.jar;C:\Users\Nitin\.m2\repository\javax\inject\javax.inject\1\javax.inject-1.jar;C:\Users\Nitin\.m2\repository\aopalliance\aopalliance\1.0\aopalliance-1.0.jar;C:\Users\Nitin\.m2\repository\org\yaml\snakeyaml\1.21\snakeyaml-1.21.jar;C:\Users\Nitin\.m2\repository\org\apache\poi\poi\4.1.2\poi-4.1.2.jar;C:\Users\Nitin\.m2\repository\commons-codec\commons-codec\1.13\commons-codec-1.13.jar;C:\Users\Nitin\.m2\repository\org\apache\commons\commons-collections4\4.4\commons-collections4-4.4.jar;C:\Users\Nitin\.m2\repository\org\apache\commons\commons-math3\3.6.1\commons-math3-3.6.1.jar;C:\Users\Nitin\.m2\repository\com\zaxxer\SparseBitSet\1.2\SparseBitSet-1.2.jar;C:\Users\Nitin\.m2\repository\org\apache\poi\poi-ooxml\4.1.2\poi-ooxml-4.1.2.jar;C:\Users\Nitin\.m2\repository\org\apache\poi\poi-ooxml-schemas\4.1.2\poi-ooxml-schemas-4.1.2.jar;C:\Users\Nitin\.m2\repository\org\apache\xmlbeans\xmlbeans\3.1.0\xmlbeans-3.1.0.jar;C:\Users\Nitin\.m2\repository\org\apache\commons\commons-compress\1.19\commons-compress-1.19.jar;C:\Users\Nitin\.m2\repository\com\github\virtuald\curvesapi\1.06\curvesapi-1.06.jar;C:\Users\Nitin\.m2\repository\org\uncommons\reportng\1.1.4\reportng-1.1.4.jar;C:\Users\Nitin\.m2\repository\velocity\velocity\1.4\velocity-1.4.jar;C:\Users\Nitin\.m2\repository\velocity\velocity-dep\1.4\velocity-dep-1.4.jar;C:\Users\Nitin\.m2\repository\com\aventstack\extentreports\3.1.5\extentreports-3.1.5.jar;C:\Users\Nitin\.m2\repository\org\mongodb\mongodb-driver\3.3.0\mongodb-driver-3.3.0.jar;C:\Users\Nitin\.m2\repository\org\mongodb\bson\3.3.0\bson-3.3.0.jar;C:\Users\Nitin\.m2\repository\org\mongodb\mongodb-driver-core\3.3.0\mongodb-driver-core-3.3.0.jar;C:\Users\Nitin\.m2\repository\org\apache\httpcomponents\httpmime\4.5.2\httpmime-4.5.2.jar;C:\Users\Nitin\.m2\repository\org\apache\maven\plugins\maven-surefire-plugin\3.0.0-M4\maven-surefire-plugin-3.0.0-M4.jar;C:\Users\Nitin\.m2\repository\org\apache\maven\surefire\maven-surefire-common\3.0.0-M4\maven-surefire-common-3.0.0-M4.jar;C:\Users\Nitin\.m2\repository\org\apache\maven\surefire\surefire-api\3.0.0-M4\surefire-api-3.0.0-M4.jar;C:\Users\Nitin\.m2\repository\org\apache\maven\surefire\surefire-logger-api\3.0.0-M4\surefire-logger-api-3.0.0-M4.jar;C:\Users\Nitin\.m2\repository\org\apache\maven\surefire\surefire-extensions-api\3.0.0-M4\surefire-extensions-api-3.0.0-M4.jar;C:\Users\Nitin\.m2\repository\org\apache\maven\surefire\surefire-booter\3.0.0-M4\surefire-booter-3.0.0-M4.jar;C:\Users\Nitin\.m2\repository\org\apache\maven\maven-toolchain\3.0-alpha-2\maven-toolchain-3.0-alpha-2.jar;C:\Users\Nitin\.m2\repository\org\apache\maven\shared\maven-artifact-transfer\0.11.0\maven-artifact-transfer-0.11.0.jar;C:\Users\Nitin\.m2\repository\org\apache\maven\shared\maven-common-artifact-filters\3.0.1\maven-common-artifact-filters-3.0.1.jar;C:\Users\Nitin\.m2\repository\org\apache\maven\maven-model\3.0\maven-model-3.0.jar;C:\Users\Nitin\.m2\repository\org\apache\maven\maven-plugin-api\3.0\maven-plugin-api-3.0.jar;C:\Users\Nitin\.m2\repository\org\sonatype\sisu\sisu-inject-plexus\1.4.2\sisu-inject-plexus-1.4.2.jar;C:\Users\Nitin\.m2\repository\org\codehaus\plexus\plexus-classworlds\2.2.3\plexus-classworlds-2.2.3.jar;C:\Users\Nitin\.m2\repository\org\sonatype\sisu\sisu-inject-bean\1.4.2\sisu-inject-bean-1.4.2.jar;C:\Users\Nitin\.m2\repository\org\sonatype\sisu\sisu-guice\2.1.7\sisu-guice-2.1.7-noaop.jar;C:\Users\Nitin\.m2\repository\org\apache\maven\shared\maven-shared-utils\3.1.0\maven-shared-utils-3.1.0.jar;C:\Users\Nitin\.m2\repository\org\codehaus\plexus\plexus-java\1.0.3\plexus-java-1.0.3.jar;C:\Users\Nitin\.m2\repository\com\thoughtworks\qdox\qdox\2.0-M9\qdox-2.0-M9.jar;C:\Users\Nitin\.m2\repository\org\freemarker\freemarker\2.3.30\freemarker-2.3.30.jar;C:\Users\Nitin\.m2\repository\org\jsoup\jsoup\1.13.1\jsoup-1.13.1.jar;C:\Users\Nitin\.m2\repository\log4j\log4j\1.2.17\log4j-1.2.17.jar;C:\Users\Nitin\.m2\repository\commons-io\commons-io\2.6\commons-io-2.6.jar;"/>
    <property name="sun.cpu.endian" value="little"/>
    <property name="user.home" value="C:\Users\Nitin"/>
    <property name="user.language" value="en"/>
    <property name="java.specification.vendor" value="Oracle Corporation"/>
    <property name="java.home" value="C:\Program Files\Java\jre1.8.0_251"/>
    <property name="basedir" value="C:\Users\Nitin\eclipse-workspace\No Broker"/>
    <property name="file.separator" value="\"/>
    <property name="line.separator" value="&#10;"/>
    <property name="java.vm.specification.vendor" value="Oracle Corporation"/>
    <property name="java.specification.name" value="Java Platform API Specification"/>
    <property name="java.awt.graphicsenv" value="sun.awt.Win32GraphicsEnvironment"/>
    <property name="surefire.real.class.path" value="C:\Users\Nitin\AppData\Local\Temp\surefire7000741849295233193\surefirebooter4050649313310856416.jar"/>
    <property name="sun.boot.class.path" value="C:\Program Files\Java\jre1.8.0_251\lib\resources.jar;C:\Program Files\Java\jre1.8.0_251\lib\rt.jar;C:\Program Files\Java\jre1.8.0_251\lib\sunrsasign.jar;C:\Program Files\Java\jre1.8.0_251\lib\jsse.jar;C:\Program Files\Java\jre1.8.0_251\lib\jce.jar;C:\Program Files\Java\jre1.8.0_251\lib\charsets.jar;C:\Program Files\Java\jre1.8.0_251\lib\jfr.jar;C:\Program Files\Java\jre1.8.0_251\classes"/>
    <property name="user.script" value=""/>
    <property name="sun.management.compiler" value="HotSpot 64-Bit Tiered Compilers"/>
    <property name="java.runtime.version" value="1.8.0_251-b08"/>
    <property name="user.name" value="Nitin"/>
    <property name="path.separator" value=";"/>
    <property name="os.version" value="10.0"/>
    <property name="java.endorsed.dirs" value="C:\Program Files\Java\jre1.8.0_251\lib\endorsed"/>
    <property name="java.runtime.name" value="Java(TM) SE Runtime Environment"/>
    <property name="file.encoding" value="Cp1252"/>
    <property name="java.vm.name" value="Java HotSpot(TM) 64-Bit Server VM"/>
    <property name="localRepository" value="C:\Users\Nitin\.m2\repository"/>
    <property name="java.vendor.url.bug" value="http://bugreport.sun.com/bugreport/"/>
    <property name="java.io.tmpdir" value="C:\Users\Nitin\AppData\Local\Temp\"/>
    <property name="java.version" value="1.8.0_251"/>
    <property name="user.dir" value="C:\Users\Nitin\eclipse-workspace\No Broker"/>
    <property name="os.arch" value="amd64"/>
    <property name="java.vm.specification.name" value="Java Virtual Machine Specification"/>
    <property name="java.awt.printerjob" value="sun.awt.windows.WPrinterJob"/>
    <property name="sun.os.patch.level" value=""/>
    <property name="java.library.path" value="C:\Program Files\Java\jre1.8.0_251\bin;C:\windows\Sun\Java\bin;C:\windows\system32;C:\windows;C:/Program Files/Java/jre1.8.0_251/bin/server;C:/Program Files/Java/jre1.8.0_251/bin;C:/Program Files/Java/jre1.8.0_251/lib/amd64;C:\Program Files (x86)\Common Files\Oracle\Java\javapath;C:\Program Files\Java\jdk1.8.0_251\bin;C:\windows\system32;C:\windows;C:\windows\System32\Wbem;C:\windows\System32\WindowsPowerShell\v1.0\;C:\windows\System32\OpenSSH\;C:\Program Files (x86)\Intel\Intel(R) Management Engine Components\DAL;C:\Program Files\Intel\Intel(R) Management Engine Components\DAL;C:\Program Files\Java\jdk1.8.0_251\bin;C:\Users\Nitin\AppData\Local\Android\Sdk\tools;C:\Users\Nitin\AppData\Local\Android\Sdk\tools\bin;C:\Users\Nitin\AppData\Local\Android\Sdk\platform-tools;C:\Users\Nitin\AppData\Roaming\npm;C:\Program Files\nodejs;C:\Program Files\apache-maven-3.6.3\bin;C:\Program Files\Git\cmd;C:\Program Files\PuTTY\;C:\Program Files\MySQL\MySQL Shell 8.0\bin\;C:\Users\Nitin\AppData\Local\Programs\Python\Python38-32\Scripts\;C:\Users\Nitin\AppData\Local\Programs\Python\Python38-32\;C:\Users\Nitin\AppData\Local\Microsoft\WindowsApps;C:\Users\Nitin\AppData\Local\Programs\Microsoft VS Code\bin;C:\Users\Nitin\OneDrive\Documents\SINARMAS_DIGITAL\Selenium Softwares\Eclipse;;."/>
    <property name="java.vm.info" value="mixed mode"/>
    <property name="java.vendor" value="Oracle Corporation"/>
    <property name="java.vm.version" value="25.251-b08"/>
    <property name="java.ext.dirs" value="C:\Program Files\Java\jre1.8.0_251\lib\ext;C:\windows\Sun\Java\lib\ext"/>
    <property name="sun.io.unicode.encoding" value="UnicodeLittle"/>
    <property name="java.class.version" value="52.0"/>
  </properties>
  <testcase name="DemoTest" classname="com.nobroker.test.Test_NoBroker" time="87.707">
    <failure message="An element could not be located on the page using the given search parameters.&#10;For documentation on this error, please visit: https://www.seleniumhq.org/exceptions/no_such_element.html&#10;Build info: version: &apos;3.141.59&apos;, revision: &apos;e82be7d358&apos;, time: &apos;2018-11-14T08:17:03&apos;&#10;System info: host: &apos;NITIN&apos;, ip: &apos;192.168.29.106&apos;, os.name: &apos;Windows 10&apos;, os.arch: &apos;amd64&apos;, os.version: &apos;10.0&apos;, java.version: &apos;1.8.0_251&apos;&#10;Driver info: io.appium.java_client.android.AndroidDriver&#10;Capabilities {appActivity: com.nobroker.app.activities..., appPackage: com.nobroker.app, automationName: UiAutomator2, databaseEnabled: false, desired: {appActivity: com.nobroker.app.activities..., appPackage: com.nobroker.app, automationName: UiAutomator2, deviceName: Android Device, platformName: android}, deviceApiLevel: 29, deviceManufacturer: samsung, deviceModel: SM-M315F, deviceName: RZ8N6036V9K, deviceScreenDensity: 420, deviceScreenSize: 1080x2340, deviceUDID: RZ8N6036V9K, javascriptEnabled: true, locationContextEnabled: false, networkConnectionEnabled: true, pixelRatio: 2.625, platform: LINUX, platformName: Android, platformVersion: 10, statBarHeight: 78, takesScreenshot: true, viewportRect: {height: 2053, left: 0, top: 78, width: 1080}, warnings: {}, webStorageEnabled: false}&#10;Session ID: 8cbdf3c7-0491-45cf-8060-41bfdde5900a&#10;*** Element info: {Using=id, value=signUp-phoneNumber}" type="org.openqa.selenium.NoSuchElementException"><![CDATA[org.openqa.selenium.NoSuchElementException: 
An element could not be located on the page using the given search parameters.
For documentation on this error, please visit: https://www.seleniumhq.org/exceptions/no_such_element.html
Build info: version: '3.141.59', revision: 'e82be7d358', time: '2018-11-14T08:17:03'
System info: host: 'NITIN', ip: '192.168.29.106', os.name: 'Windows 10', os.arch: 'amd64', os.version: '10.0', java.version: '1.8.0_251'
Driver info: io.appium.java_client.android.AndroidDriver
Capabilities {appActivity: com.nobroker.app.activities..., appPackage: com.nobroker.app, automationName: UiAutomator2, databaseEnabled: false, desired: {appActivity: com.nobroker.app.activities..., appPackage: com.nobroker.app, automationName: UiAutomator2, deviceName: Android Device, platformName: android}, deviceApiLevel: 29, deviceManufacturer: samsung, deviceModel: SM-M315F, deviceName: RZ8N6036V9K, deviceScreenDensity: 420, deviceScreenSize: 1080x2340, deviceUDID: RZ8N6036V9K, javascriptEnabled: true, locationContextEnabled: false, networkConnectionEnabled: true, pixelRatio: 2.625, platform: LINUX, platformName: Android, platformVersion: 10, statBarHeight: 78, takesScreenshot: true, viewportRect: {height: 2053, left: 0, top: 78, width: 1080}, warnings: {}, webStorageEnabled: false}
Session ID: 8cbdf3c7-0491-45cf-8060-41bfdde5900a
*** Element info: {Using=id, value=signUp-phoneNumber}
	at com.nobroker.test.Test_NoBroker.DemoTest(Test_NoBroker.java:43)
]]></failure>
    <system-out><![CDATA[iVBORw0KGgoAAAANSUhEUgAABDgAAAkkCAYAAAD508+vAAAAAXNSR0IArs4c6QAAAARzQklUCAgICHwIZIgAACAASURBVHic7N15eJNlvj/+95OlS5rSlm5hKdCm7EsrgkDLJlvhjKCAIooDozPCqMf5ncGxzrm+19HRM3Odnzgw8/Pr4HF0cEARZVMBHVoFqlLWgi2URWnZ2tKmC92Sttme5/dHJ5mmSUvSJk1T3q/r4rLN8jz3k0bo/c7n/twCAAlERERERERERAFM5u8BEBERERERERF1FwMOIiIiIiIiIgp4DDiIiIiIiIiIKOAx4CAiIiIiIiKigMeAg4iIiIiIiIgCHgMOIiIiIiIiIgp4DDiIiIiIiIiIKOAx4CAiIiIiIiKigMeAg4iIiIiIiIgCHgMOIiIiIiIiIgp4DDiIiIiIiIiIKOAx4CAiIiIiIiKigMeAg4iIiIiIiIgCHgMOIiIiIiIiIgp4DDiIiIiIiIiIKOAx4CAiIiIiIiKigMeAg4iIiIiIiIgCHgMOIiIiIiIiIgp4DDiIiIiIiIiIKOAx4CAiIiIiIiKigMeAg4iIiIiIiIgCHgMOIiIiIiIiIgp4Cn8PgIiIiIiIqKep1WrEx8ejuLi4R8+bkpLi8nadToeKiooeHYs/ZWRkoKCg4K665rYGDx4MlUrV4f1NTU0oLS3twRH1DQw4iIiIiIioV1Gr1QAAvV7v0fO0Wi2effZZZGdnIysrq9Pjb9y4ERqNBuvXr/dZyKHRaDBhwgSkpKQgNTUV8fHxd3xOcXExCgoKUFBQgNzcXJ+MqyMZGRn2Me7du9fp9ddoNFiwYIF9nF0dX0pKCjIzM1FUVIQXXnjB459zoIuOju4w6GqrubkZNTU1PTCivoMBBxERERER9Rq28AGAR5NfrVaLTZs2Qa1WIzk5ucOAw3b85ORkAMCmTZu8HnIsWLAA6enpSE9PhyAIHj03OTkZycnJWLZsGQwGA3Jzc5GdnY38/Hyvja8jarUaa9asAdBaUdL+NUxPT7ffv2HDhi6fJz09HUDrtb766qt44YUXunwsX+rfvz+io6Nx7do1WCwWfw+H3MAeHERERERE1Cu0DR+Sk5OxceNGezVHZ9qGG7bj3On4NjqdDjqdzivjX7BgAbZv346XXnoJ06dP7zDcMBgM9iqNgoICl48RBAFqtRoZGRn44x//iI0bNyI1NdUr4+xI24oMVxUGGRkZLh/rjszMTPsxt23bZg+UUlNT3apm6Gn9+vXDtGnTMGLECMyYMcPfwyE3sYLDi6ZOnYp58+YhISEB69at8/j5L730EhITEz1+Xl5eHt577z2Pn+eOvnhNRERERNQ7xcfHY8CAAfbvbSFHZ5Uc7cONzmzatAlardb+fXFxMdavX9/tJRK2pTGuAgidTmcPMoqKijqtFElJSYFWq7UvaQkLCwPQGnbYgoC9e/di27ZtPlnWUVFRgeLiYmi1WnuVhY1arba/dtnZ2U7nt4UUxcXFTvdlZmYiIyMD6enpWLduHSoqKrBhwwa88847AIBnn322S3MNX2q7nKizXhnUuzDg6KYhQ4Zg0aJFSE9Px6BBgwAAtbW1XTrWmDFjMHjwYI+fV1ZW1qXzdaQvXhMRERER9X62wGHTpk32yX1nIYdarXY73Fi+fLlPwo1ly5bh2WefdarWyM7ORm5uLnJzcyFJklvHys/PR35+Pvbu3YuwsDCkp6c7jFsQBCxfvhwZGRl45ZVXfLJsJSsrC88++yzUajVSUlLsFSZtA4+21Rvp6el49tlnHQKBgoICvPHGG/YGorZQR61WY/Xq1diwYQOKioqQnZ2NBQsWIDk5GRqNpk82HB08eDDGjh0LhcLzqffUqVMdvrdYLLhw4QKbj3aCS1S6QKVS4aGHHsKf/vQnvPfee1ixYoU9COiOiIgIL4yua/riNRERERFR4CkqKsL69ethMBjst3W0XEWv1+PYsWNuHbftMgidTtftcEOtVuPFF1/Ec8895xBuHDt2DKtWrcLrr7+Oo0ePuh1utCVJEvR6PbKysrBu3Tq88MILDsto1Go1/vjHPzosGfGW9uFF+68NBgOOHj0KoPU1fe2116DRaNDU1IRz587Zq01effVV+3P37NljDzkyMjLsP8eOztWXaLVatLS0QK/Xd/tPS0uLQ0hHzljB4YFJkyYhIyMDkydPRnh4uFePHRwc7PAXdkFBASorK9167qVLl7p83r54TUREREQU2GwhR/tKDlcNKV9//XUAsO/u0ZG2gUl8fDzS09M73WmlM656eRgMBrz88ssoKCjoMNRou8xDq9VCrVajoqLCHl646schSRLy8/OxatUqrF69GqtXrwbQWs1h62vRnYaf7VVUVKCgoAApKSlIT0/H5s2bAcC+/KZtKLF8+XIArYHRunXroNfrkZ6ejldffRXJycnIyMiwv8a2yhDbtRcUFNiDEqB1h5a+6L/+67+8fsxvvvnG68fsKxhweGDt2rUuE7OKigrI5XLExsZ2+dgJCQkOye/nn3/eI2/cvnhNRERERBT4XIUcqampePHFF/HGG284PNadkGPPnj0O92dmZgJAl0KO9r1CCgoK8Morr6CxsdHpsRqNBmlpacjIyHD4vbvt78m2QMRgMCA/Px+5ubk4duyYQ4WJJEnYunUrcnNz8dprr9mXhCQnJ0OtVnu1J0dWVhZSUlKg0Wig0Wig1WrtPwNXVRdZWVn2az969Ki9j0dKSor99W3beyQ1NdUpzLlbKxNOnjyJGzduONw2dOhQTJkyxU8jCmwMOLqosbEReXl5OHLkCHJzc7Fhw4ZuhQHt98QuLy/v7hA91heviYiIiIgCl6uQY+HChQDgMuRQq9VIS0vr8FhvvPEGXnzxRfttmZmZ0Ov1Hu8I0rZXiO335vZVGxqNBj/96U+RkZFxx61ibfer1WpMnz4d06dPh16vx549e7B3716H8KKoqAhr167Fpk2bAHi2la672ocYtuqKtstTOmMbT9uqjI6qWgwGg/1n29Ns4dOxY8f81v9jy5YtqK6udrht9uzZDDi6iAGHB0wmE86ePYvvvvsOX3/9NZqamrx27LZBgiiKTimer/TFayIiIiKiwJSeno5ly5Y53d7Y2OgwCe4s5Gi/U0pbBw8eBACnkOPBBx/0eKy2oKH9xNjWSHPZsmUdBhvtdxrRaDROHw6q1WqsWbMGy5cvx+bNmx0qTfR6PdavX2//2ttsvU3S0tIcAg53gyDbMvW2fUPahh1FRUX2r20/V29t1esujUaDd955x/46d+U90F2HDx92CjcA4NFHH+3xsfQVDDg8kJmZ6dUAoK3o6Gj71w0NDTAajd0+5q9+9SvMnz8fVqsVu3btwvbt250eE2jXRERERER9k61hpbtchRy2ib+tusGVgwcPIiwszN4Pov1uIZ5oH25oNBp7/4m2dDodcnNzkZWV1ek2senp6fY/tom/Wq122WvDF8FGW0ePHkVaWppDc9Y9e/Y4PMa2FCUtLQ1bt24F0LrUxBYwtQ0y2jYRtb0GbYOonq6giI+Ptwcx3XkPdEdOTo7TbZMnT0ZcXFyPjqMvYcDhAV8FAQAQFRVl/7qurq7bxxs3bhyWLFliT41Xr16N/fv3o6GhweFxgXRNRERERNR32ZpYeqKzkKMjarXaqVeHN6oHtFqt05a1Op0O27ZtQ1ZWllu7qRw9ehRHjx6FWq3G8uXLsXz5cnvQYevh4YslKa60r9bQ6XQOgQUAbN682d5s9Z133kFRURGmT59uf7yt6sQW2gCt/UpsYUbbXWA8XSYU6CorK3HhwgWn2x944AE/jKbv4DaxvUTb7VRra2vtXwcHByMxMRGJiYkICgpy+3hqtdqhJE6hUEClUnlnsG7y9jUREREREbW3cOFChyUnQMfVDa52P/FW/wVbs0+bvXv3YtWqVTh48KDHW8Xq9Xps3boVjz/+uEPFx516eXhT+y14XQUQ+fn52LZtG4DW61+4cCHUajV0Oh1efvll+8/BttsKAPvj1Wq1PeBwFZ70dQcOHHC6bejQoRg3bpwfRtN3sIKjl4iMjLR/3djYiKeeegpTp07FkCFDoFQqAbQ25iktLcXZs2exY8cOVFVVdXi8vLw8XLx4EWPGjAEAfPvttz1e9uXtayIiIiIicqWjnhztte/PUVxcbN+BpbuysrIgCIJ9lxdbvw9X2m4XC7jeHhZoDRnWrVuHF198EampqT1WvWHzl7/8xb4spaMAYuvWrcjKykJqairi4+NRXFyM3Nxch1Dn5ZdfxqZNm5CVlYX8/HwArUvlbYGQLfS4WxgMBhw5csTpdlZvdB8Djl6ibbXDjBkzXKazgiAgISEBCQkJmDNnDt58800cPnzY5fEsFgt+/etfIzU1FUajEefPn/fZ2Dvi7WsiIiIiIurInUKO5cuXO4Ub69ev92pgcPDgQeTm5na4XeyyZcuQnp7u1FDUNp6srCxkZ2c7bQ+7YcMGaDQal8f1pYqKCrc+JK2oqOg00LEtG7Jd15o1a+xLVoqLizt9bl908uRJl60C1Gq107KV2NhY9uTwAAOOXqJfv372r90pPQsPD0dmZiYkSXKZ/gGtIUdeXp7XxugpX1wTEREREVFHOgs52ja51Ol0Xg83bNqHEGq1Gs8888wdt4tNTk5GcnIy1qxZgz179jhVNfhrG1Nvafta267FYDA4NE69W7hangLAZTXRz372MyxevNjXQ+ozGHD0AsHBwQ7r9SRJwrFjx/DNN9/g+vXrMBgMGDRoEKZOnYqMjAx7oyGlUonnnnsOhYWFvW5pR1+8JiIiIiLq/ToKOYqLi+07gsTHxyM9Pd1h61Vf0Gq1yMzMdNpVxcZgMDhsfwv8a3tYjUaDzZs3ux3CaLVa6HS6Hl3C0lW2JS179uzxae8NrVaL9PR05Obmdrp7TU+6du0abty44dZjhw4dynDDQww4egGr1Yrf//73SElJQXJyMj777DMcOnTI4TEVFRU4c+YMDh48iN///vf2MqWoqCg8/PDDePvtt/0x9A71xWsiIiIiosCwcOFCp4AjKysLy5Yts3+fmZlpv91XbFUZNrZdVfLz8x12btFqtcjIyHD44G/69OnYu3evWwGAVqvFxo0bodPpPO7T0bYfSHFxsdNz224T2xm9Xm/fNrbtB52u3Kn3iUaj6XbFilqttu9qs3r1ajzxxBO9ogrG3Ur10NBQ/Pa3v/XxaPoeBhy9gMViQU5Ojst9kNsrLi7Gn/70J/zhD3+ATNa6Cc7MmTN7XRjQF6+JiIiIiAJXUVER3njjDYcdVzIzM6HX6322RWnbxqPbtm3Dtm3bXO6oUlRUhKKiImzduhWZmZn2hqKehBvh4eEIDw/Hxo0bPQo5bM8HgBdeeMGp4antvjs5d+4c1q9fj+eeew4TJkzo9LGuzpOeno60tDSkp6fj008/xdatW906b0faBi2CICA+Pr5XBBxPPfUUnnrqKYfbPvnkE+zcudPpcey94TkGHAHo1KlTOH/+vD1NjYuLQ2JiIq5du+bnkXVdX7wmIiIiInJfTyytsDWzbB9yPPjggz49Z35+vluTa71ej1deecXtyXjbcMMmOTnZ45Cjs94gXdma1t3n2Kor0tPTodFoPD5PX1FZWenw/eTJkzFnzhw/jSawMeAIUGfPnnUoFxs+fHjAhwF98ZqIiIiIyD1ZWVlYs2aNU08Kbzt48CDCwsLw7LPPAmidZKekpHS4Vas3eFI5IEmSw+NtFRTZ2dkOy2lchRs2ycnJePXVV/Gb3/zGZcWIJ+bNm+fw/ddffw2gdWvbF154waPn2tjGpNVqsXz58m6Nry84efKk/euYmBg8//zzfhxNYGPAEaBKS0sdvm+7JWug6ovXRERERETu0ev1WLVqVYfbqAKtE/e0tLRunUetVmPBggUOt/V0A0qtVovXXnsN8fHxKCgowCuvvNJhtUVKSgoEQcC5c+ccbs/IyLCHG22bldq+Tk1NRUpKCvLz87s11s4CkjuFJ3e632AwIDs7275E6NVXX/V8gAHu5MmTaG5utn//29/+1uchX1/GgCNAmUwmh+8VisD/UfbFayIiIiIi9zU2NtqXkbgiCAIyMjIclph4Qq1WY+PGjQ6NP/fu3dvjO4+89NJL9iUZqampyMjIwJ49ezw6xubNm6FWqyEIAioqKrB69WoAwIYNG7B69Wrs3bu32+GGrxUVFdmbjbrbzLSvOXXqlP3rFStWIDEx0Y+jCXycQfpZUFAQFi1aZP/+3Llzbi3LaF/d0H6/bX/qi9dERERERP4nSZLTEhN3uQo3iouLu93M0hu62n9iw4YNAIA1a9bYb9Pr9Vi3bl23l6Z4g6sGpZs3b+41W7b2BrblKWPHjsWjjz7q59EEPgYcfmYymfCLX/wCKpUKALB79263dg+xbeVkc/36dV8Mr0v64jURERERUe+xZ88eJCcnOy016UxGRoZTuLF+/foer94AgNzcXIfffV3t4qJWq12OraPb2+oN4QbQWp3S3p22kPWEVqtFeno6iouLfbYTji/ZlqeEhobipZde8vdw+gQGHL1ASUkJRo4cCQCYOHGiW8+ZPHmy/euGhgYUFhb6ZGxd1ReviYiIiIh6D9vSBndDjvT0dPvXOp3Ob+EGAGzduhU6nc7eg6P9UpKMjAw888wz+M1vfuNwe2ZmJrRarUc7pPiTqyak3qze2LRpkz0wWbt2bcBVhtiWpzz//PPsu+ElMn8PgBzXXSUlJWHJkiWdPn7VqlUYPHiw/fsTJ074bGxd1ReviYiIiIh6l9dffx3Z2dluPbbt5Dc+Pt4h8PCHgwcPYuvWrU7hRkpKCl588UWEh4dj48aN9i1Xly1bZq9C8XR5jr/k5+c7/fFmMNO2GmT69OleO25POXnyJH7yk59gypQp/h5Kn8GAoxfYv38/amtr7d//8pe/xMMPP+zysatWrbI3EAIAo9HYYUOiX/3qV9i/fz8+++wzrFq1yruDvgNfXRMRERERUVvuhhx79uyBwWCwf5+ZmYmMjAxfDq1LCgoK7NfTdgJv+9pgMOCDDz5weE5FRQUKCgpQUFAQEJUd1PpzHDduHPtueBmXqPQCNTU1eOedd/Cb3/wGCoUCwcHBeOaZZ7B8+XIUFxdDr9cjLCwMycnJiIuLc3jujh07UFRU5HTMcePGYcmSJfbEd/Xq1di/fz8aGhoC9pqIiIiIiFx5/fXXodVqnXq6tVVRUYHNmzc77MCSmZkJAMjKyvL5GD1hax7aPoAxGAx44YUXUF5e7nB7VlaWPRTpLf03qHNhYWH47W9/6+9h9DkMOHqJr776CoIg4JlnnkG/fv0AAHFxcU6TfxtJkrBz506n9NbGtmWUjUKhgEql6rGAA/D+NRERERERdWT9+vXYtGkTtFpth70YbFvQtg05UlJSel3AATiHHLZw48qVKy4f741gw9WuJ0BrL42CggKPj/f111979Xid8XblisVi8erxqGcw4OhFsrOzce7cOTz++OOYPn2607apAGA2m3Hp0iXs2LHDoc9Fe3l5ebh48SLGjBkDAPj2229RUVHhs7F3xJvXRERERETUEb1ej/Xr1yMjI6PTHTXahhzZ2dn2IKE3so1t+vTpnYYb3tL2A9LeeLz2iouLodVqYTAYnH7mBQUF9kauBoPBKfQqLi6GwWBAWFgYdDqdU+Ci0+kwfPhwKJXKbn1IfO7cOUyYMKHLz3d1POqYAIA1TL1USkoKhg0bhrCwMDQ3N+P27dv4/vvv3f4fTKFQIDU1FUajEefPn/fxaN3T3WsiIiIiIvKG1NRUpwafvZVGo/Hph5V3CiLaVoe0fayrqhF3Qo2Oqk1sz3W3GkWtViM5ORkVFRUuXx/b/cXFxWhsbHS6Pzw8HFqtFkVFRS4rQFQqFUJDQ9HQ0ACz2ezWmFxJT0/vdPmUuwJ1O9yexICDiIiIiIiIiAIed1EhIiIiIiIiooDHgIOIiIiIiIiIAh4DDiIiIiIiIiIKeAw4iIiIiIiIiCjgMeAgIiIiIiIiooDHgIOIiIiIiIiIAh4DDiIiIiIiIiIKeAw4iIiIiIiIiCjgMeAgIiIiIiIiooDHgIOIiIiIiIiIAh4DDiIiIiIiIiIKeAw4iIiIiIiIiCjgMeAgIiIiIiIiooDHgIOIiIiIiIiIAh4DDiIiIiIiIiIKeAw4iIiIiIiIiCjgMeAgIiIiIiIiooDHgIOIiIiIiIiIAh4DDiIiIiIiIiIKeAw4iIiIiIiIiCjgMeAgIiIiIiIiooDHgIOIiIiIiIiIAh4DDiIiIiIiIiIKeAw4iIiIiIiIiCjgMeAgIiIiIiIiooDHgIOIiIiIiIiIAp5CkiR/j4GIiIiIiIiIqFtYwUFEREREREREAY8BBxEREREREREFPAYcRERERERERBTwGHAQERERERERUcBjwEFEREREREREAY8BBxEREREREREFPAYcRERERERERBTwGHAQERERERERUcBjwEFEREREREREAY8BBxEREREREREFPAYcRERERERERBTwGHAQERERERERUcBjwEFEREREREREAY8BBxEREREREREFPAYcRERERERERBTwGHAQERERERERUcBjwEFEREREREREAY8BBxEREREREREFPAYcRERERERERBTwGHAQERERERERUcBjwEFEREREREREAY8BBxEREREREREFPAYcRERERERERBTwGHAQERERERERUcBjwEFEREREREREAY8BBxEREREREREFPAYcRERERERERBTwGHAQERERERERUcBjwEFEREREREREAY8BBxEREREREREFPAYcRERERERERBTwGHAQERERERERUcBjwEFEREREREREAY8BBxEREREREREFPAYcRERERERERBTwFP4eABER9TKSBLGpGdba+tY/+iZIRiMkixUAIMhlEIKDIQsLhTwiHPL+UZCHhwGC4OeBExEREdHdjAEHEdFdTLJaIbWYYKm5DXNZBcxXrsNUdB2Wm2XA7TqgrgGSvgmC0QTBKrY+SS6HGKyEEBoCRKghRPeHbEAcgoYPQ9CIRCgSBkIRGw2ZKhSCXO7fCyQiIiKiu4YgSZLk70EQEVEPkgCIVph0VWjJOw/DoaOwXLgCma4aoRIQpFBCLpdDIZdDJrvDSkZJgsVqhdVqhdFsRrNogSU6EopRWqjun4bQKRMRlDAQglLBCg8iIiIi8ikGHEREdwnJYoVFVwXjpSKY8s7BfCofwrVSBIsSghVKKBQKCN0NISQJVlFEi8mEFskKcUAslFPuQdCk8QgeNwrKwRoIQUHeuSAiIiIiojYYcBAR3QVEQxMavjyMxn1fQ6WrQVB9IxQW0b0qjS6SRBEWUYRZAMzhKjTHRiF4Thoily2CIjbaJ+ckIiIiorsXAw4ioj5MbDGi5eIV1L//CXDse0RKApQKBQQfhRodkSQJZosF9VYTLCOT0O/JFVBPnwyZOqxHx0FEREREfRcDDiKivkgUYS6vRP223TAdOAy1wYjQoCCfVWu4S5IkGE1G6JVySDPvQ9QvViJoeCKbkRIRERFRtzHgICLqY8SmZjTlFaDx3R1Qnr+CfsogyHtZgCCKIvTGFhgGxiJ83eNQz54GeWSEv4dFRERERAGMAQcRUV8hSbA2NKJhzz/QvHUPwuv0CA0J6X7jUB+RJAkmkxkNQTIoli1ExJrlUMTF9PjyGSIiIiLqGxhwEBH1BaIE041SNHy4F/gqF+omI5QKhb9H5RaLaIVBJsBy3wSon3wEoeNHQ1D0rooTIiIiIur9GHAQEfUB5nIdql7ZhJCzF6EW5L1uScqdiKKIZtGKxuQERP9uPUJGaf09JCIiIiIKMKwDJiIKZJIEc0Ulbv+/byP4ZAH6yZUBF24AgEwmg0qugPrSVdz+3Sa0XLwCiKK/h0VEREREAYQVHEREgUqUYCq9heo//F8EnzqHiKBgCEJg59aSJKHJZET94DjE/CETIWNHQpAH9jURERER9YTLV4pQXVODmOhojBqe7O/h+AUDDiKiAGWuqETNxr9CcfA7RISq/L4FrNdIEgxGI/QpI9D//zyPkBFJ/h4RERERUa91s7QU727bjhslpfbbhiYMxtOrV2HI4MF+HFnP6yO/DRMR3V2kFiP0n2ZBeez7vhVuAIAgQBUcjNDL16Df/ims9Q3+HhERERFRr9U+3ACAGyWtocfdpg/9RkxEdHeQzGY0fv0dTLv/gTCTpW+FG/8kCAJUIiBlfYfaD/ZCbGr295CIiIiIep1LP15xCjdsbpSU4tKPV3p4RP4VGHsIEhGRnenmLdT9eQuiaxugDAr2/ACCAMhlgMXqvUEJAqAKgTBpPDA5BQgLBa6VQvruNFBaDlgsgIcLIhVyOfpZLdBt2YmQCaOhnnFf63nIY65Wowp8LQMWf55ERGRzs7TsjvePHjG8h0bjfwETcBw+fBi7du3y9zD8Ys6cOXjkkUf8PQwi6gWsdfVoeH8nwitqEBwW5vkB5DIIC2dBuH8qpM++gnSqADCZuz6g4CAI40ZAmDMNQtpEID7GMYT4xQpIhT9CyjkJKecEUHUb8KD1k0KuQJTZAv0HexGcPAzKgfFdH2sHqqur8e2338Jq/Vfgo1arcc8990Cj0Xj1XBaLBYWFhbh+/brTJHXo0KGYOHFit88hSRKMRiPq6uqg0+mg0+lQU1MDvV4Pk8kEAAgODkZ4eDhiYmIQFxcHjUaDiIgIBAUFeeX8V69eRVFREUQv7IQjCAKUSiWioqKg0WgQGxsLpVLp8XEqKyuRn5/v8HPuiqCgIERERCA2NhbR0dEICwvzabggiiKam5tRU1OD8vJyVFZWora2Fk1NTbBYLFAoFAgNDUVkZCTi4uIwYMAAxMTEQKXy3tK1oqIiXLt2DQCgVCoxcuRIDBgwwCvHBlrfM2VlZbh48SKsVisEQUC/fv0wbtw49OvXz+mx3377LZqamrx2/o5MmTIF/fv3d3mfyWRCYWEhdDpdt84hk8kQFhaGqKgoxMXFITIyskvvbyK6e93p78Oe+PuypLaaGgAAIABJREFUNwmYgIOI6K4nSTB8cwLW7O8Q1dVJlToMwsoHICQmQIiKgLW2HrhY5FHoYBcSDGHuNMh+9jAwIBYwWyBdLwOqagCTBegXBgyIgzBhFISRSZCmT4L45t+BqyUebQEbGhyM5lMFqN/9JaKfWw3Bi9vgSpKEkpIS/PGPf0Rz87+WwahUKjz22GN48sknEdaVIKkDRqMRX3zxBT799FOHibYgCFiyZEm3Aw6DwYDS0lKcPn0aeXl5qKystE+ERVG0hyqCIEAul0OhUCAsLAwajQZpaWm49957MWDAgG4FHaIo4vvvv8eOHTtgsVi6dT02giAgJCQEsbGxmD9/PqZOmYqY2BiPJvA3b97Eli1bHH7OXSGTyRAUFITIyEiMHz8e999/PxITE6FSqbp13PYkSUJDQwOuXLmC3NxcFBYWor6+Hi0tLRBF0eH9I5PJIJfLERwcjH79+mHkyJGYNWsWRowYgYiIiG4HHadOncLOnTsBAOHh4Xj66ae9FnCIooiysjJs2bIFBQUFEEURarUaDzzwAO655x6nx1utVuzYsQPl5eVeOX9HFAoFhgwZgqioKJd/1zY3N+PgwYM4efJkt85j+39RpVJh0KBBmDlzJu69917ExMQE5JbfRNRzmpqbcbbgHM6eO9/p486eO4/YmGhMTJkAVWhoD43OfxhwEBEFCEtdPfS7v0SERYQQ1MVPjOsbIX19DMITDwKjkiF7ZBHEN7cBt+s8O05wEIS5aRCeewKIioBUUwd8mQPxyHHgWglgNAP9IyGMGw4sWwjhnjEQJo+H7OcrWkOO8iq3TyUIAvopg1Gz50sY509HyGjvlllarVY0NTU5THybmprw8ccfIyYmBg8++CBCvfgLgclkgsFgcKhuEAQBRqOxy8cURRHXrl3D4cOHceLECZSXl9+xUsFqtcJkMqGpqQlVVVW4cOECjhw5gpkzZ2LmzJmIjY3t8sTYYrHAaDTCbO5GdVA7zc3NqK2txfXr13H+/HmsWLECycnJbgd9VqsVLS0taGlp6fZYmpqaUFdXh+vXr+PkyZOYO3cuFi5ciPj4eK9UcxiNRly8eBGHDx/G2bNncfv27U6rYURRtL/mDQ0NKCsrw5kzZzBx4kTMmzcPY8eORUhISJfHY7FY7P9/KJXKblfB2EiShFu3buGjjz7C6dOnYTaboVQqMXnyZMyZM6fD/++MRqNXfo6dUSgUnV6nJEkwmUxeG4der0dlZSUuX76McePGYfHixZg4cSKrOYjISVNzM7bv2oujJ066XLLY3o2SUvx164cQBAHTp07BqkeW9emggwEHEVEAkMwW1O/+AsrLVxGs7N4yAin7W0gJGggZMyBMnwyhvBLS3/cCRpN7BxAAJCVAeHAehKgISNW1kLbsgvTVUcDQ/K9qkJpaSN/lQbpVCdnPV0CYORnCpPEQfjIH0ta9gAeTX6VCAXVDE+o/3oegF38Jmdp7VRUdqaqqwt///ndoNBrMmDGjV36aKkkS6uvrcfr0aXzxxRe4evVql4MSURRx5coV3Lp1C+fPn8eSJUuQkpLilQlWdHQ0+vXr5/HkX5IktLS0oL6+Hs3NzfZJ5cmTJ9HS0oKf//znGDJkiMdBjCAICA8PR2RkpEfPtYUkDQ0N9te5srIS+/btQ3l5OR577LEujcdGkiRUV1fj0KFD+Oqrr1BRUeFQBWNbWqRWqxESEgKlUmkPH/R6PRobG2E0GiFJEurq6vDtt9/i8uXLmDdvHjIyMhATE9OlcflKXV0d9uzZg+PHj8NsNiM4OBgzZ87E448/7vZY5XI54uLiEBQU1O1wSZIk+zHkcrlHoZBCoUBsbCyCg93viyRJEsxms/1nJ0kSmpubcfbsWdy6dQvLly/HvHnzPDomEfVt2Udy8OmBf8DQhWUnkiThu+MncLbgHJY+sAgL7p/t/QH2Agw4iIgCQMuPxdDv+gJxogBB3s1PiCuqIX7wGWRRERCmpkL2yE8g1ushffKFe0tVBBmEyRMgJA0BrCKQ9R2kg98CzS4+yRRFoPgmxJ1fQnbvOAhqFYS50yAdO9O6NMYDKmUQ9Idy0XR/GtSzpvZIw9EbN25g8+bNSExMxNChQ31+Pk/V1dVh165d+Oqrr+wTpO6QJAl6vR55eXkoLS3FihUrMH/+/G6FOzKZDHPmzMH8+fM9DkskSUJTUxNKSkpw4MABXL58GVarFUajEWfPnkVYWBjWrl3bYZ+EzsY0adIkPPzwwx5NHkVRhMFgsFfL2HpGGAwGHDt2DLW1tXj++eeRkJDg0XhsSkpK8P777+P77793qCiSy+VITU3FjBkzkJCQgIiICCiVSsjlclitVpjNZtTX1+PatWs4cuQILly4AKC18uLWrVvYvXs3Ll26hF/84hcYNmxYl8bmbUajEX/7299w9OhRNDc3QyaTYerUqVizZg1iY2PdPk54eDh+9rOfQavVer0XSmxsrNvHDA8Px5NPPgmtVuv28W0BR1VVFc6dO4fs7Gw0NDTAarXi1q1b+OCDD2A0GvHggw/2yoCViHrWu9u247vjJ7p9HENTEz7cuQc3Ssrw9OpVXhhZ78KAg4iol5NMZjSf+B7q2w1QKrrfBBKSBNwog7hlF2Sx/SEMHwZh1YPA9VJIp87duT9GcDCECaMAtQqobYD03SnX4YaNKALfX2gNNKakQIiLhjBKC+mHa4AHpe6CIEClb4Eh5zhUkyb0SBWHKIooKCjAn//8Z7z66qtODQ/9qbGxEZ988gn279/fYa8LW4NOpVKJoKAge2WBbXmK0Wh06M1hY7VaUVZWhrfeegtWqxVz587t8hIHW8PIgQMHdrkaZPjw4RgzZgzee+89HD9+HBaLBRaLBXl5eZgyZQpmzZrlUdWEIAgICwvDoEGDunRdo0ePRnp6Oj7++GNkZWXBYDDAZDKhoKAAn3zyCdauXevRe0WSJNy8eRN//etfkZeXZ789ODgYQ4YMwaOPPor09PROrzEhIcG+tOHQoUPYtWsXysrK7MuQTp8+DYvFgueeew6DBw/2664rDQ0N2LZtG7766isArQHO+PHjsW7dOkRHR3t0LJlMhri4uC6HSt5iqyQZPHiwx89NSkrClClTMGXKFPztb3/DlStXYLVaUVtbi507dyI+Ph7Tpk3rk1uCE5F7/udPb3p9u9fvjp9AdU0N/vPXv/Lqcf0tYAIOhULh9QZegcIbXe2JKHBZauthLbgEtaDw7qTk8lVI2z+H8MtVEGL7A8sXQqqsaW0C2pmofkDsPychNbXu9dOQJEifZkOYkgIolRDiYyApFZ4HHMogmC8WwXSzDCFjRrj93O46cuQIEhIS8OSTTyIqKqrHztuRhoYGbN++HdnZ2S7DDZlMhn79+iE5ORmjR4/GoEGDEBERgeDgYAiCAIPBgOrqaty4cQMXL17EjRs3XPYSMJvN2L59OyRJwoIFC/z675FGo8HatWshCAJyc3PtlRN5eXmYOnWqV/ukuCMiIgKrVq1CfHw8du7ciZqaGgDAmTNnUFhYiLS0NLeOI0kSdDodPvroI5w/39ooThAExMXFYe7cuZg9ezYSEhI8mtzef//9GDZsGA4dOoScnBzcvn0bkiThwoUL+PDDD/HEE0/4LeRoaGjAnj17kJOTA6C1p0dKSgqeeuopjytx+pqxY8di3bp1+Oijj5Cfn2+vzMnJycGIESM8qmwhor7j3W3bOw03Yvr3x8SUCbg3dQIAYNTwZFy+0loleyb/HM4WnEP17dsun3vpxyt4d9v2PlXJETABx7Rp01x2074bsMEU0d3NfL0EsqIbUHh7MmK1tm7fGh0FYe3K1mUnNXWQ3v0YqOmk6WiQEgj550S3xeR27w7p1j+3U5QJQHAQ0IVPI+UyGRS3qmC6VITg0cN7bILW3NyMTz75BP3798fKlSu71bCxu1paWrBv3z588cUXLpt4KhQKaLVaLFq0CNOmTUNYWBjkcjkEQbC/XpIk2cvjy8vLcejQIRw5cgRVVc5h1e3bt7Fv3z4MHDgQqampfv0UOS4uDitXrsSVK1dQXl5ur7BpaGjo8YADgH23D9ukvaWlBbW1tfj8888xadIktwKhuro67NixA0ePHrWHVXFxcVi1ahVmz57dpd4SMpkMSUlJ0Gg0iI+Px+7du1FZWQmTyYQTJ05ArVZjzZo1PV6R1NjYiP379+PAgQPQ6/WQyWQYN24cVq9ejaSkJL9WlfQGcrkco0aNwhNPPIGamhpcu3YNoiiisLAQhYWFmD179l3/GhHdbc4UnOtwWUpoaCieeGQZpk+d4vR3w+gRw+3/XfXIMhw9cRIf7trrciex746fwMSU8bg3ZYL3L8APAibgsJXYEhHdVaxWtOSdg0xXDZk3lqe0ZzRB/PxrCBFqyFb8BMK8NKC8srUfR0sHzSqNRqDpn5/2hwYDqhCgvvHO5xoxrPW/otS6pMWDrWJtBEGAsqkZLSfzoV50PwRVz01q6+vr8emnn2L06NGYPHmyXyb6kiShoKAA2dnZLsONoKAgpKWl4aGHHsLw4cOhULj+Z94WdgQHB2PYsGF4/PHHMW7cOOzcuROXLl1y2D1CkiSUlpZi+/btiIyMRGJiol8nWQkJCbjnnnug0+kgiiKqq6tRVFSE+Ph4v4xHoVBgzpw5OH/+PM6dOwdJknD+/HkcP34cM2fO7PS1MpvNyMnJweHDh+3hhq0yZNasWd1qLmlbhrNw4UKIoogPPvgABoMBLS0tOHLkCJKSkpCRkdHhe8TbGhsb8eWXX+Kzzz6DXq8HAAwaNAiPPvqoR7vh9HUymQzDhw/H/fffj1u3btlDs2PHjmHixImIiIjw9xCJqAd9tGuvy9uHDB6E//z1rxDmxgoHQRAwY9pUTEyZgP/505u4WVrm8jx9JeDgYj4iol7McrsOLd+cgFKE75pqGpog7foHxCMnIAQFQViWAWHqPR1XWNQ1AKUVrQFFTBQwbPCdx6YKhWzx3NavW4yt1Rxd3EI0SCaH6duTMNsqQnqIJEm4cuUK3nrrLfz444/dbujZFfX19Th48CCqq6ud7gsKCsK8efPw9NNPY+TIkR5NXENDQzFp0iQ89dRTGDNmjNNk02q14vLly8jJyfH59px3olAoMGLECHsVjSRJuHz5sl/HFBcXh/vuu8/+mlutVnzzzTcuPylrq7S0FFlZWfawSqVS4ZFHHsGsWbO8ViUUHByMjIwMLF682F5RYjAYsH//fty8edMr53DH119/jc8//xwNDQ0QBAGJiYl4/vnnMWHCBDbQbEcul2PatGnQaDQAWt/jhYWFKCtznpQQUd+VdTgHVf9c/tiWJ+FGW2EqFf7z17/CkMGDnO6rqqlB1uGcrg61V2HAQUTUi5mulUC6WoIgX3/KWlMH7P4HpKslEOKiIVu3EhgywPVjjWZI+Rdbt4Ttp4YwNx0I7WQyJhMgTE0FRiYCAKSKKkgFl1t3YOkCuVwOWW0Dms+40RDVy6xWK06fPo23337b3nOhp1gsFmRnZ+PMmTMOFRZA66cz9913H9asWYOYmJguVZfI5XKMHj0aTz31FIYMGeLy/MePH8etW7e6fA3eIAgCoqOjHZZ/1NbW+nFErVWmWq3W4dP1mzdvdjouURSxb98+3Lx5E5IkQSaT4d5778XChQu9vgRKpVLhsccew9SpU+3hVUlJCXJzc716HldEUUROTg4+/PBD1NTUQBAExMfH45e//CVSUlIYbnQgLi4OI0b8q89QQ0MDrl696scREVFPy3YROISGhuLp1U94HG7YhKlUeHr1E26fLxAx4CAi6sWaCy4i2GTx/SRAkiBdvgrpvY8hXSsBhg6C7JmfAoM1ztUZogjp+wuQLhYBkgTh/qmQLV3Q2nhU3u6flaAgCKljIDy8CEJwMKTaekhZ3wElXZ8kC4IAVXAImo+fgehm/4+unsfV6y5JEr777jt89tlnaOrCPvRdYdtlIzc3F0aj89KhuLg4LF68uNvl6zKZDKNGjcLSpUsRGRnpdH9ZWRmOHTvml+qVtmQymUOViT97ogCt75WoqCiH18xgMKCx0fXSLUmScPHiRZw6dcoeVmk0GmRkZCA8PNwnYwwODsb8+fPtjSotFgu++eYb3O6g8Zw3tLS04NChQ9i4caO950ZsbCxWrVqFcePG+ey8fYFSqXTYGcZqtbrskUNEfdPN0lKX1RsZc2ZjaILnuzW1NTRhMB76ySKn26tqanCztLRbx+4NGHAQEfVi5ktFCJH10CecogjpZAGkDz8HbtdDmJYK4fElrctQ2isph7TzC0jXS4HQEAg/fQiy51ZBmD4ZSBgIaGIgjEmGsGwBhOd+CmHciNampoePQ8r6Fujm/Dg0OBjWG7dgra3v3oE6ERYWhrFjx7psXmkwGLBlyxYcOHAAJpPvQhYbq9WKK1euoKTEeYebkJAQLF68GKNGjfJKHwNbJcHoUaOdKkGsVisOHTrk94lWY2Ojw+4xSUlJfhxNq5CQEIf3itVqRXNzs8swqKWlBceOHUN9fev7VxAEjB8/HsOHD/fZ+ARBwPDhwzFhwgT7z7W8vByfffZZh9sMd4fZbEZubi4+/vhjmM1m+84wTzzxBGbOnNljvT8ClUwmQ0REhENjYIPB4OdREVFPOZN/zuXtC+fc75Xjd3Scjs4bSBhwEBH1Yubim1D25ETAbIF0+DjE/V8DkCCbPQXCjEnO/TjMFki5ZyD+f38HfihuXaqSMROy//MsZK/+P5D97j8gvPZryJ5fA2HscKDFCHH/YUhb9wLV3V9OIJfLIa+pg7W2k91euikkJAQrVqzAPffc43LJR01NDd59912cOXPG5xUNZrMZP/74o1NPB0EQoNVqMWPGDK9WMcTExCAtPc1lk8vKykq/VnGIooibN2/aX4vQ0FCMGTPGL2Nxh6vQqbq6GoWFhfbeG6GhoZgwfoLPqjdsIiIikJ6eDtU/S5stFguOHj2KyspKr57HYrEgLy8PH374IUpLSyFJEiIjI7F06VLMmTPH7xU3gcKfOxYRkX+52hZ2Ysp4qLzUXF2lCsXElPFunTfQ8G9OIqJeTFZT2/O/5LYYIe36B6Qvc4AwFYTlC4FJ41w3Hc0rhPW/34L4zg5I51r7agjaIRBGayFERwK6KkjZ30H8n7chvb0dqPRe3wql0QyLF4/nysCBA7Fu3TokJia6vL+srAz/+7//iwsXLvh0HHV1dSguLobYrudIcHAwxo8fj+joaK+eTyaTYeLEiRg0yLkRmdVqxalTp+7YQNNXqqurkZeXB4vFAkEQMGbMGMTExPhlLG0ZjUaHJUsymcxl9Y8kSbhx44ZDL5PY2FiMGTvG50vRZDIZEhMTHXbCqa+vx9WrV53eW11ltVqRl5eHrVu3oqKiAkBrY9iHHnoIc+fO5Y54bhJF0V7hA7QGZf7YCpmI/OPylSKn22xbv3qLq+O5Om+gYX0gEVEvpjCaIJP5YUJwux7ilt2QRfSDMH0SZM/9FNKrb0K62m6JhNUKXC2BdOMWpC9zIAyKB/pHAgoFoDcAVTWQblW2bivr5U/85VYRlurbrcf10Q4zMpkM9913H/7jP/4Dv/vd75wai1qtVnz//ffYtWsXhg4d6rNP4CsqKlzueKFSqZCUlOSTSWNUVBQmTZqEoiLnX3aKi4tRV1dnrwToKSaTCV988QWuXbsGoLXKZsqUKX6f+EmShNraWjQ0NNhvU6vVUKvVTo81m80oLi62B0RyuRxjxoyx75jha5GRkUhOTsYPP/wAk8mElpYWlJSUwGKxODRu7aoffvgBW7duxfXr1yFJElQqFZYvX44lS5b0+PslkFksFnsDWqA1JLL1TyGiu9OQwd3rveHr4/UWARNwiKLotU8XAo1MJmOZItFdSi6KgNxH28PeSWUNxK17IIvrD2H0cGDlYkhvbQMa9M6PtVqBqtuQqnzXsLA9mVWE9bbvenDYzyOTYc6cOSgpKcFf/vIXp3XwRqMR+/fvx+jRo/HQQw/5pPz+xo0bLtffq9Vql1UW3iCXyzF+/Hh8+umnTo1Nm5ubUVpaioEDB/rk3O1JkoTm5mbk5ORg79699p4Ow4cPx6RJk/y+E4fVakVpaanDrikajcZlo1aTyYSSkhJ7c9Hg4GCkpaX12L/zISEhGDZsGIKCgmAymSCKIiorK2E2m7sVcNheg02bNtl7xYSEhOCBBx7AypUr2XPDQ3V1dQ7hYmhoqMvdjYio7+lomchQLwcSHR3v0o9XvF4t0pMC5l+bmzdv4uLFi/4ehl8MGzasV68vJiLfESwi4M+K7mulkHYfhPCLCAhzpkGorIa04wBg6JndQzojkyRYm5p8WsFho1AosHTpUuh0OuzevdspbDAYDNi4cSOCg4Pxk5/8xCufhLflqnoDaO2V0d2dUzozaNAgqNVqp4DDYrGgsrISkiTdsbGpJEmwWq0wmUwe9+2wWq3Q6/UoLy/HyZMncejQIZjNZigUCowYMQKrVq3qscqHztTU1CAvL88eWgiCgClTpiAsLMzpsU1NTWhsbLS/FiqVyqfNRdsTBAEDBgxAcHAw9Hq9fSmErR9IV4iiiMLCQrz//vsOjXBTU1OxaNEin4YboiiipqYG5eXl3T6WIAgICwvzeS+UOxFFEadPn7Yv8REEAcnJyQw4iO5y3uq/4avj9RYBE3Bcv34dWVlZ/h6GX8yaNYsBB9FdSpD8XLlmNEHKOQkxSAnZs09AWLoAqKqF9MURwAc7L3hCACAamiGJIoQe+PQ7KioKjz76KIqLi3Hs2DGnqsKGhga89957GDJkCO69916vnru6utrl7f379/fp8ozo6GioVCqnpTm2JRmiKN6xekKSJOTl5aG+vt7jKgWTyYTq6mrcvHkTNTU1MBqNUCgUmDBhAlauXImxY8f6vXpDkiQcP34chYWF9tsSExMxe/Zsl+FPS0sLWlpa7N/369fPZTNXX4qOjnYI4QwGQ5d3UpEkCdevX8fHH3+MK1f+9amjIAj2Shtf0uv1+OSTT1yGSZ6SyWS4//77MX/+fJ+PuzPl5eU4dOiQvaeLWq1Genq6y4ogIiJyFDABhyiKPbIVX29k+0SIiO4+gn82qnDU3ALp4LeQkhIgPJQBPPEgUFEJKa+wdWmKn8hkMsBoAsSeeZEEQcCwYcPw7//+76itrcXFixedKhKKi4vx5ptv4r//+7+RkJDgtUlSR9tDhoaG+rRpY1BQUIeNMo1GI6xWq1sBR2FhoUMA0FVyuRzTpk3DypUrkZSU5Pflm1arFRcuXMC+ffug17cu3VKpVFi6dGmHVQAWi8UhTFCpVD1+HSqVyuHnZvtZesoWbrz//vsoKCiA1WqFTCaDJEmQJAkXL15ETk4OVqxY4bMgymKxOAQr3SGTyTBy5Ei3KpN8QZIkVFdXY+fOnSgqKrKPY/jw4R3u5kRERI74NyURUS8mwH+fIjowmiB+tA/S0dMQBsRCeGwJkJTg71EBogig51IguVyOCRMmYN26dRgwYIDT/ZIk4ezZs3j77be9uvVmR5+uy+Vyn0/EOppUWa1Wt5ecCIJg7yfVlT+2axRFERcuXMCBAwdw8eLFbi2r6A5RFNHY2IjDhw9j06ZN9h1RBEFAamoq7rnnnk6f27b6p+319ZT25xRFsUvb/paVleHDDz/E2bNnYbVaERQUhNmzZ2PkyJEQBAEtLS3Yv38/Tp8+7dM+at15b7X9I5fL/RIi2JZxXb9+Hdu2bcORI0fsy8L69euHGTNmIC4ursfHRUQUiAKmgoOI6G4k9eDk/Y50NZD+tgsYEAshdTSExxZD+r/bgFrfN/p0RYIESS73ef+N9uRyOWbNmoWbN2/irbfeclhuALQuq8jKysLgwYOxZs0alztpeKqjxqVms9mnVX6iKDr137BRKBRuTczb9g/oykRekiQ0NjaitLQUVVVVuH37NrKyspCfn4+lS5di7ty5Hr/GkiTBYDCgoqLC4+UhTU1NuHHjBk6dOoWzZ8/at/KUy+UYPnw4HnnkkU637ZXL5Q49Kcxmc5fChe6wNRe1USgUHk/sa2trsWXLFpw4cQJWqxUqlcreUPTSpUvYvHkzysrKUFNTg40bN+Lll1/G2LFjvR4ghIaGYsaMGYiJiel2UCQIAsaNG9el41it1i71ArFYLKiursalS5eQm5uL69ev2wNN22s6a9Ysbq9LROQmBhxERL1ZLytJlq6XAu9+Aqz/OWTz0iHerof09z2tW8L29FhECbLQEL+8RiEhIfjpT3+KkpIS7Nu3z77lp43BYMCePXug1Woxf/78bpfn9+vXz+XtjY2NMJlMPuvDodfrna7NJjQ01K3mkTKZDNOnT8fixYu7NEmzfbpdUVGBb775Bjk5OaiqqkJ5eTk+/PBDmM1mPPDAAx7tXmO1WnH06FGcPXvWo8msJEn20Kdt09TQ0FCMGTMGq1evxogRIzqdxCuVSofXQa/Xd7n/RVc1NDQ4nDMoKMjt4EGSJFRWVuL999+3hxuhoaGYP38+li9fjrCwMIwbNw5LlizBjh07UFdXh4aGBuzevRv9+/f3+q4/oaGhWLhwoVd7lXUl4Kivr8ef//xnjxuqiqIIi8WC5uZme+gkk8kQHR2NRYsWYdmyZX7fBpmIKJAETMAhCILfG4n5C9dcEt29rL6uTpDJgKgICHHRQLASMFsg1dQBVbdd99cQRUhnLgC7/wE88RBki+dArL4N6dPs1n4YPUgUAKhVPdJg1JWQkBA8/fTTaGxsxNdff+3UJ6qiogJ///vfERMTg0mTJnXrXB1NCqurq2EwGHy2k4pOp3PZ/0Mmk6F///5u//skk8kQFBTUrU+hk5KSMHDgQIwaNQp79+5FYWEhGhsbsW/fPkRGRmLu3LkeTUxNJlO3e3spFAoMHToUU6ZMQVpaGrRa7R1fE5VKhbCwMAiCYK9Oqaur80qljzskSYJOp7NXHgmCALVa7fbIQ/g9AAAgAElEQVTEvKWlBQcPHkRVVRWsVivUajXmzJmDhx56yP4+DAkJwaxZs1BZWYkvv/wSzc3NOH/+PA4cOICVK1d6/f0qCIJfm4IC/1q21B2CICAyMhLjx49HWloaJk+ezHCDiMhDARNwDB06FAsWLPD3MPwiKSnJ30MgIj8RFTLfbIMqCIAmBsKiWRDuSwH6RwJBSsBihVDXAOn8D5D2HwZulDkHHSYTpK9yISQOAR6YDdnjSyDqqiHlnGwdaw8RZQJk/fy7nePgwYOxdu1aVFVVIS8vz2GpgdVqRUFBATZs2IANGzZg2LBhXT7PsGHDIJPJnPoY1NXVoaamBgMHDuzysTsiSRKuXbtm38mhLaVS6ZftWUNCQjBlyhQEBQXhL3/5C8rKyqDT6fDBBx9g1KhRGDx4cI+NZcSIEZg3bx5SU1Oh0WgQFBTk1iQ7NDQUsbGx9oCjubkZhYWFPTZ2q9WKkpISh3AnKirK7a2NzWazvedIUFAQZsyYgccffxyRkZEO1x8VFYXFixfjxo0bOHPmDAwGAw4dOoSBAwdi4cKFXHLRjlwux8KFC5GWlobk5GSEh4fftR/sERF1R0AFHD35i0tvwn/giO5eolwOUZIg82bAER4GYV5665avQwdBCA4CrCLQ0gIolcAgDYRRWkizpkDafxjSgUOtFR1t1dZD3LYXsrgoCFPvgfDzFUBdI6T8iz0WcohyORT9I3q8B0dbtv4SK1euRFFREWprax3utzXF3LJlC1566aUun2fQoEGIi4tDRUWFw+16vR43b97sct+AzpjNZpw+fdplj4/w8HCfhCrusO10MW3aNHz66aewWq3Q6XQ4fvw4li5d6vaymVGjRuG+++5z6/GSJOHkyZMOO8Go1Wrce++9Hv9uolQqMWzYMCgUCnsVyfHjxzFnzhy3Q4bu0Ov1uHbtmj3gUCqViI+P9zhwkMlkmD17Nh577DFERUW5fEx8fDyWLl2KH3/8EQ0NDaivr8euXbswePBgpKSk9KkK1bCwMMydO9ftZqDV1dU4fPgwGhoaAPxrl6aUlBSGP0RE3RAwAYdcLudEn4juOtawUEiNLXd+oLvkcgiL50L2xINAZASkmlpIZwohnT7X2ixUFQohZTSQNhGCJhbCqiWQIsIhbt0N1Db86ziSBNzSQfzfHZDFRkNISgB+thzSm3rg6s0eCTnMcgEh8bE+P8+dKJVKzJ07FzqdDu+++65TyGGxWJCVlYWkpCT827/9W5caSsbGxiIxMRE6nc7h+c3Nzfjhhx8we/ZshIWFdfta2rpx4wYuXbrk8r7Ro0f7bFmMO8LCwnDvvffi8OHDuH37NiRJQkFBAebOnYv+/fvf8fkymQxJSUl48MEH3e7dMX78ePzhD39AVVUVAOD/Z+/O45so8z+AfyZJ0/sulNIC5WopN6UIch8iFBC5lUNA9Keru7rurgq4nqgoq6jLKrieiwIiKHIjcoggFMpZznJDW2gp9D7SI8n8/ug2C2QmTdI0ybSf92v39ZKZyZOn0+nzzHzneb7PuXPncOjQIURERNh0f6LRaNCyZUsEBwebfp+XL1/G5cuXERMTU+dTLbKzs3HhwgVT4Mrb2xstWrSwKXeEVqtFz549MWPGDISFhckep1Kp0K1bNzz11FNYsmQJCgsLcePGDaxYsQKhoaFo3rx5rX8ed+Ht7Y2BAwciLi7OquOLi4uhVquxceNGlJeXQ6/X47fffkOnTp3QsmXLOq4tEVH9VX9C50RE9VFUhOOWVxQECP17QPXoBCA4EGJmNsRFS2Gcvxjipl8h7jsCcfteGD/6GuL8JRDPXgZ8vSGMuQ/C+OFVU1juduFqVZLR/CII8R2gmjQCCKr7aSOiKKLSxxvqkKA6/y5reHt7Y9asWRg3bpzkqhwFBQX4/PPPsWPHDruWNvXx8UHr1q3NHqQrKytx/PhxXLt2ze66S6moqMCePXvMgjVAVUCnX79+Nq8+4kjVb7tvnyZz/fp1m5bmtXXp2tjYWDz88MOmn7u4uBibN2/GrVu3bK5/06ZNTdOOgKoVSU6ePFnny95WVFTg+PHjd4wECgsLQ+vWra0OrGg0GvTt2xfPPvusxeBGNbVajcGDB2PkyJGmYNLp06exZs2aOl0ByBVsuZ78/f0xfPhwtGnTxnQdXLhwAb///rvTk84SEdUnDHAQEbkxbdtolDnqoadZBFR/mg74+wJ5+RCXrYO45yBQcVf5BgPEoychfvwNkHYd8PKEMPo+oG20eZlGI8S9R2BctQko1UEY2LPqWG/rV7SwR0VlJYSmjaEJdY8AB1D1wDx58mT079/fLBAhiiJycnLw3Xff4fz58zaXrdFo0LZtW8lREzdu3MD69eslgxH2unLlCo4cOSL5ANqyZUt0797dYd9lr8DAwDvOR3FxsWnJ1rqgUqkwYMAA9OrVy/T7TUtLw9KlS23+3oCAAHTt2tX0wF8dqMrJyXF4vW+XlZWFffv2mR6gvby8MGrUKNkpJlJ8fHyQkJAgu7KPnCFDhiA+Ph5qtRp6vR47duzADz/8IJnEtiEQBAFRUVEYNmwYgoKq2rGysjLs3LkTR48erXfBHyIiZ2GAg4jIjXl2jEW5CnZNa7iDWgWha3ugSaOqlVKSj0PcsRcoK5c+3ihCPHEGxo07AV0ZhLAQCN07Si/JWlZWlavjl98BL0+oJj9QFeTwrLt8AqVlZfBo3xYqJ608Ya2oqCg89dRT6N69u1l+AVEUceHCBaSmpto8KkelUqF169aIiYkx22c0GrF3714kJSU55M1vcXExduzYgfT0dLPrzsfHB4mJiQ6fDmMPlUp1RyCpeqnNWv+tWODr64uRI0ea8o+Iooi9e/fit99+s+nce3h44N577zWNQBFFEWfOnMHhw4cdN2LrLkajEYcPH8aVK1dM29q1a4dBgwbZPC3GntwZTZs2xfjx49GqVSsIgoCKigqsXbsWycnJDXbEgkqlQq9evdCzZ0/T7yArKwtr1qxBdnZ2nV7LRET1FQMcRERuzLNTO1T6eNX+AUCjAdq2ANQqoEQHcd8RoLDY8mcqDRBTUiHeygNUAoSYloBGJtdAbj6MK9dDPHYG8PeDasoDEOI71EkCUIPRiDJ9BXz73gNBrj4uIggC4uLi8OSTT0ou7WowGOyehhAWFobExESEhYWZPZCWlpbip59+wqVLl2r1UFRWVoatW7diy5YtpmVEb9e2bVu3GL0BVAViiov/dw07Yzn56qkqffr0MeWsKCsrw+bNm3H58mWbyoqIiMCIESNMU14KCgqwefNmZGRkOLzeQNWD8/r1600jJnx9fTF48GCnLUOqVqvRrl07jB8/3jT6Iy8vDxs2bEB6erpT6uCOAgMDMWLECNMoGqPRiJSUFOzevbvBBn6IiGqDAQ4iIjfm0aQRPHp2RYWhtgEONRDw39EOZWVAdq7l46sVlwDF/10mNNAfsLTKQ9YtiKs2QczMBhqFQHhsYlVQxMFBDr1BD3VcG2hjW7l0BRU5KpUK99xzD2bNmoVGjRyXBFUQBMTHx6N///6Sq22kpaVh0aJFOHbsmM1BFFEUUVZWhh07duDHH39Eebn5yB4vLy/069fPqiSedU0URaSnpyMzM9O0zdPTE/7+/nWepNPLywvDhg1Dly5dTAGVjIwM/PLLL9DpdDaV1adPH3Tu3Nn078uXL2Pp0qWmxKmOIIoiMjIy8N5775mWdxUEAe3bt0dCQoJDvsNa1fk7EhMT4e3tDVEUcfbsWaxYsaLOp+e4szZt2mD69OmmKUsGgwE///yzXdPZiEj5ft+f7NLvX/HDGpTa2J+5EwY4iIjcmMrXB9797oHe17t2DzwiAONtn1fb0fwbjf8tSIbBCPHgcYjL1kIsLoXQrjWEP0wGmjd1aCCiUiXAa3BvaNwkwagUrVaLESNGYNSoUQ5d8tHDwwNDhw6VXWXhwoUL+OSTT7B161arH5L1ej0yMjKwcuVK08P13by8vDBkyBD07dvXLZaw1Ol0OHLkyB0PxeHh4Q4NKFkSERGBMWPGmKaY6PV6JCcn25w7ISgoCCNHjjQFjYxGI5KSkvDNN9+YVmupDVEUkZWVhe+++w5nz54FUBXciIiIwEMPPeSSYJWHhwdGjRplGglUfe42b96M0tJSp9fHHahUKgwZMgSDBw82/X1lZWVh7dq1d4xSIqL67/NvlmNP0n6X1uFqegbe+XCRYoMcilkmloioQRIEeHaMRUVUBIyXMuwfgq83ALn/TYTo7VWVi8Oarw/0hxDw33wLufnmCUnvVlEJccMOoHEYhIdHQkjoDNWERBj/8yOQU/skmKIoQh8cCM/OcRBsWNbSFYKCgjBjxgxcv34d27dvd1jSwBYtWmDy5Mn45z//iby8vDuCGNUjG5YuXYoTJ06gf//+6NChA7y9vaFWq02jG0RRhF6vR2FhIQ4ePIhdu3bh9OnTkkPiNRoNunbtigkTJtiUjLKuGI1GXLp0Cfv27TOd0+qpQdas6uEIgiCgQ4cOuOeee7B+/XoYDAZkZ2fjhx9+QLNmzRAVFWXVSBKVSoX4+Hg8/PDDWLFiBQoKCmAwGLBr1y4YjUY8/PDDCA8Pt+vvXq/X4+rVq1i9ejWSkpJgMBggCAJCQ0Px0EMPITY2ts5Hu8gJCwvD1KlTkZaWhvT0dJSVlWHDhg0IDw/H4MGDbVqytr7QarUYet9QpKam4tKlSzAajUhOTsb27dsxatSoBnlOiBqamoIbqecvOK0u1UGOuX95Fj5OmsroKIppLQ0GAyoqKlxdDZfQaDRu8caMiFzDo0kjoF0rlF9Mgw/sDXDogYtXAYMB8PWB0Dse4t7DQH6h/Gc0aqBzOyAkqGq1lLOXqwIlNTEYIa7bBjGyMYShfSEM7QPhZg7EFeut+7wFFQY9DC2awrNNdK3KcZaIiAg899xzKCgoQHJyskMSSKrVaiQkJODRRx/Fd999h8zMTLORGoWFhdi9ezdOnjyJli1bonnz5ggJCYGXlxdEUURpaSlu3LiBK1euID09HcXFxbJ1a9euHcaNG3fHkqyuYjQacf78efzwww+4evWq6ecOCQlB3759Jafu1BUfHx8MHToUKSkppgfS1NRUbNu2DQ899JDViVg9PT1x3333IT8/H5s3b0Z+fj50Oh127dqFnJwcDB06FN26dZNcQUdOfn4+Dh8+jG3btuHUqVOm+6fqESPOPld3EwQBLVu2xBNPPIElS5bg+vXrKCwsxE8//YSmTZuiY8eOLqubK0W3jEb//v1x7do1lJeXQ6fTYePGjWjVqhU6duxoV3JXIlIGa0ZuzP/gn06qTRWlBjkUE+BISkrC+vXrXV0Nl+jXrx8eeOABV1eDiFxE5ecLbY/OKNy0E15Go303uUYjxEMngLwCICwE6NEZwvABEH/aCpRLB4+FTrEQxgytGvFxKw9icsp/p6lYITsHxm9+gio8DEKXOAgPPwBk3oS47Xfb6/5foiiiqLwcHj06QxPunKkIjhAdHY0nn3wS58+fd1ieAY1Gg4EDB8LT0xP/+c9/TLkVbmc0GnHr1i3k5ubi2LFjplVHRFGEwWCA0WiEwWCwOI2lffv2ePrpp9GiRQuXP1yVl5djx44dWLNmDTIzM02jTTw8PDBz5kzExMQ4dURC9UP6448/jvnz56O4uBgGgwG7d+9Gr1690L59e6vL8vX1xYMPPghBELB69WpUVFSgvLwcR48exaVLl9C6dWuMGzcO3bp1s/gzVlRUIDk5GevWrUN6ejoKCgpMgSuNRoPRo0fjgQcegJ8brD4kCAK6dOmC+++/HytXroROp8OVK1fwxRdf4OWXX3baaBx34uPjg/vuuw/nzp3DgQMHYDAYkJmZiZ07dyI6OtrmpXmJSBncYVqKHCUGORQT4KioqEBRUZGrq+ESUpnsiagBUang0zsB+R3bQpdyDr6eXvaVk50D47x/QfX6nyEEB0KYPgZGnQ7i7mSgqAQQRQAC4KWF0KEtVH+ZVTWVpagExpUbgbTMGr/CRBSByxkwfrEKqtlPQohqAuHVZ2DILwCOnAIMto9k0Bv0qGwdhaDBfSBolTOqrTrp6Jw5c/Duu+86LIGkVqtF7969oVarsWLFCqSnp0uOdDQajTaNHBEEAT4+PkhISMD//d//1TqvhSiKuHjxInbt2mXXVAuj0Yi8vDzs3bsX58+fv2Majbe3N0aMGIEBAwa4ZAh/9RSTwYMHY/PmzdDr9cjMzMSPP/6Ili1b2rRCSVBQEB566CF4eXlhw4YNyMnJgcFgQG5uLnJzc3H48GG0adMGvXr1QmRkJHx9faHVaqHX61FUVISMjAwcOHAAFy9evGM6lFqtRpMmTTB+/HiMGDHCZdNSpGi1Wtx33324evWqadWQs2fPYunSpZg1a5ZVU6LKy8uRnJyMjIwMh/9sjRs3RufOnZ16zsLCwjBmzBhcuXIF169fh16vx6FDh5CQkIDevXu7PNBIRI61decutw1uVLuanoGtO37F2FEjXF0VqygmwEFE1JBpQoIQ+sQ0FM5dAK/SCrtzcYjJx2H8cjWEKaMhRDSC6qmpEPv1gHjqPJBXCPh6Q2jTAkK39kDjMIi5+RA37IS4fnvVNBdbGI3A8VSIP24Bpo2FEBoE1UOjYEzPBLJu2VZvUUSR0QDfhx6AZ8tmttXDDWg0GgwePBhpaWn49ttvkZ+f75ByPTw8TA+8W7Zswb59+5CXl2f38pLe3t6IjIzEfffdh/79+zskCaXRaMSePXuwd+9euz5fPeLk9qCQWq1GSEgI7r//fiQmJrp8usXw4cNx8eJFnDp1CkDVqNMffvgBEydONK2MYQ1PT0+MGTMGrVu3xqZNm3DixAnT9CGj0Yhz587h/Pnz0Gq10Gq1UKvVpim8FRUVpnMkCAJUKhUCAgLQrVs3jEgcgfYd2rtVcKNaaGgoJk6ciKysLKSmpsJoNOLQoUNo3bo1RowYUePvtrS0FN9//z0EQXD4z9e3b1907Nixzpcfvl11PpnBgwfjhx9+QFlZGW7duoU1a9YgMjJSNsEwESlTQ02uXJcY4CAiUgifHp1RMrAXStZuQ4C3j93liFt+q1r+9cGhEOJaQ+jTHcK93apGVagEQK0GDAaIF65A3PwbxK27gUI7M/lXVELcshtoEg6MuQ/i2UuAzvZRabryMlR2bIuQxEFV9VMgPz8/TJgwAWlpadi0aZPdQYi7aTQatGzZErNmzUJ8fDx2796NU6dO4ebNm1YnNvX09ESzZs3Qo0cPDBw4EM2aNXPoQ53BYHBIklVBEODv749OnTphyJAhSEhIgKenpwNqWDvNmzfHfffdhytXrqCkpAQGgwFbt25F+/bt0a1bN5veumu1WsTHx6NVq1Y4cOAA9u7di9TUVBQWVuXLEUUR5eXlkkv5VgsKCkL79u3Rr18/dO/e3SnL59qreqrPQw89hCVLliArKwt5eXnYsGEDIiMjkZCQYLHuoig6bEnduzkiZ449tFot7r//fpw8eRLHjh2DKIpITU3Fzz//jKeeesoldSIiUgoGOIiIFELw8ID/hETkHT4B76wceGjsnKZRqoO4Iwni6QsQOsdCSOgMtIoCPDyqkoBevwHx0AmIKalA2nXZHB1WKyyG+MNm4OwliHsP2RwsMRoMKPbzhv+jE6EOsj7RorW8vLwQHR1tNh0wKCjIprfv1mjcuDFmzJiBvLw8pKenm7YLglDrqSBeXl7o2bMn2rVrh/T0dJw+fRonTpxAZmYmysrKoNfrTQ9sarUanp6e8PX1RatWrdC1S1e0btMaERERtf6Zq4MQERERtQ7iVL+V12g0CA4ORrt27dCxY0dER0cjODjYpiCMl5cXIiIiUFZWBrVajcDAQIc99Ht4eCAhIQGnTp3CmTNnIIoi1Go1UlJSEBsba3POC0EQEBwcbEoweuXKFZw4cQKnT59GXl4eysvLTb9PlUoFjUYDT09PNGrUCB07dkSnjp3QrHkzhISEOGRKg7+/P5o2bWr6b1um3lhDEATEx8dj3Lhx2LRpEyorq1Zr+u2339CmTZs7pqoIgoDw8HCHfr8cS1Nk1Go1QkNDTeclODjYoSOJGjVqhNGjRyMvL890Pi5duuSw8onIPYwdNQJjRia6uho1ctcguRRBrKuwt4Pt3LkTq1evdnU1XGLw4MGYOHGiq6tBRG5ArKxE4Zot0P3j3whVe0ClquVbdo0a8PUBvD0BDw2gNwJlZUCxDqisYUlYWwgCoFbZvIqKKIrIL9NBeGQMgp+aDpWv4xNc6XQ6ZGRkmL0FVqvViIiIgI+P/aNlpBgMBly/fh26u9aXDwgIcNhKJaIooqKiAiUlJSgoKEBhYSHKyspMUz20Wi38/PwQEBAAf39/+Pr6OmzEhiiKKCgocEhC1epAgYeHB3x8fODt7Q0vLy+7brRKS0uRlZVl+j0HBAQgNDTUYTkNjEYjcnJyTCMtgKqgSnh4eK3zgxiNRpSXl6OoqAgFBQUoLi5GeXk5Kisr4eHhAU9PTwQEBJh+n56eng69Gc3NzUVeXtUyzyqVCmFhYfD393dY+dVKSkpw48YN0+9IpVKhadOmd4zSEUURaWlpDhsBZYmvry/Cw8Mlz6XRaER2djZKSkoAVI2kCg8Pd2hQtLy8HNevXzcFJgVBQKtWrRxWPhFRfcQAhwIwwEFEtzMUFOHGvI/guW0vAr19FBVVt1WxrhT5zcIR+dkCaJo6560tERERkRLsSTqAnNzcGo8LDQlBv3t7OqFGrqeYAAcREf2XKKL84lXkz/sIvqcvw0utrpdBjgqDHgWNg+H/yrPwvacrwNUDiIiIiEw+X7oMe/YfqPG4fr164v9mTHNCjVyPd4tEREojCPBs1Rx+jz2MkohQVDphqLazGYxGFPn5wGv6OPgkdGZwg4iIiOgu7WLaOvS4+oB3jERESqRSwadnN3hOG4tcwWhKQlcfGI1G5OpKoHrwPvgPHwShlvkLiIiIiOqjfvf2RPOoSIvHNI+KbDDTUwAGOIiIFEvw8kTA6PvgN/sPyPP2qBcjOQwGA/JFA9RTHkTwzIlQB9i2+gQRERFRQzL3L8/KBjmaR0Vi7l+edXKNXIs5OIiIFE4sr0Dhul9QsvBzBFcaHbpUoTMZjAbkGirhMXMCgmZOhNqfwQ0iIiKimogAfk/ajzPnLuBWTg7CQkMRF9MGfe/thfqXpc0yBjiIiOoBsbIShRu2o3jh5wgqN0CrVkElKGOQniiK0BsNyIcRmkfGIuT/pkDl7bilFomIiIioYWCAg4ionjDqylCyKwmly36C55lL8NV4QOXmyTlFUYROX4nSpo2hHT8MAWOHQx0Y4OpqEREREZECMcBBRFSPiJV6lJ0+h7xPl0FzIAUBKjU8NB6urpYkvcGA4vIylHVsi6Anp8KnZzcIXp6urhYRERERKRQDHERE9Y0oovJmDoo2bEP595vgcyMHPp5ebjOaQxSN0FVUoMTPG5qRgxDw0APQNo8C1O5RPyIiIiJSJgY4iIjqKWNZOcqOnULhirUQDqTAt8IAb60WEFyXbqqishLFMKCyfRv4Tx8P33u7Q+Xn67L6EBEREVH9wQAHEVF9JoowlpSiNOkwCr5aBaScQbCXD7QeHhCcFOgQRRF6gx6FOh3KW0UhYPp4+A7qA01IIOAmo0qIiIiISPkY4CAiaiAMBUXIW7kO5fsOw+v6TWiLSqDRG6FWqaASBIcFPESIEI1VK6MYVAIq/HxQ1jgE6s7tEDJzIjwiwl06ioSIiIiI6icGOIiIGpjKjEyUp15E5YlU6FPOwJh6AZqSMnhqNNBqPKBWqWwPQIgijKKIispKVBj0qNRogDbNoe4UC4+u7eEZ1xba6CgIGk3d/FBERERE1OAxwEFE1BCJAEQj9PmFKD99HqUHj6Ey5TTE9EwgtwDasgpoNBpoVGoI/x3hofpv0MMoihBFEUbRCNEookKvR6VGDWNIABDRGJpOsfC9pxu8OsRAEx5WFSzhiA0iIiIiqmMMcBAREYxl5RBLSlGZkwdDTh4MN3NguHYD+lu5MOYXAqVlgMFQdbAgAL7eUPn7QR0aBE1kE6gbhUIdFgJNWDBU/n5QeXu59gciIiIiogaHAQ4iIvqf6i5BFAGxKp8GZLsJoep/t4/Q4EgNIiIiInIRBjiIiIiIiIiISPG4Ph8RERERERERKR4DHERERERERESkeAxwEBEREREREZHiMcBBRERERERERIrHAAcRERERERERKR4DHERERERERESkeAxwEBEREREREZHiMcBBRERERERERIrHAAcRERERERERKR4DHERERERERESkeAxwEBEREREREZHiMcBBRERERERERIrHAAcRERERERERKR4DHERERERERESkeAxwEBEREREREZHiMcBBRERERERERIrHAAcRERERERERKR4DHERERERERESkeAxwEBEREREREZHiMcBBRERERERERIrHAAcRERERERERKR4DHERERERERESkeAxwEBEREREREZHiMcBBRERERERERIrHAAcRERERERERKR4DHERERERERESkeAxwEBEREREREZHiMcBBRERERERERIrHAAcRERERERERKR4DHERERERERESkeAxwEBEREREREZHiMcBBRERERERERIrHAAcRERERERERKR4DHERERERERESkeAxwEBEREREREZHiaZKTk1FZWQk/Pz/4+/tDpZKOeQiC4OSqEREREREREVFDJ4qi5Haj0YiioiIUFxfDw8MDGqPRiCZNmsDb29vJVSQiIiIiIiIisp+Xlxf8/Pxw8+ZNaEJCQhAQECAbESEiIiIiIiIiclcBAQEwGAwQsrOzRY1GwwAHERERERERESmOIAjQ6/XQeHp6MrhBRERERERERIrl6ekJjSAITCBKRERERERERIqmuX3VFKmRHAx+EBEREREREZGr1RSz0Nz+DwYziD28wWYAACAASURBVIiIiIiIiMgd1RSz0DCoQURERERERERKxwAHERERERERESkeAxxEREREREREpHgaQRBkl4ll8IOIiIiIiIiI3IWl+IWm+j+IiIiIiIiIiNyZpfiFpjYfJiIiIiIiIiJyBrnRG9WYg4OIiIiIiIiI3F5N8QuVk+pBRERERERERFRnGOAgIiIiIiIiIsVjgIOIiIiIiIiIFI8BDiIiIiIiIiJSPAY4iIiIiIiIiEjxGOAgIiIiIiIiIsVjgIOIiIiIiIiIFI8BDiIiIiIiIiJSPAY4iIiIiIiIiEjxGOAgIiIiIiIiIsVjgIOIiIiIiIiIFI8BDiIiIiIiIiJSPAY4iIiIiIiIiEjxGOAgIiIiIiIiIsVjgIOIiIiIiIiIFI8BDiIiIiIiIiJSPAY4iIiIiIiIiEjxGOAgIiIiIiIiIsVjgIOIiIiIiIiIFI8BDiIiIiIiIiJSPAY4iIiIiIiIiEjxGOAgIiIiIiIiIsVjgIOIiIiIiIiIFI8BDiIiIiIiIiJSPAY4iIiIiIiIiEjxGOAgIiIiIiIiIsVjgIOIiIiIiIiIFI8BDiIiIiIiIiJSPAY4iIiIiIiIiEjxGOAgIiIiIiIiIsVjgIOIiIiIiIiIFI8BDiIiIiIiIiJSPAY4iIiIiIiIiEjxGOAgIiIiIiIiIsVjgIOIiIiIiIiIFI8BDiIiIiIiIiJSPAY4iIiIiIiIiEjxGOAgIiIiIiIiIsVjgIOIiIiIiIiIFI8BDiIiIiIiIiJSPAY4iIiIiIiIiEjxGOAgIiIiIiIiIsVjgIOIiIiIiIiIFI8BDiIiIiIiIiJSPAY4iIiIiIiIiEjxGOAgIiIiIiIiIsVjgIOIiIiIiIiIFI8BDiIiIiIiIiJSPAY4iIiIiIiIiEjxGOAgIiIiIiIiIsVjgIOIiIiIiIiIFI8BDiIiIiIiIiJSPAY4iIiIiIiIiEjxNK6uABE1HHPnzsXRo0fNtoeFhWHZsmVOqUNaWhqeeOIJyX1PPPEExo0b55R6EBERAfJ9Y+fOnfGPf/zDBTUiIlIuBjiIiGywYcMGfPLJJ5L7XnnlFfTp08fJNSIiIiIiIoBTVIiIbOLp6Sm7z8PDw4k1ISIiIiKi23EEB9U7TzzxBNLS0sy2C4KAtWvXWnxAvduHH36IrVu3mm1/5plnMHLkSKvLOXfuHJ599lnJfZ9++imio6OtLotcS6vVyu7TaJTXpFqasjN16lQ88sgjTq4RketY+nsICgrCV199BR8fH5vLvXz5Mp566inJfYsWLUJMTIzNZTqTpfMix8PDA76+vvD29kaTJk0QFRWFFi1aoEuXLmjWrFkd1ZSIiBo65d2NE9UgLi5OMsAhiiIyMjLQunVrq8s6duyY5PYTJ07YFOBIT0+X3K7RaBAVFWV1OeR6lgIclvYRkbLl5+fjxx9/ZNDPSpWVlcjPz0d+fj4yMzPvyDERERGBcePG4f7777fppQMREVFNGOCgeqdNmzaSoy6AqkCDtQGO7Oxs3LhxQ3JfSkoKRFGEIAhWlXX16lXJ7a1bt1bkW/+GrL6N4CByN6tWrTJLuOjl5YXXXnvNRTX6n9WrVyMxMRFhYWGuroqiZWZm4pNPPsHKlSvx0ksvoUOHDq6uEhER1RPMwUH1TqtWrWT3yQUapJw5c0Z2X15eHq5du2Z1WZcvX5bc3rZtW6vLIPdgKc8Gc3AQ1d6xY8dw9OjRO/4vN5rO2SoqKvDtt9+6uhr1Rk5ODl588UX8/vvvrq4KERHVEwxwUL1jKZ/FlStXrC7n5MmTFvdbCoDc7cKFC5LbbZkuQ+7By8tLdh+HWhPV3s2bN11dBYt++eUXXLx40dXVqDcMBgMWLlxo00sDIiIiORxPTfWOr68vmjVrJpn3wpab0preGJ48eRJDhw6tsZyCggLk5eVJ7mvZsqXV9SH3EBoaatc+IrJOdna2q6tgkSiK+PLLLzF//nxXV8UtSCUjFkURFRUVKCoqQmZmJlJSUvDzzz/j1q1bkmXodDp88cUXbjENiYiIlI0jOKheateuneT27OxsFBcX1/j5vLw82cSg1e6eIy4nIyNDdl+LFi2sKoPcR0hICNRqtdn2wMBAeHt7u6BGRPVHcXExysvLXV2NGh05cgSHDh1ydTXcliAI8PT0RFhYGDp16oRp06bhq6++wqhRo2Q/k5SUJPsygIiIyFoMcFC91KZNG9l9lgIO1ayZfmIpCent5PJ+NGvWjA/ELmBtYlg5KpUKjRs3NtvetGnTWpVLRFDUA+4XX3wBo9Ho6moohlarxR//+Ed06dJF9pizZ886sUZERFQfMcBB9ZKl3BY1jcwAgFOnTln1PdYEQuQCHDExMVZ9BzmWI/JkREREWLWNiGzjrgEOqdxOV65cwfbt251fGQUTBAGjR4+W3e/u05OIiMj9MQcH1UuWEo1as5LK3fk31Go1evbsiX379t2x/eTJkxg4cKDFsi5duiS53dIoEzmiKOLcuXNITk7GqVOnkJ6ejoKCAqjVagQHByM6OhqdO3dGz549ERkZaXP59jh58iS2bt2KlJQU5ObmIiAgAFFRURg1ahT69+/vlDrcuHEDv/32G44cOYIrV66guLgYgYGBaNSoEeLj49G/f3/TNWEpSai1mjRpYtW2mly4cAEHDx7EqVOncO3aNRQWFqK8vBw+Pj6IiIhA27ZtER8fj4SEBIvL09YHer0eZ86cwcmTJ3H+/HlkZGQgNzcXZWVl8PLyQlBQECIiItCtWzfEx8db/Bt3hNpc16Wlpdi/fz9OnjyJs2fPIjc3F0VFRfD390ebNm3Qt29f9OnTB35+fg6ts9FoxPHjx5GcnIzTp08jIyMDOp0OXl5eaNy4Mdq0aYP4+Hj06tWr1qPH6urazc3NrVW96sqwYcPw008/mT2A/+c//0G/fv1cNhrPHfuEmliamllRUeHQ76pt/6TE81tbzmxHLLH3d+eqvqQhtPtESsEAB9VLfn5+iIyMlMzKLhdwqFZcXGx2THR0NLp27WoW4KgpEakoirLfZ2uC0ZSUFHz55Zc4d+6c2T69Xo+srCxkZWVh//79+Oyzz9C7d2/MnDkTzZs3t+l7AGDu3LlmOUY6dOiAhQsXmv5dVFSERYsWYc+ePXccl5ubi9zcXMTFxdV5gKO4uBjLli3DunXrIIriHftycnKQk5OD1NRUrFixAkOHDsWsWbPg6+tb6+8NDw+3apucCxcuYPHixTh9+rTk/sLCQhQWFuLs2bPYuHEjAgICMGnSJIwYMQI+Pj5219sdpaWl4ZdffsHWrVtRVFQkeUxxcTGKi4uRkZGBgwcPAgAGDhyIRx991KbzXtfXtU6nw8qVK7F+/XrodDqz/Xl5eTh48CAOHjyIDz/80Ko6h4eHY+nSpTUed/DgQXz++edIS0sz21dSUoLLly/j8uXL2LZtG/z8/DBr1iwMHz4cKpVtAzkdfe1+/PHHuHTpEgoLC1FUVITCwkLJcnU6HYYPHy5bryVLltRp0madTodJkybh448/vmN7bm4u1q5di8mTJ9fZd8txZp/gSJaW07amfXZW/6Sk86vT6fC3v/1N9n7jxRdfxODBg2ssp67bkbr83TmzL7ldQ2j3iZSGAQ6qt2JjY+0KcKSmppo9LMfGxkq+dcrIyEBeXh6Cg4Mly7p16xZKSkok91n71kCn0+GDDz4w6+xrsm/fPiQlJWHixImYOXNmrTu029+sZmdnY+7cuRaX9avrJXBTU1Mxb948q9/4btu2DQcPHsTcuXOhVqthMBjs/u5GjRqZbZPKyyFl48aNWLJkiU3fX1hYiC+++AKrVq3C008/XeOoISVITU3Ft99+i8OHD9v1+V27duHo0aN4++237RoNVc1R1/WFCxcwf/58XL9+3e662KO4uBjvv/8+9u/fb9NnFi1ahB07duCNN96w+o1iXVy7p06dwuXLl60uz1UKCgowfvx4LF++3GwazcqVKzFs2DCEhIQ4pS7u0ifYy9I0JHsTbzuyf1La+TUajXjvvfdk722mTZtWY3DDme3I3Wr7u3NlX9IQ2n0iJWIIj+otuRwX+fn5Fm+wpPJvtG7dWvatjKU8HHL5PkJDQxEUFCT7uWrZ2dl4/vnnbb7RqiaKIlatWoU333xT8s2CLaqX9yspKcHf//53izcgQN0ugZuSkoI5c+bYPJw9Pz8fc+bMqXViQKkAh9S2u23fvh0ff/yx3cGVwsJCvPvuu9i2bZtdn3cX33zzDZ577jm7b0irFRQUYM6cOcjJybG7DEdc15cuXcKcOXOcfpN748YNPP/88zbd5N7u1KlT+Pvf/27VylIN/drNzc2Fp6cnJk6caLavvLwcy5cvd0o93KlPsJfcCmSBgYFo27atXWU6qn9S4vn9+uuvzUaXVhs8eDCmTp1q8fPObEek1OZ358q+pCG0+0RKxQAH1VuW3tBYWkklJSXFbFvLli0RHBwsGZQ4efKkbFlSwwaBqhEhNSkuLsbcuXNx8eLFGo+tSVJSEubPn1+rB/vKykqUlJRg8eLFNSZq9fLyqrP5yNeuXcOrr76KsrIyuz4viqLZCB1bhYWFmW2rKcCRk5NjNrzdHu3bt8egQYNqXY4r9erVy2FlFRcX1+q81va6Li0txauvvur0m8Xi4mLMmTMHV65cqVU5Z8+exeLFiy0ew2v3f2+Zhw8fLvnmc/PmzVbld6oNd+sT7JGXl4cff/xRct+YMWMsTl+xxBH9kxLP77Zt27B69WrJfR06dMBzzz1nceUwZ7Yjcmrzu3NVX9IQ2n0iJeMUFaq3LI0gSEtLQ6dOncy263Q6s2XqBEEwlRUXF4ekpKQ79ksFRKrJdUI1vaUyGo14//33Zd9keHt7Y9KkSejTpw/Cw8NRWVmJa9euYfv27di4caPkA/zBgwexYsUKTJs2zeJ3W7Jz507s2LGjxuNiYmLqZHiuXq/He++9h/Lyctljhg0bhsTERDRv3hyCIOD69evYu3cv1q1bJztdyFZhYWEQBMF0noODg2tcnWXt2rWyQZl+/fph/PjxaNGiBTw8PFBQUIDz589j9+7d+PXXX03f4+/vjzlz5kCjUXbTHRMTgyFDhphdSzExMejXrx+6du2KsLAw+Pv7o6ysDOfOncOqVatkc94kJSXhwoULdk9Vqc11vWLFCtMbyLtFR0djypQp6NSpEwICAlBYWIiUlBQsW7bMquWq5YiiiIULFyIzM1Nyf9u2bTF+/Hh06tQJgYGBKCsrQ3p6Onbs2IFNmzaZtQ87d+7EoEGD0KNHD8nyeO3+L8Dh4+OD8ePHm82PF0URX375JebNm1cn3++ufYItbty4gbfeekvyoTAiIgJjx46tVfm1+TtW4vk9deoU/vnPf0rui4iIwKuvvmoxwa+z2xFL7P3duaovaQjtPpGSKfNOg8gKfn5+iIiIkOwM5N60nTt3zmwIdosWLUyZp2NjY80CHBcvXjRlyr6bvQlGt23bJjv8sEmTJnj77bfveIvh6emJ2NhYxMbGom/fvnj11VclgwDLli3Dvffea3d+jE8++eSOf0dGRmLChAmIj49HWFgY9Ho9MjMzUVpaalf5NdmyZQtSU1Ml92k0Gvz973/Hvffee8f21q1bo3Xr1hg1ahQWLFhgMSBlLQ8PD2zZssWmz/z222+S2wcOHIjZs2ff8ZYtNDQUoaGh6NWrF6ZNm4avvvoKv//+O1588UWrc324uxkzZmD37t2orKzEvffei4kTJ6J9+/Zmx/n5+SE+Ph7dunXDBx98IDvFYdu2bXYHOOy9rnU6HdatWydZZq9evfDSSy/d8YARHByMgQMHomfPnnjttddw/PjxOz4TEhKCJUuWIDAw0GJ9t2/fbtYOVZs+fToefvjhOx4C/Pz8EBcXh7i4OCQkJOCNN94wu9ldvny57I1uXV67S5YsuePfL774otl5AaoeMH/66SfJejjD7dPhRo0ahVWrVplNQUhOTsaxY8fQtWtXh3+/u/YJckRRRFlZGQoLC5GWloYDBw5g27ZtknUICAjAG2+8UesVrmrTPynt/GZlZWHevHnQ6/Vm+/z8/DBv3jy3a0csqc3vztl9SUNp94mUjFNUqF5r166d5Ha5wIPUygC3lyHX6Uk9dBuNRtnkeZYCHJWVlbLzuT08PPD6669bnP7RpUsXPP/887L7HTVXfMqUKfj3v/+NxMREhIeHQ61Ww9PTE9HR0ZI3F7Wl1+tlh+ICwF/+8hez4MbtQkJC8OabbyIhIcHhdauJTqczW16y2oMPPmhxCHHTpk3x8ssv45NPPqlXNyKNGzfG008/jffeew+vvfZajdeMIAj4wx/+IHsTKHfjZytbrutDhw6hsrLSrAxvb2/85S9/kX176u3tjeeff95sNENubq7Faxyo+juQ+xuePHkypkyZYnH0VK9evTBhwgSz7ampqZLtIq/dKuXl5aYlTP39/TFmzBjJ4z7//HPJaQmWzlNN3L1PWL58OYYPH37H/xMTEzF27FjMmDEDr7zyCjZu3CgZAOjatSv+9a9/OXzlEVv+jt39/N6tpKQEr7/+OgoKCsz2qdVqvPLKK2jWrJnFMpzdjtjC1nsLZ/clDaHdJ1I6BjioXpObCnLx4kXJIaVSb/dvL0PuLYxUYtLMzEzJTtDX19fiW/idO3fKPlCMHTvWqtVX+vXrh+7du0vu27dvHy5cuFBjGZbMmjUL06dPd+pw83379smel/j4eAwZMqTGMrRaLR5//HFHV61Glubp1jS1pVpdr0rjComJiZJTxeT4+vrK/p6zs7MtJg+2hq3X9fnz5yW333PPPTW+jWvcuLHkm/6tW7danLe/a9cuZGVlmW2PjIysMZlgtTFjxkg+cP/+++9m23jt/s/t52L8+PGSo/YuXryIXbt2mW1Xq9V2f68S+gRbDR8+HAsWLMC7775r9/Kccmz9O1bS+a1eMUVu+utzzz2HLl261FiOs9sRa9l7b+HMvqQhtPtESscAB9VrrVq1ktyu0+lw8+bNO7ZVVFRIBipuD3AEBwcjIiLC7BipwIhcsqzY2FiLb/N+/vln2X0PPvig7L67SWX7r7Z9+3ary7lbjx49LJZdV6QeGqpNmjTJ6nJcsTSipeXYLP1cZM7S27nazG+257qWm4NtbYJdqbfWRUVFFlcR2Lp1q+T2cePGWf1QEBoaKrnKlNQINl67/3P78Hg/Pz888sgjksd9/fXXZqMVahMMdvc+wR7nzp3Dvn37cOTIEYcm4rTn71hJ5/eLL76QnUozefJkDB061KpynN2OWMPZ9xb29iUNod0nUjoGOKhekwtwADDrTC5fvmw24sLDw8OsjM6dO5uVlZqaanZDK9dBWprbWVBQILvsbMeOHREaGir7WanjAwICJPfZG7EXBAFPPvlkrYZb20Ov1+PQoUOS+wIDA216c+MK3t7esjc/q1atwn/+8x+LiVPpfyz9DRQVFdlVpr3XtVyuGWtX6ZF7sJP7OYqKinDixAnJfbauJiDVNp45c8YsBxGv3f+5O99BYmKi5Lm5efOm2Rx9ewMc7t4n2OvSpUtYt24dXnrpJcycOfOOhLT2sufvWEnnd8uWLVizZo3kvgEDBmD69OlWleOKdqQmrri3sLcvaQjtPpHSMcBB9VpAQIDs8Ne71y6XGkLaoUMHsxvTDh06mB0niqLZPEa5AIeloIulYay2PsRrNBp07NhRct+tW7dkh+RaEhoaiqioKJs/V1sZGRmm+e9369ChQ62GfzvLiBEjZPetXLkS06dPx+rVq2s9zaK+EEUR165dw549e7B8+XK88847+OMf/4iXXnpJ9jP2Jre197qWmqIAyI/eupvcMtI+Pj6S2+WGRlcn9rSFVN3Ly8tRWFhotp3XbpW7AxweHh6YNWuW5LHffffdHeejOlG1rdy9T3CE7OxsLFiwAO+8847dy38D9v0dK+X8njhxQnYJ07i4OPz1r3+1OjjgqnbEkrq8t3B0X9JQ2n0iJeMqKlTvxcXF4caNG2bb7x7BIdWJSN2sxMXFSX7P+fPn79gn19lZSjB6d9Dldi1atJDdJyc6Ohr79u2T/S6lrMghNfe0Wk0r0riLBx54ANu3b5dNPFtQUIAvv/wSX331FXr06IFhw4ahZ8+eil1W0x55eXk4dOgQDh48iKNHj9o8IqM2D0f2kJubn5ycjLy8PAQHB8t+9saNG7Ir+sh9Tm4Ic05ODoYPH265slYqLi42+35eu1WkVqzo3bs3OnToYDa9UafTYfXq1XjiiScAVM35v31paWspoU+YOnWq5HQdo9GI8vJyFBUV4caNG0hNTcWePXtw7tw5yXJ2794Ng8GAl19+2Wlv8pVwfq9fv4558+bJvmV//PHHrc6HA7iuHXGmuuxLGkq7T6RkHMFB9Z7clJC7o+hSK6FIrcISFRUlOQz17s9LLUWr0WgsztPMycmR3RcUFCS7T46lDuv2ZQ/dnaW61pTUy11otVq8/vrrNd7giqKI5ORkvPnmm5g+fTq+++47yWz59UlKSgrmzZuHKVOmYOHChdi9e7dd001qO8TdVnJJBSsqKrBw4ULZqRulpaX4xz/+IfnA0rp1a9lr2hl/syUlJWbbeO1Wkbq+BEGQTVy8YcMG0ygOQRBk3/xaouQ+QaVSwdvbG40bN0anTp0wceJELFq0CG+//bZsPfbu3evUfCDufn5zc3Px+uuvW2wPv/32W5vaPle1I87gjL6kobT7RErGAAfVe3IZ/G8PcOh0OsmAhFRCJkEQJPNw3J6oqaCgQHL1gTZt2lh8q2nprYGXl5fsPjlyQx5r+i53Y2mOv71Dv10hPDwcH374oVVZ7oGqG5ulS5di5syZWLt2rdMf4OtaVlYW5s6di9mzZ2Pfvn2K+/mio6Nlb3YPHTqEP//5z9i9ezfy8/NhNBqRl5eHX3/9Fc8884xkQmMAFlcD0ul0Dqm3JXJJeHntyouLi8OAAQPMtldWVmLt2rWmf4eEhNhcdn3sE7p3746FCxfKtt3fffed064Xdz+/GRkZslMaqh07dkw2CaUUV7YjdcWZfUlDaveJlKp+jR8lkiA3hSE7Oxs6nQ7e3t64dOmSWYfYvHlz2YRhHTt2NEsalpWVZRqeKDelQipgYi17huxa+oySHjjqU+cbGhqKd999F7t27cKyZcssZk6vptPp8OmnnyIlJQVz586FVqt1Qk3r1pEjRzB//nyLy5AqwR//+Ec8/fTTkg8vV65cwfz5860uq0mTJhg5cqQjq2czSw91vHblzZw5E3v37jWbxrJu3TqMHz8eAQEBCAkJkV3e0x5K7hOaNm2KSZMmYenSpWb7rl+/joyMDDRr1sxp9ZGipPP773//Gz169LA5J0NdsSc4ZC9X9CUNqd0nUqL689RAJCMoKEh2aHV1IOLuBKGA9Gop1eTycFy8eBEAkJmZKbnfUoJRABbn0doTxbc07FBJIx/c4a2jIwmCgEGDBuHzzz/HW2+9hR49elj1uaSkJLz33nt1XLu6d+HCBbz66qs13pB6eXmhR48emDlzJubNm4fPPvsMCxcudFItrdO0aVP8+c9/rnU5np6eePHFFy22AbbMs7eXXFLmag392pUTEREhuaRoWVkZNm7cCMC+ERz1uU+wdO04MhBkiRLPr9T9jE6nwyeffGLV592hHXEUV/UlDa3dJ1IajuCgBiE2NlYyg/m1a9fQsmVLyaRnltZIb926NbRardnKHufPn0dCQoLsm82aEmJaevuSn59v8bNSLM1/t+dm21UsBTiUPAJApVIhISHBdM1s2bIFmzZtsnhjvWfPHuzZswf9+vVzYk0dp6KiAm+//bZkwsZq8fHxGD16NLp162Z2c2dp1QNXGTRoEPR6vd03zIGBgXj55ZcttjmA/N+st7c31qxZ49QlFhvitVuThx56CFu3bjVrk9asWYMHH3zQrja3PvcJln42Z63qoLTz+8QTT6Bjx4549tlnzfbt27cPu3fvRv/+/S2W4U7tSG24ui9piO0+kVJwBAc1CHJTQ6oDEbfnz6gWGxsrW55Go5HslM6ePQtAeolYQRDQvHlzi/WMiIiQ3SeVI6QmUiNTqjVp0sTm8lzFUiJRa5dmc3eRkZF4/PHH8e2332L69OkWh4zePq9faQ4cOCA7wik4OBjvvPMO5s+fj169ejnlzZUjiKKIW7du2fw5jUaDESNG4LPPPrNqScqmTZtKbtfpdLLn1BkayrVbk4CAAEyZMsVse3FxMX7++We7EiLX5z7B0ug7o9HolDoo6fyOGTMG48aNQ0xMDBITEyWPWbx4cY3BIXdtR2zl6r6kobf7RO6MIzioQZBLNJqeno7i4mKzERcBAQGynUq1Tp064dixY3dsO336NERRlEwK1qxZsxqHqMqt+AIAJ0+etPjZuxkMBtmEVsHBwYoKcFhark9uyUGl8vPzw5QpUzBgwADMnj1b8gbq1KlTKCwslM0R48527doluV2tVuOtt96S/Vt1Z8uXL8eyZctM/xYEAU899RR0Oh0OHTqE69evo6CgAD4+PggJCUGbNm3Qvn179OnTx6aHXkvtw+HDh2tss+qaI65dpb+NHDVqFNatW2e2NPnq1asxdepUm8urz32C1IuAas5aHUsp57dPnz6mJYcBYPr06di9e7fZlJj8/Hx8/vnn+Nvf/iZblru3I9ZydV/Cdp/IfTHAQQ2C3NSQq1evyubfqOlGW2oER2FhITIzMyVHFVgaEVItODgYbdu2xfnz5832nTx5Ejk5OVYnETtx4oTscNk+ffpYVYa78Pf3R0REhOTbioyMDFy/fr3edfKRkZH485//jFdeeUVyf25uriIDHHIjbnr37q3I4EZKSsodN7kAMHr0aIwePRpA1bQFRwkODkabNm0kh1b//PPPGDVqlFsECGpz7coFgSsrKx1Wv7qk1Wrx2GOPmSUZzM/Px6ZNm2wurz73Cb/++qvsvqioueQ5IAAAIABJREFUKKfUQQnnt127dnjhhRfuSLYdHByMGTNmYPHixWbHb9u2DQMGDEBCQoJkeUppR2riyr6E7T6Re+MUFWoQgoODERYWZrb96tWrkiMAOnToUGOZMTExkp1KUlKSWW4OwHIU/nb333+/5HZRFLF+/XqrygCq3hjKsbQkWV2qTSfcrVs32X3btm2zupzjx4/bXYfasrTcrRRLq+5Ymnfszm7evCm53dIonWoGg8HsptLVpOrTu3fvOvu+YcOGSW6/ePEidu7cWWff66xrVy7fjl6vd1pehtrq168f2rVrZ7bd3sSZ9bFPOHDggOz1GhwcjOjoaKfVxZ3Pb0hICF577TXJaV8jRoyQfXmzaNEii/lwXNWOOJIr+5KG0u4TKRUDHNRgSN1wVlRUSM4Jlzr2br6+vpJvCX788UfJ4629Ybv//vtlk0qtWbPGqpvkPXv24PDhw5L7unfvLrsKTF3TaOwfNDZ48GDZfWvWrJFdmvd2R48exZIlS+yuQ20UFRXhySefxPfff2/1/HJL83uDgoIcVTWnkntDX1NCP1EUsXjxYuzfv78uqmWX8vJynDhxwmx7ba7zmtx///0IDg6W3Pevf/3L5sR51ixd6cxr19JILKlcSe5IEAQ8/vjjDiuvPvUJer0e69evx7x582SPeeCBB5y6NLg7n9+oqCjZv3eNRoOnn35acl92drbkErzVXNGOOJqr+pKG0u4TKRkDHNRgtG3bVnL73TfiGo3G6uGNUkvJ5ubmSh5rbYDD09MTkydPltxXWVmJ119/XXaVFqBq6OT7778vu/+RRx6xqh51wc/PT3J7fn5+jQ9OHTp0QGRkpOS+8vJyvPHGG8jLy5P9/I4dO/DKK6/AYDBYX2EHEUURixYtQlZWFr7++mv89a9/lbxBuvszK1eulNwXHh5u9bBpdyOX1O+3336T/f1VVFRgwYIFdg3xr0tyN9J79+6ts++01D6UlZVh9uzZ+P3332ssRxRFHD58GH/6059My1vLHefMa9dSO/n9998rZuRSx44dHTbtQ6l9gtFohE6nw40bN3D48GF8/fXXmDVrFhYvXizbDkdGRmLs2LF1Uh85Sj2/QFUusIEDB0ruW7t2rWxQ0NntSF1wVV/SENp9IqVjDg5qMKwNWsTGxkKr1Vp1bIcOHbBmzZoaj2vUqJFNSaVGjBiBvXv3miUxBYCsrCz86U9/wqRJk9C3b180btwYer0e165dw/bt27FhwwbZ6Pz48eOtGp1SV+Tezur1emzcuBEjR46E0WiEh4eH2TGCIOCxxx6TffN3+fJl/OEPf8DkyZPRs2dPhIaGorS0FJcuXcJPP/2EgwcPOvRnscXmzZuxZ88e079TU1PxwgsvoEOHDhgwYAA6d+6MkJAQ+Pn5obS0FBcvXsQPP/wgW+chQ4Y4Zc7t8uXLsXz5crs//9Zbb5nNA+/WrZtkIr6ioiL89a9/xZQpU9ClSxeEhISguLgYKSkpWL58uWTiXleTG4mwZs0a6PV6DBkyBJGRkfDx8XHoG+mRI0ciKSkJR48eNdtXUlKCt956C+3bt0diYiLat2+PkJAQaLValJSUIDMzEydPnsTWrVtN5/TLL780yxlRzdnXbpcuXaDRaCQDGWfOnMHrr7+O6dOnIzo6GgaDATdu3MCRI0cwduxYt5uH/uijj2L//v0OCaq6c59Q23aimkajwQsvvFBjMu664M7ntyaPPfYYkpKSJKeRffTRR/j4448l72mc2Y7UBVf1JQ2h3SdSOgY4qMGQm6t6N2uW7apm7Y2LNQlGb6dWqzFnzhw888wzkvNMdTodli5danEI6t06d+6MRx991KZ6OJql87B48WIsXrwYs2bNwqRJkySP6d27N/r27Sv7pqKgoACffvopPv30U4fU1xGuXLkiW59Tp07JZt2XExgYiHHjxjmiai4xaNAgLF++XPKBIDMzEwsXLqyxDA8PD7dIOunp6YlOnTpJjmhYv359jfP3tVotfHx8EBAQgKioKERHR6Nbt26Ii4uzONxZrVZj9uzZePbZZ5GdnS15zOnTp62e0nHkyBEcOnTILBjlimvX398f/fv3l51XfujQIRw6dMhse0JCQo3LcDtbVFSUaVWV2qqvfUI1Pz8/vPbaay4LwCv5/DZq1AhTp07FV199ZbYvLS0N33//veQoEme1I3XFVX1JfW/3ieoDTlGhBiM0NFR2nu3tbLnBCg0NlR0meTtrE4zeLigoCO+++67stAxbdO3aFa+88kqdzhG1RpcuXWSnqVSradjks88+W6sM6TExMZgwYYLdn7eVWq1Gq1atHFKWRqPB7NmzazyH7qy2Q9CnTZuGp556yoE1qp2pU6faPXKgoqIC+fn5SEtLw759+7BixQq88MILmDVrFrZu3WpxnnRQUBAWLFjgsGSMX3zxhdk0MVdduzNmzICnp6dN5dsabHGWyZMnO2xEQn3sEwAgPj4eH374oU0vF+qCks/vmDFjZOu9cuVKXL58WXKfM9qRuuLKvqQ+t/tE9QEDHNSgWBO8sHW0hVQejrvZ+5AQGRmJjz76qFYR9lGjRuGtt96Cv7+/3WU4ilarlZ1HWu3s2bMW9wcEBOCdd96xuEqDnP79+2PBggXo0aOHzZ+1V7NmzfDBBx/g8ccfh6+vr93l+Pv747XXXkN8fLwDa+cas2bNsvnnCAoKwmuvvYZp06ZZlSXfWbp27Ypnn33WodMjsrOz8eGHH+L999+3eLMbERGBDz74AAMGDKjV94WHh2Py5MlmP4Orrt3w8HDMnj0barXa6u9w5epIlgQFBWHKlCkOK6++9AlqtRr33HMP3nzzTcyfPx/NmjVzWV1up9Tzq9Vq8Yc//EFyn8FgwEcffSQ7Vaqu25G65Kq+pD63+0T1getD90ROFBMTg3379snub9q0qWymajkdO3bE1q1bLR5Tmwcyf39/vPXWW0hOTsZXX31l9VKD8fHxePTRR2WTq7rK2LFjceHCBfz666+S+7OyslBcXGzxTW9AQAA++OADrF+/HkuXLq1xCcuwsDA8/fTTpmXcoqKi7P8B7KBWqzFhwgQkJibi559/xo8//iibjPZuHh4eGDp0KB555BGbr013pdFoMG/ePHz99ddYs2aNxZs5QRCQmJiImTNnIiAgAADc5mGo2oABA7B161akpqY6tNwdO3YgNjYWo0ePlj3Gx8cHc+fOxYMPPohvvvlGMoeAnLi4OIwaNQr9+vWTzTvkqmu3d+/eePvtt7Fo0SJcv369xuOPHj0KURTd8mZ99OjRWL9+veyylrZSUp+g1Wrh5+cHPz8/NG3aFC1btkTLli3RtWtX09+zu1HS+b1djx490KtXL8nVQc6ePYt169bJThGr63akrriyL6nP7T6R0gkVFRVcK4hIIURRxPnz53H48GEcP34c2dnZyMnJgUajQVhYGJo0aYL4+Hh0797dIcNs69L+/fuxY8cOnD17Fnl5edBqtQgKCkJcXBwee+wxqx+IiouLcejQISQlJSE9PR23bt1CaWkpQkJCEBsbi969e6NPnz5u1ZEbjUacOnUKx44dQ2pqKtLT000ryQQGBiIoKAgxMTFo37497rnnHpsS1CpNZmYmduzYgaNHj+LatWsoKiqCj4+PaV7ywIEDLS4d6mppaWmYN28eMjIyTNv8/f3Rs2dPXL58Gbdu3UJJSYndq380atQI33zzjdUP7levXsXBgwdx+vRpXL16FTk5OdDr9QgICEBwcDCaN2+OTp06oVOnTnbd3Dv72q2oqEBSUhKSk5Nx/vx55OXlobS0FN7e3mjcuDGio6MRFxeHLl26uF0ODmeoT32CO2qo57eu25G64My+pKG1+0RKwwAHERGRHW7evInnnnsOOTk5pm2BgYH44IMPanzYMRgMKC0tRWZmJg4ePIhVq1bJjkT67LPPGuTDOxGRu2G7T+T+OEWFiIjIRqIoYv78+Xfc5ALAM888Y9WbXLVaDX9/f/j7+yMmJgZNmzbFggULJI/Nzc3ljS4RkYux3SdSBiYZJSIistHRo0dx5syZO7Z5eHiY8rzYqmPHjrL7mOWeiMj12O4TKQMDHERERDY6evSo2TYvLy+oVPZ1q9nZ2bL7GjVqZFeZRETkOGz3iZSBAQ4iIiIb5efnm20rKioye7tnjcrKSixdulRyX+PGjZ2+6s//s3fn4VHW9/7/X5PJvpE9IYHs7KsBQVFQDihqbd2qR2vtUU+tPZ5Te7XHVqld9Gv11PNTj7Wt2qqntdXWVqu2HmtVpK6ALAECBAhbgITsCVnITCaTmd8fMUMmM5PMJDNJ7vB8XJfXlbnXd7jHydyv+7MAADzxuQ8YAwEHAAABSk1N9br8oYceUkVFhd/Hqamp0b333quysjKv66+66qpxOfUpAJxp+NwHjIFBRgEACND06dO9Lm9oaNA3v/lNLV26VOedd56Ki4uVnp7uasbc1dWlhoYGHTlyRBs3btQHH3wgp9P7ZGYzZ87U5ZdfHspfAwDgJz73AWNgmlgAAALU09OjW2+9VXV1dSE5fnJysh5//HFlZmaG5PgAgMDwuQ8YA11UAAAIkNls1r333quIiIigH7uoqEhPPPEEX3IBYBzhcx8wBlpwAAAwTOXl5XrooYfU2Ng44mPFxMTo+uuv15VXXqmoqKggVAcACDY+94HxjYADAIAR6Ojo0BtvvKHXXntNbW1tAe9fUFCgVatWafXq1UpKSgpBhQCAYOJzHxi/CDgAAAgCu92u/fv3a+fOnaqsrNSxY8fU2tqqU6dOyeFwKCEhQfHx8UpOTlZRUZGKioo0Y8YMTZ06daxLBwAMA5/7wPhDwAEAAAAAAAyPQUYBAAAAAIDhEXAAAAAAAADDI+AAAAAAAACGR8ABAAAAAAAMj4ADAAAAAAAYHgEHAAAAAAAwPAIOAAAAAABgeAQcAAAAAADA8Ag4AAAAAACA4RFwAAAAAAAAwyPgAAAAAAAAhkfAAQAAAAAADI+AAwAAAAAAGB4BBwAAAAAAMDwCDgAAAAAAYHgEHAAAAAAAwPAIOAAAAAAAgOERcAAAAAAAAMMLH+sCAAAAMPYcDofeeOMNvfXWW6qurlZKSoouvPBC3XDDDYqOjh7r8gAAGJLJZrM5x7oIAAAAjK2f/vSneuuttzyWz549Ww8//LAiIiLGoCoAAPxHCw4AAIBxrra2Vjt37lRZWZkqKyt18uRJtba2Kjw8XImJicrJyVFxcbFmz56thQsXKiYmJqDjHzhwwGu4IUnl5eVav3691qxZE4xfBQCAkCHgAIAzxLFjx/S1r30toH1MJpOio6MVFxen+Ph4TZkyRbm5uSosLNTChQsVHx8fomoBSNK+ffv08ssv65NPPvG63m63y2q1qr6+Xtu3b5ckhYeHa9WqVbrqqquUn5/v13nKy8sHXb97924CDgDAuEfAAQDwyel0ymKxyGKxqLGxUZWVla514eHhWrx4sa6//nrNnDlz7IoEJiCbzabnn39ef/7znwPe12636+2339bbb7+tJUuW6Pbbb1dOTs6I6nE4HCPaHwCA0UDAAQAYFrvdrk2bNmnTpk1avXq17rjjDsXGxo51WZhA/vSnP7laJfSJjo7Wj370ozGqaHRYLBbde++9Q7aq8MfmzZu1c+dO3X777br00ktlMpm8bjdjxoxBjzN79my/znemXjMAwPhAwAEAGLF169bp+PHjeuCBB5SYmDjW5WCC2LFjh8fNcqBjSxiN3W7XAw88EJRwo09XV5deeeUVrVixwme3spkzZ+rCCy/U+++/77GuqKhIq1ev9utcZ+I1AwCMHwQcAICg2L9/v370ox/p0UcfVVhY2FiXgwmgoaFhrEsYda+//rpKS0u9rjObzbrssst0wQUXKC8vT7Gxsers7NTJkyd18OBBbdiwQRs3bpTdbnfbLyYmRvfdd9+QY+Z85zvf0bRp0/T3v/9dNTU1SklJ0YoVK3TDDTcoKirKr/rPxGsGABg/CDgAALrxxht10003eSzv6emRxWLRyZMnVVVVpdLSUq1fv14dHR1ej7N371698cYbuuKKK0JdMs4A9fX1Y13CqGpubtbvfvc7r+smTZqkBx98UMXFxW7LExISlJCQoKlTp2rlypWqr6/XSy+9pLfeektOp1Mmk0nf+973lJubO+T5zWazrrnmGl1zzTXD/h3OtGsGABhfeMQGAPDJbDa7Zk8555xzdMcdd+g3v/mNLr30Up/7/PrXv/YZgAD+6ujoUFdX11iXMao+/PBDn7/zXXfd5RFueJORkaE777xTjzzyiDIyMvTVr35VZ599drBL9epMvGYAgPGFgAMAEJD4+HjdeeeduvDCC72ut1qt2rBhw+gWhQmnpaVlrEsYdd7Gv5CkrKysgEOKOXPm6Omnn9bVV18dhMr8cyZeMwDA+ELAAQAImMlk0i233OJz/cBBBoFAnYk3y/2nYe6vqKhoWMeLjY31OWtKKJyJ1wwAML4wBgcAYFgyMzNVUFCgI0eOeKzztmw4du/erbfffls7d+5Uc3OzEhMTNWXKFF1++eVasWLFkPs7nU5VVFRo8+bN2rNnj44fP67W1laZzWYlJycrPz9f8+fP19KlS5WTkxOUmgfT09OjLVu2aOPGjSovL1d9fb0cDoeSk5NVWFiokpISLV++XMnJyUE7p8PhUFlZmTZv3qzy8nJVVVXJYrEoOjpaGRkZKi4uVklJic4555yQznYR6LVsbm4OWS3j0alTp2S1Wr2uczqdo1zN8IzGNRsv72cAwPhkstlsxvirCQAYkWPHjulrX/ua13W+BhkdysMPP6x//OMfHstjYmL02muved1n7dq1Hi085syZo0cffdT1ur29XU888YQ++ugjr8f453/+50FbkEjSzp079dxzz6miomKoX0OStGzZMt18881+DcY4kLffqbi4WD//+c9drzds2KBnnnlGNTU1gx4rIiJCN998s6688kqZzeaAa+lvy5YteuaZZ3Ts2LEht42Pj9ett96qSy65xO9ZcIJ5LX/+85/r8OHDamtrU3t7u9ra2oZ1Y//UU0+poKBAzc3Nuummm9TT0+OxzZo1a/Stb30r4GM/99xzevnllz2WFxYW6sknnwz4eP1ZLBZdddVVXtclJyfrhRdeGPH7YSjerqckpaWl6YUXXvBYHuxrNpRQv58BAMZHCw4AwLAlJiZ6XW6xWFwzOPij/5Pf+vp6rV27VtXV1T63H6zJvsVi0WOPPebzhtqXvik2r732Wt18880jvimqrKyUw+FQS0uLHn30UZ9Tfw7U3d2tZ555Rhs2bNADDzyg2NjYgM/d0dGhRx55RJs2bQponyeeeELvvfee7r///iGnFPVluNdyz549QWv5I0kpKSlatmyZ1/fBBx98oH/7t39TdHR0QMf8+OOPvS5fvXr1sGrsLyYmRpGRkbLZbB7rWlpa9Le//U2f//znR3yeYAr2NfNlLN/PAABjIdIGAAxbZ2en1+Xh4eEB9f1vbGyU1NtM/9577x30hliSz6e99fX1uuuuuwION/o4nU796U9/0gMPPCCLxTKsY/Sx2+16/fXXdccdd/gdbvS3Z88ePfDAA15veAdTV1enu+66K6CbwYHnvffee4c9E06wrmUwXHLJJV6XW61WbdmyJaBjVVZW+mx9c9555wVcmzezZ8/2ue7pp5/W+vXrg3IeIxnr9zMAwFgIOAAAw9Z3MztQSkpKQMfp7u7WqVOn9OSTT+r48eODbhsdHe11vIyOjg6tXbtWhw4dCujc3mzcuFEPPfSQHA7HiI7zq1/9Sq2trcPef/v27XrxxRf93r6jo0P33HOPz8Eq/bV///5hd7kIxrUMlrPOOksZGRle13nrWjUYX4HInDlzlJmZGXBt3pxzzjk+1/X09Oi///u/df/996uuri4o5xvvxsP7GQBgLHRRAQAMi81m0+7du72uy8vLC/h469ev13vvvTfkdtOnT/foPuJwOPTII4/4bC0QExOj6667Tuedd54yMzPV3d2t6upqrVu3Tv/3f//nddyALVu26Pe//72+/OUvB/y7+LJ48WJdccUVKi4uVlxcnJqamrRlyxb94Q9/8DkDxSuvvKJVq1YNOTaI0+nUo48+6rOVwbRp03TNNddo3rx5mjRpkqxWq44fP6733ntPb775pse/wfr167Vy5cqApyft23e41zKYwsLCdNlll+k3v/mNx7pPP/1UbW1tPrtZDfTJJ594Xb5q1aqRlOhm9erVeuGFFwZtbbBx40Zt2bJFF198sa666ipNnTo1aOcfT8bT+xkAYBwEHACAYVm3bp26u7u9rps3b17Ax/vFL37h9jonJ0df/OIXVVJSorS0NNntdtXU1HjtFvPuu+/6bMKelZWlBx980K2lQFRUlGbMmKEZM2bo/PPP1w9/+EN1dXV57PvCCy/o3HPPHfY0nX1iYmL0rW99y2O2kMmTJ+sLX/iCli9frrvvvtvr4Ik9PT166aWX9N3vfnfQc6xbt04bN270uu4rX/mKrr/+ercwIT4+XrNmzdKsWbO0ePFi3X///R43hS+++OKwbgiHcy2feuopt32++93vqqyszOPYgw1g682qVav0/PPPe/xuPT092rBhg89uLP01NTVp3759HstNJpPOPfdcv2sZSt/AmE888cSg29ntdv3tb3/T3/72Ny1ZskRf+MIXVFJSMuqDaYbqmknj6/0MADAOuqgAAAJWU1Oj559/3uf6ZcuWjej4X/rSl/TLX/5Sl156qTIzM2U2mxUVFaX8/HyPcQq6u7t9duOIiIjQfffdN2g3iAULFuiuu+7yuT6QLiLeTJo0SY8//vig09omJydr7dq1Psct+eijjwZ9qm+3233WecMNN+hLX/rSoDe/55xzjr74xS96LN+3b58OHz7scz9/BHItQyE9Pd1n1w9/x7Tw1T1l8eLFQZ3SV5IuvfTSgFqFbN68Wd///vd122236a9//euEGGtiPL+fAQDjGwEHACAgu3bt0t133+1zbIkLLrhAU6ZMGfbxb731Vn3lK19ReLh/jQzXr1+v+vp6r+uuuuoq5efnD3mM5cuXa9GiRV7XbdiwQQcPHvSrloEiIyP18MMP+9Vlp6CgQMuXL/e6rru7e9BBFt9//33V1tZ6LM/JydGNN97oV61XXnml14DF18wh/gj0WoaKr1YaZWVlPt87/W3YsMHr8pUrV46oLm9MJpO+/e1v66KLLgpov+rqaj355JO68cYb9eyzz6qpqSnotY2W8fp+BgCMfwQcAACf7Ha72tvbdejQIb399tu655579J3vfMfnTWFMTIxuu+22YZ/v7LPP1rXXXhvQPn//+999rrviiiv8Ps5g5123bl1ANfVJTEz0K2Dpc+GFF/pcV15e7nPd22+/7XX51Vdf7Xe4kJqaqunTpwd03sEM51qGyuLFi30OfDvUDW9nZ6fXWXDCw8O1ZMmSoNQ3kNls1n/+53/qzjvvVExMTED7dnV16ZVXXtGtt96qV155RT09PSGpMZTG4/sZAGAMjMEBANCLL7444q4YJpNJ3/rWt5SWljbs/W+//faAppdtbW3V3r17va6bO3euUlNT/T7W3LlzlZiYqLa2No91H3/8sb7+9a/7fazhmj9/vs913saAkKT29nbt2rXL67rBZuXwprCwUPv373dbtnfvXvX09MhsNvt9nOFcy1Aym8267LLL9MILL3ise/fdd3X11Vf73Le0tFR2u91j+bJlyxQfHx/UOge67LLLtHTpUr300kt66623vNbhS1dXl5599llt3bpVa9eu1aRJk0JYafCMx/czAMA4aMEBABgxk8mku+++e9BxJoaSmpoacNeWwbqOBDrQaXh4uObOnet1XWNjo19dGUYqPj7e55gOR44c8XqDe+DAAa/bp6amBhTwSFJCQoLHsq6uLq+hz2CGcy1DbfXq1V6XHzlyZNBpSH11DRqstU0wpaam6t///d/1/PPP68Ybb/R6jQazY8cOfe973zPM2Bzj8f0MADAOWnAAAEakoKBA3/zmNzVz5sxRP/eJEyd8rhvOVLX5+fk+x1s4ceKEMjIyAj5moHJycrxOGet0OtXZ2ekxramvqXGbmpr8miHEHx0dHUEfTHO0ZWVlafHixdq6davHug8//NBrVyK73e414IiJifE5ZkuopKam6qabbtJ1112n999/X3/+85+9zrrjzaFDh/T444/r+9//foirHDnezwCAkaAFBwBgWKZPn65vfvOb+tnPfjYm4YakQQdSTEpKCvh4g930NDc3B3y84Ris28OpU6c8lo1GXd7Oa0SXXnqp1+Xr1q3zmFJUkvbs2eO15cOKFSsUFRUV9Pr8ERUVpTVr1uiXv/ylHnrooUG7NfX38ccfDzpQ7XjB+xkAMBK04AAA+GQymRQXF6eEhARNmjRJRUVFKioq0pw5c4bVQiLYrFarz3XR0dEBHy82NnZY5wqmyMjIgGqwWCyhLEeSBp2S00iWLFmipKQknTx50m15fX29ysvLNWfOHLfln376qdfjXHDBBSGr0V8mk0klJSUqKSnRrl279Otf/3rIATRfeeWVgMexGG28nwEAI0HAAQDQjTfeqJtuummsywiq4QxwOdg+3p7wh4LNZvO5bqymWx1OWDQeRUREaM2aNfrjH//ose6TTz7xCDi8tXiYNGmS360mRsu8efP06KOP6vXXX9evfvUrn+/V3bt3q6Wl5YzvnjFR3s8AAE9E2AAAwxqsm8BwngQP1nQ90Ok6h6uzs9PnOm83ZqPRVSIzMzPk5xgtF198sdflH330kVswUFNT43WMl5UrV45Z0DQYk8mkq666Snfeeeeg2w2cVWS84f0MABiJ8fcXGgAAPw02q8LAbgj+aG1t9bkuJSUl4OMNh6/ZWkwmk9cn777qiomJ0auvvjpupmodL3JycrRw4ULt2LHDbXlDQ4MOHDig6dPLcmvQAAAgAElEQVSnS5J27tzpdf/ly5eHvMaRuOSSS/TOO+/4nD55tMaSGS7ezwCAkaAFBwDAsCZPnuxz3dGjRwM+3uHDh32uy8rKCvh4gers7FRtba3XdTk5OV5bDmRnZ3vd3mKxqKamJqj1TRS+BhvduHGj6+fS0lKP9RkZGZo9e3bI6goGk8mk8847z+f60RjjYiR4PwMARoKAAwBgWMXFxT7X7d69O6Bj9fT0aM+ePV7XJScnj0rAUVFR4XPdrFmzvC4f7N9g27ZtI65prITySf25557rdbaajz/+WJLkcDi8BhyrVq0yRAuCwVobJSQkhOy8wfi3majvZwDA6CDgAAAYVnJysqZNm+Z13e7duwedRnagXbt2+eyiMtgT8WDqu8H2ZtGiRV6XJycn+7wp/Pvf/z5qg6MGm68xT7q7u0d87MjISF1yySUey48fP66qqiodPHjQ6/Sw559//ojPPRSn06n29vYRHcNb7X1C2dUqGNdsor6fAQCjg4ADAGBovgaNdDqd+utf/+r3cV5++WWf61atWhVwXVJvSwB/NTQ06J133vG6LiYmRosXL/a575o1a7wuP3TokNavX+93DeOJryl77Xa72traRnz8iy66yOvyLVu2qKyszGN5bm6uioqKRnzeofzud7/THXfcMWhrnqHs2rXL63Kz2awZM2YM+7hDCdY1m4jvZwDA6CDgAAAY2sUXX+zzqfSrr76qysrKIY/x0Ucf+Wz+vmjRIp/dQ4bS3Nysl156acjtHA6Hnn76aZ9TxH7uc5/z2qWiz8UXX+xz6s+f/exnOnjwoH8Ff2Y8PCX3NRaDJJWXl4/4+Hl5eR7Twkq9rWi2bt3qsXy4IVcg3n33Xf3+979XQ0ODvv3tb+svf/mL7HZ7QMc4dOiQz5ZAJSUlIe2iEqxrNhHfzwCA0UHAAQAwtKioKN1www1e13V3d+u+++5TdXW1z/137typRx55xOf6m266aUT1/eY3v9FTTz3lM7yw2+16+umn9cknn3hdbzab9fnPf37Qcwz2b2C1WnX33XcP2v2lj9Pp1LZt2/Qf//EfOnTo0JDbh1J+fr7PdX/84x8DvvH35rLLLvNYtmfPHo8ZVqTQd0/ZsWOHHn/8cddru92up556Srfffrs2btzoV2ugo0eP6v777/d5Q3/NNdcErV5vgnXNJuL7GQAwOsw/+MEP7hvrIgAAodfa2qo33njD67r58+drwYIFo1LHe++953WmkNjYWF199dXDOmZxcbHKy8u9Hrejo0PvvvuunE6nkpKSFB0dra6uLlVWVuqPf/yjnnzySZ83Xtdcc43P5vL9+fqd+uzfv1/vv/++TCaTEhMTFR0drfb2dpWWluqxxx7Thg0bfO57yy23aOnSpUPWUFxcrL1793qto7u7Wx9++KFKS0sVFham6OhoRUREKCwsTB0dHaqsrNQHH3ygxx9/XK+99ppaWlpUW1s7ZKuFUFzLPsnJyXrttde83tg3NjaqoqJCU6ZMUUJCgmw2m6qrq7V+/XrNnDnT78Eus7Oz/WolMWPGDF133XXD+j38cfToUd17773q6uryWNfe3q4PPvhA7733nmtsjqioKEVERMjhcKi1tVX79+/Xn//8Z/30pz/1OX7HihUrdO211w5ax0ivZzCv2Vi8nwEAxuc53xwAAAZjNpt1zz336Bvf+IYaGho81lssFj3//PN6/vnn/T7m/PnzdcsttwStxpqaGj311FN66qmn/N5nzpw5+uIXv+jXtmazWXfffbfuvPNO1dfXe92mvLzc764CpaWl2rp166Bjf4RSQkKCVqxY4XPMha1bt3rtSrJ48WLl5ub6dY7o6GhdfPHF+stf/jLodqG+Ma6oqJDVah10m9raWr344ot68cUXAz5+YWGh7rzzzuGW57dgXrOJ9n4GAIwOuqgAACaEpKQk/eQnP1FOTs6Ij7Vw4UL94Ac/UHj4yJ4DmM3mYe9bXFysH/7whwoL8/9PdVJSkh5++OFBuwoE4tlnnw1ooNRg+5d/+RdFRUUFtI+vqX598TVIbR+TyRTyWXQuuugiPfbYYyooKAj6sQsKCvTggw8OOoZLMAXzmk209zMAIPQIOAAAE0ZOTo4ef/zxET2lvfzyy/XjH/84KIMxLliwQHfeeWfAQcnChQv1k5/8RJMmTQr4nJMnT9Zjjz2mCy64IOB9+8vMzNQNN9zgd3ePUMjMzNTdd98dUFDkbQaUwRQVFWn69Ok+1y9YsECpqakBHXM4ZsyYoZ/97Gf6xje+EbTzXXnllXr88cd9DtgZCsG+ZhPp/QwACD26qAAAJpSEhAT9+Mc/1ubNm/W///u/fs2iIvXOMHHLLbdo2rRpQaulq6tLl112mebMmaPnnntOmzdvHnT7xMRE3XbbbVq9evWIbsRiY2O1du1aXXHFFfrtb3/rddBMX2bNmqXLL79cy5cvV2Rk5LBrCJZly5bpwQcf1BNPPKETJ04Muf327dvldDoD+vf73Oc+53Na1pUrV/p9nJEKDw/X5z73OV100UXatGmT3n77bZWWlgY0C4jJZNLKlSt1zTXXjMq0tt4E+5pNpPczACC0TDabjbmzAAATktPp1IEDB7Rt2zaVlZWpvr5eTU1NCg8PV1pamrKyslRSUqJFixaNqGvL2rVrtX37do/lRUVF+sUvfuF6XVFRoY8//lilpaWqra1VV1eX0tLSNH36dC1ZskTLli1TTEzMsOvw5ejRo9qyZYvKy8t19OhRNTU1yW63KzExUcnJycrNzdW8efM0b948TZ06NejnDwabzaaNGzdq8+bNOnDggFpaWtTZ2amYmBhlZGQoPz9fs2bN0oIFC/weg6NPZWWlvv71r3ssN5vN+sMf/qDExMRg/RoB6+joUFlZmSoqKnT48GHV1NSoublZVqtVkZGRSk5OVlJSkgoLCzV//nzNmzdvVFtsDCZU12wivJ8BAKFBwAEAwAj5CjimTJmiZ599dgwqQiDeeOMNtyCqz7Jly/TDH/5wDCoCAADDwRgcAACEiM1mG+sS4Id//OMfXpdfcsklo1wJAAAYCQIOAABChBkbxr99+/Z5nWo0LS1NixYtGoOKAADAcBFwAACAM5Ldbtczzzzjdd211147oml+AQDA6CPgAAAAZxyn06nnnntOe/bs8ViXlJSkNWvWjEFVAABgJJgmFgAATGh1dXWy2WzKysqSzWbTwYMH9corr2jLli1et//qV7+q6OjoUa4SAACMFAEHAACY0N5880396U9/8mvbkpISrVq1KsQVAQCAUKCLCgAAmNC8TeHrTU5Oju655x6ZTKYQVwQAAEKBgAMAAExYHR0dOnjw4JDbFRQU6KGHHlJiYuIoVAUAAEKBLioAAGDC2rt3r5xOp8/1ZrNZl19+uW6++WbFxMSMYmUAACDYTDabzfdffQAAAAPbtWuXXn31VVVUVKi1tVVhYWFKSUlRdna2Fi9erPPOO0+ZmZljXSYAAAgCAg4AAAAAAGB4jMEBAAAAAAAMj4ADAAAAAAAYHgEHAAAAAAAwPAIOAAAAAABgeAQcAAAAAADA8Ag4AAAAAACA4RFwAAAAAAAAwyPgAAAAAAAAhkfAAQAAAAAADI+AAwAAAAAAGB4BBwAAAAAAMDwCDgAAAAAAYHgEHAAAAAAAwPAIOAAAAAAAgOERcAAAAAAAAMMj4AAAAAAAAIZHwAEAAAAAAAyPgAMAAAAAABgeAQcAAAAAADA8Ag4AAAAAAGB4BBwAAAAAAMDwCDgAAAAAAIDhEXAAAAAAAADDI+AAAAAAAACGR8ABAAAAAAAMj4ADAAAAAAAYHgEHAAAAAAAwPAIOAAAAAABgeAQcAAAAAADA8Ag4AAAAAACA4RFwAAAAAAAAwyPgAAAAAAAAhkfAAQAAAAAADI+AAwAAAAAAGB4BBwAAAAAAMDwCDgAAAAAAYHgEHAAAAAAAwPAIOAAAAAAAgOERcAAAAAAAAMMj4AAAAAAAAIZHwAEAAAAAAAyPgAMAAAAAABgeAQcAAAAAADA8Ag4AAAAAAGB4BBwAAAAAAMDwCDgAAAAAAIDhEXAAAAAAAADDI+AAAAAAAACGR8ABAAAAAAAMj4ADAAAAAAAYHgEHAAAAAAAwPAIOAAAAAABgeAQcAAAAAADA8Ag4AAAAAACA4RFwAAAAAAAAwyPgAAAAAAAAhkfAAQAAAAAADI+AAwAAAAAAGB4BBwAAAAAAMDwCDgAAAAAAYHgEHAAAAAAAwPAIOAAAAAAAgOERcAAAAAAAAMMj4AAAAAAAAIZHwAEAAAAAAAyPgAMAAAAAABgeAQcAAAAAADA8Ag4AAAAAAGB4BBwAAAAAAMDwCDgAAAAAAIDhEXAAAAAAAADDI+AAAAAAAACGR8ABAAAAAAAMj4ADAAAAAAAYHgEHAAAAAAAwPAIOAAAAAABgeAQcAAAAAADA8Ag4AAAAAACA4RFwAAAAAAAAwyPgAAAAAAAAhkfAAQAAAAAADI+AAwAAAAAAGB4BBwAAAAAAMDwCDgAAAAAAYHjhY10AAAAAAACjpbG+Xp9u2OB6nVdQoLkLFoxhRQgWAg4AAAAAQEhZLBaVbd+ulqYmRUVFacbs2cqeMmWsy8IEQxcVAAAAAEBI7dqxQ4319erp6VFnZ6d2lpbK0tk51mVhgqEFB8al9e+8M+QHnslkkjk8XBEREYqLi1NCYqIysrKUmpYmk8k0SpUCQIBu+JZUVTv4NiaTFBMlxcZI2RlSwRTprDnSOQukuNjRqRPAmOvp6VHtiROqr6tTe1ubLBaLeux2mUwmRUZGKi4hQWnp6crNy1NkVNRYlwsMqr211e21w+FQa2urYmL5u4bgIeCAYTmdTtm7u2Xv7pals1ONDQ06cuiQ4uLjNX3mTJq8ATAup1PqtPb+19gile2X/vKeFBkhXX+59OUvSDHRY13l6NhdIfU4en8uzpPiYsa2HmAUOBwOHTl4UIcOHFB3d7fHeqfTKavVKqvVqqaGBh3cv1/5hYWaNnOmzGbzGFQMDC0xKUnW2tMBf1hYmCZNmjSGFWEiIuDAhHOqo0Pbt27VyZYWzZ43b6zLAYDgsXVLv31N2rRd+v/ukVIm+BdDp1P69/slx2cBx1P3S3Onj21NQIi1njypbZs3B9R0v6enR4cOHFBNdbUWnXOOEhMTQ1ghMDzzFixQmcOh5qYmRUVHa+bs2bTeQNARcGDcM5vNuuTzn/dYbrfbZbPZ1NHerqaGBlVXVanLanWtP3LokBISEzU1L280ywUA/8VES+/82nO5vUeyWKXaBmn/Een9T6VPd55eX1Ep/fBx6YkfSmETuEteR+fpcAM4A9TV1mrH1q2y2+2uZWFhYcrIzNTknBwlTpqk6JgYOT4bw6D2xAlVHT/u+v7T2dmpHVu3asU//dNY/QqAT9ExMVqybNlYl4EJjoADhhUeHq7w8HDFxsYqIzNTM2bP1s7SUp2oqnJtU7FvHwEHAOMJN0sJcb3/TcuXLl8pbS+Xvv8/UltH7zY790nvfCRdsmJMSw2pvt8VOAOcbGlR6ebNcvQL9ZJTUjRv4UIlDGyRER6uyKgoJSUnq3j6dO3ZtUtVx44pIjJSJWefPcqVA8D4wSwqmDDCwsK0cNEixSckuJZZLRY1NTaOYVUAECRnzZa+e5v7snc+HptaRgsBB84Q9u5ubd+yxS3cyMjK0rnnn+8ZbgwQHhGhBSUlmjFrlhYvXer2PQgAzjQEHJhQTCaTJmdnuy071cEXZAATxPKzpeR+Nzul5ZLDOXb1hBoBB84Q+/buVWe/MTcmJSVp8ZIlMoX5/1W9eMYMpaSmhqI8ADAMAg5MOAMHK7LZbGNUCQAEWZhJKurX7a6nR2qfwCFAa/tYVwCEnM1mU9XRo67XprAwzVu4MKBwAwDQizE4MOH09PS4vY4aZF743Tt36uiRI67Xi885R5lZWUOeo3zXLh05dMj1esm55yo9M9P1uqGuTps3bnS9zpw8WYuXLvWrfql3+rd1b73lCmeSkpN13gUX+L0/gAksesBnmqVLmuRnk/TdFdI/PpW27Zbqm6Qum5SSJBVMkZadJV10vn/TsO6ukP7tR70/Dxwo1dolfbRVWr9JqqzqnebWHCalp0iL5krXrJGmTvZ97O8+LB2rkdpPSR2n3Nf1nXOgn35fKpkzdN3AOHTk4EG37y5ZkydrUlLSqJy7qaFBNSdOqLmpSV1Wq7rtdkVERCg6OlqpaWmanJOj5JQUv4/XWF+vTzdskOQ5SLzVatXxykrV1dbKYrGo22ZTeHi44uLjlZmVpYLiYq9T3DbW1+vY0aNqaW5WV1eXzGFhivqsvsLiYsXFxxu2Ll+1nqiudl0Th8OhyMhIxcXHKz0zU7l5eYqIjAzodw4PD9eayy93rWtva9PhAwfU1Ngoq9Uqs9mshMREnXv++YMGax3t7TpRVaWmxkZ1njolm82msLAw13gw2VOmDPo9un9NkpRXUKC5Cxb4888iS2enamtq1FBf33vuri7Z+96vMTFKTUtTXmGh4uLi/DoeJi4CDkw4rSdPur0ei+aa6ZmZiouPd3WPaairk62rS5GDhC39NdbXu7U8yZ4yJSR1AjCgphb31wl+TLF3tFp64rfS5jLPdbUNvf9t3C4994r0H1+W1iz3vx6Ltfe/mGhp3QbpFy/0hhoDnaqWKqul19dJd/1r78Cp3hw8JjU0+39+wOBqTpxwe51XUBDyc7aePKnyXbvU3NTksc7W1SVbV5faWlt15NAhpWdkaPa8eQGP7dHT06Pu7m6Fh4frYEWFDlVUeDyE6u7u1smWFp1saVF1VZWWLlum6JjekLXLatWuHTtUV1vrto/d4ZC9o0OnOjpUdeyY5i1cqCm5uYava7BrYrVaZbVa1dTYqEMVFZoxa5byCgv9PrbdbpfD4VBYWJgqDx9W+e7dcvYb78Vut6u7u9tnuGHp7FT57t2qq6mR0+neLdLhcMhut6vz1CmdqKpSUkqK5i1YoMRJwZnGvKmxUYcPHlRDXZ3HuaXeFlA2m01tra06euSIZsyapcJp04JybhgTAQcmFKvVqtp+XxRS09KGnaCP1NS8PO3bs0dS74d/1fHjKiwu9mvfE9XVrp9NYWHKIeAAIPWOSbH/dKszpSVLcUMEHBt3SPf9VOq0Dr6dJJ1sk378ZG9AceMX/K/r6Anpxb9I728eetueHum/n5GmZEkLZ/l/DmACsnR2uo0VFhkZqdS0tJCes/r4ce3ascPjpt6Xhvp6ffLhh1pYUqLMyYO0vvKi7eRJ7d+3Ty1ebtoH6mhv15ZNm7R85Uo1NjSodMsWdQ/RzdjhcKhs+3bFxccH1NJkvNV1orpaZaWlfl2T7u5u7S4rk9Vq1YzZs4fcvk+X1arjx47pwL59Xtf7qrO+rk47t23zu8v3yeZmbfjwQy1bsWJEIYfFYtGu7dvVUF/v9z4Oh0N79+yROTx8VIJCjE8EHJgwLBaLtm7a5Jo73mw2a/b8+WNWT25+vg7s2+f6Y1XtZ8DhdDpV3++pQFp6ut8tPwBMcL95Ver31E3nLBx8+537pLWP9IYKkhQWJl26ondq2Wl5UmSk1HSyt8vKC3+Rqj777Hn6D9LMwt4uJf6484HeVhxSb/eT6y6VlizoDWAsXb3Hf/oPUs1nX1Sdzt6WHs886HmsV39x+ucnfiu9/Nbp10/dL82d7l9NgAG0NLu3Vgp115TamhrtLC11exKeOGmS8goKlJ6RocioKHVZraqvq1Pl4cOu8MXe3a3SLVu09LzzAmoZu2XTJtf3oISEBOUXFbnO097aqsMHD7q1YGlrbVXp5s2qq611zSiTlpGhwqIiJaekqMfhUF1NjSr27VOXtfczx+l0au/u3Vq2wv8ps8dTXQ11ddqxdavrmphMJmVlZ2vK1KlKSklReHi4LJ2dqq+r05FDh2T5bDDagxUVmpScrCw/Q6eqY8d0cP9+Sb3vs7yCAqWmpysqKkqdp04pzEvrjabGRm379FO32X0iIiKUm5+vrOxs10PE1pMndayyUrUnTsjpdColLW3ELTgiwsPV1trqeh0WFqbMyZNdXbiiY2Lk6OnRyZYWHT54UI0NDa5t95WXKys7e9Bu6pi4CDhgWPbubnV91oSyob5eNdXVrnAjMjJSCxcvVuIQU6uFUkREhLKys1V9/Lik3j+OrSdPDvnlZWD3FFpvAJC9R/rta+43+2Em6dpLfe9zsk36wf+cDjeSE6X/ukuaM6Dpblaa9LkLpX86R7rnEam0t+WZHnlOevGx3vMMpS/cuP5z0m3/LEVGnF4XGdF77DnF0le+c7olyb7DvS0/8rI9jwecIQbO9DbUlLAjYbFYPMKN/MJCzZ43TybT6f/PY+PilF9YqNz8fJVt3+76HuNwOFS6ZYsuWLVKERERHsf3pqenRyaTSUXTpmn6rFlu50lKSVHJkiUq3bJFNf1arvYFC2FhYZozf75y8/Nd68LV+wApJTVVH/3jH64b75bmZp3q6PC71e54qctqtWr7tm2uaxIRGamSs89WWnq623Zx8fEqiI/XlNxcbd64USc/C8bKy8qUmZXlVr8vFZ+13Jgxa5aKZ8xwW+ftfWfr6lLpgKmLU1JTtWjJEo8Hb2np6UpLT1dTQ4Mq9u3TWYsXD1nPUMIjIjRt5kztKSvTlNxcTZ8509VNqI/ZbFZ6ZqbSMzO1fetWnaiqktR7j3DsyBFNmzlzxHXAeAg4MO719PTozddf92vbmNhYTc7OVtG0aeOi1UN+YaHri4EkHT96dMiAo3/3lPDwcGVl8+UfOOPYe6RTFun4id5WGG++Lx2vcd/mli9KhVN9H+N3f5Fa2np/DjdLj9wjTR+kyW5MtPSjb0j//M3egUKraqVPd0rnDtFKRJIiwqW1X5cuOs/3Nplp0uX/JP3pb6eX7a4g4MAZraury+21P4NHDtf+8nLZu7tdrydnZ2vOIC1dw8LCtHDRInVZra6n411Wqw7u369Zc/1r3RUWFqYFJSWDjiU2Y9YstyChb7/FS5e6DeDeX3xCgibn5Lh9x2pqbPQ74BgvdVXs3evq7mIymbR46dJBW8hERESo5Oyz9cG6derp6ZHFYlHNiRPKzsnxuU9/RdOmeYQbvlTs2ydbv/dnYmKilixb5nXA1T6p6ek6d0A4MxJ5BQVKTknxqzXI3AULVFdT42qZU1dbS8BxhmL+KUwoYWFhstlsamlu9joQ0WhLSk52CzRqqqvdBnUaaGD3lMzJkwf9QwLA4CxWafkNnv+t/LJ0+W29s4Y8/QfPcOPLV0g3X+37uK3t0mvvnH593WWDhxt9UiZJq5edfr1hm3+/xzVrBg83+iwaMNPJsRPetwPOED2ftTzt42/LiEBZLRbX022p98m3v7NXzFu40K2FwLHKSr/H75iSmzvkQOlx8fGKiXUfS2j+WWf5DBH6DByrpL2tza+axktdXVarqvoFIX0tQIYSExPjNlNJXU3NIFufFp+Q4PeYHbauLh3vP3WxyaQFixaNyXdSf7u6REREuG3b3tY26HduTFwEHJhQ+kau3vrpp/pg3TqPEa7HwtS8PNfPNpvNY7T0/jy6p0wd5OksgDNP4VTp0bXS7dcPvt2nO6XufjdOX1jl/znm93viVbbfv338/dI7OcP9dVuH9+2AM8TAWStC9XCmdsDsF1nZ2X63dI2Ni1Naxun/d+12uxrq6vza15+uE1LvTXt/yX7c6A9sFdG/dYoR6qqtqXG7AQ9kUMz+dQycPdCX1LQ0v3/v2poat64paRkZQZsVJZSio6NdPzscDlmtfgyujQmHLioY9wbOV97H6XS6xuFob29Xc2OjamtqZLVYJEmnTp3Stk8/1ay5c1VQVDTaZbtMyc3V/vJydX/2B67q+HGfTw36d0+Jjo5WekaG1+0AnGEWze1tsbFgpuTPF9Stu07/nJYs5Qz+xNFNar9udCf8H73eL7HR7q8tXd63A84QA1tsBHKTHoimfgMwSgr4+0VaerpbqNFQXx/ULrThw2i5MnAff1uVjOQcw9nHV139B8WMjIoKaPyV/jfyfd97g6lxwMwl/VuMjAd2u901jW97W5ssnZ2ydHZ6dPnq7u5WjI9jYOIi4IBhmUwmRURGKiIysrfPY3a2Zs+bp8MHDmj/vn1yOhyuEawnJSUFNOp3MJnNZuVMnarKw4cl9f7RsFqtbn+cJM/uKYy9AZwBYqKld37tuXxzmfSf/3X6dW1D7yCdfj59U23j6Z8bW3q7vQyHtau3JUhEkL4uDByl30nzYZzZIgeMueHvVJyBGvgkO9DZWpKSk91eW4J8U+3nJ5ubsAGfh6Fo+xLKuvoHE7auLr/Hmxuop6dHDofD6ywowzXw+gYyBW+odHZ2qvrYMdXX16u1pcWv1k6OEIReGP/oooIJxWQyqWj6dM3uN/iV0+n0Oef3aMkrKHA1C3Q6narq16+xz8DuKVNyc0etPgDjzJL57lPAVtdJr7zt//7NrUNv4y++IAIhM3CMh/7TYgbTwOAk0IHYBwYx3SEKYs4kwQyzgn0jP7C2gQ/lRtOpjg5t27xZ77/7rir27dPJcTLOHsYvAg5MSPmFhW79JpubmkLSdNFf8QkJbi1IqvsN9NWnf/eU+ISEgJ+uAJhg7rjRfYrW5189PSvKUIL15c9slkI4qwNwphs4IGWoAo6BnwmBtkwYOHYDN5gjF6x/Q5PJJHN4cBvle9Tmb+vBIDtRVaWP339ftSdOeNQUn5Cg7ClTNGvuXJ19zjm6cPVqTWHsOoguKpjAJiUnu5rYORwOWTo7FZ+QMGb15BYUqKmxt9l4R3u7Wpqb3Zr81ffr2+rvdF8AJrCCKb2Dg76+rvf1KYv03J+ku7469L7JiadnKElOlP76y9DVCWDYoqKjFRcfr1MdvQPudnd3q6G+PuhjcEVERkqdna7XNpstoClpR9oCBJ4iIyNl+eyaRERG6uLLLhvjik7rX5N3uksAACAASURBVJvU24VmYCueUGtqbNTO0lK3wU5jYmOVm5+vnKlTPQaAlfwfPBYTGy04MGENnMrKnxYcoXwiMTk7262JX/850pubmlxzjZtMJrqnAOh1yxfdB+Z8Y7106NjQ+2X0G3Oopa132lgA49LAMOO4l26sIxU94GbQ35k3fG0/ll0WJor+/4bdNpu6xtGMH1EDru/JlpZRr2Hv7t1u4cbUvDxduHq1iqdP9xpuAH0IODBhDfxD4e2PsUcIMmA++mAaGFz0b25X22/q2OSUFI8+uQDOUCmTpC9fefq1wyn97HdD77dorvvrDaXBrWu08DAOZ4DC4mK3J8+1NTVqa/OzO5qfBnaFaRwwq8pQBm6fxixvI5aanu72uqZfV+WxNnBg/no/pwUOllMdHW6hWlJKiuafdVZQB1LFxMW7BBOSvbtbLc3NrtcRkZEeaXTf8v5OnTrl1/EHTkPlr7zCQtec911dXa4p1xr6TcflawpZAGeo6y6V0vuNYL9tt/Tx1sH3WbrAfcaSP/yfMQcLHThFY0en9+0AA4uJjXWbOc3pcGj3jh3DalXq63tM1uTJbiFKTXW13wOFWiwWtxtcs9msjMwApp6GVwOvSeXhw3I6xsfMUgOnha2rqXHrshJqHe3urQ4zeb8hAAQcmJD27Nrl1iXF1/zdA8fkaG5qGvLYB/bv1wkvg4T6Izo62u1DurqqSh3t7a4P8rCwMAIOAO6iIqWvD5jm9Rcv9k7f6ktasnTZBadfH6mSnnslNPWF0qR499c1gT11Boxi9ty5bmMctDQ3a8e2bQEd40R1tT587z0dPnjQY11MbKwm9wtR7Ha7dpeV+XXcXTt2uN14T83LU3iQB7U8Ew0Mtk6dOqXy3bvHsKLT4hMSlN7v+6rD4dDO0lK/Qjen06nu7u4RnX/geRx+nNfe3a32z8aywZmNgAMTis1m045t21R17HQfdbPZrKJp07xun5KS4paeNzc2+gw5nA6Hdu/cqYq9e0dUY25Bgevn+tpat7E40jMyFDHwiSUAXHSeNOP0Z4eqaqVXh5g29pZrpLh+3d1+97r01O8l+xAtOU51Ss+93Duo6VjLGzDg8lsfjE0dQIhFx8Ro/llnuS07UVWlzRs2uAZM98XhcGjv7t3asXWrHA6H9u3Z43UcjxmzZ7sFEyeqqlS+a5fPm1bnZze1Df1ab0RGRmrajBmB/GoYxMBrUnn4sHbv3Ok29oQ3NptNe8rKQjpd74xZs1ytjqXeQT+3bd4s+yDduS0Wiz795BNt3zpEK8MhxMa7h9t1XmZR6a++tlYf/uMfOtmv9fZQwgZ0Ux/q3xzGQfwKw3I6nbJ3d8tisai9rU0N9fWqq6nx+OCdPmuWz9lTIqOilJae7uoi4nQ6tXXTJk2bOVNZ2dmKioqSpbNTjfX1qjxyxNXSIj4hwaP5nL/SMzJcI6bb7XYd6vekJYfprQB4YzJJ37hJ+o//d3rZr1+V1iyXkhK975ORKv2/b0rfeVjq++L2+zekDzZLV6+RFs2RstJ7W4i0dUgHj/aO1fHWB1LnZ2MY/eu1of29hlIyR4qOkqyfdQvce0j672ekL31eykzrHTy1bL9UNNUzDAEMJnPyZM1dsEB7yspcN3MN9fX68L33lDl5srKys5WQkKDomBjZu7vV2dmputpanTh+3C0ECQsL8/qwJDYuTvPPOkvbt251Hf/IoUNqamxUfmGh0tLTFRUdLavVqobaWh05fNg1u4skmcLCdNbZZzODShDFxcVpQUmJSrdscV2To0eOqL62VlPz8lzfGc3h4erq6lJrS4vqamtVU13taqk8Z/78kNQ2KSlJs+bMUfmuXa5ldTU1en/dOuXl5ytz8mTFxsXJ6XCovb1dNdXVOn70qKuuo4cPK6+wcFjnTkxMVFxcnKvLVVtbmz754AMVTpumlJQURURGymqxqKmxUdXHj/vVAnuggWPztTQ3q7u7W2azmbE+DI6AA+NeT0+P3nz99YD3M5lMmjV3rgqKigbdbsbs2WpsaHD9Yenu7lb5rl1uH+j9Tc3NVdH06Xp/3bqAa+qTm5envXv2SJKr2WdERIQyJ08e9jEBTHALZknLF0sfffZk7FRnb7eT/7zV9z5L5ksPflv68ZO920tSdZ30s98Ofb4/vy19+YreAGSsREdJN1wu/frPp5e9sb73v/7+9Vrp5qtHtzYgBPIKChQdE6Od27a5mvnb7XZVHz/u1uLTl6joaJWcfbbHIJF9Jufk9HZP6ddKoK21VWXbtw963PDwcM0/6yylDRgYEyOXlZ2tBSUl2r1zp+shncViUcW+farYt2/QfauOHfNoBRJMBUVF6unpUcXeva7vyV1W65C1mUwmj6mFAzVzzhy34Kf15Elt37LF9znDwnofWvo5IGpsXJyioqNdkxJ0tLfrnTffVF5BgeYuWDCi2jG2iKcw4ZhMJqVnZmr5ypVDhhtSb0K9oKRkyLQ2MjJSC0pKNL+kZMSznEzNz/eYwSVr8mQSYwCDu+NGqf9nx1/XSYeHuOk5f5H03EPShUt6W4IMJdwsXbpC+t//Gttwo89XrpIuWTH4Nlu9B9KAEWVmZWnlRRcpv7DQ7+8FYWFhyi8s1IWrV/sMN/pMzcvTucuXK3mI7fqkpadr2YoVmpxDK6lQyZk6VctWrHAb92IwJpNJWdnZOu+CC0I+Hkrx9Ok6+9xzlThpkl/bJ6Wk6Jzzz9e0mTNHdN6s7GzNXbDA4/vyQH3/FitWrtScefMCOke+lxYm7UGewQijjxYcMDSz2SxzeLiioqKUkJCgScnJyp4yJeD52XOmTlVSSoqOHDyopsZGWS0WORwORUZFKfazQaCm5Oa6mnz2Nf8c7iBKfa01+g9WmtNvClkA8GpKlnT1xdLLb/W+7ps29n++N/h+OZnSA9+SKqt6W4Bs2SWdqJeaW6UIc283l8Kp0uJ50sqlUkpS6H8Xf4WbpXv/TVq9THrzfWl3hXSyTYqNkSanS7OKpHNLxrpKIKgiIiM1Z/58Fc+YoRNVVWpqaFB7e7u6rFY5HA6FhYUpMjJS8QkJSk1L05TcXK+zxfmSlJysZcuXq6mhQTUnTqi5qUlWq1X27m5FREQoOiZGKampyp4yRckpKUMfECOWkJioJeeeq9aTJ1VTXa2mxkZZLBZ122wymUyKiIxUfHy8UtPSlJObq5iYmFGrLT0jQ+kZGaqvq1NdTY1ampvVZbWqu7tb4eHhrvfL5JwcjymJRyI3P19p6ek6cuiQGhsaZOnslMPpVGRkpOLi4pSWnq6cqVMVGxcnqberuclk8nsGouLp0yVJx48elaWzUyaTiYeNE4DJZrMFPgcVgBHb9PHHampslNQ7kvY/XXzxGFcEAAAAAMZFRAWMgS6rVc39RnrOptknAAAAAIwIAQcwBg4fOuQaXDQsLMyvsUIAAAAAAL4RcACjzNLZqeOVla7Xk3NyAuo3CwAAAADwRMABjCKHw6HtW7e6Bic1mUwqmjZtjKsCAAAAAONjFhUghE62tCguPl4mSY2NjTqwb5/aWltd6wuKipSQmDh2BQIAAADABEHAAYSI0+nUpo8/Vk9Pj9f1aenpmjlnzihXBQAAAAATEwEHECLNTU0+w42cqVM1/6yzZDKZRrkqAAAAAJiYCDiAELHb7YqLj5fVYpHT6VRkVJSSU1KUX1iolNTUsS4PAAAAACYUk81mc451EQAAAAAAACPBLCoAAAAAAMDwCDgAAAAAAIDhEXAAAAAAAADDI+AAAAAAAACGR8ABAAAAAAAMj4ADAAAAAAAYHgEHAAAAAAAwPAIOAAAAAABgeAQcAAAAAADA8Ag4AAAAAACA4RFwAAAAAAAAwyPgAAAAAAAAhkfAAQAAAAAADI+AAwAAAAAAGB4BBwAAAAAAMDwCDgAAAAAAYHgEHAAAAAAAwPAIOAAAAAAAgOERcAAAAAAAAMMj4AAAAAAAAIZHwAEAAAAAAAyPgAMAAAAAABgeAQcAAAAAADA8Ag4AAAAAAGB4BBwAAAAAAMDwCDgAAAAAAIDhhY91AQCAIFl+w1hXAACePvrDWFcAADhD0IIDAAAAAAAYHgEHAAAAAAAwPAIOAAAAAABgeAQcAAAAAADA8Ag4AAAAAACA4RFwAAAAAAAAwyPgAAAAAAAAhmey2WzOsS4CAAAAAABgJGjBAQAAAAAADI+AAwAAAAAAGB4BBwAAAAAAMDwCDgAAAAAAYHgEHAAAAAAAwPAIOAAAAAAAgOERcAAAAAAAAMMj4AAAAAAAAIZHwAEAAAAAAAyPgAMAAAAAABgeAQcAAAAAADA8Ag4AAAAAAGB4BBwAAAAAAMDwCDgAAAAAAIDhEXAAAAAAAADDI+AAAAAAAACGR8ABAAAAAAAMj4ADAAAAAAAYHgEHAAAAAAAwPAIOAAAAAABgeAQcAAAAAADA8Ag4AAAAAACA4RFwAAAAAAAAwyPgAAAAAAAAhkfAAQAAAAAADI+AAwAAAAAAGB4BBwAAAAAAMDwCDgAAAAAAYHgEHAAAAAAAwPAIOAAAAAAAgOERcAAAAAAAAMMj4AAAAAAAAIZHwAEAAAAAAAyPgAMAAAAAABgeAQcAAAAAADA8Ag4AAAAAAGB4BBwAAAAAAMDwCDgAAAAAAIDhEXAAAAAAAADDI+AAAAAAAACGR8ABAAAAAAAMj4ADAAAAAAAYHgEHAAAAAAAwPAIOAAAAAABgeAQcAAAAAADA8Ag4AAAAAACA4YWPdQGhZrVa1dHRoa6uLjkcjrEuBwAAAACAURMWFqaoqCjFx8crOjp6rMsJKZPNZnOOdRGh0tLSoo6OjrEuAwAA/P/s3WmMG+lh7vunSDbZezd73xe1pJHU2kbbSJrxLLGdnPHxiRPYcT7YcRBjEuTDDWwHyCAwAjgLgiQGggBJDAT2CXBhT3KTE/v62sfLzNjHnk2j0Yy2lnrR0lLv+8reudb9wG4O2Su7m2yypP8PGLvFpeplsd5i1VPvAgAAUi43N1dutzvVxUiaR7aLCuEGAAAAAAAfmpub09TUVKqLkTSPZBeVlW4pK/Ly8lRQUCCn05nCUgEAAAAAsLd8Pp88Ho9mZ2clhUOOrKysR7K7yiPZgmN1uFFaWkq4AQAAAAB47DidTpWWliovLy/y2KPa2+GRDDi8Xm/k74KCghSWBAAAAACA1Iu+No6+Zn6UPJIBR/RsKbTcAAAAAAA87qKvjR/VGUYfyYADAAAAAAA8Xgg4AAAAAACA5RFwAAAAAAAAyyPgAAAAAAAAlkfAAQAAAAAALI+AAwAAAAAAWB4BBwAAAAAAsDwCDgAAAAAAYHkEHAAAAACAxPEHUl0C62Mb7ogj1QUAAAAAAFiY1yfz3evSezdlXmuTpj3S3EKqS2VtudmSu0DGqWbp/EkZF09JLmeqS5X2CDgAAAAAADuz5JX5P/+XzFd+kOqSPFrmFqS5BZl9Q9IPfi59/lMyXvqslOlKdcnSGl1UAAAAAADb5/URbuwR85UfyPyf/0vy+lJdlLRGwAEAAAAA2Dbz3euEG3vIfOUH4a5A2BABBwAAAABg+967meoSPH7Y5psi4AAAAAAAbJt5rS3VRXjsmNfZ5psh4AAAAAAAbI8/EJ4tBXtrim2+GQIOAAAAAMD2ZDiYCjYV2OabIuAAAAAAAACWR8ABAAAAAAAsj4ADAAAAAABYHgEHAAAAAACwPAIOAAAAAABgeQQcAAAAAADA8gg4AAAAAACA5RFwAAAAAAAAyyPgAAAAAAAAlkfAAQAAAAAALI+AAwAAAAAAWB4BBwAAAAAAsDxHqgsAAAAAAMCO2QzJ6ZRcy//Z7eHHTEmhkOQPSD6ftOSVAkHJNFNdYiQJAQcAAAAAwHoyHFJpkYyqMqm8VCoulArypEyX5LCHgwx/QJpbkKZnpLFJmUOj0uCo5JlNdemRBAQcAAAAAADrsNukqnIZZ45K+xuksiIpO0tGhiPcesMwwv9J4ZAjFJICQZk+n4zpWWl4TLp1V+atO9LMXEo/ChKLgAMAAAAAYA3ZWTKef0p6/ikZRQUfBhobMQzJZpMcDhmZLik/T6qtlI49IT19WuZP35DaO8NdV2B5BBwAAAAAgPTmzJAaqmV88ldkHD0g2ew7X5ZhSFmZMg7tkypLpTevyHzzg3A3llAocWXGniPgAAAAAACkJ8OQcrNlnGqWPva0jOrycIuMzZimwiOMGpIhLf/Puss2CvOkX/2IVFYi8+eXpO4BKUhrDqsi4AAAAAAApKe8HBnnT0ofvSijrHjj7iihoEzPXLgVxpJX8vnDQYjLGe7WUlQgZWWu8/7l1hznjkt5OTJ/8oZ0t4uQw6IIOAAAAAAA6cflDLfc+OhFGWVF64cbgYDM3kGp44HUMyhzfFJa9Er+5YDDmSHl5UiVZVJTnXS4SYY7XzJWtQKx22UcapIMyfT6pK4+KcR0slZDwAEAAAAASD/11dLHNmi5EQrJnPJIb1+V+cEtaWwy3GpjA+adh9IHt6TGWumFp2QcPRieZja6+4rDJuNAg/TRCzK/OyNNTiflYyF5CDgAAAAAAOklJ0vG//gVGVXlq8INU/L5ZXb2yPzJm9K9rk2DjQ/fZkqz81LrPZkPeqTnnpJeOC+juDBqTA8j3OLj6EEZfcMyX3+HrioWs8XoLAAAAAAA7CG7TcYLF2Q0H1g7oKjPL/NGu8z//InUdj++cCNaKCTNL8r82TvS916V2Te0KsQwZOTnSheelGorNp+CFmmHgAMAAAAAkD5qKqXnzq4NN0Ihmfe7wy03+oaWZ0vZIX9AZssd6ReXZY5PrVqWIaOqTMbZ41Kma+frwJ6jiwos6dKVKxqfnJQk1dfW6uTRoykuEYBo8dbRtrt31dPXJ0PS/sZGHWhqSmg5kr18IJE6u7rUdueOJCkjI0Of+NjHUlyi9Bd9rGlqaNDRw4dTXCIAu+bMkHHuuAx3wZqnzPEpmT/6pdQ7uLtwY8XiksxrbTJKi6WPX5RcUWGGwyGdOy5dbZW6+xOzPiQdLTgAACkxOTWlzocP5ff75fP71X7vnubm5y2zfAAAkASlRdK+Wsluj308EJAuXZMe9CY2bJibl/l+i8yhsTXLNYoKZTzRuLYsSFu04EgC0zTVPzSk4ZERTXs88vp8Mk1TLqdT2VlZKi8rU01lpbKyslJdVMCS5hcW9LC7W+OTk5pfWFAoFJLD4VBudraKi4pUX1ur3JycXa+Hu6l7L9m9XOlFmzrUJwDAlmy28KCipWunhDW7B2Revb39MTfiMTAivX8rPJWsy/nh43abdHi/9M5VaS6Q+PUi4Qg4EmxsYkI3b9/WwuLimucWl5a0uLSkiakp3bl3T/V1dTp84IAyMjJSUFIgbHh0VDOzs5LCXQlcTucW70idkGnq7v376uzqUigUinnO7/dryuPRlMejB93daqyv19FDh2QwMFTaKnK7dWDfPnWvdCHZt085mwRT291Xt7t8AACQYs4MqbxYyl51IzgYlDo6pdGJ5Kw3GAxPNfvCU+HuKhGGVFYkFbuluYXkrBsJRcCRQP2Dg7p+65bMOJpMhUxTXT09Ghkd1VOnTys/L28PSgis1dPXp+HRUUlSeVlZ2gYcXq9X7127pmmPZ8vXmqaph93d8nq9OnPy5B6UDjt15IkndOSJJ+J67U721e0sHwAApJjLKRUXysiIvUw1Z+el3iHJn8RWFBNT0sN+KSbgkJSdJaOsWGbPQPLWjYQh4EiQufl53WxtjYQbdrtdNVVVqq2qUk5OjjIcDi0tt94YGBrS6Pi4JGlhcVGtHR26eO5cKouPx5jPn4Rmfklw5fr1SLhhGIYqy8tVV1Ojgvx8Oex2zc3Pa2BoSF29vQouT/U1MDSk6spKVZaXp7LoSBCr7KsAAGCHMhxSXu6q2VNMyTMrc3wyuesOmVJnj/TUiZiHDWeGzMK8cD9XxhlNewQcCXK3szNyUeVwOPTM+fMqWNUqIycnRzk5OaqrqdHYxIRuLLf2OHXixHqLBPaE3yIXjc2HDunyBx/I6XTq9PHjKi4qinm+sKBAhQUFqq6s1NvvvRfpwtLT10fA8Yiwyr4KAAB2yG6XslyxAYcpackrLXqTv/7J6eUVRnVxdtjDXWYMm2SGNnon0gQBR4KMLbfIkKSG2to14cZqpcXFeu7iRS15vcp0MbfybjDCwu5Y5a54sdutMydPqrCgYNM6U1hQoOqKCvUNDkpSZMwGWJ9V9lVgp/g9A/DYsxnhkCP6gGiakt8f/i/JzPlFGaGQZIuaNcUwwlPGMq6bJRBwJEAoFJLX54v8Oy/O8TRcLpdchBu7xiCSu2Olu+IVZWVxvS4vNzfydyDAiNePCivtq8BO2JiGEMDjzlQ40IhuRGEY4dYTMd1WksRu07pxs2mK/inWQMCRADabTTabLdIkfn4h8SPsBoNB9fT3a2hkRLNzc/L7fLI7HMrOylJpcbEa6+uVHee0swuLixoYHNTI2JgWFhfl9flkMwy5MjNV7HarqaFhy0FPL125ovHJcD+4//6rvyqH3a5QKKTuvj719fdrbmFBpmnKXViopzcZX2RweFhDIyOamp6W1+dTKBRSpsulIrdbjfX1Kios3PLz2KIOdjOzs3rY06OJyUktLi1JkrIyM1VaUqKDTU27bi3zg5/+NPL36RMnVFNVtenrf/nOO5EWBAf27dtwsMPo7fmJj30sMrNO/9CQBgYHNT0zI5/PJ4fdruysLJWVlmpfQ8OOBgQNBoN649Il+QMB+f3+mNlI3njnnTWvbz50SPsbGzdcXigUUu/AgIZHRuSZnZXP55PNZot8j7VVVSopLt7w/ckQHTg603DQ1GRus0TUqUQcI+IVve/X19bq5NGjkecSsa9utvyNJOp46w8E1N3bq5HR0fByAgE5lpdTXlamhtpaZWVmbrmceCRyn0rU8X2vJPo3LfoYPDw6qv7BwUh9knb+m+Lz+9XV06Ph0VEtLCwoEAgow+mUu6BAtdXVqqqoUIYjvtOy9cprmqb6BwfVNzCgmbk5+f1+OTMylJOdrbraWtVVV8csY2U/7x8c1Pz8vALBoFxOZ2T2oYL8/Lg/WzqdV2ym7e5ddT58KCk8VtrT587Jvc4xcS/rLoBVzJAUCCom4TAUHnzUmfyZJ4381eN/SAqFwlPTxjGRBFKPgCNBCvLzNTU9LUnq6ulRVXn5tk4ONjM0MqJb7e1aWr5gXxHy++Xx++WZmdHDnh4dPnhw0wvRhcVF3bl/X/2Dg2tmeglJCszPa35+Xn0DAzp25Iga6+riKp/X61XAbteVdWa4CG5w93xiakotra2anZtbt5wLi4saGBpSXU2Njh85EhNirGaz2xUMBtV+9666envXfLa5+fnwAJSDg7p47lzCvpdkWVhclNfjUWtHx5rt4wuF5PP7NT0zo67eXp1oblZ1ZeW2lh8yTc3NzyekrEMjI7rd3h4JkyLrCIU0Fwhobn5evf39Kikq0qnjx5UVZwi3G6FQKDLThqQ1Y3WkWrK2WSLqVLKOETuVyH01Xok63o5PTOhqS4u83tj+wv6o5Tzo6tLBpiYdbGradZmTVQ93cnzfK8naXxeXlrTk9aqltVUTU1Nrnt/Jb0pvf79a79xZ0wrJ6/VqeHRUw6OjKiosVNU2j+cr5Z1bWFDL7dvyrOqSt+T1asnr1cTUlEZGR3Xm5EkZhqHR8XG1tLaumdJ+cWlJA0NDGhwe1pPHjql2VSiyWjqdV2ylb2AgEm4YhqFTx4+vG27sZd0FsA5/UJpfkIIhybFyrmKEx+VYPXVsMpSuPW80A0Fpbj48CCnSHgFHgjTW1UUCDr/fr0vvv6/DBw6osb5+V8t90N2ttjt3tpx6NhQKqe3OHYVCoXV/cB90d6vj3r3IQKibMU1Tt9vblZeTE9cdv/mFBd1ub1/3QqRwnZOH3oEBtbS2xtyN3agcPX19CgQCm0716ff59PZ778kzM7Pp8nx+v661tOiFZ55J624ttzs6NDk1teV37l/+PDabLSWDaHZ2dan97t24pkUen5zUm5cv68KZM0kNmPyBgK7fuhVpRWW323Vg376krW+7krXNElGnknmMsIpEHW/n5+f13rVrW27LYDCojnv35PV6dezIkR2VOdn1cLvH972SzP31QXe3BoeGFNhi2fH+ptzr7FTH/ftbrndyelqTy+cR2/Ggq0sDw8NbbovB4WE96O6WaZrquHdv033GNE21tLWpyO1WTnb2+utNo/OKrUxOTamlrS3y78MHD6qqomLtevew7gLYgM8veWaXA46oxwvzZVSWyezsSV5LCqdTOrxOcLnklTm5/eMzUoOAI0Fqq6s1ODKi4ZERSeGLz1vt7ers6lJdTY0a6uq23Z1gZGws5mQ7LzdXjfX1Ki8tVWZmpgKBgDwej3r6+zUwNCRJunv/vsrLytYMchoKBiM/2C6nUzVVVaooL1deTo4yMjI0v7Cg3v7+yMmPaZpqu3tXz128uGU5V+4CZTgcqq+tVW11tXKys2O6CawYm5hYcyFWXlqq+tpaFRUWyuFwaHZuTj39/ert65MMQ/saGjZdf3dfX+TvyvJy7auvj5y8j46Pq+3Oncidzdm5OQ2Pjqb1rBoTy010bTabaqurVVddrfz8fAWDQU1NT+thd7fGJiYkfXgSWlJUFGlSvZUMh0OfevFFSZJndjamqf/zzzyz5QC5UviOcfRFlc1mU8Pyd5+Xm6tAMKipqSk97OmJlNXr9er969f17MWLO+pas5ppmgoEg/J6vZqZndXYxIQGh4YiA1E6HA6dOXlSuTk5u15XIiRrmyWqTiXzGLFTidhX45XI4+2dqFm1DMPQvvp61dXUKCc7W4FgUJNTU+rt79fw6Kjsdrvqamp2VOa9qIfbOb7vpWTur739/ZLC311tVZXqa2vDY2uZ5rZ/U4ZGRnSnszPyb8MwVFNZqfq6OhXk5ysUCmlqelq9y12i4gmq1pR3KWXNPAAAIABJREFUYEBSONCtr61V/fK+trC4qIfd3TG/kR137yoUNZ19Q11dpLuFZ3ZWHXfvRrqJBINBPeju1vENLuDT5bxiK4uLi3r/xo1IWetrazcMvveq7gLYhNcnjU3J9PlkuD78nTKyM2U21UrXbkvzi5ssYBcaq6Wq1cdzU5qdl0YmkrNOJBwBRwKdffJJtXZ0qKunJ/LYSvPNew8eqLK8XA11dSqJo8l8KBTSrba2yMlOU2Ojjh46FPMaZ0aGSktKVFpSIndBgVrv3FHINNX58KFOr5p6tmnfPg0MD6uirEwH9u2TfdVAZnm5uWo+dEiZmZlq7eiQJE17PJqbn9/yAnFhcVHZWVm6eO5czJ2e1X3UQ6YZcyFmGIZOHj265gRhZbrPuupqzc7NxTVmgN1u14mjR1W7akyM6spK5eXm6o1LlyLbcnRsLK0DDkkqzM/XqRMnYgbLdNjtqigrU0VZmVra2tTd2yspfMHS3de3Zy0VQqGQbre3R7ZnRkaGLpw5E9PU1263q6K8XBXl5TF3LxcWF9Vx715c4yBs5YMbNzS0HCiuVlJUpKNHjiT0Ang3krXNElmnknmMSHeJPt5ORnVraGpsVHPU2Dt2u12V5eWqLC/X2MSEFpeWdtSqaa/qYbzH972W7P01KytLp0+cULHbHfP4dn5TQsutFqIDqNMnTsS2HLDbVV5aqvLSUo1NTOjqzZvy7eAiPjcnR2effDJmnIu83FydOHpUgUBA/cuh3Eq4kZWVpXNPPqnCgoLI64sKC3Xh3Dn98u23Iy0nomeIWy0dziu2EgwGdeX69Uh3k9LiYp1obt7w9XtRdwFsIRCQOTwmY2ZeyvvwPFiGTTqyX6qrku4+THx3kSyXjAunZOSsOs6YkvqGpJm1XYCRnvZgKNrHh80wdPzIEV04e3bNBUQoFNLA0JAuXbmiN955J3IHcCM9fX2RvrHVlZVrTrZXa2psjJwwjIyNrVu2559+WocOHFhzEhJtX319zCBnK3dyNmMzDJ07dWrDZqwrenp7YwZgPXTgwKZ3P9yFhXHdHcnIyND5M2fWhBsr8vPyYk5S1xujIJ2UFBXpIxcuxIQbqx07fDjmRG9wi/0pkbp7e2P6+h8/cmTdfswrDu7fH3NC3zcwsGasgEQqKy3VqePH0ybckJK3zRJZp5J5jEh3iT7ehqLuwrujLiBXKy0uXjPwY7z2qh7Ge3zfa8ncX/Pz8vTchQtrwo3o5+P5Tent64vZxocOHFi3W8SK0uLiHQXV+Xl5+siFCxsO4tmwqqtspsulp8+diwk3VtgMI2bcjfmFhQ27vqXDecVWrrW0RLqv5uXm6uypU5t2J9qLugtgC6YpDY5II2NruqIYxW4Zz52TEj0LpWFIBxulowfCU9RGCwal9s5w1xlYAgFHEpSVlOgjFy7omaeeUlVFxZrB/Dyzs7p686bevHQpMsPGaoNRd6abNhnILtrKyYrf799wuVsxDEPZUScUC3HMCFNZURHXXYzoz5SdlZWwFgdVFRVbtoqJPvHzp/m0oTk5OZsOqiqF7wRWRwU6M7OzcfWDToToVhN5ublbziQjhU/sV4RCIQ0NDyelbFL4burP3nxT7129mpQZjXYiWdssWXVqMzs5RqS7RB9vC6OOh/cfPEhKoLdX9TDe43u62sn+6i4s3HIK93h+U4aiBjvOyszcdFDa3XAXFsq5SRdFd0FBzEX9wf37Nw0Oovdf0zQj3f52KpnnFZtpv3s3Uk9cLpfOnzmz5Sw1e1F3AcRhakZqvb82VLDZZJxqlnHhScmRoGm1DUMqL5bxkbMyigrD/15hmjK7+mXe7w4HHbAEuqgkUXFRkYqLiuT1etXV26ue/v6YkfmnZ2b0zpUrunD27Jo7BVNRA4299e6721734tLSllOyrfQnnZ6elmd2VguLi1pcWooZOTwQRxjgiHNau+jPVFlevqcDfUZPFbpXQUCyRbcSWpltYi8uRKIHwasoK4vrPXm5ucrNyYk0ex6fnNxybJWtnH3ySQWCQQX8fs0tLMgzM6OR0VGNT07KNE2NjI1p+vJlXTh7NuUXaMnaZsmuU4k6RqS7RB9vDx08qLGJCQWDQU3PzOgXb7+t6spK1VZXb9gqYLv2qh7Ge3xPB3u5v8bzmxLd3aGirCxlg1vbbDbZ7fbIZ9+qHKun1g4GAnHfLd3r84qN9A0O6v7yjCmS9OSxY3F1b9mLugsgDqYp80a7dPGUjP11ikwXK4Wniv3VZ2R4ZmW23guP2bFThiEVF8p45qx0aJ9kiz4+mjIXFqV3r0vTm09kgPRinTMXC3O5XDp04IAO7t+v3v5+3b1/X0vLP/Z+v19Xb9zQR599NnLX3uvz7foifKMTiFAopL6BAQ0MDWliamrLWRdCOxjwbD2rP9N6TWOTKZ1nTdmprMzMmH/vpN/2dnl9vph9Jn8bwUF+Xl7kwmpp1fR7O2EYhjIcDmU4HMrKylJpcbH2NzZqYmpK127eDJ9U+3x6//p1/cpHPrJpE+pkStY2S1adStUxIlWScbwtyMvThTNndP3WLS0sLioQCKinr089fX3KdLlUVVGh+traLUPozcqcLvUw1VK1v271mxIMBmP2i+18R8mwnd9AY1ULwq22WLodMyanp9XS2hrzWN/AgMpLS7d8b7LrLoBtmPJIr74p8wu/KSM/us4ZMkqLZH7i+fDAozc7woOAbpdhSJWlMp45I50/KSMnWx8GKaYUCEp3u2TeuiP5rX8z53FCwLGHbIahhtpa1VRW6v3r1yOj2i8sLqqnry8ypax/l81BpfXvfgwOD+tWe/uaud33wurPFO+MH9jY6hPWvbjQXPM9buMuW/Q+mYh9fCPFbrfOnzmjN999V6FQSAuLi+ru61PTLluM7FSytlky6lQqjxGpkqzjbXFRkT767LPq7OqKGeNjyevVw54edfX2qrK8XEcOHlTONgdptUI93AvpvL+unu1jO9+RlaTbd7Dk9eqD69cjoaXNZouMgVZTVRVXa6dk1l0A22O23JHxzjXpoxelqBlVZLfLaKiW+d9fkFFWLPPdG9LIuLRFwBqR6ZIONsh49px0uElGdtbarikj49Kla9KkJ6GfCcn3aP7ipjmHw6GzTz6pn7/1VuSu++j4eCTgWH0i9MIzz+z6bsGD7u7IKOYr7Ha7CvPzVVBQoPzcXOXm5io7K0vXWloiU5UmyurPlO7jYFjB6hYbq5sVJ8Pq73E7zb2jX5vsgCs/L0+lxcWRASBHx8ZSFnAka5sluk6l+hiRKsk43q6w2Ww62NSkg01NGp+YUP/goIZHR+X1+WSapgaHhzU6Pq5zp06ptLh4x2VO13qYTOm+v65uMRaM96TbQtLxO4gewL2xvl7ZWVlqu3NHknRreUr1eLq/JKvuAtgmf0DmG1eksmIZp5ql6BZmdruM8hLp489Ih5ukyzdkXm8PdyfZ6KZfhkOqq5Lx9Gnp2EEZxe7lbimru6YsSe/ekNl+f+NlIW0RcKRIRkaGit3uyABY0U2FXS5X5K6DJE15PLs64Z6bn4/8wEvhrg0Hm5pUW129brP9ZHTmcDqdMgwjMl3ezMyMVFmZhDXtHTPFB7zpmdj+gNmruqwkw+p9c2Z2VtVxfo/RMw1sNYBfIuTm5EQCjlQOFJesbZbIOpUOx4hUSfTxdiMlxcUqKS5WKBRS78CAOu7elc/vVyAQ0LWWFn38uefi7kZlpXqYDFbYX50ZGTH1c35+B82n01i6fwcVZWU6fuSITNNU/+CgPDMzWlxaUuudO9uepjyRdRfADoxPyfzZO1JutowDDZLdpshRxTCkTJeMpnqppkL62NNSZ4/U2SNzyiMtesMDk+blSGXF0pEmqboi/G+7PbbVhqSVTnmGzSazIFeqrQoPdDo5He4GQ9hhCcyikiC7bZ65+scxetDRgcHBXS27t78/cpLlcjr13MWLaqir29MfZMMwYsYIiJ4BwEqiZzfZ7cjyuzUcNUJ/bk5OYi5W4jhwR++b602RuZ75+flIv39JKtmDwdqiWzSk+uQzGdsskXUqHY4R25bAk4xEHm+3YrPZ1FBbq2cvXoy0xPB6vRrc5sxCVqmHyWCF/dUwjMhUwpIemRZPK9L5OygsKNCZkyclhb+HE83NkS6dvf39Gl/uHrxdiaq7ALYpFJIe9Mn80S9ldvYsj4ex6hzAMKTMTBmVZeHZUH7vM7J95Yuyvfz7sv3JSzL+r8/L+OwnZBx9Qoa7QHI4VoUbpmSGZM4vSks+Kcsl46MXZfvjL8p4+fdlfPYTUlXZqkFIka4IOBJgYXFRb1y6pJbW1rjv6geXRxpfkbeqH2d5VD/RsYmJXV28RJ/QlhYXb3khnKymtGUlJTFl6urpScp6kim6SfdWU/EODg/HbPtEGpuYiDlhjmfwtPXYVw0mF8+ggxXl5ZG/PTMzcZ3cddy/H6kbhmGosqJimyWV3rt6Vb39/XG9NhgMajTqom+zKRH3QrK2WaLqVLocIzazk301Xok83krhFkNbjYmTk52tvKiWIiv9/OOVqnqYDqywv0rh6VtXTExNadqzdT/u6BY26Sxdv4PsrCydP306JmhxFxaqvqZGUrjl5c3W1g0HQt2LugtgBwIB6c4Dmd9/XebNDplzC9pyCGTDkDIywmHGpu3IwgOKmkNj0k/flHn5hhQywy08Ml0ysrNknD0u48XnpKrydVp9IN0QcOySPxDQe1evasnrVXdfn96+fFlTW5zEmKapG7dvxwxCVlNdHfOaffX1MScM12/d2vIu3ZLXq9Hx8TWPRw9GObfJ/PNLXq/eu3o1ZsrERGpqaIgJCNqi5qjfqDyXr17dMkjYS9FB1PDIyIatOHr6+nStpWXL0eTX0zcwsOmF6uzcnK63tET+bbPZtH/fvm2vR5IyV52Urrf/rNZYVxezb7a0tm66z99/+DCmX3RNVVVc0/VFa793TyNjY7px+7ZutbVtOuvFSv2KvgCuSvGFXLK2WaLqVLocIzazk301Xok83gaDQb37/vt6+/LlTY9di4uLMc9vdwydVNTDdGGF/VWS6mtrY/59raVlw9aeIdNUS1tb3CFuqqXrd1BZXr5u2HLk0KHI4/MLC2q/e3fNa/aq7gLYoUBQutct8z9/LP3kTZm9Q+HgYzdMU+b8osyWDpnffVXm/3lX5vst4XVFc2XIOHNMxidfCLfkQFpjDI7dMs2YH7cpj0dvX76s4qIiVVdUyO12KzsrSzbD0OLSksbGx9XV2xtzl6aqomLN/Op2u13HDh/WtZYWmaapQCCgK9euqaKsTLXV1SoqLFSG0ym/369pj0eDw8MaGBqSw+FY0x+0ID8/cndv2uPRBzduqKmhQfl5eTJNUzNzcxoYGlJvf/+up0vcTEZGhg4fPKhbbW2SwicTH9y4ocryctXV1KiwoEAOu11zCwsaGBpSd2+v/H6/fF6vnr14MS2mei0tKdH4cssJn9+vd99/X0eeeELFbreCoZCmPR519fTEdB/ZrlAopFvt7ert71dDXZ3KSkrkdDo1v7Cg/sFBPezpifmeDjY1rbn4i5fD4VBOTk6kf3hPX5+yMzNVVVEhR0aGpqenZXc4VBR1J3Jl37x682ZkO7zz3ntqqKtTbVWV8nJzFQyFNDk1pYc9PRqLugjMzMxU8xNPbLucgaggqau3V0Ojo6qtrlZFWZlysrKUkZERueB82N0dU7/chYUpDziStc0SVaeScYyIDl48MzMKBoOy2Ww7rsc72Vfjlcjj7a329sjd7TcuXVJVRYVqqqpUkJ8vl9OpJa9X4xMTuvfgQWTAT5thxDW7w3pl3st6mC7S5TdtK0WFhSorLY20Jpubn9cbly5pf2OjKsrLlZWZKa/Xq5F1jlvpzirfwYoMh0PNhw5Fbg487OlRdVVVTFevvaq7AHYhFPpwTI77XdK5E9KpozLcecsDkMZ5jmGaUjAos2dQevd6eCrYienw8n3+dbrBGlKmU8bpo5LdLvN7r0nD8XUPxd4j4NiljIwMXTx3Tjdv31bfwICk8B3k8YmJuPp5ugsL9eTx4+s+V11ZqYXFRXXcuyfTNGWapoZGRja9QxsMBtU7MKDGurrIY/U1Nep8+DAyJsHg8PCmzZkdDse2RuXfjsa6Os3Nz+thd7ckRUYj36w8wVBIPp8vLQbEq6+tVWdXV2R6Rc/MjC5/8MG6r3UXFqowP19dvb07Wtf0zIxutrZu+pqqigo9sX//jpa/oraqSnfu35cU3n9a79xRa9TgcbVVVWsuGqsrKzW/sKCOe/ckhUOZh93dke91PU6nU0+dOrWj7/F4c7McDoc6u7pkmqaWlpZ0/8ED3X/wYNP3ZWdlRfpi75bf79cPfvrTuF/ffOiQ9jc2Rv6drG2WiDqVjGNEdLegaY9HP3r9dZ198sldhU072VfjlajjbV11tUbGxuT1emWapgaGhmJaTqynad8+Ze1gkOC9roeJtJv6lE6/aVs5deyY3rx8WYtRU42u3m+jlZaUxIRR6cpK38GK2qoq9fX3a2xiItxV5fZtPf/005HQdS/rLoBd8gekzl6Zg2PSlRbpyH7p0D6p2C1lZ8pwZsQOIhoKhbuhLHnDg4X2D0vtnTLvPpQ8s+FQY8XEtMxbd2ScPBzu4hJhSBkOGScOSSFT5g9/Lg2NxT81LfYMAUcC2AxDp44fV11Njdo6OtbMbrHue5YHq2o+dChm4MrVDuzbp7zcXN1ub9+yn6fL6dSBpqaYk20pPFL+mZMn9cHNm5ueYGRlZelgU5MMacsL6904dviw8nNz1X7v3pqpTqMZhqHaqiodO3Ikrmnd9oLL6dSpY8f0wc2bG3Y/MQxDDbW1Onr4sHr6+ra9jsb6epmhkHqiBnFbbx376ut19PDhbS9/tQNNTRqfnNwwkJvcoNn7waYm5ebk6HZ7+5bjIRS73Tp14sSumsQfeeIJlZWUqKWtLa6xTcpLS3Xy2LEdt25JhmRts93WqWQcI+pra/WguztmH97tHeqd7qtxLz8Bx9vioiI9//TTartzRwNDQ5uOy2QYhvY3NurIwYM7LvNe18N0kG6/aZtxuVz6yPnz+uDGjU27aTgcDj2xf7/2NzbqR6+/nhatHjZjpe8g2vHmZr1x6ZKCwaBmZmd1t7NThw4ckLT3dRfALpmmNL8gPegNt8R444pUWiSjrFhmYb6UnRkOOUxJfr80Oy9zcloaGQ9PJev1S+sdaz2zMv/3L6SQGQ45XNHd0AzJmSHjycNSICDzp29Kg6OEHGkmPa4aHxElRUV67umnNT4xocHhYU1NT2t+cVGBQEA2m00Oh0N5ubkqdrvVUFcX94VXRVmZyktLI/OwT3s8kbnYnRkZysvLU0VZmeprajYcwbystFQvPPOMOru6NDo+rsXFRRmGIafTKXdBgSrKy1VTWSnDMHY8wvh21NfWqrqqSj19fRodH9fM7Kx8Pp9shqHMzEyVlpSoobY2KdM17lZFebmef/pp3X/wQBNTU1ryemUzDLkyM1VaVKSGujoV5OdLCjcF3y7DMHT86FE1NTZGmpYvLi3JMAxlulwqLSlRY12d8nJzE/J5bIahi2fP6mFPj/oHBzU3P69QKKRMl0v5eXkxgxmuVlVRoYqyMvX09Wl4bEwzMzPy+f3h7eFyqcjtVk1VVcxgmLtRUlysjz77rMbGx9U7MKBpjyc8KFwoJIfDoazMTBUVFqqupiZmgL90kqxttts6lehjRG5Ojk4dP667nZ2aX1jYNMiN12721Xgl4nib6XLp9IkTOtjUpL6BgfD2XFqS3++Xw+FQdlaWit1uNdbXx8y0sVN7XQ/TQbr9pm0mKzNTz164oIGhIfUPDcmzvE/ZbDZlZ2WpoqxMjfX1kXMCl9NpiYErrfQdrMjNydH+xkbd7eyUFB6bpqqiInJc3Ou6CyABTDMcYPj90syczAe94ZYbNtuHPVZCZvwhhGlK/cMyf/KGZEjGqWbJYdeHCzMk53J3FSkchoyMbTnmKfaO4fP5Hrmvoy/qrvm+HQ6+COylS1euRMb2aKyv1/EjR1JcIgAAAGBzofOfSXURksNmSNUVMj7z32Qc2S9lrJ6NxZT8AZnv35L5//1MGtvb6cBt7313x+99+PBh5O/aVQNiPwqYRQVIMybN3AAAAIDUCZlS35DM//yxzJY7km91d7zwNLTGUydk/NaLTCGbRuiiAqSZR65JFQAAAGBFg6My//f/WR6T45C0empoh13Gk0fCU87+9E2pb0gKcrMylWjBAQAAAADAevrCY3KYLXekNQMrL8+ucvyQjI8/E27JYaMlRyoRcAAAAAAAsJ5QSOodlPmDn8u82bE8+0p0m2tDynLJON0s48XnpLLiVJUUIuAAAAAAAGBjoZA0MCLzu6+GQ47A6ilmDSkzU8a54zI+9XEpj5mWUoUxOAAAAAAA2IxpSsNjMr//engK2SMHpEynYmZXcThkPHVCCoVkfu81aXI6ZcV9XNGCAwAAAACAeAyMyPzRL2W2dEhe/9rnbYbUWCO58/e+bKAFB5AOnn7qqVQXAQAAAMBWTFPqGZT507ck+/IsKnZ75DlzYET64c+l/uHUlvMxRcABAAAAAEC8gsHwwKPf/5lkt8k4eUQyFA43fvAzmTfa1xmnA3uBLioAAAAAAGxHKCQNDMv8v/9fmTfaZA6NST/8OeFGitGCAwAAAACAnfDMyvx/fiQV5ku9g4QbKUbAAQAAAADATo1Nhv9DytFFBQAAAAAAWB4BBwAAAAAAsDwCDgAAAAAAYHkEHAAAAAAAwPIIOAAAAAAAgOURcAAAAAAAAMsj4AAAAAAAAJZHwAEAAAAAACyPgAMAAAAAAFgeAQcAAAAAALA8Ag4AAAAAAGB5BBwAAAAAAMDyCDgAAAAAAIDlEXAAAAAAAADLI+AAAAAAAGyPPyDlZqe6FI8ftvmmCDgAAAAAANuT4ZDcBakuxeOHbb4pAg4AAAAAwLYZp5pTXYTHDtt8cwQcAAAAAIDtO38y1SV4/LDNN0XAAQAAAADYNuPiKRmf/1Sqi/HYMD7/KRkXT6W6GGmNgAMAAAAAsH0up4yXPkvIsQeMz39KxkuflVzOVBclrTlSXQAAAAAAgEVlumT8/m9LzQek927KvN4mTXmkuYVUl8zacrMld0F4zI3zJ8MtNwg3tkTAAQAAAADYOZdTxgvnpRfOy0h1WfBYo4sKAAAAAACwPAIOAAAAAABgeQQcAAAAAADA8gg4AAAAAACA5RFwAAAAAAAAyyPgAAAAAAAAlkfAAQAAAAAALI+AAwAAAAAAWB4BBwAAAAAAsLxHMuCw2T78WD6fL4UlAQAAAAAg9aKvjaOvmR8lj+Sncrlckb89Hk8KSwIAAAAAQOpFXxtHXzM/ShypLkAy5ObmanFxUZI0OzsrSSooKJDT6UxlsQAAAAAA2FM+n08ejydybSyFr5kfRYbP5zNTXYhkmJqa0tzcXKqLAQAAAABA2sjNzZXb7U51MZLikeyiIklut/uRTaUAAAAAANiuRznckB7hFhwrlpaWNDc3J6/Xq1AolOriAAAAAACwZ2w2m1wul3Jzc5WZmZnq4iTVIx9wAAAAAACAR98j20UFAAAAAAA8Pgg4AAAAAACA5RFwAAAAAAAAyyPgAAAAAAAAlkfAAQAAAAAALI+AAwAAAAAAWB4BBwAAAAAAsDwCDgAAAAAAYHkEHAAAAAAAwPIIOAAAAAAAgOURcAAAAAAAAMsj4AAAAAAAAJZHwAEAAAAAACyPgAMAAAAAAFgeAQcAAAAAALA8Ag4AAAAAAGB5BBwAAAAAAMDyCDgAAAAAAIDlEXAAAAAAAADLI+AAAAAAAACWR8ABAAAAAAAsj4ADAAAAAABYHgEHAAAAAACwPAIOAAAAAABgeQQcAAAAAADA8gg4AAAAAACA5RFwAAAAAAAAyyPgAAAAAAAAlkfAAQAAAAAALI+AAwAAAAAAWB4BBwAAAAAAsDwCDgAAAAAAYHkEHAAAAAAAwPIIOAAAAAAAgOURcAAAAAAAAMsj4AAAAAAAAJZHwAEAAAAAACyPgAMAAAAAAFgeAQcAAAAAALA8Ag4AAAAAAGB5BBwAAAAAAMDyCDgAAAAAAIDlEXAAAAAAAADLI+AAAAAAAACWR8ABAAAAAAAsj4ADAAAAAABYHgEHAAAAAACwPAIOAAAAAABgeQQcAAAAAADA8gg4AAAAAACA5RFwAAAAAAAAyyPgAAAAAAAAlkfAAQAAAAAALI+AAwAAAAAAWB4BBwAAAAAAsDwCDgAAAAAAYHkEHAAAAAAAwPIIOAAAAAAAgOURcAAAAAAAAMsj4AAAAAAAAJZHwAEAAAAAACyPgAMAAAAAAFgeAQcAAAAAALA8WyAQSHUZAAAAAAAAdiwQCMg2MTGR6nIAAAAAAADs2MTEhGxjY2OamZlJdVkAAAAAAAC2bWZmRmNjY7JlZGSop6dHw8PD8vv9qS4XAAAAAADAlvx+v4aHh9XT06OMjAw5MjIyJIWbc4yOjso0TZmmmeJiAgAAAAAArM8wDBmGIbvdLqfTGQ44HA5H5EHTNBUKhVJdTgAAAAAAgE3ZbLZInmG32+Ww2+0xAQetNwAAAAAAQLpbacVhGIZsNls44LDZbIQbAAAAAADAUqJDDsfqlhuEHAAAAAAAIN0ZhhH5f8Mw5FhpvSERbgAAAAAAAOuIDjliAg4AAAAAAACrMQxDjpW0AwAAAAAAwIoMw5Bj5Q8AAAAAAACrogUHAAAAAACwPFuqCwAAAAAAALBbBBwAAAAAAMDyCDgAAAAAAIDlEXAAAAAAAADLI+AAAAAAAACWR8ABAAAAAAAsz7HyR15enpxOp5g2FgAAAAAApDvTNOXz+TQ7OytpOeBwu92y2+0pLRgAAAAAAEC8DMOQy+WSw+HQ1NSUjKWlJdPlcqW6XAAAAAAAADvi9XplhEIhk24pAAAAAADAqkzTlGGappnqggD7Q8eSAAAgAElEQVQAAAAAAOwGs6gAAAAAAADLI+AAAAAAAACWR8ABAAAAAAAsj4ADAAAAAABYHgEHAAAAAACwPAIOAAAAAABgeQQcAAAAAADA8gg4AAAAAACA5RFwAAAAAAAAyyPgAAAAAAAAlkfAAQAAAAAALI+AAwAAAAAAWB4BBwAAAAAAsDwCDgAAAAAAYHkEHAAAAAAAwPIIOAAAAAAAgOURcAAAAAAAAMsj4AAAAAAAAJZHwAEAAAAAACyPgAMAAAAAAFgeAQcAAAAAALA8Ag4AAAAAAGB5BBwAAAAAAMDyCDgAAAAAAIDlEXAAAAAAAADLI+AAAAAAAACWR8ABAAAAAAAsj4ADAAAAAABYHgEHAAAAAACwPAIOAAAAAABgeQQcAAAAAADA8gg4AAAAAACA5RFwAAAAAAAAyyPgAAAAAAAAlkfAAQAAAAAALI+AAwAAAAAAWB4BBwAAAAAAsDwCDgAAAAAAYHkEHAAAAAAAwPIIOAAAAAAAgOURcAAAAAAAAMsj4AAAAAAAAJZHwAEAAAAAACyPgAMAAAAAAFgeAQcAAAAAALA8Ag4AAAAAAGB5BBwAAAAAAMDyCDgAAAAAAIDlEXAAAAAAAADLI+AAAAAAAACWR8ABAAAAAAAsj4ADAAAAAABYHgEHAAAAAACwPAIOAAAAAABgeQQcAAAAAADA8gg4AAAAAACA5RFwAAAAAAAAyyPgAAAAAAAAlkfAAQAAAAAALI+AAwAAAAAAWB4BBwAAAAAAsDwCDgAAAAAAYHkEHAAAAAAAwPIIOAAAAAAAgOURcAAAAAAAAMsj4AAAAAAAAJZHwAEAAAAAACyPgAMAAAAAAFgeAQcAAAAAALA8Ag4AAAAAAGB5BBwAAAAAAMDyCDgAAAAAAIDlEXAAAAAAAADLI+AAAAAAAACWR8ABAAAAAAAsj4ADAAAAAABYHgEHAAAAAACwPAIOAAAAAABgeQQcAAAAAADA8gg4AAAAAACA5RFwAAAAAAAAyyPgAAAAAAAAlkfAAQAAAAAALI+AAwAAAAAAWB4BBwAAAAAAsDwCDgAAAAAAYHkEHAAAAAAAwPIIOAAAAAAAgOURcAAAAAAAAMsj4AAAAAAAAJZHwAEAAAAAACyPgAMAAAAAAFgeAQcAAAAAALA8Ag4AAAAAAGB5BBwAAAAAAMDyCDgAAAAAAIDlEXAAAAAAAADLI+AAAAAAAACWR8ABAAAAAAAsj4ADAAAAAABYHgEHAAAAAACwPAIOAAAAAABgeQQcAAAAAADA8gg4AAAAAACA5RFwAAAAAAAAyyPgAAAAAAAAlkfAAQAAAAAALI+AAwAAAAAAWB4BBwAAAAAAsDwCDgAAAAAAYHkEHAAAAAAAwPIIOAAAAAAAgOURcAAAAAAAAMsj4AAAAAAAAJZHwAEAAAAAACyPgAMAAAAAAFgeAQcAAAAAALA8R6oLAACI1dfXp6tXr6qtrU09PT2amJjQ0tKSMjMz5Xa7VV9fr+bmZp05c0b19fWpLi4AAACQFgzTNM1UFyLZ/vZv/1a//OUvE7a8uro6fetb30rY8qxou9s0MzNTOTk5ys/PV11dnerr63Xs2DE1NzfLbrcnsaSAddy4cUOvvPKKWltb437P4cOH9bnPfU5nz55NYskAAACA9EcLDuyJpaUlLS0taWJiQl1dXZHH8/Pz9Ru/8Rv69Kc/rczMzBSWEOnmgw8+0F/91V/FPHb+/Hl99atfTVGJksfj8eif//mf9dZbb237vR0dHfqzP/szXbhwQV/60pfkdruTUEIAAAAg/TEGB1JqZmZG3/72t/XSSy/p3r17qS4O0sjY2Ji8Xm/Mf4FAINXFSrj+/n596Utf2lG4Ee3y5cv6oz/6o5gAEQAAAHicEHAgLYyNjenll1/eVtN8PNomJiZSXYSkGx4e1ssvv6yhoaGELG+lHvX29iZkeQAAAICV0EUFaWNxcVF//dd/rW9961vKzc1NdXGQYo96wOH1evWXf/mXG35Ol8ulj3/843r++edVVVWlgoICzc7OanBwUG+99ZZee+01LS4urnnfzMyMvva1r+mf/umfqEcAAAB4rDzWAcef//mf68KFC6kuxiNlvW0aCoXk9Xrl8XjU39+v69ev69VXX9X8/Pya909OTuqVV17RH/7hH+5VkZGmRkdHU12EpPq3f/s3PXjwYN3nnnjiCb388suqqamJedztdsvtdqu5uVm/+Zu/qa9//etqa2tb8/7BwUF985vf1B//8R8npewAAABAOqKLCpLOZrMpKytLFRUVOnPmjP7gD/5A3/72t3Xu3Ll1X//qq6/K7/fvcSmRbsbGxlJdhKQZGBjQd7/73XWf279/v/7u7/5uTbixWkVFhf7mb/5Ghw8fXvf51157TXfu3Nl1WQEAAACrIOBASuTm5uqrX/2qiouL1zy3uLioW7dupaBUSCePcguO733vewoGg2sez8rK0l/8xV8oKysrruW4XC597WtfU15e3rrP/8d//MeuygkAAABYyWPdRWUveL1e3bx5U++9957u37+v8fFxLSwsqKSkRBUVFTp9+rTOnTun2trabS+7q6trTVeOEydO6Otf/3rMY62trfrZz36mGzduaGJiQjk5OaqtrdXv/d7v6ejRo7v6fLuRlZWlF198Ua+88sqa5x48eKDTp0+veTzZn3mvv6+jR4/q7//+79e87he/+IVu3bqloaEh+Xw+lZeXq6GhQc8++6zOnDkjl8u17fVHW1hY0NWrV/Xuu++qu7tbw8PDstvtKikpUW1trc6fP6+zZ8+qoKBgx59tu9/L97//fY2Ojsrj8cjj8WhpaWnNei5duqRf+7VfW7cM3/jGN7R//3719fXppZdeWvN8TU2N/vVf/zWuz7Piy1/+sjo6OmIec7vd+vd//3fZbDvLh+fm5vT666+v+9zv/M7vqKSkZFvLc7vd+sIXvqBvfOMba567fPmyRkZGVF5eHvP4N77xDf3whz9c8/o//dM/1QsvvLDp+m7duqU/+ZM/WfP4l7/8Zb344oubvnd2dlaf+cxn1jz+xS9+Ub/9278d81i89WVoaEhvvPGGbty4od7eXs3Ozio7O1tlZWU6deqUXnjhBe3bt2/Tcm0lHevLesexjo4OXb58WW1tbRoeHpbH45HNZlNJSYn279+vM2fO6JlnnlF2dvbONwYAAEAaI+BIkkAgoNdee03f+c53NDU1teb5gYEBDQwM6Nq1a/rmN7+pixcv6nd/93fV0NCwq/VGD1g4Ozurf/zHf1wz/eTKBWQoFNrVuhLh0KFD6z4+PT0d9zIS8ZlT9X0NDAxE/u7r69M3v/lNvf/++2te193dre7ubr3xxhuqqKjQV77yFZ08eXLb6wsEAvrxj3+sb3/725qbm1vz/NzcnLq7u/X2228rMzNTX/jCF/Trv/7rysjI2Pa6tvu9XLt2bd1BM7ertrZWR48eXTMjT39/vzo7O7V///64ljM1NbUm3JCk559/fsfhhiRduXJl3S5YOTk5+uQnP7mjZa4EhR6PZ81z77zzjj796U/HPHbixIl1A4729vYtA46NZjpqaWnZMuC4e/fuuo83Nzdv+r4V0bPNeDwefec739GPfvQjmaYZ87qZmRnNzMyos7NT//Vf/6Xf+q3f0he/+EUZhhHXelakc32J1tfXp3/4h39YdzwW6cPj15tvvql/+Zd/0ec+9zl98pOf3HVQCgAAkG7oopIEExMT+spXvqJ//Mf/n707j4uqXv8A/plhHfZ9B0VQAcUFEFTclcrU3JIrLpnWNUtvarbcXrd+acutbotlasWtLC0x0TS3StFywQ1BFBVFFllFWYadgWFmfn9w5zjDnAMzMCs+79erV8535pzznTNnDnOe8/0+zybWi2U2Z8+exYoVK/Drr7/2aNuVlZUA2pN1vvTSSyo/kBX19K6mNnANrdckwNHT92zIz0soFKK5uRl79+7Fc889xxrc6Ki8vByvvfYajhw5otG2KisrsXr1amzdupX1Yq0jkUiExMREvPnmm90KPBjyWOS60D5z5oza60hPT2dtHzNmTLf6JJeWlsbaPnbs2G5fcFpYWGDChAmsz7EdU1wBhaysrC63deXKFdb2y5cvqwQaOmLLCWJhYYEBAwZ0uV2g/bva2tqKs2fPYtmyZTh48GCX25TJZNi9eze2bdum1jbkTOX7cvnyZTz//POcwY2OGhsbkZiYiBUrViAnJ0fjfhJCCCGEGDMKcGhZcXExXnzxxW79cJTJZNi6dSu++uqrbm9fJBKhtrYWb731FoqKijhfFxAQYBQlJFtbW1nb1c1BAPTsPRv68wKAl19+GYmJiaw5GTqzadMmnD17Vq3XlpSUYM2aNcjNzdW4f5cvX8b69es1HvFjyGMxNjaW9Rg6fvx4lxfEchcuXFBpc3V1RVhYWI/6lpmZydre04pOXMtfu3ZNZcSIs7Mza1CpoKCg04v5lpYWzhEcNTU1KC4u7rSPbMuGh4fD0tKy0+UUffjhh9iwYYNaQQdFu3fv5qxa05GpfF+Ki4vx1ltvdSspc1lZGV566SVUV1drvCwhhBBCiLGiAIcWNTQ0YP369cyduO7at28fDh061O3lN27c2OUFu7pDwnVNcci5ImdnZ43W0533bCyfV3cuooD2AMumTZu6vNBramrC+vXre1SVJDMzs1ujVQx1LAoEAkyePFml/f79+2pVFmltbWUd+TBx4sQeTU8RCoWco4QCAwO7vV4AnNOl2traUFJSotIeFRXF+vrOPq/bt2+jra2N8/nORhG0tbXhxo0bKu2aTrXSZBSOIplMhr1793b5OlP6viQmJqKlpUXj7cgtXLgQLi4u3V6eEEIIIcTYUA4OLdq8eTPrhQTQfjHx5JNPIjg4GNbW1qisrMTZs2exY8cO1uHMX375JUJDQxEUFKRxP86dO8f828rKCjNnzsSkSZPg7+8PmUzGGVQwBMW+KuqYFFGT9aj7no3l81Lk6emJ+Ph4REdHw9nZGbW1tbhy5Qq+//571qoiQqEQe/bswdNPP825zi1btrDeWbewsMDs2bMxfvx4+Pn5gcfjoaKiAmfPnsXOnTtV3ue2bdswZcoUzmlFbDT5XPbv38/8+9KlS/jXv/6lsr7Y2Fj83//9n1rbjouLYw08nT59mrO0qty1a9dYk5z2dHpKeXk5a7tAIICHh0eP1u3s7AxnZ2fWAMq9e/dUAihDhgzB7t27VV578+ZNREREsG6jq2kQneXhuHPnDuvFeE8CXE5OTpg/fz5GjhwJNzc3NDU1ISMjA1999RXrNLfU1FS0tLR0OhXIVL4v1dXVnFPaFi1ahMmTJ8PDwwNisRgVFRW4dOkSk8gXaA8sdUzsSgghhBBi6ijAoSW3b9/Gn3/+yfpcQkIClixZopTgztvbG3PnzsXo0aPx8ssvq4wiaGtrw/fff4933nmn230KCAjAW2+9BT8/P5V2Y3D16lXOAAdbBRV1qPuejfHzmjRpEv7xj38oVThwc3PD5MmTERMTg7Vr17IOXT9y5AgWLVoEc3PVr3NeXh5SUlJU2t3c3PDee++p3PX38/NDfHw8IiMjsXbtWqUL0paWFvz555944oknNH5vhjgWQ0JCEBgYiIKCAqX2EydO4Nlnn+10JAbbhaO7uztnUlx1cU0H8PLy0jgBJhtPT0/WAIdiAku5sLAw8Hg8lSk7XFNQANX8G5GRkUq5SuR5ONjeC1uCUU3yb3Q0ePBgvPHGG0qjvRwdHTFx4kT4+PjgxRdfVFlGJBKhsLCQc5um9H3hGukRHx+PxYsXM4/Nzc0REBCAgIAAzJgxA4cPH0ZycjJeeeWVHo1GIoQQQggxRg/1r5v169fj0UcfVfu/t99+m3NdP/30E2v7iBEjVC6WFXl7e3Pekb548aJaw+nZODo64t///rfKD2RjkZGRgQ0bNrA+N2TIkG4Nm9bkPRvb5/XEE0/g1Vdf5SzfaGdnh3Xr1rE+V1tby5nXISkpSaXNzMwM77zzTqcVYIKCgpQukuROnDjBuQwXQx6Ljz/+uEqbUCjs9CJeJpMhNTVVpX3ixIk9DkI0NTWxtmurbKetrS1rO9uoI1tbW9aRLNevX2fNByMWi1X228yZM5Ued5aHg230h6b5N+Sio6Px73//m3Mq28CBAznLQXeW38KUvi9sFXOA9n3DxcLCArNmzcL333+vcTliQgghhBBT8FAHOLSlrq4O58+fZ31OndKEAwcO5CzNePTo0W71adWqVXB3d+/WstomlUrR2NiIoqIinDhxAm+88QZef/11ztwRS5cu7dZ21H3PxvZ5BQcH44UXXuhyuyEhIZwXbWwX7A0NDaz5CqZNm6ZW1ZIpU6aotOXk5Gg859+Qx+L48eNZR7Z0VqHizp07rNOBxo4d2+P+cCWD1CSpbme4AiVcnxnbSCn5KIeObt++rbQeb29vhIeHqxy3XNNY2Cq0dKfUsb+/P954440uK86Eh4eztnMFBkzt+8J1zNy5c6fLZbtTxpYQQgghxBRQgEMLsrKyWCszBAUFqV3+Mi4ujrX9zJkzald9kPPz89PKxVh3sI2KmTp1KubMmYO///3v+PDDDznLZALA9OnTu1WlQpP3bGyfl42NjdojA0aPHs3azjZyhOt9siXfZOPs7AwvLy+lNolEwnrxy8WQxyLQfjecLW/GX3/9xZksk608rKenJ/r379/j/nB9zppW0OHC9Z64piIMGTKEtZ1tOknHwMWAAQNgY2MDf39/pXa2MrKVlZWsQaPu5N9wdnZWq5wuV5CAaxSNqX1fuJLSfv311zh69KjGVVwIIYQQQnoDCnBowdWrV1nbNckjMXjwYNaLn9raWs7EhFxcXFy0Mp9f38aOHYvnn3++W8tq8p6N7fPSBNcw+fz8fJU2tvdpbm6O4OBgtbfn6uqq0saWvJGLMRyLjz76qEpbfX0957QettK7kyZN0sr74JqOoWnJUy6NjY0abXfgwIGsd/PZqp10DFzIAz4dA5LyPByKtJ1/Qx3W1tas7VylqU3t++Lv788aoBKLxfjkk0/w9NNP45dffulRNRhCCCGEEFNDSUa1gKvMaGdztjuysrKCv78/6/zw8vJyeHt7d7d7Ro/H42HevHlYsmQJ63QCbTPlz4ur0kZdXZ1Kcke2C5u2tjZMmzatR33guog2VsOGDYOHh4fKCIJTp06plEqtqalhvbjvafUUOa6KGroOcHBt18rKCkOGDFEZtdLxYr+trU2lTR7gGDBgAH7//XemXZ6HQzEhJtsIo+7m31CXpgk0TfH7snr1arz44ous27h37x6+/vprfP311xg6dCimT5+OUaNG0fQUQgghhPRqD3WAY/369Rg1alSP18N1h87R0VGj9Tg7O7NeMNfX13erX8aOx+MhNjYW8+fP18rwf3WZ8ufFNe9eJpNBJBIpPc9WTUMbuO6AGys+n4+pU6fihx9+UGo/deoUVq5cqTTdgW30gbe3d4/L/8pxJc8tLy/vsnxpV6RSKWfZY7aRBXLDhw9XCXCUl5ejurqa6W9eXp5KLgn5yAa27+7169eVAhzayr+hS6b4ffHz88N7772H//u//0NdXR3n665cuYIrV67A2dkZ8+bNw/Tp03t0rBFCCCGEGCuaoqIFXHdfNb07qWmCQFMiEAjg4eGB0NBQPPHEE1i3bh2SkpLw5ptv6jW4AZj259XZXemOF+baGhXQEdfQf2PGlkehublZZdoFW34YbU1PAQAfHx/WdplMxll9RF1lZWWcxx7XdgHuPByKZUg7jmrx8/ODnZ0dgPaRTx1HXinu15aWFtaSpt3Jv6FLpvp9CQ0NxdatWznz8ygSCoVITEzECy+8gLy8PJ32ixBCCCHEEB7qERzawlWaUdM7d2ylHAGY1J02bY2K0SVT/ry4EiSamZmpjO7gep891dloAGPl6emJqKgoXLp0San9/PnzTFlNmUzGmmA0NjZWa/2wsbGBr68vSktLVZ67ffu2Rvke2JZnIxAIVJJfKgoODoZAIFA5nvPy8jBy5EgAqlV6FIMilpaWCA0NVRqloZjfpLi4WCWJqq7zb3SHKX9f3N3d8dZbbyE7OxsHDhzAyZMnO01cW1JSgldeeQX/+c9/enTMEUIIIYQYGwpwaIGzszNre2dDhtlUV1eztsvvlBLtMOXPi6uPjo6OKqMMnJycVF7H4/Gwb98+rZUlNSWPPfaYSoAjNTUVq1atAp/Px507d1SmL/n5+WlteopcZGQka4Dj5MmTmDp1arfXy1X6NioqqtMRKGZmZoiIiEBqaqpSu/wOv0wmUxnp0rFc8bBhw5QCHEKhEHfv3oW3tzdrFRFd59/ojt7wfQkNDUVoaCieffZZHD9+HL/99hvKyspYX9vY2IgPPvgAW7duNbrPghBCCCGku2iKihZw3aHTpDxgS0sL5xD1zu6+Es2Z8ufF1Ue2KQhs71Mmk6GgoEDr/TIFMTExKsk2a2pqmASYbHkiJk2apJN+sMnMzOx2xYuamhpcvHhRo+0pYsuHId8vJSUlKnllOlZOYZtuIl+ercKPseXfAHrX98XV1RXx8fH49ttvsWHDBoSGhrK+rri4WCWwRQghhBBiyijAoQUd72bKdbxb3JkbN26o5FAA2qsf9OYKKoZgyp/X5cuXWdvZLhjDw8NZX3vmzBmt9kkXuEYcsO1zdVlaWrKWjJV/7mxlY7U5PUUuIiICnp6eKu0ymQy7du3q1jqTk5PR1tam0m5nZ4exY8d2uTxbHo6qqirU1taq5M9wcXFROcZDQkJUPjN53g62XA/Gln8DMO3vCxc+n4+RI0fi008/xdy5c1lfc+HCBT33ihBCCCFEdyjAoQVDhw5lbc/NzVX77t/Ro0dZ22NjY7WW4JC0M9XPSygUct5tZQvacF2wHTlyRGcVI7SFK49JTyvUTJkyRaXt7NmzkEgkyMjIUGoPCAjQqHSwuvh8PmbOnMn63OHDh5Gbm6vR+oqKirB//37W5x5//HG1klz26dOHdYpGcXGxSm6P4cOHq7xOIBAgJCREqS0rKwsymUxleWPMvwGY9velK3w+H8888wzr9Lzy8nID9IgQQgghRDcowKEFjo6OiIqKYn3u22+/7fKu861bt3DixAnW5+Li4nrcP6LM2D6vgoICtabHfP/996x36V1cXFgDHM7OzoiMjFRpb25uxmeffdZpEkJD6ziVRC4/P591H6grMDBQZbh+QUEBUlNTVZJs6mJ6ilxcXBxrrhaZTIb169erfUFdW1uLt956i3WfmJubY9q0aWqth8fjsR4rhYWFuHXrllIb1wiojqOICgoKUFBQoFKdxBjzbwCm+X3Jy8vDjh071PpOmJmZwcLCQg+9IoQQQggxHApwaMnChQtZ29PS0vDDDz9wXjTfvXsXb7/9NutzERERnBcTpGeM6fOqr6/HK6+8olKpQlFycjJ+//131udmz57NeeGyYMEC1vbz58/jvffe63JEhEwmQ2pqarenTnSXl5cX60iYxsZGnDx5skfrZkvk+cUXX6i06WJ6ipyDgwNeeOEF1ucqKiqwZs2aLkdyFBQU4KWXXuJMIvnss89qlA+GbZrT7du3VUZgdMy/Icd27LMds8aYf0POlL4vLS0t+OCDD/Djjz9i3bp1KqV8O7p69Sru37+v0s42XYoQQgghxFRRFRUtCQsLQ2xsLOsUgqSkJNy+fRtPPvkk+vfvDysrK1RWVuLs2bPYsWMHa7lRHo+HpUuX6qPrDyVj+7xqa2vx8ssv4/HHH0dcXBwCAwMhlUqRn5+PvXv34uzZs6zLOTo6dlp5Y/DgwRg1ahTOnTun8lxqaiquXr2K2bNnIyoqCr6+vrCxsUFTUxPKy8uRlZWFI0eOoKioCGZmZhg/frze8sFYWVlhwIABKqMHAODzzz9Ha2srYmNjYWNjg6qqKmRmZiIuLg58ftcx2zFjxmDLli1oaWlh2jpWpwkMDERAQEDP30gnJk+ejNOnT7N+NuXl5Vi9ejUmTJiAuLg4+Pn5wcnJCXV1dSgpKcHx48eRkpLCeed+yJAhnNNguLBN0fjtt9+UHtvZ2XHuF3keDsXg4K+//qryOmPMvyFnSt+Xb775BkVFRQDaE7quXbsWkZGRmDBhAgYNGgQXFxdYWlpCKBTi0qVL+Oabb1jXwzZqhRBCCCHEVFGAQ4vkd13v3bun8tylS5c0SmK5fPlyo5yn3psY2+clk8lw+PBhHD58WO1l1q5dyzmdQ+6ll17CP/7xD9a59vX19di+fTu2b9/e6TokEgl27tyJdevWqd23npo4cSJrgKOlpQWfffYZPvvsM6X2kJAQ9OnTp8v12traYtKkSSoX74p0OT1F0dq1a1FSUsJakaetrQ0pKSlISUnRaJ2enp547bXX1Ar2KPL29oanpyfr90Fu2LBhnOu1s7NDUFBQpyNPjDX/hiJT+L5cvHgRBw4cUGlPT09Henq62utxdnbG6NGjtdk1QgghhBCDoikqWuTg4ID169ezJuvTxNSpUzF79mwt9YpwMfXPKz4+HqNGjerydfL3yZZgUBPHjh1j7hjrQ1xcnEafDVswpLN1d0ZfF32Ojo744IMPEBQUpJX1+fv74z//+Q/c3Ny6tTxXbho5rkSccmwJSDsub4z5NxSZwvfF2tq6x/0DgFWrVrHmgiGEEEIIMVUU4NCyfv36YdOmTQgMDOzW8k8//TRWr15NlVP0xBg+r8jISJXEl11ZuHAhnnnmGbVfHxgYiM2bN2PgwIGadg9A+xScWbNmwcXFpVvLd4ednR3WrVun9r7Nzs5We91hYWHw9/dnfS44OBh+fn5qr6un3Nzc8Mknn3Q61UgdkydPxmeffaZR3o2OusqPwZV/Q66rHDTGnH9DkbF/X4YMGYIvv/xSrQAnGx6PhxdffBFjxozRcs8IIYQQQgyLAhw64Onpic8//xzPPfec2nfHIiIi8MUXX6+1JtwAACAASURBVCAhIYGCG3pm6M/LyckJH3/8MZYsWcJZHlXO19cXH3zwAZ566imNt+Pm5oZPP/0Ua9asUfsOv5mZGR555BF89dVXWLFihd7v9kZHR+Ptt99W62711atX1V4vj8fjDChMnDhR7fVoi0AgwJo1a/DJJ58gIiJCo2WHDBmC//znP3j11Vd7/Pl0FqCwsrJCv379Ol2+q0CdMeff6MjYvy/Ozs5Yv349Pvnkky5H1igKCwvDF198oXaFHUIIIYQQU8KTdVUTk/RIU1MTMjIykJaWhtu3b6OyshIikQguLi7w8vLC8OHDMWLEiC4vHIh+6PLzKigowIoVK1Tax4wZgzfffBMAIBQK8eeff+Ls2bMoLi6GSCSCl5cXgoKCMH78eERERGil1GNrayuysrKQkZGBGzduoLKyEkKhEAKBAK6urujXrx8iIyMRERGhlaHwPdXQ0IATJ07gwoULKCoqglAoBJ/PZ/o6ePBgREVFcY7KYLNz50788MMPKu3btm2Dj4+PNruvsbKyMly6dAlZWVm4c+cOKioqIBKJYG1tDVdXV/Tt27db75l0jyl8X+7cuYPz58/j6tWruHPnDmpra2Fubg5HR0f4+Phg8ODBiI6ONvocKIQQQgghPUEBDkL0hCvAERUVhffee88APXq4rVq1SqUEamhoqEryUkIIIYQQYnxEolY0NjWjrr4J1laWELe1wdbGGg72trCwoFoaDyv65AkxMLFYbOguPHRu3bqlEtwAgMcee8wAvSGEEEIIIeqqqW3A/QohxOI2AIAZnw+RqBVSqRT19U0ov1cNdzcneLgbfhQy0T/KwUGIgdEgKv2SyWRISkpSaRcIBJR0kRBCCCHEiFVV16K0rIIJbgCAuYU5pFKp0usqKmuQV1Cq7+4RI0ABDkLIQ2Xfvn04d+6cSvusWbOoZCYhhBBCiJEqLatA+b1qlXaZVApLlikpIlErSssq9NE1YkRoigohpNfKz8+Hh4cHrKysUFpaisOHD+PAgQMqrxMIBJg5c6YBekgIIYQQQrpSU9uAmtoG5rEZnw8vL1fY2wlgZmYGoD2gcfdeFZqaRErL2dvbwMHelmkTi9tQV98IiUQKS0sLSCQSytvRi9CnSAjptf71r3+hulo10t/RsmXLjKJaDCGEEEIIUSaRSHC3vIp5bGVliT7+nioBCWtrSwT28UZRyT3U1zcx7eX3qpkAR/m9alRV1zLPmfH5kEilKL9XDSdHO3h5ujABE2KaaIoKIaRXunfvnlrBjVGjRmH69Ol66BEhhBBCCNFU+X0hk2PDjM9nDW4o8vV2gxn/wWWuWNzGTFdRDG4AgEQhd0dNbQPuFJVDIpFo+R0QfaIRHISQXunWrVtdvmbw4MF45ZVXwOdTrJcQQgghxNiIxW2oqalnHvv7eXQ5lcTMzAyOjnaoFtYxbQWFd5USkVpZWcLN1REW5maQSKWoqq5DU5MIIlErqqrrqAKLCaMAByGkV7p58ybnczweDzNnzsQzzzwDS0tLPfaKEEIIIYSoS6gQ3HBxdoCtrUCt5dxcHZUCHB2DG4F9vJSmojjY2+J+hRAVlTUU4DBxFOAgRE8CAwPxxx9/GLobDw1fX18MHDgQRUVFaG1thYODA7y8vBAVFYUJEybAz8/P0F0khBBCCCGdqKpuD1KY8fnwcHdSezkLC3Mmv0ZHffw9WfNseLg7o7a2Aa3iNjQ2NqsdTCHGhSeTyWSG7gQhhBBCCCGEkIeLWNyG1lYx87hRoQKKWNzGVE5xd3PSeFRFx2SjAODkZA9fbzfOZe6WV6FaWAcvTxdYW1nCzMwM1tY02teU0AgOQgghhBBCCCF609jYjMYmESQSKUQtrWgRtbKOtgDaR2+4ujhovA1bG2vVAIeDLcer28mntpTfa09Ub2lhDnMLc9jaWMPa2hICaysqJ2vkaAQHIYQQQgghhBCDa2xshkQqhUjUColECnFbGzzcnLs1ikIikaCgsBwtLa0Auh69IScWt0EikdLIDRNFAQ5CCCGEEEIIIb2SSNQe4KCAxcOBAhyEEEIIIYQQQggxeXxDd4AQQgghhBBCCCGkpyjAQQghhBBCCCGEEJNHAQ5CCCGEEEIIIYSYPApwEEIIIYQQQgghxORRgIMQQgghhBBCCCEmjwIchBBCCCGEEEIIMXkU4CCEEEIIIYQQQojJowAHIYQQQgghhBBCTB4FOAghhBBCCCGEEGLyzA3dAUIIIYQQQgjRhtKyCohErRovF9TPVwe9IYToGwU4CCGEEEIIISbvnQ+3QSis1/l2fLzdkDAvDr4+7jrfFiFEMzRFhRBCCCGEEGLScvNL9BLcAICyu5U4dSZTL9tiUy2sAwA0N7cYrA+EGCsKcBBCCCGEEEKIBuRBBn3LzS9Renwx/YZB+kGIsaIpKoQQQgghhJBeJSjQF0H9/Hq0DhcXe7g4OzCPc/NKcfT4hfbnFNr15eSZTAT382W2LRBYITwsCL8fu4DxY4ZBILDSe58IMTYU4CCEEEIIIYT0KkH9/PBYXIzW13v0ePv/nfUY4GhubsEfKRcwIjJUJe+HQGCF8WOGYf/BUxg3ZhjlBSEPPZqiQgghhBBCCCFGqFpYh++2H2INbsgJBFaYNWMc9h88hazreXruISHGhQIchBBCCCGEEGJkcvNLsOXrvZg1Y1yXIzMEAisse2o6/ki5gD9SLuiph4QYHwpwEEIIIYQQQogROZWaie+2H8Kyp6arPe1EILDCyuVzkXU9D99tP0RVVshDiQIchBBCCCGEEGIEmptbkJR8DL8fO4+Vy+dqnFNDHuSoFtZhS+JelJZV6KinhBgnCnAQQgghhBBCiIHJgxJZ1/O6FdyQkwc5ADDrI+RhQQEOQgghhBBCCOmCr/eDgENwkK9W152bX4KPP9+JamFdj4IbcvIgh4uzA7btOEx5OchDgwIchBBCCCGEENIFgcBKJ+u9mH4DWxN/AQCtBDfk5EEOH283/JFyAUnJxygvB+n1KMBBCCGEEEIIIQaQlHwMu5JTYG1tqdXghpxAYIWXVy/AiIhQpKVnY0viXgpykF6NAhyEEEIIIYSQXkVXoy20pbm5BVsS9yItPRs+3m5487WlWg9uKEqIj8OIiFCU3a3EOx9uo+SjpNeiAAchhBBCCCGkV/H1cTN0FziVllVgS+Je5OWXwsfbDSuXz9VLQEYe5BCJWrElcS8upt/Q+TYJ0TdzQ3eAEEIIIYQQQh4Gufkl+G77IYhErXoNbsglxMcBANIysrErOQVCYT0enRKjt+0TomsU4CCEEEIIIYQQNTg72UNYUw8XZweNl72YfgO7klMAwCDBDTnFIMcfKRdQLazDrOnjjH5aDyHqoCkqhBBCCCGEEJPWnYBDT7aj6fbkyUQBwwY35BLi4zAudhgAUPJR0qtQgIMQQgghhBBi0vQV4NCUYjJRABgREWrw4IbcrBnjMH/eFACg5KOk16AAByGEEEIIIYRomWIyUaA9uJEQH2cUwQ256MgwJsghTz6adT3PwL0ipPsowEEIIYQQQgghanBxdoCzk32Xr5MHN8ruVgJ4ENwwRh2DHNt2HMap1EwD94qQ7qEko4QQQgghhBCiBmdnhy6nwygmEwWMO7ghFx0ZBgBMv/cfPIXSsgokzDPufhPSEQU4CCGEEEIIIUQL9h88pTT6wRSCG3Idgxxp6dkoLaswmpwhhKiDpqgQQgghhBBCSA80N7cgKfmYUnBj/rwpJhPckIuODMO6FxNgbW0JoD356JbEvZR8lJgMCnAQQgghhBBCepXgfn46Wa+Li73KFJWOlVKA9uCGfESEqfH1ccfK5XNVghy5+SUG7hkhXaMpKoQQk3f8+HGkpKSAz+dj2rRpGD16dKevl8lkyMrKwvnz51FQUIDm5mY4OTnB398fsbGxCAkJ6dZ6DeXChQvYsWMHAMDe3h7vv/++gXtEHgZNTU147bXXIJPJsGLFCgwePNjQXSKEEJ1zcXZAtXM987i0rALf7TgEofBBmykHN+TkQY4tiXshErVCJGrF1sRfesV7I70bBTgIISatrKwM+/btYx7v3LkTYWFhcHJy4lxmz549OHnypFJbZWUlKisr4eHhgZCQkG6tl5CHSXZ2NmQyGczNzTFgwABDd4cQQvQu63oekpKPQSRqBQBYW1ti1oxxvSYAIA9yJCUfY6rB7EpOQVlZJWbNGGfg3hHCjgIcJkjxbq2mhg4dir///e9a7hHpiaqqKpw6dQrXr19HVVUVzM3N4e/vj1GjRiEqKgo8Hs/QXTQpXe2vrKwsleCGov79+3drvaZsw4YNqKjQztzaF154AWFhveOHHelcVlYWAGDQoEGwtLRUeq6rv1M8Hg/W1taws7ODt7c3+vXrh8GDB8PLy0unfSaE9G4+3m7MhbiudayUYm1tiZXL58LXx13n225ubkHm1dsIDvKDu5tub7wojuSQ79tTqZloFrVg1vRxlHyUGB0KcBCjlJeXh/LycgBAREQEBAKBgXukG5cvX8b27dshFouZNrFYjJycHOTk5ODmzZtYtGhRr7647ikfHx/MmTMHx44dA5/Px/Tp0zsdZfHXX38x/7axscHChQsxcOBAyGQy3LlzB/369evWegnRJWM7J7a1teHatWsAgPDwcI2Xl8lkaG5uRnNzMyoqKnD16lXs378fw4YNQ3x8PBwcOi/BSAjRLpGoFY1NzbC2skRjkwgCayvY2FjBzMzM0F3TiMBa9xfbwf38cOKvdBw9foFp02dwo7CoHF9/t58ZNfLkrIkYPVLz87AmBAIrlSAHVVghxooCHMQonT17FhcutP/hGDhwoMF/zOtCQUEBtm3bBqlUyvmaCxcuIDQ0FFFRUXrsmemZNGkSJk2a1OXr2trakJubyzyeNm0ahg4dyjwODQ3t1noJ0TVjOyfm5eVBJBIBgFZH7GRmZqKwsBCvvPIKBTkI0YPye9Woq2+EWNwGALCxsUZTU/t3m8/nw9XFAa4uDiYX6NAVeaWUmzmFTJs+gxs3bxXi2+2HIJFImLY9+/9ElbAOM6bG6nTbbEGOsruVeOfDbXp7/4SogwIcJq63JhRsbGw0dBd0bv/+/Uxww9fXF/PmzYO/vz9EIhGOHTvGjDQ4f/48BTi0pKGhQelHQVBQkAF7YzzeeuutTp9/+eWXmYvZxYsXIyYmRh/dIgqM7ZwoH73Rr1+/LgMRbH+nJBIJWlpaIBQKUVBQgNOnT6O0tBQAIBQKkZycjGeeeUY3nSeEQCKR4E5ROTMKQK7tf4EOAJBKpaiorEF9QxP6BniZVJBDXv1Dm+SVUhSnwPh4u2HZU9NVqqrowvmL17H7l+Osz/15Mh0N9U06L0krD3LsP3gKaRntFWNEolZsSdyLhHlxCB9Ev6uI4VGZWC06d+4ckpOTlS6gSPc0NDQYugs6VVtbi7y8PADt0yRWrlyJ4OBgWFlZwdHREXPmzIGLiwsA4O7du4bsaq/S1tam9NjW1tZAPSFEM8Z0TpTJZMjMzAQApRFQmjAzM4ONjQ18fX0xZswYvPrqqxgxYgTzfGZmJmpqarTSX0KIMpGoFXkFZSrBDQBoFbexvv5OUblJ/b719dbuaILSsgq88+E2leDGyuVz9RLcOHbiImdwQy4tIxuJ3/3K+hlqk0BghYT4OIyIeDDqVSRqxbYdh3Ex/YZOt02IOijAoSVnzpzBu+++i++++w579uwxdHdMXn19fdcvMmHV1dXMvwcNGqRyB5TP58PT0xMAYG5OA610pbfkNukt74NwM6ZzYmlpKYRCIQDtTU8xMzPD7NmzmWNZJpNRcJcQHSm9W8FMSQEAKytL+Pq4IyjQF4NCAxEU6AsnJ3ulZUSiVtyvUA06isVtqKquxf0KIWpqG0wqCKKu3PwSplSqnDy4oY/cE7v2pOC3o+eV2tw93PD8mmcwaKjy1NqbOYXY8tUeZpqRLnUMcgDtFVb2Hzyl820T0hkKcGhBamoqPv30U7S1tUEqlWLbtm24fv26obtl0ozpx7wuKA7ztLe3V3m+tbUVRUVFAGgaBemahYWFobtAdMyYzok3brTfoXNzc4O3t7fW1uvg4ABHR0fmcVNTk9bWTQhpd79CqHSh7uLsgOB+vnBytGOmdVhbW8LX200lp0K1sI4JjIhErSgovIuc3GKU36tGRWUNSssqcDOnCKVlygEUfdJ2HoiL6TewNfEXpX02OKyfXoIbEokE320/hIuXlEdF9A3qg4Snn4SNrQ0emz4FsRNGKT1fXHofGzf/jNo63Y/8S4iPwyOTlaetnkrNRFLyMZ1vmxAudGu4h06fPo13332XeWxubo65c+eaZJnE+vp6ZGVlISsrC/fv34dQKIS5uTlcXFwQGhqKMWPGwNXVtcv1tLa2Ij09HVlZWSgsLERDQwNsbW3h4eGB4cOHIzIyEnZ2dkrLiMVifPbZZ2hoaEB9fT1aWx/8IVm/fr3KNrrKAyCRSHD58mVcuXIFRUVFqK2thY2NDTw8PDB48GDExMSwBhYU/fe//8WVK1cAABs3boSFhQWkUikuX76M1NRUlJaWQiqVIiQkROO54s7Ozsy/5ZUR5GQyGZKTk9HY2Agej4cJEyZotG42165dw1dffQWg/Rh9//331UpSWFxcjA8//BAAYGlpiffffx9WVux/0A25zxWXe/TRRzFjxgyl9SYlJeHmzZuoq6tTan/jjTeUHr/yyivo06eP2uvV1X5QJBKJkJaWhitXruDu3btobGyEo6MjgoODERMTgwEDBnB+JsZA28fFp59+ypQkzcvLw6VLl3D79m3U1NSAx+PBzc0N4eHhmDBhAmxsbNTupzbOf9rsp7bOid05H3dF/h6HDRum0XJdkclkaGlpYR53dlysWrWK+bc6pYk//fRT5OfnAwDmzJmjlDw4OzsbW7ZsAdAefH7//ffVOnYqKiqwYcMGAMZ9fgR0cxwQ0yMWt6Gi8sEoDBdnB3h7cZ/XnBztUFffiPr6B8HGyqpaODvZo6DwLmeS9JraBtTVNyG4ny8sLPR7qWGtxSoqf6RcwB8pF5TaRkSE6jzPBQC0tIrx1Tf7UFik/Btx8NBQPDJtstLIzZGxUXB0tMfvB1OYz6SquhafbtqF5/8+B16eLjrt62NxMXBxsVcqmUsVVoghUYCjB86cOYN///vfzGMzMzNMmjQJS5cuNakh43V1dUhJScHJkydVhha2traiqakJJSUlOHHiBJYsWYKIiAjOdRUXF+Obb75BVVWVyjbq6uqQm5uLQ4cOYdasWYiNfZDtWSaTobCwsOPquuX27dvYuXMnKioqOPtw5MgRxMfHY+TIkWqts6mpCebm5vjuu+9w69YtpefkyRc1YW9vDy8vL5SXl+PWrVuoqamBk5MT6uvr8eOPPzIjgKZOnYqAgACN199RaGgobG1t0djYiLa2Nly/fl2txKXyefYAEBkZyfnj3dj3+d27d1WOSV3Q9n7IyspCUlKSSmCmqqoKVVVVuHDhAsLCwpRyFxgTXRwXdXV14PF42LNnD7KyslSeLy4uRnFxMVJTU7FmzRq4u3d+N0+b5z9t9lMb58Tuno87U1NTw/Rr0KBBPepfR0VFRWhubgbQHjDQxrlPHSEhIXB3d0dFRQUkEgkyMjIwZsyYLpeTBxsAYPjw4UZ7ftTFcUBM032F4IaVlWWnwQ05b09XpQBHfUMT6hualIIbNjbWsLWxBgCIWlpRX9/+fElZBQL7aG+Ulz4lJR9DWnq2Upu+ghv1DU348r+/oPxetVL7mImjETM6knWZ0MEDYWdvh327D0LcKmbW8/mWn7Hi2dnoE+Cl0z5HR7YHmRWDHGV3K7Elca/ekrASIkcBjm6QyWRITU3FJ598wpzgeTweEhISsGjRIpMKbqSlpWH37t3Mj8rOSCQSbNu2De7u7vD391d5vqamBps2bepyXc3NzUhKSkJDQwMeffTRbvedTVpaGnbs2NFp6VWg/cLlxx9/hEQiUesHnTyrP9sFR79+/brV1+joaBw4cAASiQQnT56Ep6cn9u/fzyQTfOSRRzB16tRurbsjMzMzxMTE4MSJEwCAjIyMLgMcMpkMly5dYh5zvd6U9rkuaXs/nDlzBj///DNkMlmn67tx4ways7M7fY0h6Oq4SE1NRWpqapfTF2pra/HDDz9g3bp1nOdkbZ7/dNnP7tDV+Vg+PUUgEGj1e9jY2IikpCTm8ZQpU2Btba219XdGPlIuOTkZQHvCcHUCHKZwfjSGv8vEOEgkEtTVtVdjMuPz0cffU63lLCzMYWVliZaW9lFkHaee+Pq4w8lRefRPTW0DSssq0NQkQl19Ixzs9Z/Qu7tTVZqbW/DdjkPIyy9Vap85fRzGj9HuqDU2VdW12PzVXqXpJXw+H4/PegQDQ/t3uqx/H18seHoe9ib9iob69s+6pVWMzV/vxZKFUzE4TLe/naIjw+Di7IDvth9ipvSU3a3Ex5/vpDKyRK8owKEhmUyGc+fO4aOPPmLukvB4PCxcuNDkghtA+zBo+Q8fZ2dnjB07FmFhYXBxcYGVlRVqampw+fJlHDx4EBKJBDKZDL/++qvS8GC548ePM+vi8/mYPn06IiMj4eDggLa2NpSWluL8+fO4cOECLC0tle6EWlpaYvPmzQCAyspKpSHY69evh5ubW5fvJT8/X+mHZGBgICZNmoSgoCDY2dmhtbUV9+7dw/nz53HmzBlmKsjAgQO7XP+PP/6I8vJy2NnZYcqUKRg2bBicnZ17VLoxOjoahw8fhkQiwbFjD+Yq8vl8xMfHq/UDWxNRUVFMgOPatWtoamrqdBh2UVERc8fP0dER/fur/mE1lX3+0ksvAVA9tt599104OTlpvL6OtL0fbt++rRTc4PF4mDhxImJiYuDh4QGJRIK7d+/i4sWLzPqMiS6PC/l3xczMDBMnTkR0dDTc3Nwgk8mQn5+PPXv24N69ewCAO3fuIC8vD8HBwazr0ub5T9v97Ok5sSfn487IR6MMGTKkRyUjJRIJmpubUVlZiZycHPz5559MnpHw8HC9X2SPGDEC+/fvh1gsRmFhIcrKyuDj48P5+oqKCpSUlABoH5E3cOBAldcYw/lRV8cBMT01tQ3Mseji4qDR1BEHextUtKhWXLG3t1EJbgDtU1uam1tQLaxDfUOzQQIc3ZmqUi2sw3fbDylVSgGA+fOmMCMUdKm49D6+/mYfmpofTNWzsLTA7PgZ8O/jq9Y63NxdsWjZ35D8035UVbaPAJHn8pj/5BRER+n2fQT388PK5XOVkrJSGVmibxTg0FBqairef/99ptykubk55s2bh4ULFxokuFFfX6/Wj217e3u8//77Ku0jR47ExYsXERERgdGjR6tU7HB1dcWUKVPg6OiIH374AQBw8+ZNCIVCpTwSAJSGyc6cOROTJ09mHltYWCA4OBjBwcEYN24camtruxw6rgmpVIqdO3cyf7xnzpyJuDjlYYTW1tbo06cP+vTpg8DAQGzfvh1tbW3466+/8OSTT3a6/vLycnh5eeEf//iHUhK8jtVPNOHk5ISQkBClhLTu7u5YunSpToZmBwQEMNNipFIpsrKyOs1jojg9JSYmBny+ck5iU9znuqDt/SCVSrFr1y4maGFpaYkVK1ZgwIABzGssLCwQGBiIwMBAjBo1ComJiUZTUlPXxwUAeHp6YtmyZfD1Vf7BFxoaihdeeAFvv/02M90kOzubM8ChzfOfLvvZHbo4H4tEImYER3h4uNp9UffvlIuLC6ZMmYIxY8aonG90zcbGBjExMThz5gyA9pEXM2fO5Hy94vSU6Ohooz0/GvLvMjEckahVacqdqKUVVdXtUx0tLczh6qLZ31F58tGOvD25p7g4O9mjWliH1v9NlzB2pWUVKpVSrK0tMWvGOL0EN27nFuO/3x9AW9uDz83O3hZzE2bCzb3rqUSKbO1sseDpedi3+yBKisqY9l17UlAtrMNjcepNhesuXx93rFw+F99tPwRhTXvgWl5GVl/BIvJwoyoqGpCP3JAHN4D2ZGVPP/203n+MaQufz8fq1asxbty4TsuRdkxAxjYsVix+8EessyHcAQEBGv04VkdmZiaTrHP8+PEqPyQ7io6OZoII6enpXd4BNzc3x/Lly5V+SPZES0sLfvrpJ5VqO4sWLVIruHHgwAFs3boVW7duZaqtqGPUqAeZthWHV3cklUqRlpbGPI6MVJ3zaWr7XFe0vR+uXLnC3NkHgPj4eKXgRkcBAQFqJT/VF10fF/369cO6detUggZyrq6uGDx4MPO4s1Kj2jz/6bKf3aGL83FOTg4kEgn4fD7riIWesLCwQEREBDPKxRAUR82dO3eu03KXiudPYz4/GvLvMtEPsbgNjY3NKCq5h9u5xbieXYC8glLcKSpn/iu/V81MLXFxcdB49JU8v4YiKyvLTkeBWFtbwtLCHE1NIlzPLsD17ALcvFWI+xVC1NU36qzKSnCQeiMdFGVdz2MNbqxcPlcvF+MZmbfw1bf7lYIbrm4uWLTsbxoHN+QsrSzx5IJZCBmk/Pvh6PGL2LUnBbo+zfr6uOPl1Qvg4608Go3KyBJ9MM2rcgO4ePEiPvzwQ6XkXYsXL8bSpUsN2CvtUGfkCZ/PVyoHyJawUXHe7++//87kktCHy5cvM/8eN26cWsvI+1tfX99lAsrY2Fh4eHh0v4MKGhoasHHjRpw7d07luT179nRZQ76lpQUnTpzAjRs3kJeXBy8v9RNHRUZGMp/3zZs3OUtPFhQUMCMCfH19WS/STGmf65K294PinWFPT09ER0droZf6o+vjon///l1WuFC8kOvqPKSt819H2u6npnRxPr527RqA9qSc6lRh0oRYLEZKSgq2bt2K9evXKx1H+uLn58fst4aGBma0SkeK01M8PT1Zg9LGcn405N9loh8WFuawtRUgwM8T/YP9MSg0EEGBvugb4AV3Nye4uznBxsYaNjbWcHF2gKuL5jcNkm7LrwAAIABJREFUzMzMlJJEmvH58FajMkffPt7w8nRB3wAvhAwIQMjAPvBwd4aDva3eq6twuZh+A9t2HGYNbugjZ8Txvy7hx11/KAU1A/r6YcHT82Br17OpPWZmZpg261HExCrnCLp46Qb++/2vXf7e7CmBwAorl89VCXJQGVmia8ZxdjFyZ86cwTvvvMM8NjMzw/z58w02LUUR19STnhCLxSgrK0NxcTFKS0tRUVHBlE2UY6tiMXXqVFy9ehXNzc3IycnBO++8g9jYWERGRsLHx0en+0rxh6jiZ6Wu+vr6Tuc8ayvZXVNTEzZv3sz8OHZycsLTTz+NXbt2oby8HMXFxfjjjz/w+OOPc64jOzubGUUUERHBlKJUh3xaTHZ2NmQyGa5evcqa0E5xegpXVn9T2ee6pu39oJgwNDIy0uRGh+n6uFCHYmBBseyoOrp7/tN3P7ui7fOxVCplgm9DhgzRaFm2v1MymYzJgVJZWYm8vDycPXsWlZWVEAqF+PbbbzFr1ixMmTJFo2311IQJE5hysufPn2cd1aAYhOSa5mcs50dD/l0mhiOfUmJrq71ApLeXK2xtrSEWt6kdoLCwMO9WQEUbfH26/jvCVgbWx9sNCfPi9BLc2LP/T5w9r1xlK2TQAEx9Ik6rf/vHTBgFRydHHDtyggmk3LxViM1f78Vzy2ZxTkHSBnmQIyn5GK7dyGfa09KzUS2sw7LF06mMLNG6hyLAIZVKsW3bNvj5+WmcuCw1NVXpxwmPx8P8+fPx1FNPabubBiXPyXDp0iVcv34dra2qyaQ6vr4jNzc3rF69Gt9//z3Ky8vR2NiIo0eP4ujRo3Bzc8OoUaMQFRUFV9fuDbfj0tzc3OOLA21fXHD5+eefmeCGq6srVq9eDRcXFzz11FP46KOPIJPJcOTIEfj7+3MOFz558iTz79GjR2vch5iYGOYi+tKlSyoBDqlUygy/5vF4GD58uMo6TGmf65K294NYLFZKEthZkkNjZCzHhabDr7Vx/uuOniTp7Iq2z8d37txhjs3Q0NAe94/H48HS0hKWlpZwdHREUFAQpkyZggMHDiAlpb3M4P79+zFgwAC9lYsF2oM39vb2qK+vx9WrV1FXV6eS10JxegpbUk5j+R4Ahvu7THonQyQL7a6uLprZysD6eLth5fK5Or/glkql+P7HI0oX/AAwelwMRo3VzajN8GFhcHC0x/7dh5ibZIVF5di4eRdWrXgS9nadjzjsCYHACsuemo6k3ceQlvFgn+fll2JL4l697HPycDGtW4PdIJVK8csvv2Dv3r3YuHEjfvvtN7WXTUtLw8cff6zUtnDhQixevFjb3TSonJwcbNiwAf/9739x+fLlLn/cd8bPzw+vv/46EhISlKZOVFZW4uDBg1i/fj127dql1YSI2ribqskoiO4qKSlBeno6gPYf98uXL4eLS/sQz4CAAKWEdj/88ANKS0tV1lFcXIzbt28DAJOYTlPh4eHM+719+7bKZ5GXl8dMXQkJCWGtMmIq+1zXtL0fOpZy1PY0AF0zxeNCm+c/Y6PN87F8eoqfn5/OLob5fD5mzpyplGz17NmzOtkWF3Nzc4wdOxZA+yiTjIwMpecVp6cEBQWxjrIwtu+BIf4uE2Iowf38On2+ubkF320/ZLDgRkurGF/+d59ScIPH4+HxmY/oLLgh1yfQHwlLnoSN7YNgRkVlDT79YhcqKnX//U+Ij8O4WOVSu2V3K/Hxpp0oLavQ+fbJw6PXj+DIzc3Ftm3bmHlmX3zxBSwsLDBp0qROh3+dPn0a7777LvPY3NwcM2bMMIppKdqUlpbGVAeQs7KywoABA9C3b194eXnBzc0Njo6O2LlzJ65evdrlOs3MzBAbG4vY2FgUFxfj8uXLSEtLg1AohEwmw5kzZ5CRkYFVq1Zp5c6clZXyH6MNGzYY5d0oeXlFABg+fLhKXovJkyejsLAQly9fhkgkwubNm7F27VqledYHDhxg/v3II490qx9WVlaIiopiLhyuXLmC8ePHM88rzh3nGn5tKvtc17S9HywsLJQem9rFtqkdF7o4/xkbbZ2P5dMyhg0bxvkabeDxeIiIiEBubi6A9nxA+jZq1Cj89ttvkMlkOHv2LCZMmMA8p3gMcOXHMcbvgb7/LhNiaAKWMrHNzS3YkrhXpQzsiIhQJMR3nghYGxobm7ElcS/K71UzbRaWFpj55DT0CeROAqxNHl7u/ysjuw/C6vagRm1tAzZu/hnP/302/H11m/ts1oxx8PFxw67kFKZNKKxnRnLoY2oQ6f16/QiOAQMG4KWXXmKGAkskEnz00Uf4448/OJdJS0tTCm7Ifxg899xzJjcfvjM1NTX48ccfmceenp545pln8MEHH+C5557Do48+iqFDh8LX1xd2dnbdCuz4+/vjiSeewIYNG/Dss88yGd+bmprwzTffKFWk6S6BQKB0Ycg28sEY3L9/n/k3W9JOHo+HhQsXws+v/e5DfX09vvjiC6aixrVr15ipJX369NF4HryiESNGMP9WDGhIpVLmsYWFhVKVB0Wmss91Tdv7wdraWukco04yS2NiSseFPs5/xqa75+N79+4x56FBgwbpvJ+KuUk6jmpio+2qK87Ozkwgp6ysjBmxATwI9PD5fAwdOpR1eWP/Hujj7zIhhtbxQrlaWGfQ4EZVdS0+/WKXUnDDxtYGC56ep7fghpy9gx0WLo2Ht++DEV0iUQs2f7UHN27e0fn2oyPDMH+ecn4lkagVWxL34mI6e3JnQjTRe67WOzFx4kSsXbtWab7z1q1bsXv3bpXXnjt3Du+99x7zmMfjYfbs2Xj99dd7xQ9cRenp6czIFmdnZ6xbtw7Dhw9XuYusDXw+H8OGDcOrr77KlFusrq7GzZs3u1y2qx+vPB4PISEhzOPOyp8akuKFq2KeBUXW1tZ4/vnnmbt9QqEQn332GXJycrBr1y7mdbNmzerR8RgUFARnZ2cA7VNS6urqALTfLZVPT4mIiOBMZGcq+1zXtL0feDye0t3TW7du9Wh9+mZKx4U+z3/a1tMLek3Px/KEmY6OjkwAVpcqKh4MVe6Y/0JOcQpHU1OT1vsgn6YCgJmmUldXxyQgDQ8PVyodrMhUvgc9+btMiDHrmDSztKwCH3++UyW4MX/eFL0EN8ruVmLjF7sgrHlQua6nZWB7ysraCvGL5mBAyIMpgWJxG7794aBSngxdiY4Mw7oXE5Q+K5GoFbuSUyjIQXrsoQhw8Pl8xMXF4fnnn2d+vLa2tuKnn37C/v37IZVKIZPJcO7cObz//vtKd4wWL16MZ599ttcFNwDlEQVDhw7tsqShWCzu9PmGhoYuk+85Ojqib9++zOPq6mqV13RMvMdVylSR4p20jIwMZnizMVGcq52RkcE5/cDR0RGrVq1i7qrV19dj06ZNzPzosWPHon///j3qC5/Px6hRowC0Xyxdv34dwIN59gAQFRXFuqycKexzfdD2flD8bK9du8bcOe9MeXl5j7apTaZyXGj7/KdL3Tknaut8DChPT9H138LW1lZcuPCgqgFXQMXe3p75d1lZWafrzMnJQXFxsUb96N+/P5Ov4sKFC5BKpUoVjhRHwbExlu+BNo8DQkyFr/eD0Ru5+SXYkrhXqQws0B7ciI4M03lfbt0uwudbfkZT84PEwX4BvliwdB7sHdiDpPpibm6GGXOnImrkg2TyMpkMSbuP4diJizrfvq+PO1Yun6sSkNqVnIL9B0/pfPuk93ooAhxyM2bMwIoVK2Bu3p56RCQSITExEadOnWJGbsgzl5ubm2P27NlISEjolcENQHlEwd27dzlf19jYiB07diiVveuora0NX375JbZs2YLKykrO19XX1zN3wACw3gGztbVV2ufypJqd6ZgFPjExUWk7bJqamlBYWNjlurUlLOzBH9Kamhr8/PPPnD883d3dsWbNGmaUhZy5ubnGlYC4REZGMv++fPmyUkI9e3t7DBw4sNPlTWGf64O294PivH6ZTIbt27dz3qGWSqU4fPgwjh0znnrypnJcaPP8p2uanhO1eT5uaGhAXl4eAHBOWdOWpqYmbNu2TanPbFVKAOXAx8WLFzkTe165cgVffvmlxgEqHo/H5Caqra1Ffn4+E+ixsrJSOp+zMYbvgTaPA0JMiYtz+8ivi+k3sDXxF6XghrW1Jda9mKCX4MaVrFwkfvcrxG0Spm1gWH88uWCmUSVaHz95DCY/NkGp7bej57H7l+M637avjzvefG0pfLyVEzafSs1EUrLx/LYhpsVs/fr16w3dCX2S35WRJ1iUj9w4c+aM0g+gBQsWYNmyZUaZc6O0tJRJdGZlZYUpU6Z0sQS72tpa5o59VVUV6uvr4eLiAisrK7S1teHevXs4c+YMvv/+e9y5c0dp2eDgYKUL4IMHDyIjIwNVVVU4ffo0GhoaYG1tDUtLS5iZmaGhoQE5OTn48ccfmbtD5ubmmDdvnspJ3szMjCnPBwCFhYVwdnaGg4MDeDweSkpK0NzcrHQHj8/nw9vbG2lpaQDa77aeP38etbW1sLa2hkAggJmZGUQiEYqLi3Hq1Cls374dWVlZGDt2LOvnnJGRwdw97/h+u8PJyQlFRUXMnePS0lJcv34dNjY2sLW1hYWFBUQiEerq6lBWVoYbN26gsrJS6W6tVCrFxYsXwePx4OPjwwTrusPOzg7Z2dmoqalBVVUVgoKC8NdffwEAxo8f32UpSGPa5+ou19TUxLxHAJg0aRLnNBx116vt/WBvb4+KigrmrnRtbS0uX74MGxsb2NnZwcLCAo2NjcjOzsbOnTuZ7cr15JzA5ejRo8y8/KFDh3Y6TcEYjovi4mLm3Obg4KA03UBOm+c/XfYT0PycqM3z8ZUrV5CZmQlLS0v87W9/U7u0bVd/p2QyGcRiMerq6lBYWIgzZ85g+/btSvkqhg8fjrg49uHjIpGI2XctLS3Iz8+Ht7c3bG1tIRaLUVJSgkOHDuHAgQMqgeTQ0FC1KlB5eHjg5MmTkEgkaGlpwbVr1yCTyTBy5Mguk60aw/dAm8cBIaaktKwSZeWV2LPvT6V2a2tLvSWyPHEyHcm/nFBqGzkmGlMem2CU1xZePp7w8HJH7q08ZhpkSWkFyu5WYsjgIJ322cLCHMOHDsDNnELUNzy4oVN2txK5+SUIDwuChUWvr4tBtOihO1p4PB4mT54MkUiETZs2AWhPPCqfiw0ACQkJva5aCpvhw4fj4MGDaGhoANBeOeb06dOcr7exseG8kxwZGYn09HRUV1dDIpHg5MmTOHnyZKfbnzlzJuedojFjxjA5J1paWrB9+3al5ydNmoQ5c+YotYWEhGDBggXYuXMnZDIZZDIZUlNTkZqaytmH5uZmZGVlYfjw4Zyv0aYFCxZg48aNzBzzoqIifPvttxqto6GhAfv27cNvv/2GESNGYMSIEejXr1+3+jNy5EgUFBRAKpXip59+YtoVR3d0xhT2uT5oez/MmzcPRUVFzMVMZWWlyndAkfz7ZyxM4bjQ5vlPHzQ5J2rzfCyv/hQeHt7t/CT19fVYtWqVRssMGDAACxYs4Hw+IiIChw8fZoI+ubm5+Oijj1hfGxYWhr59++LIkSMa9UEgEGDUqFE4efKkUjJmUzk/avvvMiGmIv9OKXLzSpTafLzdsOyp6czoDl3as/9PnD3/oHIen8/H1CfiEDJogM633RPBA/ohftEc7En6FeLW9pu+WdfzsCXxFzz3zCxYWeouR5VAYIWVy+di/8FTSjlA8vJLmQorui7hS3oP4wsh6sm0adPw4osvKgUxzM3NkZCQgKeeesooo6vaZmNjg+eeew62tradvs7T0xPPPvssFi1axPkaPz8//POf/8TEiRO7DAyZmZlhzpw5mDhxIudrRo8e3ekdspycHNb2UaNGYc2aNfDx8em0D0B7YsElS5bovOyhIgcHB7z00ktqV0Dh8/kYMWIE3njjDaxduxYxMTHMHVSRSITTp0+jqKio2/0ZNmwYsz75HTwfHx+NEgka+z7XF23uBxsbG6xdu7bLUTS2trZYvHgxli5dqlKa0tCM/bjQ5vlPHzQ5J2rrfCwWi5lREuHh4d3suWasra0xa9YsvPDCCxAIBJyvEwgEeOaZZzodacDn8/H444/jueeeY/JpaCo2NlbpsaOjI4KDgzlercqQ3wNt/10mxBQkJR9jDW6sXD5X58ENqVSKH346ohTcsLSyRPyi2UYf3JDz8fPGgqfnwcb2QV6qO4V3sWlrMurrdRvkFwiskBAfhxERyr99yu5WYkviXlQL63S6fdJ7PHQjOBRNmzYNNjY2+PjjjyGVSjFjxgwsWbKk14/cUBQYGIg33ngDp0+fxtWrV3H//n3weDw4OTmhf//+GDJkCEJCQsDn87tM0mZjY4O5c+diwoQJyMzMxLVr11BRUYH6+nrY2NjAy8sLAwcORExMjEpuiY74fD6WLVuG9PR0XLhwAcXFxWhtbYW7uzv8/f05y/MB7RVC/vnPf+LGjRu4du0a8vPzIRQKIZFI4ODggD59+iA8PBxDhw41SMUEe3t7LF++HAUFBUhPT0dubi6qq6vR0tICGxsbODg4ICAgAEFBQRg8eLDS3bSgoCDMnj0bN2/eRE5ODnJycrpMBtoZW1tbDB06lMm9AQAxMTEar8fY97m+aHM/2NnZYeXKlcjOzkZGRgby8vJQU1MDCwsLeHp6IiIiAtHR0UxyTFdX1y6TLeqbsR8X2jz/6Zqm50RtnI9zc3PR2tqqUhVEW8zNzWFrawtXV1f4+vpi4MCBCAsLU3t6RFBQEP71r3/h5MmTuHHjBqqrq2Fubg4XFxcMGjQII0eOhLt7+1B0xSmNmvDx8UFAQAATSI6JidH4Boghvwfa/LtMiDFrbm7hLAM7a8Y4nd/9F4vbkPjdr8greDDNzt7BDk8umAUXV9P6brm5u2LRsr8h+ad9EFa3J7i/W16JjZt34YXlc+Hm6qjT7SfEx8HHxx2/HnqQaLTsbiU+/nyn3qYYEdPGk2m7gLyJkclkOHjwIJqbmzFv3ryHYuQGIYQQ0pXk5GScPHkS/fv3x+rVqw3dHYMQi8V4/fXXmSSmr7/+Onx9fQ3cK0KIos6CG/ooA9vQ2Iyvv92P0rIHJa49vTwwN+EJCGy4R6IZu9aWVuzddQBlJQ8ScdsIrLB82SwE+HvqfPsX029gV3KKUps+86gQ0/XQX83zeDw88cQTiI+Pp+AGIYQQgvbgv7xqSGcj5nq7rKwsJrjh5+dHwQ1CjExpWQVrcGPm9HF6CW4Ia+qx8YtdSsGNfsF9MX/JXJMObgDt02vmLZyNvkF9mLam/wWTbt3u/vRodUVHhuGF5XOUysiKRK34ZFMSLqYbrrIZMX50Rf8/D9O0FEIIIaQzJSUlqKlpH5rcVUnU3koqleLo0aPM48mTJxuwN4SQjriCG/PnTcH4MbrP6XS3vAobv9gFYc2DancRI4Zi9t9m9KjKnTExNzfD3PlPYMjwQUybWNyGr7/dj/TLt3S+/eB+fli5fK5SkAMAdiWnUJCDcKIAByGEEEKUXL9+HUB7klUPDw8D98Ywjhw5gpKS9mSFDg4OvTI5MiGmKje/BFsS90IkamXarK0tse7FBERH6j4oW1hUjk1bd6OhsZlpm/zYBEx8ZJzOt20IcY9PwrhJykmXf/r5D5w5d1Xn2/b1ccebry2Fj7ebUvuu5BTsP3iKYynyMKMAByGEEEKUZGZmAsBDc1EvlUpRVVUFiUSCqqoq/PLLL/j999+Z52fMmNGrEyQTYkoupt/A1sRfVIIb+srNcPNWITZ/vRct/yulambGx8x50zAsUj/VpgxlxKgIPDH3cab6HgD88utfOPQbd+lrbZGXke0Y5DiVmomk5GM63z4xLb1j/BQhhBBCtEIoFDIjFwYNGtTFq3uH0tJSfPjhh6zPRUREYOTIkXruESGEDVviSXkZWF1XSgGAjMxb+OnnPyAv0WBpZYm585+Aj5+3zrdtDPqHBCFhyZPYk/QrRM3t+YlOnExHfUMT5j8ZB13O+BcIrPDy6gVI2n0MaRnZTHtaevu/Z03XfbUcYhpoBAchhBBCGPLpKXZ2dujbt69hO6Mnd+7cYW0fMWIEFi9eTHm6CDECScnHVIIbQYG+egtuHD1+ET/uehDcsLO3xcKl8Q9NcEPO09sDi5+ZD2cXJ6YtLT0b3/xwAOI2ic63nxD//+zdd3hUZdo/8O9JmXTSE0hCSQIhCSUFDCJdKSICIoIgoqKsuK7Y8H23vHtdu/v+dN0i6766uooKqyAgRUBERASkSa+BAGmkF5KQTCakTGbm/P4IczKTTDKTydTk+7kuTc7Mmed55kwh5z7PfT/TMHGc/uzCM+eu4YM129HQ0GT1/snx9fplYomIiKh3O3HiBL7//nvU1NTAx8cHMTExuO+++3ptgVUiR7Np637pSr2WrZaBBYDN237E6bOtRS1Dw0Mwf9Ec+Pj62KR/R9TU2ISvv9qtt4xs/6hw/HL5vHZFQa3h9LkM7Nx9RC9VyZazechxMcBBREREREQOyVBwY+K4ZDwy2/oFPTUaDf6z4TtcyciVbhswKAqPLHyYdXkAqNVq7P1mP25kZEm3hYYG4qXn58PPz9vq/Tc0NOHajTxs2LxPui2iXwgWL5hmk3os5JgY4CAiIiIiIofS0NDU4TKwtlgppVmlxtrPd+NGVoF0W/ywOMycMw0uLszy13Xy+Fkc/+mEtB0Q4IeXVsxHUGAfm/Sfm1eCT//zjTSbw5ZFZ8nxMMBBREREREQOw1Bww9NThmefehiDY6Ks3n9joxIffboDBUXl0m1jxt2D8ZNZcLgjWddz8O2O76HRaAAAPj7eePEX89Cvb7BN+r9VUY2P1+5EdbUCgPEgR1FxGYqLb6Gi8jZuVdxGRWU1bt2qQt2deri5ucHTQwYPnf+CgwMwJHYgBscOQFRkuE2eE5mHAQ4iIiIiInIIhoIbgQF+ePaph21yRb6urgH//vRrlJZVSbfNmPUAhiezJo8xJUWl2LHlW2mFFZlMhhXPzkH0oAib9N/U1Iz3P9oqvXfaBsUuX8nE1YwsXLh0HXK5wux+vL08ERs7AEPjojFi2BD0DQ8x/iCyGQY4iIiIiIjI7opLKvDBmu12KxxZXa3Av9Zsk2YBuLu745GFD2PAIOvPGukpauUKbNu4E9W3awAAbm6uWLZ0FhKGDrJJ/0qlCtt3HdKr29I3rA/yC4qgUqms0mdoSCBGjhiK4cOGIDE+1ip9kOkY4CAiIiIiIrsyFNwYnhiDxQum2SS4cauiGv/6aBvq7jQAAPz6+GL+orkIDg2yet89TdsVVgRBwNLFDyJ55BCbjWHn7iM4cvxi65ia6qBqViIyIhz+fXzh5eUBT08PeHl5wtNDf9UXRV09ampqIa+tw+3bctQq6kzu18fHCw/NmIip94+12HOhrmGAg4iIiIiI7MZQcMOWy8AWFJXjo093SP2H9Q3FY4vnwsvbyyb990RqtRo/7DmIjPTrAFqCHPPmTsb4e0fYbAynz2Vg89Yfpe3uFKi9XS1HTU0tsrILcPnKDWTnFHS6v38fXzw4fQLunzzGrP7IfAxwEBERERGRXbQ9CQVst1IKAGTnFuGTtbvQrFIDAAYPjcGsR2bAzc3NJv33dKdPnMPRgz9L2zOmjcWMB+6xWf9tV1i5Z1QCFi/ofuCsoaER6VezcCUjC+npmai/W3ekLX9/P8yfOw1j0kZ2u08yDQMcRERERERkc22DG56eMixeMA0jhtmmjkH61Rx8/uVeaeWPtLGjMOH++2zSd2+SdT0He3bug1rdEkQaPy4Fj86eYLP+266wYqkgh67MrDzs/eEoMq7lGLx/xLAhWPrEHPj7+1m0X2qPAQ4iIiIiIrIpQ8GNzpb1tLQz569h05b9AABXV1dMe2gKho1MsEnfvVF56S1s27RLWmElKWkonlo0A4Jgm/6bmpT409trLT6To63s3ALs2n0QmVl57e7z8vLE4489iLFjki3eL7Vy/eMf//hHew+CiIiIiIh6hyPHL2LbjkPSdkS/ELzxyhMICupjk/5/PHQGO745DACQecjw2OK5iI2LsUnfvZWvnw/iE+OQl5uPhvpGlJdXIb/oFlJGDoaLi4vV+3dzc8WtW9XSErIlpZW4XV2LwTFRcHe3XDpSUKA/7rs3GUMGD8StW7dRXVMr3adSqXDx8nXczCtCYnwsPNoUNyXL4AwOIiIiIiKyiU1b9+st4WnLlVIA4OtdP+HYicsAWlZKeeyJRxAUHGiTvglQKpXYueVbFOYXAwAGDIzAi8/NhUzmbpP+v99/Cj8cOCVtW3sZ4qsZ2di5+wAKCkv1bvfz9cFrLz+NyIgwq/Tbm3EGBxERERERWV3b4MbEcclYvHCaRa+gd0QUgQ2bv8fpsxkAgL4R4Vi0dD76sCaCTbm6uiJh+FDUyhWouFUJuVyBK9cLkDxyMGQ2eB8Mjo1CYKAfsnOLoFKpoairx/XMfKQkxVnlfRgWGoSJ40dDrVbrrbyiVDbj5OlLiBsyCEGB/hbvtzfjDA4iIiIiIrKqtsENW66UolarsW79HmRczwPQslLKw/MehKurq036J8POnbyAwwePQRSBwKAAvLTiUQT6+9qk77ZLE1t7JgcAnDl3BWs//1oqagu0pM68sPxxjBgeZ7V+exsGOIiIiIiIyGp0gxuenjI8+9TDGBwTZZO+lc0qfPTpDuTlt6QIjBk3GuMnj7VJ32RcTtZN7N6+F2q1Gn38/bBi+Tz0Cw2wSd8NDU34YM12qS5HRL8QPPvUwwgKtF4tmOycAnzw0Ua9ZWUFQcCqV57BkMEDrdZvb8IABxERERERWZyhE8jFC6bZbKWU+vpG/PvTHSguqYCLiwtmzpmG+GG8Uu5oyktv4euvvkH9nQZ4enlixfL5GBgZbJO+GxqasGnrflzJyAVgm9V8Kiqr8d4HG3Crokq6zdPTA7/uId7sAAAgAElEQVT9r1+gb3iI1frtLViDg4iIiIiILKptcCM2OhIrnn3EZiulKBT1eO/fW1B+6zY8PD3w2OK5iBk8yCZ9U9f4+vkgflgcbubkQ1Fbh4uXbiCyfwRCg6xfH8Xd3Q0pSXFoaGhCfmEZVCo1LlzKRHzcQPTx87FKnz7eXhg7JgmXrtxAXV09AEClUuPS5eu4Z/QIeHJ1lW5hgIOIiIiIiCymbXDjntQEPPv0wzYpJgoAlVVyvP/vrbhdrUBAoD8WPTUfYeG2mTVC5vHwkGHYyHiUl1WgqvI2Ll26jpC+YegXZpt0lfihAxEY6IcrGbk2CXK4u7shaUQ8Tpy+hObmZgBAY2MTMq7lYOyYZNaH6QYGOIiIiIiIyCLaBjfmPjwRD88cZ7P+S0or8a+PtkFRV4/I/hFYuGQefP1sU7iSusfV1RWJI+JRf6cepSXluHz5Brz9/TEw0jZpG5ERoRieGIMLlzLR2Ki0epDDy8sDQ+OicfL0RWg0LVUjFIo7qKlRIDkp3ip99gYMcBARERERkUX8fOoKzp5vKSi6aMFUjLt3hM36Ligqx4effI2GhiYkDI/DvMdnw81Gs0bIcmKGREPm4YH83AJcv5YDVy8fxAwIs0nfffx8EB83ECdOXYFKpYaqWY0Rw2Kt1l9AgB/69Q3FufNXpduKissQHxeN4CDbzF7paVzsPQAiIiIiIuoZggJb6yZ4eVpvyc22cvNK8OHH29HUpMT4KWPx0NwZNuubLG/0mGQ89sQjkMnc8d3ugzh2Mt0u4wi04ooqWqnJiXhk9gN6t637Ygeam1VW77snYoCDiIiIiIgsIjIiFJ6eLUUSvbxsE+C4fiMf//5kByAIWLB4DsbcN9om/ZJ1DYzujyefW4SAQH98vfMQ9h88Y7O+te/hyAjbpMfMnDEB94xune1UdbsGO3cfsEnfPQ0DHEREREREZBFBgX3wyOyJAIC1X3yL29W1Vu3vSkYuPv38G/Tp443XVy7C8PhBVu2PbCswKABPPrcIQwb3x94fTmDn7iNW7U+7bGxjoxKLFky1anpKW08vmYsA/9YZUAcOnURhUZnN+u8pWIODiIiIiIgsJjIiFIGBfrh4OQvZuUVISYqzygoq5y/ewBcb9yJmUCR+9fx8BPj7ol6pRrNGsHhfZD9ubq4YlTQEgkaFw8cuQlFXj8T4aKv0tWbdLhQUluOe1AQ8OO1eq/TREVdXF/j6euPi5evSbfkFJZgwbpRNx+HsOIODiIiIiIgsKm1UIhYtmIqS0kps2rrf4u0fP5mODZv3YdzYJPzyF49K6TBKZbPF+yL7UzY3Y86sCXhy0QycOnMVGzbvs3gfO3cfQU5uMe5JTcDihdMs3r4pxtyThIh+rQVV8wtKkJ1TYJexOCvO4CAiIiIiIovTzuQ4ePgcRBEYHBtlkXYPH7uIXd8ewePzp2LqlHsgCK0zNm7L6yG42664KdmGurEefXw80a9vCBKGDsL+A6dRUFSOEcNi4eLS/Rk7p89lYM/3P9s1uAEAgiCgX98QnDh1SbqtobERo1OH221MzoYzOIiIiIiIyCq0Mzl+OHAKp89ldLu9Pd//jP0HT+OlFY8hbXRiu/uVTcpu90GOp6mxSfq9f1QY3nj1CVRWyfHZF7uhVqu71XZxSQU2b/3R7sENraFx0UhMaK39cfHSdVTXWLeWTU/CAAcREREREVmNNsixc/cRFJdUmN3O198cxrUbeXjjlScwaGA/g/s0MsDRI7V9Xfv4+eDlFxfCx9sTH6/dBaWZS6o2NDThgzXbHSa4ofXYvBnSzCRRFHHg4Ak7j8h5MMBBRERERERWlTYqEY/Mnoi1679FQ0OT8Qe0sWHzPsjldXjlV48jwN+3w/1Yg6NnamxsH7hyd3PFksdnICFuID76dIdZr/0Ha7ZjRGKsQwU3ACAyIgypyQnS9rETF/jeNpHlyxkT9QKnTp3C+vXrAQB+fn54++237TwiIsM++eQTXLrUksc5Y8YMzJ49284jsg7d5zlnzhxMnz7dziMiIqK20ka1pJR8sGY73njlCZMeI4oi1m/6Hv36BmPa/WlG92/qQTM4mhqbUFFeafC+woLiTh8rr5FDLld03n5DEyputW9f5iHDIwsfRv8BkaYP1sqaDAQ4tKZMGoXIyDB8+p/dWLZ0llRw1phNW/cjsl+owwU3tFKTE3HuQktaV0NDI34+eQGTJxr/DPR2DHAQEREREZFNaIMcm7bux+IFnZ9YqtUabNq6H2mjExEfN9Ck9psc8Cq3mwvg5QbU1NSipqYl6FBWVomG+kYAQGNTE8pKWwMN+fmdBy+sTdmkRMHNIocKcBhLPYob3B9BgX7YuOUHLFowDT7enp3uf/pcBiDCYYMbADByxFC4urpKNUZ+PHiCAQ4TMMDh5DQaDa5fv47Lly8jOzsbcrkcarUagYGBCAsLw8iRIzF8+HD4+fnZe6hkwBtvvIHGxkazHz906FCsXLmy3e26M0y6KikpCb/4xS/MalMmk8HLywthYWGIiopCYmIi4uLi4Orq2uVxKJVK3LhxA+np6SgoKIBcLkdjYyP8/f0RFBSExMREDB8+HH379u1y20RERGQ/2iDH4WMXMWl8ssF9VCo1tu08hOkPpCEsNNDktpVKx5vBoVI2oY+PJ/qE+2NAuD8AYOTQrq8o09DQhOLSjmuYFJdUGk3/yckt6rj9xiaUlBqeMWJvTU3G05pCggOw5PEZ+Pb745h2fxr8+/gY3C87twg5OcUOHdwAAJnMHcMSYnH5SiYAoKKyGsUl5YiMCLfzyBwbAxxOrKCgABs2bEBJSUm7+8rLy1FeXo709HS4ublh+vTpeOCBB+DhwWWzyHqUSiWUSiXkcjmysrJw6NAhhIeHY9GiRRgyZIhJbWg0Gpw+fRq7d++GXC5vd39lZSUqKyuRmZmJnTt3IiUlBXPnzkVISIilnw4RERFZSdqoRJw+l4Hs3CIMjtE/2Vcqm3Hw8HnMnTXB5HQD6bEOmKJSXl6JyMDuL5Hr5eXR7ljp6uy+VmM6vCc7twgfrvnajJFZX72JdVs8PWWYP3cyjv58CSOGxSIwQP8i7+3qWly5muvwwQ2tlOREKcABADfzihngMIJFRp1URkYGVq9ebTC40ZZKpcJ3332Hv//976iqqrLB6MhWTA0a2FN5eTnef/99qT5CZ5RKJT799FNs2LDBYHDDkAsXLuCtt97C1atXuztUIiIisqG0UYloaGjC7erWJTAbG5VIv5qDGVPTuhzcADqv1UCmU5owY8JW1Go1NGqNyfsLgoCJ45JRVSVHdbV+HZL0q7l4ZPZESw/RalKSEqTVVAAgz87pS86AMzicUHV1NdauXSvlY3l6emLixIlITU1FYGAgPDw8UFdXh8LCQpw7dw5nz54FAJSVlWHXrl149tln7Tl80vHOO+90af+PP/4Y6enpAIDIyEhMnTrV6GOsUQTVUJuiKKK5uRk1NTUoLi7G2bNnpaCGRqPBhg0bMGjQIPj7+xtsU6VS4cMPP0R2drZ0m6enJyZNmoSkpCSEhIRAJpNBoVAgLy8PP//8M65duwYAaG5uxkcffYRnn30WKSkpFn2uREREZD0jhsW2LB0b2FIgVF5bh1Ep8Wa3x5UmLONWB8VN7UGtUkOtUnf5cYNjo1B1W447dxrg4+OF7NyiDlOiHJWXlweGxkXj+o1cAEB+gfGL270dAxwWdOLECRQVFeHRRx81q+aAqQ4ePCjVbfDx8cF//dd/tZueHxAQgICAAIwYMQL3338/Pv/8c2g0Gjz++ONWGxdZ15kzZ6TghiAIePLJJ+Hm5jgfYUEQIJPJEBYWhrCwMKSkpODy5cv45JNPIIoiGhoacPLkScyYMcPg47/77ju94EZcXByeeuopBAQE6O0XGBiIwMBApKSk4Pz58/jiiy+gUqkgiiI2bNiA/v37M12FiIjIiURGhAJo+VsiPCyoW201OGCKirym1vhO1CGVWg2VGQEOAAgO8kfz3cealsLjeGKio6QAR2FRGdQaDVxdmIjRER4ZCzl27BjefPNNrF27Ftu2bbNqXxcvXpR+nzZtmtGTuQEDBmDVqlV48cUX4eNjuNgOdY3uVDFbkMvl2Lp1q7Q9c+ZM9O/f36ZjMMfIkSORltZa7VkboGmrqKgIP/zwg7QdGxuLF154oV1wo63U1FSsWLFCej2ampqwceNGC4yciIiIbE0mc+92G45Yg6P6NgMc3aFuVkGlNi/AAQDubta78GwLwUGtfw+Looj8fM7i6AwDHBZw/Phx/OMf/4BKpYJGo8G6deusVg9Ao9Ggurpa2g4PN63IjLe3N0JDQ60ypt7I3b37/wB3xZYtW1BfXw+gJTVl+vTpNu2/O+LjW6eZdlQD5sCBA9Lv7u7uWLp0KWQymUntJyQk6KXqZGZmoqCgwMzR9mwujPYTEVEPxxSVnkelVncrwOHsgoL007tZh6NzjjO/3UkdPXoUb775prTt5uaG+fPnIzEx0Sr9ubi4QCaTSUtg3b592yLtfvLJJ1K9hNWrV8PDwwOiKOL69es4e/YscnNzUVNTA29vb4SHh2PkyJEYM2YMvLy8TO5DrVbjwoULuHTpkrTsp7e3N8LCwjB8+HCMGTPG6HK2uuP8xz/+IZ0E5+Tk4OzZs8jKykJNTQ0EQUBISAhGjBiByZMnw9vb2+RxNjY24syZM7h06RJKS0tx584d+Pv7Y/DgwRgzZgzi4uJsuhqNbi0LR0xNMcbTs3Ud8oaGhnb319bWSnViAGDixIldTjGZMWMGDh8+LH0ujh49iiVLlpg54lYajQaXL19Geno6cnNzIZfL4ebmhuDgYMTHxyM1NdXkmTS2eO8ao02dE0URN27cwNmzZ5GTkyN9tvv27YukpCSkpaXpvW7Gns+7774Ld3d3aDQaXLhwAcePH0dxcTE0Gg3i4+Px3HPPGWzDkse3Kw4cOIAdO3YAALy8vLBq1aoOlxu29PeWOcdKoVAgPT0d6enpuHXrFqqrq+Hm5oagoCAkJCRg/PjxCA4ONum5a5cWP3funPS93txs/GRg+fLlSE5un7dsieNDRGRJjlhk9FZ5x0u7knEqlRqaXhzg0J3BAQBFxWV2GolzcJ6zJAd07Ngx/PnPf5a2XV1dcf/992PZsmVWTWGIjY2Viit+//33SEhIQFhYmMXar62txZ07d7Bt2zbk5eXp3SeXyyGXy5GZmYl9+/bhqaeeQkJCgtE2s7KysHHjRlRU6H/B19bWora2FtnZ2fjuu++wcOFC3HvvvSaPUxAEbNu2zWDqQ2FhIQoLC3H8+HG8+uqrJs1gSU9Px6ZNm1Bbqz+VsKqqClVVVTh16hQSExNxzz33mDTG7qqtrcWWLVuk7QcffNApUlN06QbhDJ3o5ObmQhRFadvU11+Xp6cn0tLScOzYMQDAlStXIIpitz6HWVlZ2Lx5M8rLy/VuVyqVqK+vR2FhIfbv34/k5GQ8/vjjXTqJs8Z71xRubm4oKirCli1bkJubq3ef9rN948YN7Nu3D88884zJq/TU19fDzc0Na9euxY0bN/Tu09YLasuax7czV65cwc6dOwG0BIyXL1/eYXDDGt9bXTlWtbW1+PHHH3H48GGpqLSW9jgVFRXh4MGDePrpp5Gamtpp31VVVfj888/bvfbmssbxISLqrial4wU4Gh0w6GJIdo5jzgxQq8yvwdEThAQH6m03OWAaliNhgMMMoiji+PHjWL16NTSaliWLBEHA4sWL8eSTT1q9PsOkSZOkAIdCocA///lPPPbYY0hJSbFI3zt27EB6erreSachCoUCH330EVauXInBgwd3uN+ZM2ewfv166Vh1RKlUYsOGDVCr1Rg3bpzRcR4/fhzHjx+XUjc6IpfL8fnnn2PVqlWdHp9jx47hq6++Mvq8MzIypONvbVu3bpWeX0REhFOlpgAtV4vPnDkjbQ8cOLDdPronW3369EG/fv3M6is+Pl4KcCgUClRUVJgd+Dt16hQ2bNhg9L0AtNTEKSgowMqVK00ORFj6vWuqCxcuYPfu3e1Olg31+8EHH2DlypWIjY012m51dTW2bt2K/Pz8dvfFxMS0u83ax7cjJSUlWLdundTv4sWLMXToUIP7Wut7y9RjdebMGWzZssXgrKe21Go11q1bh9DQ0A4DoDU1NfjnP/+pl+LYHdY6PkRE3cWTv55HrVb16gCHq6sL/Px8oFDcAQCojfzb29sxwNFFoijixIkT+Pvf/y5dbRMEAUuWLLFJcAMAhg8fjrFjx+LEiRMAWq6WrV27FhEREZgwYQJGjx7dpdSRti5fvgygpRbClClTMHr0aISGhkKlUqGkpAQ//fQTLly4AKDlD+v169fjf/7nfwzWTMjNzdX7Izg6Ohr3338/YmNj4evrC6VSifLycpw8eRLHjh2DKIrYunUrhg4dajRNYf/+/QBaZs5MmTIFaWlpCAkJgSiKyM3NxbZt26Srw3l5ecjJyekwEJOVlaUX3BAEAVOmTMGYMWMQFhYGtVqN0tJSnD59WhqntZ0/f146ztrUFFvX/ugOjUaDb775Rm8WkKErzGVlrdPsTDmZ7kjbE7vy8nKzAhxZWVn48ssvpddYJpNhxowZSE5ORlBQkPQ5OHz4MM6fPw+gZZbKxx9/jFWrVpn02bPke7crtCfVMpkMU6ZMQWpqKsLCwgx+tlUqFdavX4/f/e53RuuhbNiwAWVlZfD19cXUqVORnJyMwMBA3Llzp92+tji+higUCnz88cdoamoCAEyfPh1jx441uK81v7dMPVbNzc1ScCMwMBATJkxAYmIigoKC4OHhgZqaGr2AlSiK2LVrF1566SWD/W7ZskUKbnh5eeGBBx5ASkoKAgMDoVKpUFZWhqNHj0oBydjYWLz00ksGv3OseXyIiLqLNTh6HrXKdjU4Ghub4Olpu1R0UwUHBbQGONQMcHSGAY4uOn78ON5++22oVCoALVO+FyxYgCVLlth0ZY3FixcjKCgI3333nXSiUFJSgq+++go7duzAmDFjMG7cOERFmbccUlxcHJYsWaKX1+3u7o7Y2FjExsZiz5492Lt3L4CWac/nz59vNwVZo9Fg48aN0h/Bc+fOxbRp0/T28fT0xMCBAzFw4EBER0dLS37+9NNPeOyxx4yOMzw8HM8++ywiIyP1bk9ISMCLL76I//3f/5WuVl+7ds3gSaJGo8HmzZv1TrheeOEFxMXF6T336OhoREdHY+zYsVizZg1qamqMjs9cCoVCLzVl+vTpGDBggNltdXTSoys0NBR/+MMfzOoDaAn+NTU14fbt27h58yaOHj2KoqIi6f7o6GgkJSW1e1xdXZ30u7FVUzrTNoXB2OwIQ9RqNTZt2iS9Z/38/PDKK6/opTDofg7i4uKwefNmAC2Bmh9//BGzZ882qS9LvHfNER8fjyVLliAwsHW6Y0ef7crKSoOf7bbKysrQt29frFy5Ev7+rYWw+vTpo7efLY+vLpVKhc8++0wqcpuSkoKHH37Y4L7W/t4y9Vjde++9OH36NFJTU3Hfffe1q7sTHByMqVOnwt/fH59//jkA4Pr166iurtZ7bYGW11EbuHZxccErr7yi92+DTCZDTEwMYmJiEBYWhj179iAnJwdHjhzBAw88YNPjQ0TUXaq76QxuDrZyRnZukdMuU2pvarUaahvN4Lh0+QZGjoiDl1fntchsLcC/9e9cY7MnezuW1O8C7cwNbXADAB599FE888wzNl+dwMXFBTNnzsSqVavaFTRVKpU4evQo/vKXv+Ddd99tl+dtTFJSEl566aVOi9bNnDkTERER0vbp06fb7XPx4kXp6vykSZPa/RHcVlpamnQSf+7cOaOzJGJiYrBq1ap2J4hawcHBGD58uLRdWlpqcL9Lly7p1QFYuHChXnCjrQEDBph1ktUV27Ztk078+/btiwcffNCq/XWVNmii+9/KlSvxxhtv4M9//jM2bdqkF9wICwvDc889JxW51KV75bo7M49kMple+4ZmDxhz4cIF3Lp1S9peunRph/UZAGD8+PEYP368tH3w4EG9gE1HLPXe7aqkpCS8+OKL7U6AdZny2W7Lzc0Nzz//vN4JuyG2Or5tbdmyBdnZ2QCAQYMGYenSpR1+Z1v7e8vUY6UNREycOLHTosKjRo2Cr6+vtG0o9UX3tsGDB3ca+NZNI9FNL9Oy9vEhIuoujUbTqwtS9kTNKjXUGtu8pnkFxbjpgKuUNDY2Sb8bSzXu7RjgMNHp06fx17/+Va8I3NKlS7Fs2TI7jqrlj/UXX3wRv/nNbzB+/Ph204lzcnLw/vvv47333utwic62+vbtazRg4+Lioje9Ozc3t92HTTvVHWhZGcMU2hx0hUJhdLxDhgwxusKEbtpCRydG2tUNgJar6mlpaSaN1VouXryIc+fOAWhJTVm6dKlTpaboEgQB48aNwxtvvNHh7Azd91p3Tn5EUdR7vKFgijEXL16Ufo+OjjZpNaTp06dLs7eam5tx/fp1o4+x1Hu3q8z5bOfk5Bj9h3TcuHEmpQPZ6vjqOnjwIH7++WcAQFBQEJ5//vlOU26s/b1l6rECYNKsQBcXF726NYb61w326QboDdF9rdsWWwasf3yIiLpD+x3maDUKdE9OqevUKtvV4LiZV4z8/BKb9NUVirrWmckapqh0iikqJjh27Bj+3//7f9K2q6srFi1aZPO0lM5ERUVh0aJFmDNnDs6cOYOffvpJr7J9ZmYm3nnnHbz66qsIDw+3SJ+6KRMqlQpVVVV6f7hnZGRIv+seP1MpFIpu52vrnkRqc+/b0i0YOmrUKJvPxtFVV1eHr776StqeNm2awcKcXeHn54e33367u0PrsmnTppm0fKWvr6/0XjUnrUSrqalJb8peV5dXFUVR7z2bkpJi0uOCgoIwYMAA6Sp5ZmYmRo8e3aW+DTHlvWstup9ttVrd7rPdlrElZQH7HN+MjAxpOVgAeOaZZ9qlghh6jJY1vrdMOVYdaW5uRklJCQoLC1FcXIyKigpp2VgtQ6vW6D7nmzdv4vr164iPjzfYx08//ST9buh5OML3OhFRR1R3T/zURoK5tnarvNLeQ3BqGo0Gzc3WD3Co1WoUFJSgj5+P1fvqqrq61osVrMHRuV4R4NBoNFi3bh2ioqIwY8aMLj32+PHjen/ECYKARYsW4amnnrL0MC3C29sbkyZNwoQJE3D58mXs2rVLOnlUKBT45JNP8Nvf/tasq9tttT1R0K3239DQ0O2TMkuc1Bl7ns3NzXpXN3Wn5tvD9u3boVAoALRcbZ85c6Zdx9MRQ0GTO3fu4E9/+pMUpKivrzca3ACgN72+stL8PwDkcrneto9P1/5xamxshFJnabmurObSv39/6QTcUrVZLPEZNVdnn21z2fr4lpaW4rPPPtOb1XPu3DmDq7poOcr3li6NRoP09HScPXsWV69e1TuGHe3fVmxsLFxdXaVipB9//DGmTp2K0aNHS0VGS0tLcejQIb1ZNm0DSY54fIiIdGmvbPfmFTd6Io3aNkVGS0oroNZoUFBomdRgS5LXts7mdbQZSo6mxwc4NBoNvv76a2zfvr0lJ0+jMfmk8cyZM3jnnXf0btOuluLoXFxckJycjMTERKxfv16aVlxWVoZLly4ZXM3CnD506U5tNnQVsauMrdxgCW1P3LpTA6K7Ll++LOW8a1fmcabUFB8fHzz88MNScdTjx49j3LhxRoujRkVFIT09HUBLqpMoimbNjCooKNDb7upys23fs1250q77vjGn9oejafvZtkQxK1seX7lcrrdiiru7O5qbm3H48GGkpqZ2uFqPo31vZWZm4ssvv+x2Woefnx8mT56MAwcOAGgJ7O7du1cqJmtIdHR0u2VdHe34EBG1pT3xYxHGnkWttk1dlaLilpp81TW1uHOnAT4+9jsv0FVfr3++4ueAM0wcSY8PcGRnZ2PdunXSyff7778Pd3d33H///Z2mIhw9ehRvvvmmtO3m5obZs2c7VFqKKWQyGZYuXYqbN29KVz6vXbtmkQBH23QC3SvmHh76yyv96U9/Mulqvq21DSAYuzpqLfX19dJqEQAwdepUREdH22Us3TFu3DgcOXJEKkK4bds2vPbaa51+ZnSvqDc0NCAvL8+s53716lXp9+Dg4E4LaRrS9j3blSvNuoGyrqbGOKK2n21LPCdbHt/Dhw9Lvz/00EMIDg7G+vXrAQAbN27Er3/9a4Mn2o70vXXmzBlpdRQtDw8PxMXFYdCgQejbty9CQkLg7++PjRs3SqukdOThhx+Wlhw2Jjk5GUuWLGk3i8iRjg8RkSHaqfuOOIW/uKSSq6iYSSNqbFJ3ori4TPq9qKQcQ4cMsnqfptCtvwEAA6I6LtBOvaDIaFxcHF5//XXpDzW1Wo2///3v2LdvX4ePOXPmjF5ww9XVFePGjcOKFSvsWp/BXDKZTK+Y3+3bty3SbkmJfgEe3WU6vby89IIHxcWOV40YaLmKrPua2qsA3vbt26WCfuHh4Q6bmmKMq6sr5s+fL23n5uZKBVM7Eh0drXeyefLkyS73q1Ao9IofjhgxostttH3PaoM0ptB9f3dnqVtHofvZFgTBaN0KU9jj+N57772YOXMm0tLSMGTIEABAeXl5h9//jvK9VVNTgw0bNkjb4eHheO655/CXv/wFK1aswIwZM5CUlITIyEj4+vqaFHR3d3fH4sWLIQgChg0bhtmzZ6N///7w8PCAh4cHIiIiMHHiRLz++utYvny5wdlsjnJ8iIg6oj0JFh1wBkdDA1P0zKVWa6T6KtZUWNy6qmJRkel/p1ibok5/9mr//l2bpdzbON/ZuhmmTJmC1157Te9q1IcffihNpdd14sQJvPXWW9K2IAiYN28efvvb3zrMzI3uFGIE2l+FM5fu6iMDBw7Uu7IqCIJeEbuzZ89apE9LEwRBL4Wiq0vqWsLVq1dx6tQpaTxPPvmkU0/jTkhI0Asw7Mqte6MAACAASURBVNixo9Op7Z6ennpLgf7888/tgmfGfPvtt3opUhMmTOjS44GWY5+QkCBt676/O1NTU4O8vDxpW3si7czafrYtkbpl6+M7dOhQ6YReEAQ8/vjjUjDzhx9+QGFhocExOsL31rlz56T3c2BgIFatWoWUlJRupaxVVVXh/fffh7e3N5YtW4YZM2bg17/+NVavXo3Vq1fjd7/7HRYuXNhpjRJHOT5ERB3RLiXqiDM4yHwatcYmaUclJa1L2ReVlHeyp221DbYMiGKAozO9IsDh4uKCadOm4Ze//KX0B6JSqcSXX36JnTt3QqPRQBRFnDhxAm+//bbedOilS5di+fLlDhPcUCgU+Nvf/obdu3ebvKSmSqXSWynEWCFNU9otKCiQ6iYAQFJSUrt9dG87f/48srOzTRmuzemeMF25cgXl5ca/0Lpy9bkz9fX12Lhxo7T9wAMPOGVqSluPPPKIdDIpl8vx448/drr/xIkTpQCkKIr44osvTC5sefHiRRw/flzaTk5ONnulIN33bFZWFjIzM40+Zv/+/dJnxtXVVe8k3tE0Nzcb3aftZzs5Odli/dvq+EZEROC5557TC2r37dsX06ZNA9DyHvvyyy8NLn/rCN9bt261/oGVlJRkNC3HlNd1y5YtkMvliI2N7dZKLo5wfIiIOqINbGg0jlNk9FZ5hfGdqFPa11OjMe3cx1yNOumzDQ3drztlKVeuZkm/e3l6ICjI346jcXy9IsChNXv2bLzwwgtwc2spPdLY2Ig1a9bgyJEj0swNbV64m5sb5s2bJ10BdARKpRJr1qxBZWUl9u3bhw8//NDoybi2yKruMoLGlmf86aefcP78+Q7vr6qqwtq1a6WTDplM1q4YHdBSgV83P3vNmjXIzc3ttO/6+npptQRbSUtLk37Xnlx3NEtGo9Fgz5492L9/v0X63rFjh7T6R1hYGB566CGLtGtv4eHhuP/++6Xt/fv36y1b3FZISAjmzZsnbRcVFeHf//630XSq06dPY926ddK2t7c3FixYYPa4R40apfee/fzzzzv9jJ04cUKv3sPkyZP1UrUczaFDh3D48OEOg5htP9seHh647777LNa/rY7v6NGjDQYFZsyYIfVfVFQkFd1s+1h7f2/pps2VlnZcyf3OnTtYv3693tKthqjVammfW7dudesqmCMcHyKijkgBDgeawdHUZJ/6bj2JWi3e/ek4gStbUanUyLje+u/swIGRdhyNc+hVAQ4AmDVrFl5//XUpaKFWq/G3v/0Nf/7zn/Wugi1atMgha27o/nF/7do1vPXWW/jss89w4cIFVFZWQqlUQq1Wo7q6GufPn8e7776LI0eOSI8ZP348IiM7/2AolUqsXbsW7733Hi5dugSFQgG1Wo2qqiocPHgQf/nLX/SW83z00UcNLsnp5uamFyCqr6/Hu+++i02bNiErKwv19fXQaDRoaGhAbm4udu3ahT/84Q/47LPPoLLh+uX9+vXDPffcI23n5+fjb3/7G06fPg25XA61Wg2FQoGLFy/i3Xff7XTlga7IyMjAiRMnAPSM1JS2pk+fLi0Bq1arsWPHjk73nzRpkt5sgdzcXLz11lvYvXs3CgoKUF9fD7VajZqaGly4cAH/+te/8MUXX0j/2Lm6uuKZZ56Bv7/5UW03Nzc88cQT0ntWLpfjr3/9K/bt24fy8nI0NzejsbEROTk5WLduHb788kvpsaGhoV1ehtrWRFHE1q1bsXr1apw/f97oZ3vevHkWLZpq7+Mrk8nw+OOPS9t79uxpF2BxhO+tqKjWInQ3btzAV199hZKSEiiVSjQ1NaG4uBjfffcd/vjHP0rpbZ0RBEH6t6ysrAxbt25FRUWFWX8oOsLxISLqiFRk1AFrcJD5tK9nb0w9upF5U+/f6wH9WWDUmB6/ikpbgiDggQceQGNjI9577z0ALSdfum+cxYsXO+RqKTKZDMuXL8euXbtw8OBBiKIIjUaDCxcu6BVY7EhCQoJeAciOCIIAURSRmZlpdAr5+PHj9eontBUfH48nnngCGzduhCiKEEURx48f10spaKuhoQHp6elGZ5pY0oIFC1BQUCCd7FRWVuKLL77ocP9Ro0YZLZ7ZmcbGRmzatEnaFkUR//jHP7rcTmhoKP7whz90uo9CocBLL73UpXbffPPNbhfL9Pb2xuzZs6XnefnyZVy7dq3DFANBELBs2TJs2rRJKjTa1NSEffv2dVoUGGj5bLzwwguIi4vr1piBltoNixYtwubNmyGKIpRKJXbv3o3du3d3+JiAgAC88MILDr+Ciq+vL+rq6pCXl4e1a9d2uq+xz7a57H18ExMTkZKSggsXLkCtVuPLL7/Eq6++qhfMtvf3VkpKCnbv3o26upY1748ePYqjR492uL+3t3entZlcXFyQlpYmBVQ7a8/d3R3e3t4ICwvD4MGDMXr06HYpX/Y+PkREHdH+Pc9lYnsW8e7r2hsDV1cysvS2owdxJR5jHGt6gg3NmjULL7/8sl4QQ3tl6qmnnnK4mRtaLi4umDdvHn7961+bfDLn7u4upeeYUqRu5syZePDBB9stEajL1dUVc+bM0bsa2pGxY8fi1VdfNVr7A2gpqPf0009bNO/fFN7e3njttdeM5vf7+Phg6dKlWLZsWbeKtVZVVemlDfVUY8eO1ZsxtH379k6vGru6umLJkiV49tlnTV7mddSoUfj9739vkeCG1rhx47By5UqEhoYa3XfkyJH47//+b7PrftjSG2+8gcmTJ3cavO3KZ9tc9j6+8+fPlz6/ubm5Bk/27fm95e3tjRUrVhicGacrPDwcy5cvx5NPPmm0zfnz5+utptWR5uZmyOVyZGVlYe/evXjzzTdx8ODBdvs5w/c6EfU+rVf6HS+Vobq61t5DcFragFV3U4/qGxqRmZWHzKw81DtQjY3OXEpvXQDB09MDySPjO9mbgF44g0PXrFmz4O3tjXfeeQcajQazZ8/G008/7XAzNwyJiorCyy+/jMLCQqSnpyM7OxtlZWW4c+cO3Nzc4Ovri/79+yMuLg6jRo0y+oeyLldXVzz00EMYP348Tpw4gcuXL+PWrVtwdXVFaGgohg0bhjFjxujlYRsTGxuL3/zmN8jIyMCVK1eQm5uL6upqqNVq9OnTBwMHDsSIESOQlJTUrZUCusPX1xe/+tWvcO3aNZw/fx45OTmoqamBu7s7wsPDkZqairS0NOkqcnBwcJdX++htXFxcMH/+fGm2VFlZGY4ePYrJkyd3+BhBEJCamorhw4fjxo0buHLlCvLz8yGXy9HQ0AB/f38EBwdLq7X07WudqXpxcXH4/e9/j0uXLiE9PR15eXmQy+Vwc3NDUFAQhg4ditTUVAwcONAq/Vuam5sbgoOD8dhjj2HSpEk4efIkrl69ioqKim59ts1lz+MbEBCAOXPmYOvWrQCAXbt2Yfjw4e2etz2/t6Kjo/H73/8eR48elb6DBUFAQEAAhgwZgpEjRyI+Ph4uLi4GV4RpSy6Xo6amBgAQGRkJtVptUpqKKIr4+uuvERMTg0GDBund5wzf60TUu2gcsAaH1m0nC3A0NTrOsraWClxlZubh359sBgBERfbFqlefgbeX+YW3re3WrSpUVdVI2+PGpjjsRXhHIoimLsXRQ4miiN27d6OhoQELFizotW+aTz75RFq28aGHHuoxxS6JiHq7iooKrF69GnV1dRg/fjwWLFhgcIaeKIpoampCbW0trl69il27dkl1M6ZPn445c+bYeuhERF1y/UY+1qzbhYfmTkfC8KH2Hg4AoLCgGFvWf43Y6Ej8aoXxVHF7+n7/KfxwoLW206r/WWnH0bTa9+0BXLmUgf/576cR3I0VRHbvOYRv97YWL28b5Fj5+ltQKltqMqYkJ+CF5dabzWqK7Tv344cfW9M/3/zjywgNCbLjiJxD7zyb1yEIAubMmYOFCxf22uBGW444rY+IiMyzefNm1NXVITg4uMPgBtDy76GnpyfCwsIwZcoUjB07VrpPoVDYarhERGbTXulnDY6eRSoe282ZOXFx0fDybE0xLyouw+p//sch01Xq7tTj4E+twaaY6P4MbpioV6eo6HKGtBQiIqKuqK2txY0bLfm7ERERndZWaquhoUH63dSaOETUQ5TeQvNb/4aYkw84UWrFEAB/AYCfjkCUyaAeEIn6JfPRNH6MnUdG3aHR3C0y2s0Ax9Ahg/DLFYvxj//7j3SbNsix6tVnutW2pe3Ze1hv9bEJ40bZcTTOhVMWiIiIeijd5c+vXbuGoqIio48RRRFHjhzB2bNnpdtGjhxplfERkeMRz6RD+fR/Qzyb7lTBjbYEpRJu2TfR50/vwHtz50vVW1PBTePfu9S51hkc3Z9lPnTIIDz95CN6t2mDHI5SuUFeW4fDR1v/DZa5uyNt9Ag7jsi5cAYHERFRDxUYGIiAgADU1NRApVLhnXfewcSJEzF8+HCEh4fD19cXgiBAqVSiqqoKubm5OHnyJPLz86U2Jk2ahKgoLktH1CuoVFD933+A2jp7j8SivD/fgqZ7UqCOHWTvoZAZRG2RUQulHt13b8uqXp9v2CndVlRcBkCACKCr8/oLi8pw4tRF3MjMQ31DA97+39e6Nb7dew7pBXPG3psENzfTZ2D2dgxwEBER9VDalYw+++wzAIBKpcLBgwcNLv1qyNixYzFv3jxrDpGIHIjm+HmI2fnGd3QygkoFr90/oO7V5+09FDKDRmOZGhy6DAU5ABFCFyMchUVlWP1//0HD3ToeSSO6V9z2drUcx34+L217yGR46MFJ3Wqzt2GKChERUQ+WkpKC559/Hn369DH5MSEhIXjuuefwxBNPwM2N10KIegvxSqa9h2A17td67nPr6dRWWv73vnuT26WrQABMTVRpG9wAgKFx0d0a067dB/VSZR59ZBoC/P261WZvw79aiIiIeriRI0ciISEB6enpUi2OqqoqNDY2ws3NDT4+PggNDcWgQYOQkJCA2NhYrixG1Bs1q4zv46QEncLJ9lBcWmHX/p2ZVGTUCqvjGJ7JYZyh4EZUZDjG3m3PHJevZOLk6UvS9qCBkZg88R6z2+utGOAgAMAvfvELew+BiIisyN3dHampqUhNTbX3UIiIep3GRqW9h+C01KqWwIZK1f0io4ZogxxffLkLGo0GgpEclY6CG6teXQZvL0+zxlBaVoE1n22Rtl1dXbF82Xyz2urteHmGiIiIiIiIHJJGvJuiYoUZHFr33ZsMd3c3CILQaQ0OawQ36urq8c9/rUezzgyqObOmIDQkyKz2ejsGOIiIiIiIiHq5xsYmew/BIO2KIpYsMmoOawQ31Go13vtwA2pqWpdk7tc3FDOmjev2eHsrBjiIiIiIiIh6ueISx6wTImpaim5acwaHMdYIbgDAF19+g/yCEr3bnntmfstMEjILa3AQEREREZFl9QuF23MLIfQLM7sJzZHTUH+1x4KDsr2igmJ7D8HpaQMbGo2p65tYlrWCG1u2f69XVBQAfrViMfpH9TW7TWKAg4iIiIiILMx11hS4PDyle22MGgbN+asQs/IsMyhyStplU7W1OGzJGsGN5mYVPlm7FZfSb0i3CYKAF37xOEaOGNrtMfd2DHAQEREREZFFiZl53W+ktILBDZICG6KNZ3BYI7hRq7iD9z5Yj8KiMr3bly2dh+SR8d0aL7VggIOIiIiIiCxKc+Q0lPc+Zu9hOJR9P56Sfs/OLbJJnzm5zp8i01qDw3YBjvr6RosHN4pLbuH/PlgPuVyhd/vSJ+ZgTNrIbo2XWjHAQUREREREZGW6AQ4yna2LjIoikJ1TIK3eAnQ/uJF+NQsff7oFzc3NercvXvgQxt+X2q3xkj4GOIiIiIiIiKwgLDzEKQuNhoaF2HsIEm2Kika0zQwOAaLFghsKxR1s37kfJ05dbHffY/OmY/LEtG6NldpjgIOIiIiIiMgKpkyfiMHxsQCAgpuWT0tRyGvbpTx0l7+/H1LHJFu0ze6wZYqKCOgt0erl6WFWcEOtVuPHgyex5/vDaGpS6t3n7e2FZUsfYUFRK2GAg4iIiIiIzCLEDYLg42PzfsWyCoilt2zerzn6D4jU+0ld01pk1PopKoIoAncDHFGR4Xhm6bwuBzfSr2Tiq217UVFZ3e6+EcOG4OknH4Gfn+0/M70FAxxERERERNRl7js+hNAvzG79qz/dAvWnW+zWP9mGNIPDQIqKou4OrlzNRnhYMGKioyzQmwCIwLDEwXj5V0926ZF5+cXY8c0BXL+R2+4+T08PPLFwFouJ2gADHERERERE1CVCvzC7BjcAQIiLtmv/ZBvawIahFBU/Xx+MHZOEn09cwI5vfkRKUgKSRg5FcFCAeZ3dzU6RebibtHt2bgEuXb6Os+ev4vZtucF94uOisezpRxHg72femKhLGOAgIiIiIqIuEUtvQf3P/0CYdI99+i+pgOarb+3SN9mWdgaHKHaconLf2BSMGB6HTVv24Ktte9E3PATDEgdjeOIQREWFo4+fr8XGc+16Ls5fzMCly9chr63rcL++4SGYNXMS0kaPsFjfZBwDHERERERE1GXqzd8CmxlkIOvSBjaMFRn18/PB888tRH5BCb7/4RgOHDqJA4dOAgB8fLwQ0S8MUZHh8O/jBy8vD3h6tvzn5ekBCAJEnRSYqts12LvvKGrktaiRKyCXK1BTo0B1Ta3R8UYPisT0qeOQmpzYjWdN5mKAg4iIiIiIiBySpourqAwcEIEVyxei6nYN9h/4GcdPXMCdOw3Iys5HVnZ+h48TIUK4m6OSX1CCgoLSLo1z+LAheHDaeAwZPLBLjyPLYoCDiIiIiIiIHI7urApNF1dRCQ4KwKIFD+HRudOQcS0Hl67cQPqVTCgUdywyNkEQMDh2AFKSEpCSlICgIH+LtEvdwwAHERERERERORzdWRuGVlExhUzmjuSkeCQnxQMAcm8WIuNaDvIKSlBYVIYaE9JOAMDX1xsDovphQP9+GDgwAkOHRMPHx8usMZH1MMBBREREREREDkc3qCF2cQZHR2Ki+yMmur+03dDQiPzCUrz3wXqo1S199I/qh+n33wcPDxm8vDwQFhaMwIA+FumfrIsBDiIiIiIiInI8OkENU2twdJWXlyfi46Lh6uoqBThCQwIxJm2kVfoj63Kx9wCIiIiIiMj+hGGD7T0Eq1EN7bnPrSezRIoK9S4McBAREREREVxGjwS8Pe09DKtQjhtj7yGQGXQLi1oqRYV6NgY4iIiIiIgICOwD16fn23sUFtccF4vGyffZexhkBhGcwUFdwxocREREREQEAHBdOhdwdYF6zWZA2Wzv4XRb04R7oXh5ub2HQWYSdVNUrFSDg3oWBjiIiIiIiKiFiwtcn5wL1yfnQrxZCNw2bQnNrrqemY/rN/LxyOyJFmvzq+0HUFUlh7evN2Ytmg11VAQ0vj4Wa59sTxR1U1TaBziKS8qRk1sIuVzR7b7UajVwd5ZIWVkFdu851O02tcLDQxAb3R/BwQEWa5MMY4CDiIiIiIjaEaL7A9HWaftiTgnONDZj3qhhFmuz8OhFlGoAP38/NMcPsVi7ZD8adWtQQ9msQsa1HOTeLER2bgFybxahqUlp2Q4FAQBQWlaJb/ceNqsJbSbN3ab0+Pn5YHDMAAyOHXB3udooc0dKHWANDiIiIiIisqni0oqWnyUVFmtTvHtmyWKUPYdGdwaH9vUVRQgwED1wEILQcSqNiyBAEIS7lUWYcmMNnMFBREREREQ209DQhJLSSgBAdm4xIiNCLdKutkaDoVQGck6iTmFRQQASE2KRmBAr3WbJFJW9PxyFWqUGAPTrF4pRKV2fXXQj8yaycgogCMCQ2AEYGtcyBSo8PASxMf0RHMQUFWtjgIOIiIiIiGxGO3sDAEosOINDG+Dgahs9h26Aw1CR0ciIcERGhFukrx8O/Ay1umXGSN++oZg9a0qX27iRlde6IQhmtUHdwxQVIiIiIiKymYaGJun329WWK2KqTWdgikrPodG0T1Eh6gwDHEREREREZDPFJZVWaVebmiKytkGPob9MLANXZBwDHERERERE5PSkFBXW4OgxdIMaTD0iU7AGBxERERER2YVuPY7uYopKz6Mb1NCdzZGTW4jcm4XIuVmI7JwCKBR3LNrvhYvXsOKlP3b5caIoQri7PmxmVp7URt/wEEQPikRszADEREdZrG4ItccABxERERER2UVjo9JibUkpKrzS33PovJZNSiW2fb0PR46fQ1OT5d43tlBWXomy8kqcOHUJABAU5I+pU8ZiwrhRkMnc7Ty6noUBDiIiIiIispkSC87a0KW92s8UlZ5DN0XF1cUVjz06A489OqN1Bkduy3+1ijo7jtK4sLBgxEb3R2xMf87gsDIGOIiIiIiIyGZ0V1GxJO3JMGdw9By6wSptChIAxMa0BAumPWC5vla+/haUymYAQEpyAl5Y/niX23jnn+uQlZ0PAIgbMghvvLrMcgMkk7DIKBERERER2YyXl4dV2tWt0cAgR88g6gQ1ODOHTMEABxERERER2UxEv1CrtKtbkJInwz2D7uso8jUlEzDAQURERERETk8/nYEnwz2B2EGKClFHWIODiIiIiIjsIjY60mJt6aYzQKMB4Gqxtsk+RHQ+K6e4pBw5uYWQyxXd7kuj1kirtpSXVWL3nkNdbqOyqlrvd20b4eEhiI3uj+DggG6PkzrHAAcRERERETk9vRkcTGfoEXRXUVGrNci4loPcm4XIzi1A7s0iyy8XKwgAgJKyCpTsPdzlh4uiCOFuG7dvy/Ftmzb8/HwwOGYABscOQEx0y4oqZFlMUSEiIiIiIpsZHGu5WRsdYYpKz2AoaCWKIgQI9hpSt7gIAgRBuDsvhe9Ra+AMDiIiIiIisougwD4WaUf3Sj8AgPUaegRR73UVkZgQi8SEWOkWS6ao5OQW4tr1HADApAn3wM/Pp8ttHD95AdXVtQCAoCB/jLs3BcDdFJWY/ggOYoqKtTHAQURERERENhOps4pKRIRlVlRpm5LCGRw9g2hkZZzIiHBERoRbpK+Mazm4diMXri4uWPz4LCnVpCtuZOVJAY6Q4EDMnjXFImMj0zFFhYiIiIiIbMbLywMR/UIAAINjLJOu0jagwRocPYPGhquoDBjQDwDQv38/s4Ib5Bg4g4OIiIiIiGwqsl8oSkorEWmhGRximxSVXVu/hatryyoqoigC4t0VOXR/iq01HaSfgnYhDbHlp859urdr24DUZsu+oghAuLuPKEKECEH3fp2frf3e/Z/2/rtrh6hV6m4fF1c3VwhAS80KoaVyhSgI2lqaEO7eBp2fELT7t/wUWh7U8lPa7+7/hJa6EoB+m9C2eXe/ljbu9qd7v9RMm37v7tNQ39D6ZKwcs/L18UZQoD8GDYwwu43+UX2RlZ0v/U62xwAHERERERHZVGxsJG7fncpvCW0zUspLb1msbWdmiSCJo7BF2tHAgREYNND8lU1mz5qCEycvSr+T7QmiyAQ1IiIiIqLeqr6hCUplM5TKZjTd/dnynwpNSiWUSlWb7db7lcpmqMw4iW5qUqLuTiOCgyxTZBQAbuaXti82Sj2Gp4cHIiNCrNpHdXUtfHy8IJO5m91GXV09AMDX17vDfdzcXCGTuUMmc4NM5g4PmTtkMlmb7bb3t/7n7eVh9vh6OgY4iIiIiIicULNKjdraOigU9VDU1aOurgF1d+rR2KhsH6BobkZTU7NeIKOxUWnX8YuwznKfoggIgghRFHR+ttwhCgIEnZ/alBRBEAzeLwqAIAoQBbElvUMUIEB7P1puv3s/2vaHu0ua3s3PaB1PS3/a+6SfaG1LEO9u370fbfqTnqvQ5jF3n6fULu6ODYAgAjDUryii5em3jO9u/onO/a3HEwb76+h+GDjeQusrb/D1ENq9fi1YE8MQT0+ZXvDDw8MdMnd3naCIGzw9PeDj4wUfH0/4+njBx8cLvj5eFlvByNEwwEFERERE1IMom1WtgYymZiibdWZkNLUGPFpmX2igbG6GqlkFlVqN5mY11Go1mptVUKnU0n/NKv1t1d1tZbPK3k+XyCl5eMjg7u4Kd3c3yNzd7/50g7uB/1pud9fZX7vd+WO8euFMDwY4iIiIiIiIiMjpcZlYIiIiIiIiInJ6DHAQERERERERkdNjgIOIiIiIiIiInB4DHERERERERETk9BjgICIiIiIiIiKnxwAHERERERERETk9BjiIiIiIiIiIyOkxwEFERERERERETo8BDiIiIiIiIiJyegxwEBEREREREZHTY4CDiIiIiIiIiJweAxxERERERERE5PQY4CAiIiIiIiIip8cABxERERERERE5PQY4iIiIiIiIiMjpMcBBRERERERERE7Pzd4DsIbq6mp7D4GIiIiIiIjIYQUGBtp7CBbHGRxERERERERE5PQY4CAiIiIiIiIipyeIoijaexBERERERERERN3BGRxERERERERE5PQY4CAiIiIiIiIip8cABxERERERERE5PQY4iIiIiIiIiMjpMcBBRERERERERE6PAQ4iIiIiIiIicnoMcBARERERERGR02OAg4iIiIiIiIicHgMcREREREREROT0GOAgIiIiIiIiIqfHAAcREREREREROT0GOIiIiIiIiIjI6THAQUREREREREROjwEOIiIiIiIiInJ6DHAQERERERERkdNjgIOIiIiIiIiInB4DHERERERERETk9BjgICIiIiIiIiKnxwAHERERERERETk9BjiIiIiIiIiIyOkxwEFERERERERETo8BDiIiIiIiIiJyegxwEBEREREREZHTY4CDiIiIiIiIiJxe7whwNDbZewRERERERERE9tFLzond7D0Aq1E2Q7PnEDRHzwI3iyCW3rL3iIiIiIiIiIhsTugXBkRHwWXCaLjMmgLI3O09JKsQRFEU7T0Ii1M2Q71mMzQbdtl7JEREREREREQOw+XJuXB9flGPDHL0yBQVzZ5DUQj5PgAAIABJREFUDG4QEREREf1/9u4zOo7y/Pv4b2bVJVe5d9x7xx13AwFjeg01ECAkPED+BEijhRASCIQAoYYaeu82YHABV9x7E26yXCXZVtfuzPNirZVWu5JWq5VWI30/5/gc7+yUa0cz98xccxcAKMf638eyPv8u2mHUioaZ4Fj4Y7RDAAAAAACgXmqoz8wNL8FRUCj9tDfaUQAAAAAAUD810GfmhpfgSIinQ1EAAAAAACrQUJ+ZG16CAwAAAAAANDokOAAAAAAAgOOR4AAAAAAAAI5HggMAAAAAADgeCQ4AAAAAAOB4JDgAAAAAAIDjkeAAAAAAAACOR4IDAAAAAAA4HgkOAAAAAADgeCQ4AAAAAACA45HgAAAAAAAAjkeCAwAAAAAAOB4JDgAAAAAA4HgkOAAAAAAAgOOR4AAAAAAAAI5HggMAAAAAADgeCQ4AAAAAAOB4JDgAAAAAAIDjkeAAAAAAAACOR4IDAAAAAAA4HgkOAAAAAADgeCQ4AAAAAACA45HgAAAAAAAAjkeCAwAAAAAAOB4JDgAAAAAA4HgkOAAAAAAAgOOR4AAAAAAAAI5HggMAAAAAADgeCQ4AAAAAAOB4JDgAAAAAAIDjxUQ7AAAAAMBJzCvOkevXl/tNc998n+zl66IUEQBAogYHAAAAAABoAKjBAQD1QMwbj8ro3qXymYrdUmGR7CPZUsYBWas3yZ7zveyMg3UTpAOEtB8rYC9bI/f/+0v111fslgoKZB/Olr0rXfayNbK++l7Kyau9WL9fIfftf6uTdVaFYxdRFxer2C/+K6Uk+U2212yW+4Y/RSkoAEA0kOAAAKeIjZFiY2SkJEldO8g1Zph01Xmy3p8jz5OvRTu6ajNOHiSjaRPfZ2v+UsntiWJEYYqNkWJTZDRJkXFSJ2nyaJnXXCDrhXdkffxNtKOrHxrYsdvQOe3cNKeNC0huSJLRv4eM1i1lH8qMQlQAgGggwQEATpaYIPPys6WuHeT53d+jHU21uH57rTchcIJ1+i+k7GNRjChyjNYt5brzBqlFM1kvvx/tcOonBx+7DZ3Tzk1jwsjgX8TGypgxQfYbn9RtQACAqKEPDgBoAMxTTpZ57YXRDqNajOZNox1C7TINua69UMaw/tGOpF5z4rHb0Dnt3DSHlznHyiVizLFD6zgaAEA0UYMDAOohO2233Jf9tnRCjEtGi2ZSlw4yBvWROWO8jB7+/R64LjpD1msfSUXFdRxtGOJipWYptb6ZgP0Y6fXFxcpIbSH16Czz5MEyTz1FalHm4TA2Rq4rzpF71cY6j7W21lntbTa0Y7ehq6NzM1LMyaOlFs18n61vF8ucMsY3zRjUR2qSLB3PjVKEAIC6RA0OAHACt0f2oUzZK9bLevl9ua/6nezFq/znadbEe2PvAEbXjpLZAC5BRcWyMw7K/n6FPI+9JPcNf5J92L+9vzGsv5QQH6UA64EGduw2dE47N42Jo/w+2ys2yN60o3RCQrzMGRPqOCoAQLQ45woGACjl9sjzwjsBk43unaMQTPUZHdpEO4RaYe/eJ/vLBf4TExNkdOkQnYDqI4cfuw2d085NY8SA0g+FRbIWr5K1drP/POOGRX7DBUWRXycAoMZoogIADmVv2Oat0h8XWzqxkrbzRuuWMi84XcaIgTI6tZNSkk8M3Zkle/02WXMWyF66JqRtG+1ayTy/zLqSE721GTKzZa/ZIuuzb2Wv3OC/zJhhct11vYzkRCkpMWCdsbNf9J9wPEfFM64OKZ76xN6TETDNaJMqe+tPUYimfgrl2DVOHqSYJ+7xfbbmL5Pnzn94vxvaT+YlM2UM7CWjeTMpP1/W+1/J88wbQbcXiWO/fDxlh9U1xgyTOWuqjIG9ZbRo6q21cjhL9soNst75QvaO3SHvG6Nju9JY27fyniu5+bL3H5a9cr2st7+odHjdcPabtXpTWOem+fNZct18pd9XnrseljVvaaW/Mebff5Yxaojvs71yg9w33VPJEsEZo4fIaNuqdD3bdkp5+bIX/ijdeJlvujm0vzwJ8VJBYejrHjtM5qxpMgb0Kv2bHjgse/FqeV77SMrLr3a8AIDaR4IDAJwqLlZylauIV0EfBq7rLpJ5yczAoRRjEmUkJ8ro0kHmzybKXr5Wnoeelb2v4gco87RT5LrtmsBkSqJLRsd23ge000+R9e1ief71snQ4S5K822nXurq/0nni4wIm2fV4iM2oqMaxW6Kk40vz6vPluvYCKbZMcqRJiiQ76HKRPPb9tGkpo02qzJuv9A5Tahql38XGyujcXkbn9jJPnSDPM2/KevvzKlfpuunnMi/8mZSY4P9F0xQZTVNk9O4m88wp3vW9PzukMEPZb+Gem9bH38h19Xkn1nNie9PHSZUlOJISvf1ilF3PguXV3rYkmZP9mzXZa7w1N+wdu2Xv3e9NZklSSpLMKWNkfTm/6pWmJMn1x5tkTh4tGeX+pt06yejWyVu+ffV9WDEDAGoXTVQAwKHMqWMll8tvmn0kO2A+10O/k3ndRYEPeOUZhoxRQ+R69gEZA3oFn2XMULn+dFOlNUW8wZkyp49XzPN/ldGxXeXzNjDGkL6BE/cG1upozEI9dv00TZF5yUy5brjE/yG9ZPmy/S6cEMljP2CRzh0U8+rDMmeM909ulJeYINctV8k879RK1+d6+E6ZV54bmNwor0myXP/3C5nnnx5SnOHst5Dl5Mla8KPfJHPUEP+aOeWYU0b7/8aCwtASD0EYJw/y+2z9sML3f3vNJv95KxpKtqykRMX8+25vfzBGJX/TFs1kXnxmtWIFANQNanAAgAMZHdt5H9zKsm3Zi1b6TXLdeYPMyaOrt+7WLeW6/1Z5bvyz7EP+HWa6rr0o6ENShQ5lyk7fX63tO5k5fbzMSf772z5wWPbeqveB0b2LYpe8V/lMufkqnnZFyPHUxjprKtRjN2C59q3luvHS4A+eHo+sck2iIn3sB0iM9/4LhWnKdeNlspeuDXo+uH73S5mnnBx6oKYp142Xyl6+VvbufZXOGsp+M8s0F6ku68OvZJ4xqXT9TVNknnaKrE+/DR7PuOF+n+1VG6Wjx6u9XWNQ79IaGpJ0okmQb72LV0tnTvF9NocPUFX1qFx3Xi+jf89qxwIAqD9IcACAE8S4ZLRqIfXsKnPUEJmnTgioRWFv3O7Xz4MxcpDMs6f5r8e2ZX27RNYn38jenCajVQsZU8bIddEZUtMy1cw7tpV5/SXy/PU/pcsmxMvo38N/dTv3ynrhXdlrN0sul4xh/WSeNlHGyYOl3Fx5HnzGN681d5GsuYsknXj4PHeG37qKT/+FlH0srN1TkZAe8CW5Z90g++CR6m8gLlZG61QZA3rKmDRK5uTRgTUTwqx+32CEcewGVWYkGnv7LlkffCV7ySrJ7ZF6d/MbBjTix35lbFv2DytlffS1rPVbvf3TTBvnbWpSdvScpikyLzzd22yrDGNoP5nnTPdfZ36BrI++kTV3keyde2W0byNz6hhvU5uS2g9NkmVefKY8Dz9feXwh7LeanJv2+q2yN273q/liThlTYYLDHNrf73NV/XVUxJw2zn8967f6f16wTK6cvNLaOy2aypw8usLtGcMHBB1txV69SdZbn8lavUlGanOZU8fKPP+0qmuxAQCiggQHANRDoT6Y+xS75fnP636TXFeeEzDco/Xmp/L8+1XfZ/vocW979aWrFfPYn/yq8punnSLr5Q98b5yNVi0CHt6tF96V9c0PpevLOCjri/kyJ42SEhNk79wb+m9wgOr+XeyDR+R56f1ajKj+icSxWxlr3lJ5/vSo9wG9RLnkVKSP/YpjL5bnX6/49YdhZx+TZ3Oa7D0Zcv3hV36zGxNGSuUSHK6rzvM/rwoK5f79I7KXrC5d57ad8mzbKfvAEbnuuqHM+kZIVSU4Tghlv4XLmr1QrjIJDmPYAKlZk4CaGca44VJq89IJx3NlzVkY1jaNUYP9PtvL1vrPUFQse+M2v85MjYmjKuwfxLxkZkBTI+vbxfL84Z+l28g+Js+O3bLmLJTr4btkdGV0JACob+iDAwCczu2R59H/yl6xvnRaSpKMwf59Qdh791f4IGmv2yrrw6/8J8bFypg2tnSe/Yek/AK/WcwzJ8to3TJgfdb8ZbJmLwiY3qhkHZXnnselzCr6lmjMgh27lbD3ZMhz/5P+D+nl1cKxXxHrfx9X2Nmn9cncgNFTjI5tZbRJLZ2QlChjaD//5d790i+54ffdR1/7jdJjtG0lo1unKuMMab/VgPXpXP8aHonx3mYr5ZRvhmP9uK5aI5uUMHp0kXFSmWGFi4uD1swo32zJb0jZ8rGV+zso+5g8Dz4ddF579z5ZnwWvoQIAiC5qcACAg9lpe+R58rWA/gvM0UP8q8dL3nkqecCxPvxK5uVn+7XVN4f0lVXywe2RNWehzHNKq68bY4cp5u3HZS1bK3vZWlnfLo54MxPHsW3viByPvST7p9BrsNhpu+W+7LeRDaUW1hkpFR27lbE+n1fl8Jy1cuxXwD6eV/n367fK6NGldIJhyOjXw9ccyhwz1L/DTduuOjGYfkDq3L50lb26VllTKpT9ViMFhbLmL5N5dmlTG3PiKFlvfuY3mzHcP8Fgf7ckrM2ZMyb4/a3sLT8FTSTa3y2Rbijtf8Ro20rG6CEBQwIbwwf4NVOSJGv5Oimn8r8vAKD+IcEBAE5RXCzlFcg+cER22m7Z85ZW3H697FviE8q/TQ74ft9BKeuo1LJMFfIWzfzm8TzygoxO7WSMLDN6QVKizMmjpcmj5br5ClmLV8l681PZ6/zbxEdDNB7wPS+8I+u/79bpNuu96hy7laliKFlJtXbsh8PefzhwYrMmpf8vH6thKOb1R6u3kbLrq0go+62GrPfnyDxrqq9pkDGoj4wObXzD7hp9u8voUpqYUdZRb0I0DOWbpxgDe4fcLMqcPEae8gmOtq0C5mtozesAoLEgwQEA9VBNH8yN5CDDYubkBk4rv938Avm1Qi+/HrdH7lsfkOvaC73DJCYl+n+fmODthO+Uk2V9OV+eR18Mqwp6fVX+72L07a6Y5//qN7KMOXOKrNc/aVC/uzqiXWuk1o79cLjdgdNiSvvbMKoavjYURv1obWxv/Un2uq2lwyTHuGScPlH2i97EgznZf+hVa+masJrMGB3byehzUthxlh9aVpLUJDlwWl5B4DQAQL1XP66KAICIsnODVEcP4YHNSEjwn5AbpIq22yPPs2/JffEtsv77ruy03ZJt+88TGyNz1jTF/LV+No+IFHtzmqyvfvCbZrRvI9c150cpItTqsV9NRrlmD5Kk7NKON4PGWl2ZWTVfR4RYs+f7fTbHDPP9v3xfI/Y3i8LahjFjfEBnx9VavlM7GYN6+08MloxMCHEIYABAvUINDgBoiA5lBkzy6wsgCKNDG6lluWr5lfSnYR/KlOf5t6Xn35bRt7vMs6bJPHW81KTMkJvjR8g8dYKsr76vXvwOYr3wjnfUmLKjcJx/uqyPv/FVz0cdqoNjP2TdOgZMsveWGZnlcGCs7itvl711Z823HQXWp9/Kde1FUqsWkiSjXw8ZbVJlH8uR0ae7bz77wGFZ3/8Y1jbMscOqnqmqdUwbJ0/ZJnRB/tZGp3Y13g4AoO5RgwMAGiBr6WqpsMhvmjFueKXLmOfM8KtCLknW2i2BM5ZvliJvTQbPw8/Lfd0fZB/w73cg6HbtwO4bjbLDRzqInXEwcBSOlCSZN1wanYAauVo99qujZXOZw8p1qnkoU/bWn0q3sWxtQP8Y5vmn12y7NVWTc9Pt8e9bJTZGxvTxMieMlBJLa0RUNEpMlVq1kNG/h98kz3NvqXjMBZX+s9PKjWZzsn8fHtbaLZLHv7mMMax/paEYwZq1AACijgQHADREx3Nlr/fv5NPo3F6um68MOrsxsLfM807zn1hcLLtcJ4CuGy9TzCv/kDEm+FtUe9e+gDfoRkpo7duNEQODrtMJPC+97xsZo4Q5fVxAtXzUgVo69oMxz56uioZpdf3+Br9aPZJkr9roP9PR4wGxmjOnyDzv1Eq3awzsLaNjLdUwqOG5aX34lV+ywBw1KKDfC2vOwrBCM2eM9+vvRrYte2HVNUHs1Zv9PhvdO/vX6sk+Jnt3hv88HdrIdf0lweOYPt7bBxEAoN6hiQoANFCe1z5SzPAB/kNfXnaW1K61rE++kb1xu4w2qTImj5br4jMDHsasbxbJ3r3P99kYPsC7fFysYh79g+xlq2V9u0T22i2yj2TJ6NpR5llTZQzo5bceO0g1fHvfgYBprqvPk/ILvG93m6bI6Nk17AehOpeXL+vNT+W65erSaS6XXDdcKvev7o5aWI1VpI/9ihhdOyjm+Qdkvf+VrK+/l30kW+aIATIvniljcJ9yQXlkvfVZwDo8r32kmGH9S2N1ueT63S9lTh4ta+5i2Ws2y95/SEarFjKG9ZcxaZTMMcNkzVkgz1+eqva+qUpNz017x27Zqzf5kiLGwD5S+9IhXO3d+2Sv3BBWbOWbp9jpB2Rv21nlcvbS1VLZpJFhyJwxQZ4db5TOM2+JjJMu8N/e1ed7j5nPvpW9baeMkzrLPGuqzDMm1agfEABA7SHBAQANlL1ktawv5sk8c0rpRMOQOW2szGljK1/2wGFZz71dOiHG+9CluBNvT01DxphhclVQk6N0Rbasb5cEjU3Fxf5vY1s2l+uPN5V+zslzToJDkvXmZ94ET/fSN8PGsP4yfzZJ1pfzK1nyxLzdu4Q81KUkFY+5oMp5amOdThDRY78qTVJkXn2ezKvPq3Q26/N5sjduD9ze4lVBYzVGDZFr1JAK12dOHy/r1Q+9taYiKBLnpvXFPLlKan2kJPmNFmMvWhleYClJMgb5J43sNZsrmLlcPD+skOt4jn//QKMGS8+UJjg8786WMXOqjNYtSxc0DZlnTPImNAAAjkATFQBowDx/e0b2klXVWyjrqDz3/lt2RpkOMt0eWZ/MDejboCrWlwtkL1sTMN3ed1DWguWVL5ySJGNw32ptL9qsF98PmGZee2FpYgh1JmLHfgTYa7d4h0yugOdvz8j+fkX1VhofJ3PGhBpGFigS56b1+byAvni8K7dlzV4QVlzmjPFSov9IN8HKlqDcHtkb/JNLRp+T/Jv5ZGbL+tdLAX2iVCj7mJTfOIeCBoD6jAQHADRkbo/ct/5V1uufhHQzbq/ZLPdN9wT2FSDJevNTuW/5i+zVm6rerscj66Ov5bn/iYpneewl2ZvTKl2NMcRhCY5vfgiofm90aifzynOjFFEjFsFjvyLWO18EbYJVOoMta+4iuW99IPhQpGVjvf1vsv77rnQ8t+pYD2fK88Sr8rzwTsixVkckzk37uyA1t7bvqnK9FW6vfEex+YWyQuh/o4RVvlmMy+UdcrbsPHMXy3P/k1JW5SPo2Jt2yH3z/bLT91c6HwCg7tFEBQAaAc8Tr8r64CuZF5wmY0g/GR3bevsdKCqWfSRb9qYdsr/+vso3t/bqTXLf+GcZE0bInD7e29lhi2ZSQpyUXyh7/yHZG7d7h0jdsK3yoA5nyX39H2Veea7MU0Z636Ymxkt5+d6YNu4I6IDRCTzPv62YJ+/xa6PvuugM2Z/MDeiIFLUvUsd+MPb2XfI8/7Zcl58tY/wI7zEcY8rOPOo9Dz6ZK3tx6LVIPM+/Lc+HX8l1/mkyhvaX0bWD1CRZsiX72HFpxx5ZS1Z7O/KsLGFSUxE4N63P58m8ZKbfNPuHMJunxMXKLNdhr715h5SXH/Iq7PlLpV9d5t8vy9hhsl72r3VlffODrJUb5LrsLBmjBsto39o7clROnuy0PbK+/kHWB3O8Mx/OlHp2De83AQBqhWHbth3tICKtobQhBgAA9YNx8iDFPHGP3zTPIy/Iem92lCKq38xzZsh11w2lEyxL7ktvjXifIQCA8FWnny6noIkKAABAOGLpW6Ui5s/8O+a0120luQEAqHUkOAAAAMJRprkDSpnnzggYJteaXfVIQgAA1BR9cAAAACBsRr8e0uEsKbW5zGnjZF50hl/yx967X9aHX0cxQgBAY0GCAwAAAGFz3X6djAG9gn9p27Kef7tuAwIANFo0UQEAAEDYjK4dK/zO+vRbWXMW1mE0AIDGjBocAAAACIsxtJ932N3ybFvWZ9/J8+DTdR8UAKDRIsEBAACAsBgpybL37pfRuqXkcknHjsve8pOsD76StXB5tMMDADQyhm3bdrSDiLTiMRdEOwQAAAAAAOqt2CXvRTuEiKMPDgAAAAAA4HgkOAAAAAAAgOOR4AAAAAAAAI5HggMAAAAAADgeCQ4AAAAAAOB4JDgAAAAAAIDjkeAAAAAAAACOR4IDAAAAAAA4HgkOAAAAAADgeCQ4AAAAAACA45HgAAAAAAAAjkeCAwAAAAAAOB4JDgAAAAAA4HgkOAAAAAAAgOOR4AAAAAAAAI5HggMAAAAAADgeCQ4AAAAAAOB4JDgAAAAAAIDjkeAAAAAAAACOR4IDAAAAAAA4HgkOAAAAAADgeCQ4AAAAAACA45HgAAAAAAAAjkeCAwAAAAAAOB4JDgAAAAAA4HgkOAAAAAAAgOOR4AAAAAAAAI7XMBMcSYnRjgAAAAAAgPqpgT4zN8gEhzlqcLRDAAAAAACgXmqoz8wNMsFhjB0W7RAAAAAAAKiXGuozc4NMcJgTR8m84hwpPi7aoQAAAAAAUD/Ex8m84hyZE0dFO5JaYdi2bUc7iNpiffyNrDkLZW9Ok/Lyox0OAAAAAAB1LylRRt/uMk87RebZ06MdTa1p0AkOAAAAAADQODTIJioAAAAAAKBxIcEBAAAAAAAcjwQHAAAAAABwPBIcAAAAAADA8UhwAAAAAAAAxyPBAQAAAAAAHI8EBwAAAAAAcDwSHAAAAAAAwPFIcAAAAAAAAMcjwQEAAAAAAByPBAcAAAAAAHA8EhwAAAAAAMDxSHAAAAAAAADHI8EBAAAAAAAcjwQHAAAAAABwPBIcAAAAAADA8UhwAAAAAAAAxyPBAQAAAAAAHI8EBwAAAAAAcDwSHAAAAAAAwPFIcAAAAAAAAMcjwQEAAAAAAByPBAcAAAAAAHA8EhwAAAAAAMDxSHAAAAAAAADHI8EBAAAAAAAcjwQHAAAAAABwPBIcAAAAAADA8UhwAAAAAAAAxyPBAQAAAAAAHI8EBwAAAAAAcDwSHAAAAAAAwPFIcAAAAAAAAMcjwQEAAAAAAByPBAcAAAAAAHA8EhwAAAAAAMDxSHAAAAAAAADHI8EBAAAAAAAcjwQHAAAAAABwPBIcAAAAAADA8UhwAAAAAAAAxyPBAQAAAAAAHI8EBwAAAAAAcDwSHAAAAAAAwPFIcAAAAAAAAMcjwQEAAAAAAByPBAcAAAAAAHA8EhwAAAAAAMDxSHAAAAAAAADHI8EBAAAAAAAcz7QsK9oxAAAAAAAAhM2yLJkFBQXRjgMAAAAAACBsBQUFMvPy8lRUVBTtWAAAAAAAAKqtqKhIeXl53j44jh07pry8PNFcBQAAAAAAOIFlWcrLy9OxY8ckSTElX+Tl5SkvLy9qgQEAAAAAAISLUVQAAAAAAIDjkeAAAAAAAACOR4IDAAAAAAA4HgkOAAAAAADgeCQ4AAAAAACA45HgAAAAAAAAjkeCAwAAAAAAOB4JDgAAAAAA4HgkOAAAAAAAgOOR4AAAAAAAAI5HggMAAAAAADgeCQ4AAAAAAOB4JDgAAAAAAIDjkeAAAAAAAACOR4IDAAAAAAA4nmHbth3tIAAAAAAAAGqCGhwAAAAAAMDxSHAAAAAAAADHI8EBAAAAAAAcjwQHAAAAAABwPBIcAAAAAADA8UhwAAAAAAAAxyPBAQAAAAAAHI8EBwAAAAAAcDwSHAAAAAAAwPFIcAAAAAAAAMcjwQEAAAAAAByPBAcAAAAAAHA8EhwAAAAAAMDxSHAAAAAAAADHI8EBAAAAAAAcjwQHAAAAAABwPBIcAAAAAADA8UhwAAAAAAAAxyPBAQAAAAAAHI8EBwAAAAAAcDwSHAAAAAAAwPFIcAAAAAAAAMcjwQEAAAAAAByPBAcAAAAAAHA8EhwAAAAAAMDxSHA4gn3iHxAhthXtCOA4lEMAooXyBwAQmphoB4By3HlScY5sd57kKZDcBZLtlix3tCNDg2JIhim54iQzXopJkBGTJMUmSzHJ0Q4O0UY5BKC+MWMkI0aKSZBcJdesFCkmKdqRAQDqEcO2bVLi0ebOlQqPyi46JhUflfiTIFoMU4ptIiOumRTfnBvHxoRyCIDTGIYU20xGXFMpvhkJegAACY6oKs6RXXBEKsyUPIXRjgbwZ8ZJCakyElK9b8nQMFEOAWgIXPFSfEuuWQDQyJHgiAZPoVRwSHb+YW/1b6A+c8XLSGwtJbTxNmlBw0A5BKAhciXISGwlJbT2Jj0AAI0KCY66VpgtO3+/VJgd7UiA6olvLiOxnbfpCpyNcghAQ8c1CwAaJRIcdSn/gOzcDN6WwrlcCTKS20uJbaMdCcJFOQSgseCaBQCNDgmOupK7T3ZuumR7oh0JUDOGKSO5k5TcIdqRoLoohwA0NoZLRnJHrlkA0EiQ4KgLuftk5+wRY7ijwSDJ4TyUQwAaLUNGSmeuWQDQCJjRDqDByz/gfWPKQwUaEtuSnbtXyj8Q7UgQCsohAI2a7S0DuWYBQINHgqM2FWZ527pTHRwNkW15j286qqzfKIcAQLI9J65ZWdGOBABQi0hw1BarSHb+ATryQ8PmKfCOxuEpjHYkCIZyCABKeQq8ZaJVFO1IAAC1hARHLbHzD/JmG41DYbZUcCjaUSAIyiEAKKcw21s2AgAaJBIctaH4uMTFE42InX9IKs6Jdhgoi3IIcKQnX/lcp195j/70yGtRWb6ulcR772Nv1N1G8w96y0gAQINDgqMW2AWZkofqjwjdK+9/q3Ovf1B/ffIduT0O7CvBUyi74Ei0o0AZlEMAUAFPkbeMBAA0ODF2F4CBAAAgAElEQVTRDqDBcedJhZF/0Ptu8Vr9/en3JUlfvHyPTJPcVG0ru8/LMgxDSQnxatu6uXp376jxI/pp5OCeMgwjrO1YlqW3Plkg27a1cNkG/fzsSerWuW1Nw697BUekxNZSTFK0I0EtlUPl/bTngBYsXa8V63fo4OFs5RUUqXWLpurXq7NmnDJUQ/qdVOsxIHSX3/pPHc48FtK87z19l1KSEyVJu9IP6obfP1XlMm8/dYeaNUkOmL71p3364MtFWrt5p/ILCtWlQ2tNP2WozpwystJrWbjLVWX9ll1asGyDVm9M06Ejx+RymerQtqUmjOyv0ycNV9MmlGGNQiHXLABoiEhwRFphNm9N65H/e+C/2p1+SI/efZ06t28VkXXatq3c/AKl7d6vtN37NXveCg0d0F1/+s1FvgeC6jBNU5fMmqiP5izWyMG91KlDZOKsc1aR9/jnZjH6arkcyi8o1DP/m605C1YGfJd+4IjSDxzRN9+v1viR/XXbtbPCOi8qUhvndF2qr/HPmjFancuUPXFxsb7/5+aF34nwvMXr9PBzH8jjsXzTtqSla0taupat2qp7br1UMTGuiC1XmaPHc/XYfz/WkpVbAr7bmpaurWnpevfz73Xbdedo3Ii+1Vo3HMjDNQsAGiISHBFmFx2NdggoY9+BTB3PzZdt2TVaT9laM5ZlKS+/UHv3H9H3yzfq/S8XafWGND3+4qf6480XhbX+q86fqqvOn1qjGOsDu+iojOQO0Q6j0avNcuhYTp5+//dXtWNXhiTptEnDNWPCUHXr1EYJ8XHKzD6uJau26KV3v9EPP27UqKG9dNrE4RHbfqTO6WiJZvz/+9f/SZKKit3KPpqjNZt36p1PF2pPxmEtWLpeT/3lV0pt0SRgudx87yg8bVs11yuP3hby9nanH9Ijz38oj8fSGVNG6rKzJ6lJSqJ+XLtdj73wkZav3aZXP/hWv7hoRkSWq8yRrGO648GXlX7giFwuU+eeNlZTxg1Wx7YtZdtS2p79ev+LRVq0YpNe/eBbjRrSq9oJFDgP1ywAaHhIcERScY5UFFr1X9SN4zn5EV+naZpKSU5U3x6d1LdHJ7Vv00JPvPyZFi7foH0HMtWhbcuIb9Mxio9LxblSbGA1ddSRWiyHbNvWo89/pB27MhQfF6t7br1Uwwf28JunTavmmjVjtEYM6qmlq7dGNLkh1c45XZfqQ/xxsTFq06q5ZkwYqtFDeuu2v7yg9P1H9MbH83Xz1TMD5s/N9SY4WjYPTH5U5n8fzZPb7dGIQT1189Uzfc34xo/sJ8OQ7n/8LX0we7FmTR+tVi2b1ni5iliWpX8884HSDxxRSlKCHrzjSvXu3tFvngG9umjALV302dzlGj2sN8mNxqLomLfMjE2JdiQAgAihI4dIcudJcuZbxYYov6CwTjrsnDpusO//23dm1Pr26jXbkty50Y6icavFcmjxyi1asspbvf+2a88OSG6U1bFdqs47fWxEt19X53RtqY/xN22SpHNOHSNJ+nbRWr8mISVy8rwJjhbNQn8IzMnN1w8/bpQkXTzzlIA+isYO76tO7VvJ7fb45qvJcpVZuHyj1mz6SZJ0+/XnBSQ3ypo57WS1btkspPXWtpr2tRVuv1CNi32izAQANBTU4Iggux5fJLOO5uizucu1eOVm7TuQqdgYl3p0a68pYwZp2vghAW+r9h3I1C9+97gk6bG7r1O/np0D1nnz3c9q2859Gj6whx6848qA79dv2aXb//qiEuLj9N7TdwVsIzP7uD7+eqkWr9isjINZSk6KV9+enXTaxOEaM6xP0JuzJau2aPa8Fdq4bY/yC4rUtnVzjR7aW7NmjFbbVs0lSZu279HfnnpX2cdL/x7X//5J3/9dLlOfv3RPNfZe5RIT4hUT45Lb7VF+gX9b9Sdf+VyfzV2m3//6Qk0aPVBLVm3Ru59/rx279qtpkyQ9++CvlZgQ55tv5OCeeuD2K4JuJyevQHPmr9SiHzdp175D8ng83k73JgzV6ZOHKzbG/3QOZ/9Ggu3OE7fV0VOb5dC7n38vSerTvaMmjx1U4/WFeoxG6pz+zd3PaPvODF145gRde3Hw5g1nXnOfPB5Ld/7qfE0ZO9jvu5Lz9I4bz9fUcYO1akOaPpu7XBu27lJBYbE6tkvVlLGDdNb0UYov04dFuPFXt9wO5ffv2XdYhUXFQb/PLyjUmdfcJ8m/k9HcvJIaHKEnONZv3S2Px1J8XKz69w68fhiGoTHD+ui9jMNavnabzj6RZAl3ucq8/+UiSdLAPl01ZnifkH9DebZta+3mnVqw1NtB6eHMY4qNjVGvbu01c9oojR/Zr8JlQ7l2lRcX6y3T9x3I1AezF2n5mm3KzM5R29bNNW38EF1wxriAcr+s2BPHx8r1O/T5tz9qw9ZdKiwqVqd2rTRl3GDNnDrSr6+VSP1WqfrXq8o8+/psfThnsVJbNNG/771eqS2qrrVTHVyzAKBhIcERSZ6CaEcQ1PK12/Tgk+/6PXwXFEqrN6Rp9YY0ffz1Ut1z66V+N1kd2rZUh7Ytte9AptZu3hmQ4Dh6PFfbdu6TJK3dvFMFhUVKiI/zm2f9ll2SpOEDewTciC9fs00PPvWO8gtKO0LMPubWkpVbtGTlFp02cbhuvXaW30P4C299pfe++MFvPXszDmtvxmF9/PVS3XHD+Zo4eoAKCot18Ejd9YWSdTRHbrf3rWzzCt5wHj2Wqzc/WaBX3pvrm9YmtZkSE+KCzl/e+i279MATbyv7mH/tiJJO92bPX6lH/vgL3/rC2b8R445+FfxGrZbKoaPHc7Vp+x5J0s8mj6jx+qpzjNb1OV2VrWnp+nHtdn27aI3f9B27MrRjV4a+W7xWD911tZqcSBCEE3845XZVnrz/xqDTV2/8SXc99LIk6c0nfhdQU+N4rvecbt409KZne/YdkiT17NpeMa7giZjuXdpJknbs2l/j5SqSdTRHW9PSJUmnTRwWYvSBtqal66lXP9eWE+sqUVhUrFUb0rRqQ5quv+z0oLWWQr12lRcT49Kc+Sv11GtfqKhMUmpvxmG98t5c7dl3SHfceH6FMefkFeiBJ97W98v9a7ps27lP23bu03eL1upvd14Z0AlwTX6rVP3rVWW+nLdCH85ZrLi4WN13288jntyQVG/v3QAA4SHBEUn1cPSULWnpuu+xN+X2eNS/V2dde/Gp6tWtvYqK3fpx7XY9+8Zspe3erz89/Jr+dc8vlZyU4Ft29NA++nDOYq3akKaLZ57it951m73Ji07tW2lvxmFt3LYnoLr66o1pkhQwfUtauu7715uyZevCMyfo1InD1Da1mXLzC7V+yy49/+YczVmwUn16dNQZU0ZKknbs3u+7Qbx45ik6+9TRapqSpP2HsvT5tz9q9vwV6ta5jSRp2IDumv3qfdq+M0O/ufsZSdJzf/uNunRsHand6qfk7WCMy6UBvQLfOErSnAWrtGNXhi44Y7xmTjtZrVo09T00VGXH7v3648OvqbCoWO3btNAvLj5Vw/qfpLi4WG3ZsVdP/+9L9e/V2XezGM7+jSir/p0HjUotlUPbfiptftW/V5carau6x2hdn9NV+eirJTIMQ7NmjNbMqSerQ9uWyjyao9nzVuiNj+drx679evq1L3wPn9WNvybldjjWb9kpyZvACJbEKGmicuBQtv7xzAdav3WXsrJz1Dq1qYYN6KFZM0apa8c2fsscOOxN6LRt3aLC7bZO9TYFyTqao8KiYsXHxYa9XEW27yo9bvsGqYkYqqxjudqSlq6+PTvpwjMmaEDvLkpJTtChI0f17OuztWTVFr349teaOGqAX78g1bl2lbdk5RbNW7xO40b008/PnazO7VJ1KPOYnnn9Sy1fs03fLlqrC84Y70v4lLd2004ZhqGzTx2jM6eMDDhOt+3cp6f/96V+d8N5EfmtJb+3OteryqzbvFNPvvKZJOnOG89Xz27tq1wmLPXw3g0AED4SHJFUzx7sbNvWv1/6VG6PR927tNPf7rzKdyMYFxeryWMHqXvXdvrN3c9qT8Zhvf/lIl1ZZiSP4YN66MM5i7V+866Am8iS5MWlsybq4Wc/0OqNaX6JjMKiYq3fsluSNKT/SX4xPfGyN6Y//Poiv7dWcXGxOmXUALVv01K/ufsZvfXpQt8D+KZt3jfHHdum6pqLpvuW6dS+lW74+en6+TmTIjoUZWUsy1JOXoF27jmoL+b9qHmL10mSLj17YoUx7NiVoZuuOEOzZoz2TQulPbtt23ripU9VWFSsFs1S9Oifr/NbblDfbnr83l/6zx/G/o0obhajq5bKoaxjOb7/h9KxY0XqxTFaQ02SE3X3LZdoUN9uvmltUpvpyvOnypb05sfz9e2itbrivKlq36biB/VgalpuV1fGwUx9OHuJJGnSmEFBa3XlnEjGfv39ar/p+w5kat+BTM2Zv1K//eXZmjpuiO+7vHxvzZOkxPgKt51YptZfQWGR4uNiw16uImVrEbQKMkJMqEYP7a2H7rxKQ/qf5LeP2rdpqbtuukBX/fZfOno8V4tWbPIr52ty7SooLNLl507Rz8+Z5Ntmx3apuvPG83XpzY+o2O3Wmk0/VZjgaJKcqHtuvVQD+3T1TSt/nM79YY0uP3eK33Ea7m+t7vWqMhkHM3X/42/J47F0zUXTq2wSUyP17N4NAFAzJDgixvZ2sFiPbNy2xzeU4zUXTg96E9ilQ2ude+oYvf3ZQn3y9VJdds4kX7Xggb27KMblktvj0eYdezWkX2miYvmabWrXuoXGjegnwzC0bM02vyH7tqaly+3xqFXLpurULrU0pu17tH1nhrp3aRe0Sq4k9ezWXq1bNtPBw9nafyhL7Vq3UNMU7zj1R4/n6uDhbLUpVy27tpMbZ1x9X4XfGYah804fq0tnTaxwnh5d2+ms6aOqvd1N2/dq8469kqTrLjk1aFKkbFvmcPdvRNWz86Bxqb1yKD+/tKlEQnxgWbJ2007d8beXAqYnJsTrw+f+4PtcL47RGurTo6NfcqOsc04drbc+WSDbtrVqww61b1O9BE1Ny+1QFBZ5m8wsXbVFb326ULn5BUpJTtSFZ4wPOv+IQT21an2aZs0YpRmnDFObVs2UX1CkVevT9Nybs3U485gefvZDde/cTt06t5UkFRe7JZX2AxFM2aaLxcWeGi1XkbLHbWWJkFAMHdA96PSE+DgN7tdNC5dt0I7d/s1manLtGtyvmy4/d3LA9JTkRPXs1l6btu/R/kPZFS7fp0dHv+RGWVUdp+H81uperyqSk1egex57Q8dz8zVt/BBddOaEKpepEa5ZANCgkOBowNZt3inJ+4AxYlDFox2MGtZbb3+2UDl5BUrbtd/Xw3xiQrwG9+umlet3aO2mnb4ER/r+IzpwOFszp52sxIQ49eneUZt37NWRrGO+9rHrTvS/MWpIb783QOs2eWNK271fp19ZdaeAWUdz1K51C40e1lt9unfUlrR0/frPz+j8n43TpDED1b5N3Q/JahiGUpIS1LF9qgb37aapYwf7buor0qJZSlj9XZT8DePjYjVp9MCq5w9z/wJVSSzzRj2/oCjsZhEN/Rht1iRZrVo01aHMo9q192C1l69puV2Zy2/9pw5nBg4h3Ca1mf5y++UV1sz52eQRmj5hiN/DaZPkRE0cPUC9u3fQr/74H+UXFOnjr5fqll/MkiTFxXnnLXZXnIAodrt9/y/pUDPc5SpStilETY7bsvILCrVm005tTUvXtp37lL7/iDIOZkkKHAa4Jteuyn5bSVOigsLwah+EepxW57dW93oVjHdI3/e1O/2QWrdspluuOYvRYAAA1UKCI2IMyTDr1ZuAw1neG9mO7VpWOtxcu1alDw9Hso/7fTdycC+tXL9DK9fv0BXnTZHk7VRUkob0977hGdLvJG3esVdrN+/0jTqwav0OSdLQ/v5vgUpiClXJm7r4uFj95fbL9fwbc/T196v18ntz9fJ7czWgVxfNnH6yJo0eWOMh9Srzxcv31Or6K3Io09sevVP71JBGTAh3/0aUwejT0VN75VDzJqV9MxzOOhbwoDi4XzfNfrW0ptOm7Xt02/0vBKynXhyjtax1qvfBMdR+dsqKRLkdquTEBF190TRNHTu4ygf/it68t2vdQqdOHK6Pv1qiFSfKfUm+9ZWMwBJMXtlaQScSEeEuV5FmVRy31ZFxMFNvfbJQcxet8XUsXZ5l+Z97tXXt8j3012BE6MqO03B+a3WvV8G8+M43WrZ6q299G7ftqbA2ScRwzQKABoUERySZcZLlrnq+OmZUMQCaaZZ+b5e7WRp6ov+MzTv2KievQClJCVq1wdv/xsDe3o4Gh/Q/SW9/tlAr1+3QlLGDVVBYpI0nRlsY1Ne/emzJ+k8e3Et/uf3yav2OpilJ+r/rz9Ulsybqu8Vr9dWCVdqwbbc2bNut9774QQ/cfkVI/Vo4Scn+CvUNVk32b8S4QhsZBrWklsqhsh38bdmRHtCpZKjqxTFayyzL+yMrGoIzFDUptyvyv3/9nyRpxbrt+uPDryk3v0Ad26bWuFZD9y7eGmxHyiSvSmrdHDxccROKkpFl2qQ289VWCHe5ivToWto/RU2O23Wbd+rP/3xdBYVFinG5NG5EPw3tf5J6dG2vdq1b6LUPv9PseSuCLltfr10lx2n5pjvh/tbqXq/KW73xJy1ZtUWtWzbTrBmj9N+3v9bjL32iZx78dY2bF1XK5JoFAA0JaetIqmcPdqnNvR2qZRzMlF3JHfCBMm14Wzb3v8k6qXNbtWiWItu2tTUtXZZlaeW67erRtZ3vhqx/r86Kcbm0fO022batbT/tk8dj+c3ji+lEJ2/bdu4LePsTqo7tUnX5uVP08j9v1T23XqqWzZtox679+su/3wprffVZyf5L358Z0v6KxP6tMW4Wo6uWyqEWzVJ8D4tfLVwV9nqieYyWJA0qKw9ryrIs7Ur3DnXaKowhLSNRbldlxKCeuvgs78hYf3/6fb/ERDhK3vCX7fyzSwfvCDHbd2XI7QleA2DHTm9fI93LJCHCXa4iqS2aqlsnb1Ljmx9WVzF3cG63Rw89/Z4KCos0dEB3vfLorbr7lks0a8ZoDejdRaktmsgM4aG+Pl27yh6nJaPSSDX7rdW9XpVX0mHsvb+9TBecMV4DendRxsEsvfHR/DB+YTXUs3s3AEDNkOCIJFfN2/ZGUknnYjl5BVpZpupweUvXeKuDJibEq2dX/2HYDMPQ6GF9JElbduxV2u4Dyskr0MhBvXzzlHQ6ln0sV7v3HdKWtHRJ3uYt5Q04Uesj+1iuVq5Pq8Gvk0zT1NjhfXX/b38uyds5X0nbYElyuUoPb0+0HvZrqP+JYWfzCwq1eOWWKueP5P4NW0zdjGaDCtRiOXTe6eMkSeu37NLilZvDWkdNjtGantMlnaOW7zugRCQSLuu27FJ+gbcJRfkOHkOJPxLldiiuOG+K+vXsrKPHc/XQf96TxxM8nlCSQSvWeeMsm3AY0LuzYmJc3hG1TgwrXpZlWVqyylumlb2ehLtcZc49bawkb0e4P67dXuX85Y+DtN37dSTL2wzotmvP9vU1Fa6qrl11we847V16nNbkt1b3ehXM72+6UD26tJNhGLrpyjNlGIbe+fx7bd+ZUfXC4apn924AgJohwRFBRkxStEPwM6B3F9+bqxff+UZFRcUB8+zJOKwPvlwkSZo1fVTQdrMjTgz/unHbHm3Y5h36dXC/bv7zDOopSVq3eZc2npinfP8bkjSoT1ffG7r/vPa53xB+ZZW/wUzff0Qr1gW/MS3plK78ciWdsEnSgUqqO9dng/t18w3f9/ybc3zDNZZl27b2ZByWFP7+jaT6dh40NrW5/yeNGah+Pb0PMY88+6E2nhgCMxirggfjmhyjNT2nO7T1jui0dvNPAeu3LEv/fvmzCh/0yzp45GjQc7GoqFgvvfONJO+woIPLNdELJf5IldtViXG5dNdNFyg5MUHrtuzSax9+F3S+l9+dqxff+brC2hRLV2/VohWbJElTT/TBJHkTL5PHDJIkvf7RvID9vWDZBu0/lKW4uFi/IUDDXa4yU8cPVo8TSaCHn/1Au9Ir7lTz6+9X6/d/f1WFZfZ72f/HuAJvm44ez/WNfFNeONeuSEnff0RZR3MCppc/Tgf26eL7ria/tbrXq/JGDOqpMcP7+D736NJOZ88YLdu29a8XPw7p3AwH1ywAaFhIcERSTJJURbvpumSapm6+5iy5XKZ27MrQ7//+qjZs3a2iYrdy8go0b8k63fHgSyosKlbHtqm68MzgQwQO7tdNhmFo0/Y9WrMxTS6X6XtTU6JkhJU1m37S2s27FBPjUr+enYLGdMsvZsnlMrXvQKZuve95zV+6XseO58njsXQk65jmzF+pa+/4t+8mqtjt1oNPvas/PvyaHn72A23ctkf5BYUqKirWtp379NgLH0vy3qh1aFvaM32zJkm+Dube/Hi+0vcfUVGxW9t3ZtRqFfVIinG5dPPV3l7k9x/K0m8f+K+WrNqi3LwCFRW7tXn7Xv3x4dd0673P6+CRo2Ht34gyTCkmuer5UHtqsRwqeShuk9pMufkF+r8H/qv/vPaFNm3fo5zcfN8x9s33q/XP5z48sYz/ZaYmx2hNz+lhJzorzDiYpf+89oUOZx5TUVGxtqSl648Pv6bZ81aE1NZ/d/oh3fTnZ/T1wlXKPparYrdbG7ft0R8efs03TOaNV/wsoPPIUOKPVLkdiratmuu3vzxHkvTWJwu0fO02v++P5eTps7nL9c5n3+u2+17QgqUblHU0R26PR4czj+n1j+bpL497m1f07t5R008Z6rf8pbMmKi4uVuu27NIjz32kg0eOqrCoWAuXbdDjL34iSbrozPEBTRnDXa4isTEx+sOvL1SLZik6ejxXN9/znF7/aJ527zukoqJi5RcUatP2PXro6ff0z+c+1JpNP/lqpUhS5w6tff1KPPO/2dp3IFNut0eHMo/qk6+X6vq7nvLVXCwr3GtXpGQczNJNf3pas+etUNbRnKDH6a+uOMPvOA33t0rVv16VF2xo4MvPnaxmTZK1fWeGPvpqSSR2SznGiTITANBQGLZTnvQcws7aJBUFXrhr6rvFa/X3p98Pad57br1UY4f39X1eunqrHvrPu8ovCD6c3Emd2+qeWy+tdCjGW+9/Xpu3e2+IBvfrpn/8/hq/7y3L0sW//oevN/bhA3vowTuurHB9y9ds00P/eU+5+cF7yo9xufSbq87U6ZNHSJJmz1uhZ9+Y46tSW15iQrz+dseV6lsuqfLhnMV69vXZAfM///eb1bl9qwrjk/z3ebijqDz5yuf6bO4yjRzcUw/cfkXY881ful6PPPuh3/CIZXXp0Fp333KJOp34TdXdvxET10xGi9DeqqL21FY5VCIz+7j++fxHFb6ZLtG5fSvd+asL/DooLRHuMVqTc9rt9uiW+57Tjl37A76Lj4vVb395juYvWa9FKzbpzl+d7xsVqkTJedqxXaoKCot8VfnLMgxDv7nqTJ059eSgMYQafyTK7VA99ern+vSbZWqSnKinHviV2pTpk2Hn3oN65LkPKm0iMKBXF/3p/10cNOGwcPlG/f0/7wWtATJmeB/9+eZL/Jru1HS5yhw4nK1/PP2+ryZiMClJCfrN1TN9tUhKvPr+t3rj4+B9QXRsm6peJ3XQvCXrNGZYH91722W+78K5doVy3bj/8be0aMUmnTZxuG677my/70qWHz+yvzZu2x20Fkdlx2m4v7VEda9XJfFWtL6vTyRM4+Ji9cxfb4psMohrFgA0OK5777333mgH0ZAYVnGtPFjs3HtAP/y4KaR5J48Z5Hej3Kldqk6bOFzxcbHKzS9UXn6hEhPi1b93F11y1in69VVn+g2lF0xmdo7WbPpJkvSzySMC2pYbhqGf9hzQzr0HJEkzp40KqOVRVsd2qTp98nAlJ8aroLBIBQXFMk1DHdulasYpw3THjef5hqGVpJ7dOuiMySPUrGmy8guKVFBQJBmGOrZN1fQJQ3X7Deepa6fA3vH79eys1i2b6VDmMeXkFqhZkyQN7tdNQ/t396suHkzZff7zcyaH1TP8sjXbtPWndHVo21JTxw0Je75undpoxilDFRcb4/39hUVKiItV/16ddemsSfrN1Wf6PVxUd/9GipHYVoprEvH1onpqqxwqkZgQr2njh2hw35OUkBCngsIiud2WXC5TbVs118lDeuuycybrpivOqLANf7jHaE3OadM0NeHk/ip2e5SZdVxFxW61btlMU8cN1u9uOF8D+3TVui27tPWndE04ub9O6tzWb/mS83RQn2566M6r1CQlUVlHc5SbV6iWzVM0fmR/3X79uRo1tHeFMYQafyTK7VAN6XeSlq3eqgOHs7U1LV3TJgzxJXSbN03W6ZOGq0fXDjJNUx6PR4VFxUpKiNfgft105XlTdd0lpyopMT7ourt2bK1RQ3srL79QR4/nSfL21XHZ2ZN03cWnVpikCHe5yqQkJejUicPUp3tHxcTEqLCwWEXFbiUnJuikLm01a/po3Xrt2b5mWGWVNL84knVcx47nKzkxXgN6d9FlZ0/S//vFWWqSkqS5P6xRp/atNHlsaXIknGtXKNeN+UvXa0/GYfXs2t7vhUbZ5a++YJquu/RUJSXE6VhOXsjHabi/tUR1r1cl8Va0vu6d22rVhh3afyhLu/cd0vQJQwPmCRfXLABoeKjBEWnuPNnZmyVP8LduQINlxslo0ZfqvvUB5VCtKHnTPGpob18HkQAcyhUnoznXLABoaOiDI9JikqT41GhHAdS9hFRuFOsLyqFaZVu8FwAcL55rFgA0RCQ4aoGR0JJx1dG4uOJlJPBAXZ9QDtUeWyQ4AEdzxXnLSABAg0OCozbENpESA/uDABqsxNZSbGgjGqCOUA4BQHCJbbxlJACgwSHBUUuMxDZSfPNohwHUvvjmMhJaRzsKBEE5BGGFbDgAACAASURBVADlxDf3lo0AgAaJBEdtMeO8vXO7EqIdCVB7XAkyEttJruAjKCDKKIcAoJQrwVsmmjTfA4CGilFUalv+AdnHd0u2J9qRAJFlmDKadJUS21Y9L6KLcghAY2e4ZDTpwjULABo4anDUtsS2MpI7SjKiHQkQOYYpI7kTN4pOQTkEoFEzvGUg1ywAaPBioh1Ao5DcQYYkOzedN6hwvpLkRnKHaEeC6qAcAtAYGS5vcoNrFgA0CjRRqUv5B2TnZkiegmhHAoTHlSAjuT1vwZyMcghAY8E1CwAaHRIcda0wW3b+fqkwO9qRANUT39zboSijcjgf5RCAho5rFgA0SiQ4osFTKBUckp1/mLeoqP9c8TISW0sJbSQXPc83GJRDABoiV4KMxFZSQmtG+AKARogERzQV58guOCIVZnofNoD6xIyTElJlJKRKsSnRjga1hXIIQEPgipfiW3LNAoBGjgRHfeDOlQqPyi46JhUflfiTIFoMU4ptIiOumbdab0xStCNCXaEcAuA0hiHFNpMR11SKbybFJEc7IgBAlJHgqG/ced43qu48b7Vxd4FkuyXLHe3I0KAY3mSGK04y46WYBBkxSVJsMjeIoBwCUP+YMZIRI8UkeJuhxCR5a2qQiAcAlEGCAwAAAAAAOJ4Z7QAAAAAAAABqigQHAAAAAABwPBIcAAAAAADA8UhwAAAAAAAAxyPBAQAAAAAAHI8EBwAAAAAAcDwSHAAAAAAAwPFIcAAAAAAAAMcjwQEAAAAAAByPBAcAAAAAAHA8EhwAAAAAAMDxSHAAAAAAAADHI8EBAAAAAAAcjwQHAAAAAABwPBIcAAAAAADA8UhwAAAAAAAAxyPBAQAA/j979x3eZp3ne/99q8uybFly73aa052eAAmEPqEMvQ8whaHDlC3Pufac55zZPc/unN1nd2YoA0xjgCHUMAwdAikkgYQ0pznViRP3IjfJ6tJ9/pCjJNiOHTfZzvd1Xb6Qpbt8ZUC69dHv9/0JIYQQQox5EnAIIYQQQgghhBBizJOAQwghhBBCCCGEEGOeBBxCCCGEEEIIIYQY8yTgEEIIIYQQQgghxJgnAYcQQgghhBBCCCHGPAk4hBBCCCGEEEIIMebp4l2AEABOZxtluw9w6HAlBw9X4vX6cNhtTJ5USOnsEkpnlcS7RCGEEEIIIYQQo5iiqqoa7yLE+e2TTzfw4adfEolEiERUIpEIAIqioNEoaDQa8nKzuPuOa8nNyYhztUIIIYQQQgghRiMJOETc1NQ28OrrH3L8RA2hUPis22oUBb1Bz913XMeiBTNHqEIhhBBCCCGEEGOFTFERceH1+fjDn1ZR39hEJBLN2ExGIwsXzGTihHwAamoa+Gb7HlpbO4ioKn5/gL+89h52ezKTurYRQgghhBBCCCFARnCIOPnTS+/wzbY9nPzPb8G86dxw/RUkWS1otNHet5FwhFAozPoNW3n3/S8ASElJ4qrLL0Lbtc2E4nxystPj8ySEEEIIIYQQQowaMoJDjLi9+w6zfee+WLgxf+507rnzeoxGA4qinNpQq8Vg0HPZpYsxGg288fbHtLW52L33IAAVR6vQajWkOlK4/dYVTCzOi8fTEUIIIYQQQggxCsgysWLEfb2lLNZzIzsrjXvuuh6TyXhmuHEag17P0gvnUVyUi6qqHDxUycFDlfj9ATweH9U19Tz7/Eq2bt87kk9DCCGEEEIIIcQoIiM4xIg4eqyKiqNVVByr4oIlc9hbfgSfz8+ypQswm4x97q/X67jxu1fw7HOvApCVnY7P66euPtrDw+PxsmvXAY4eq6K1raPX45hNJrKz0phQnEdxkYz4EEIIIYQQQojxQnpwiGFx9FgV+/ZXUFvXyNFj1YRCIUKhMNZECzZbEkcqjqOqKv/+r39HclJiv44ZDodxuz0AaLVaVFVl955DvLnqY3z+AHq9DkVRYsvM9kRRFLRaLTqdFp1OR3FRLhOK8pg2dSLZWWlD8twBWls7aG1rlxBFCCGEEEIIIUaIjOAQwyItzU5WSzsulxuzyUBdfXRURSAQpKW1HVVVsdmsJFkt/T6mVqslOdl6xn0LF8ygtb2D9z9cSzAY6tdxTm6XlZmKNTGBFFsSGen2ftfRm9bWDj5f+zX79lfg8XiJRCLodDpSbElMnzqBC5fMJSUladDnEUIIIYQQQgjRnYzgEMNCVVWCwRDBUIhQMIS708PRY9XU1TXGtlkwfyZFhbmDPpfP52fDpu20trb3a/ui4jyyM9NItCSg0+vQ63QYDPpB1fDF2s189sVXeL0+AoEgp/9vpdFoMBj02GxJXH/NcubNmTaocwkhhBBCCCGE6E4CDjEiTgYeJ5uLAphMBjSaoelz6/cHCId7n5pyOr1eh06n7bWp6bl6+6+fsenrHXg8vrNupygKFouZm797BRcsmTMk5xZCCCGEEEIIESVTVMSIUBQFg0E/6JESvTEaDcNy3L58tbmMDRu34/P7ATAZDcwpncbcOdPIykzjaGU1O8vK2Vm2H1VVcbs9HK2spq6hibY2F3PnTKNkSnG/Gq0KIYQQQgghhOidjOAQYoC8Pj//+5fP09zcCkByspV77ryOosIczCYTOp2WQDCIz+fnWGUNf/rzKnz+AKauMCMcjmA2GUlKTuSWG65kaklxPJ+OEEIMqxNVdew/UMHW7Xupqq6PdzmDkpHuIDMjlXlzZzBvzjR0Om28SxJCCCEEEnAIMWDbd5bz+z+9Feu38cPv38Lc2SXodN0HRoVCITZ9XcbKNz7o9piiKCQnJXLHbSuYM3vqsNcthBAjze8P8Mc/r2LXnoMAWBLMaMdoKBAOhen0eAFISUnme3ddx/SpE+NclRDifFTf0ExNbSONTU5OnKjD2dJGIBDsdfu6+qZBnc9g0OOw2wb8eG5uBglmU+x3rVZLQkL0d7vdhtGgx2o9c3VFo0GP0WggFA7T0OBkz95DOFvacLs9ZGWmkpbmID8vi5zs9EE9NzF+yBQVIbr4fH4OHDrGscoaKo/X0N7ecdbtr7z8ImbPnELZ7gMU5GdTOnNKj+EGgE6nY9GCWSQlWWhrc1Ff38Sx4zUcP1GLqqq0tbv4essuynYfICsjjcKCbEqmyIgOIcT4sP/gUXbtOYhWq2X2zClkZqYO25TF4RYIBKmuaWD3noO0trbz6epNEnAIIUaUx+PjSMUJtu/cx46y8rOGGoNlTTxzxUOv10dCgvmM+3Q6Leau4OJkAKw7Lbw4ye8PnGrEr4LRYMBiMaNAbLEA5Vv9+TRKAkajgXA4Qmenh6aWVsr3HaGla3uDQc/M6ZO4cMlcSqYUodWOzfBcDB0JOMR5r76hmY8/20BlZQ0+v5+AP4g/ECQcDp91v09Wb8TV4QZg8qTCPi/WTSYDM6ZNIhwOEwyGCASC7NpzkHff/wK/P8D+AxVAtAmq0WDAZDKwaMEsLrl4ISaj9OgQQoxdW77ZBUBOVhp333EtiYkJca5ocFpa2qmqqqO1rYNjldXxLkcIcR5xOtvYtnMfqz//Cpe7E4h+yLclW7HZktBptZi/FSwMRlZm2hm/G3sYpWE0GrB/+z6DHoej99Ec50qn1ZCYmMDSCxdgs6dSvv8I9bV1eDo9bN9ZTuXxWm69+WpmzZgkIcd5TgIOcd5z2G1c951L2L3nEMdOVHPw0DE83rOviALQ1OQkEomm0Ivmz+zXufR6HXq9LtaH44LFpfj9Ad59/4tY+p5iS6JkchFTphQzsTgPgz4+DVSFEGKouNweAGbNKhnz4QaA3Z5MyZRivt5SNqzfnAohxOmcLW189sVXrPvyGwDMZhO5OZlkZaVSVJBDYUEORoNhSIOF0cDj9XHocCVNzg4Skm3MXbKY4ikllG0v48ihwzTU1eNsaeOtVZ+gKFA6qyTeJYs4koBDnPf0eh2pqSksWVzK3LnT8Hp9OJ1ttHW4+rV/Znoq2QOc92cyGVm2dD55uZm0dbjITE/FarVgNhkxm03o9fK/qBBi/MjOGj9zpB325HiXIIQ4j7jdHlafFm7Y7cnMnjmFpRfNJ2ccvbZ+m9frY/OWXRw+VsOSZRfhSI+OKLHZbVxyxSUUFBewZeNmKg4fwdnSxptvf0KqI4XcnIw4Vy7iRT49CdHFbDZiNhuxJVtJS7X3OUXlJL1eh+Zb8wXPhSXBTMmUYsLh8KCPJYQQo1lPozfC4XC/Rs3FU4LZJEOehRBx9fU3u1i7PhpuJCclcsWlS7jwgnkYx2g/o/4Ih8Ns3b6PjZvLuOHWG2PhxumKJhSRkmLjvVXvUXm0EmdLG+++/wUPP3C7vG6fpyTgEKIHOp12RJf9G+nzCSHESDrZpM5o0ON2e3C5O/F6fXg8PlxuD86W1jhXeHYOewoJZhPmBCPWRAtms4mILEInhBghLa3tfLp6IwB6vZ6lF83n0ksWx7mq4Xeiqo73PlzDZVdd1mO4cZLNnsKlV13Gm6+8gdvtZs/eQ9Q3NJOTLaM4zkcScAghhBBiWGVnpbGjLLoCyfad+6g4WkVjo5NmZ1usSd5oZzDoSXWkkJ2VRkFBDm19rLQlhBBDZeNXO3C5oq+VEyfkceXlF8S5ouHn9fn56NMNKBotE6ZM7nP73Pxcps6YytbNWwHYsnUPN31XAo7zkQQcQgghhBgR7e0uWts6UFUVs9lEamoKFosZd1cT0tEqOoXRhNlsJBQK4/F4cbtGd81CiJHT2elFq9XEmsgPJZ/Pz5ZvdgOg1Wi4/NILMBrGfwP6w0eOs3vPQS68+EIs31qqtjczS2fFAo49+w5x03cvH84SxSglAYcQQgghhlViYgJ6vZ4F82eyoOs+l6uT5uZWmpyt1NQ2xrW+vqSm2khz2ElNtZHqSAHg/Q/XsnvvoThXJoSIF5erk8amFvz+ANU19RiNBtJS7SQkmEhLs2NJMA/Jeaqq62l2RqfxORw2Jk3MH5LjjnbbduwFIL+woN/75Bbkxm7XjvL3FTF8JOAQQgghxLDKzs7otuqI1WrBarVQVJTby15CCDH6hCMR6uoaKdt1gM3f7KapueWMx3NzMli0cDZzZ08lNTVl0OerrTv1Qb1kStF5MXojHIlw9Gg1AEazKc7ViLFGAg4hhBBCDCutVoPV2r8hxkIIMZpVHq9h1V9XU3H0BBBdTU+vi36k8vkDVNc0UP3Xz6itbeCqKy4iK7P35pj90dp2qt9PZsbgjjVWtHe4Y8HRcEz7EeObBBxCCCGEGFbJSVa5SBVCjHntHW7e6Qo3NBoNqQ4b+fnZJFkTAWhoaKa2rpHWtg6+3rKL9o5Obr/5ajIzUwd8zo4Od+x2bm7moJ/DWHD69BKtRhPHSsRYJAGHEEIIIYZVWmoKmemOeJchhBCD8uXGbRzpGrmRnZnGiu9czLw502KP+/wBvtq8k3VfbqWhoZny/Ud4c9Un3HbL1WRmDCzkaGxq6XujccbpbIvddrk7caQNPCAS5x+JxIQQQggx7BITE+JdghBCDFgkEuHLjdsA0Ol0rLh62RnhBoDJaODSixdx201XkdEV6u7bf4Q3V31KQ6OTSCQy4nWPRR0drtjtYCAQx0rEWCQjOIQQQohRxOlso7WtY9xdCHu8fg4drgTAbDaRk52ORoYeCyHGiHaXOzZdxG5PZt7c6b1uO2P6JFTgzbc/prGphX3lh3nzbfjOVUspLsqV175z0NzYzKQpk+JdhhhDJOAQQgghRomGBiefrN7A9p3l+P3j71urT1dvBCAvN5ObbriCkslFcqEvhBgTGhtPTRVJTkrsc/uZ0yeBCm+s+pimphb2lh+msamF+753A8WFOSP22hcKhfD6/IRC4RE53+kMBv2gl8v1+3xDVI04X0jAIYQQQowCHa5O3lz1CXvLDwNgSbSg046vt+mIGqHT3UlVdT3P//4Nnnzse0woyot3WUII0afTGyX7fH4ikUifIcXMGZNQUXn9rY9wOttobHLy0ivvcv+9N1BUMHwhRygUxuPx4nJ7aGpq4UR1He3trr53HGLp6Q4mTywgIcGMJcFMQoJJQm0x7MbXlZMYFi5XJzW1DXS4OuNdyqiRk51OTnZGvMsQQowjm77aEQs37A47s+fOItFqjXNVQ8vvD3Bo/0FOVJ7A7w/w2psf8d//8cF4lyWEEH0qyMsiwWzC4/VRVV1PdW0D+blZfe43Y9pEliwu5YMP1wHQ2OTkzy+/y/fvu5HC/Oxh+cDf2emhbPcBNn+zm8rj1UQi6pCfo790Oi2ls0qYO2ca06dNwmQ0DOp4wWCQgN/f63OyJlnxeX0Eg8FBnUeMXRJwiF75AwE2btrB7r2H6Oz0EAjIC8VJiZYEMjPTuOiCuRQX5ca7HCHEOPDV5jIA9Ho9V117NZNKxuec47kL5/LCb56ntaWVqqq6eJcjhBD9Nn/ejFij0bdWfcr999yAw2HrdftIJMLxqjq+2boHAEVRUFWVxiYnL778V35w300U5GUNeciRnGwlKyONaVOL0Wk1tHe48Y3wtEeNRiHBbMJut1FQkENuTuaAwg1VVfH5fPi8PgKBAI11DdTV1uH3+3vcfsHiBezeUUZz8/m3+oyIkoBD9MgfCPDOu5+ze89BWlrb413OqNOAk6rqempqG7jx+sspmVIU75KEEGNcY5MTAEda6rgNNwAMBgNTpk1h88bN8S5FCCHOyeXLl7B77yHa2jo4dLiS19/+mDtvXYHdntxt20hE5UR1PS++9A6NjU40GoWcrHQ6vT5aWtppbHTy4kvv8IP7byY/N3PIQ47JkwuZPLkQVkDliVpOHK8Z0uP3xWQyMWVyIcnJgxyJqEZoqKnhYPkhjh45SnOz86wjUi6+/BKam1vQ6rSDO68YsyTgED36cuM2tmzdjdcbbexj0OtxpPaeUJ9PAv4gzpY2AsEglcdrWPXuZzzxyD1YrZZ4lyaEGAcMgxy+OxYYDOP/OQohxp+MDAc3ffdyXn/rYzweL7v3HEQB7rhtBfaUUyFHJKJSVV3Hn/78Dg2NTjSKQm5OJj+8/2YaGpy89tZHtLa209Do5E9/focf3n8TeblZaDTKsNRdmJ9NYX72sBx7uCWbdUwrzMCiCZNgUDh+wozb7ek15Cgv201aqp1U+dxy3pKAQ3TjDwRZs25LLNwozM/m8suWDD6BHSci4QhV1fW898FaAsEgJ6rq2LZjL8svXhTv0oQQQgghxDBatGAW9fVNrNuwFY/Hx649BwGFO29fQYotiUhEpbqmnj/++R0aGpvRKAo5ORn88P6bycxIJTMjNdp49M2PaG3roKGxmT/++R1+9P2byc3JHLaQYyyz2azYbFOYPWsKAPUNzfh8Z59yk5npGInSxCgkAYfoprHRSUvLqWkp37lqGTNnTEKrlaFeJ+XnZ7Ov/Aj7Dx4FYP+BoxJwCCGGRURV6XS5CQVD8S5lQIwmIwmWhHiXIYQQQ+a7112GCqz/ciser49dew6AAnfeugJ3p4c/vLgqFm5kZ6fzo+/fQmZGamz/0lkloMJrb35IW7uLhsZm/vDiKh74wS3kZGdIyNGH0/+WQnybBByim+qa+jN+nzZ1goQb35JgNpGXmxkLODxeWaNbCDE8OtraWbt6Dc6uHh1jTeGEIpZfsVzeR4QQ48oN112Gqqqs37AVr9fPrt0HCAaCtLS209DYjKIoZGWl88D3b+3xA3np7BJUoiFHeyzkeJsHfnAr2dnpaJShCTkiqkogEIxLSG40GdDr5OOmGFnyX5zoprW144zfDQZ9nCoZ3eTvIoQYCQf27mfPzj2YTCbC4fCYWfrOnGAmGAhSW13L3Plzsafa412SEEIMSDgcQavt3gT0xusvB1Vl41c7cXd6KD9QAYBGoyEzI5UHfnArmZm9jzaYM7sEUFn5xoe4XJ3UNzTz+z+9xQM/vJXsrIGHHKqq4vMH8PsCtHW4qKysob6haUDHGoySKcVkZ6VjNBowGQ0Yz4MeUyL+JOAQ3YTD4XiXIIQQoovP19UPqbgANBqa43CROhATJk/gyMEjOJuddLhcvQYcbrcndjsUChFRTzWOi0RUNBoFrUaLxWJCJ98ECiHi4ERVLcnJVhLMJoxGA8ppwcN111yKyWRizbotdLjcqKqK2WzkjttWkHWWcOOkObOnoqrw/gdrqGtojoYcf3ybH//oVrIz0wZUr9cXHVFStusAZbsPDOgYQ2Ht+m8wm02UziqhdHZJdGqOEMNMrhSEEEKIMeBA+UHu/fH9FBYVxLuUflm3ei3O5ui0Gt1Zlutbs/6b2O2a2gY6O72x3zs7vRgMOlJsSSxZVMqkiQUkJJiGr2ghhOjBh598SVNTKxcuKWXGjMlkZaSiKAqhUJj9B49isZi5dsXFvP/ROlyuTjo7vaxdv4XszLR+rbI3t3QqWZmpvPD7N6hvdFLf0MTv/vAWDz5w24DqVRQFo9GI1WohLdWOPxAgFBr5LzCNBj2JlgSs1gSMehn5LEaGBBxCCCGEGHKnf8OZlt77t5AhrTF2OyHZRohTYUggrNLS0kpVdT07d+1nxVXLWHH1MvT6vi9fVFU9owYhhBioxQtn84cX32bVu6vZtLmMhx64nVS7jYOHK/nDi2/j8/mZP3c6d952DSvf+AC328POsv0oKNx9x7UkJvbdaDkrM40HH7id53/3Bg1N0ZDjhT+8OaAp0WaTkbmlU5lbOhWA8v0V1NU3nvNxBmva1IlkDXAUihADJQGHEEIIIYacJTEROPVNYm8WXbj4rMdpamxi9YefceTQET769Evy87OYM3tqt+2CwRCBQAB/IEgkHMHr82OxmNHrdei0OkwmgwQeQogBmT5tIvaUZJwtbdTXN/HC79/g2msu4ZVX38Pn86MoCk3NrcybMw2Ala9/gLvTw46ycgDuvvNaEvuxmlQs5Pj96zQ2tVBf34R+CEY+TJs6gWlTJwz6OEKMBRJwCCGEEGLIpWZEv7Uzm82DOk5aeho333UL//HP/04kEuGT1RvPCDgikQjuTg8HD1eyf38F5fsraG2LNstOsSVRVJhLdlYa8+ZOJ8WWhMlklKBDCHFOzCYjN99wBa+99RFut4e6+ib++Ke3iXSNFEtLTeH+790IEA05VJVXX/+ATo+XHWXlKEp0JIfF0vfrYXZWGg89cAfP/e41mppbCQaDqCooSnRkmhDi7CTgEN30J2EWQggxsrRaLZFIhFBoaJb6i4QjsYtljUaDolFi5xmKAODksrAng47BMBqNJNuSaW1ppbKy5ozHWlraeXPVJxytrAZAjagYjQbC4TDtHW52lJWzoww+X7uZiy6Yy0UXzCXVkdKvaS5CCHHSvLnTsaUk8eJL79DsbCOiRgAFk8nAQw/cQXZW2hnbqsCrr7+Px+Nj+859ANx52woSExP6fI3Nzkrj4R/fyW9fWEmzsw1QUVVobevodUUXIUSUvLuLbuyOlNjt9DRHHCsRQghxUmpaKs7GZvweb98b90NjYxMBvx+ApORkkpKsAKRlpmE0mkABrSYaUmi1GhRFQdFo0CgaUJRuF9jhcARUlYgaQY1ESLYlodfr0QzRhbg1OYnWltZu9weCIa668qLY7z6vn4pjVdTWNdLa1oHT2UYgEMTvD/D5mq/Z+NUObrvpahbMnyHLfQshzsmEojweefBOnn1+JU5nOyoqloQEDAZ9t74/8+dOB+Avr72P1xsNOWrrmnj0oTtJddj6FXLEztXSDqisfP0DUpKTmDSx4JxCjlAoPPKrJCoKep0WjUbCGDGyJOAQ3ZhMp9aoTk5OjGMlQgghTgYEkYjKts1baWocmWViDUYjmdmZKIpCekYaFosFa3ISdnsKBpORrOysM7ZvbGgg4PPT0tKKq72DSCRCyfQSEq3D+z5y+remJ02fNjF2u7aukW3b9/LNtj20tnXg8/l5eeXf8Pn9LL1oHgbp7C+EOAfZWek8+tBdPPPcSlpa22l2tvLsC6/x2EN34rDbuoUcqqry6mvv4/X5qatv5LcvvMajPWzb67kevItnno+eKxAI8tzvX+eRH9/BxIkFaHsJD1RVJRQKEwqFCIXDVFScoOJo1ZD+HfpiMpuYMXUiDocNnV6HXqeNjewTYjhJwCGEEEKMYtk5uZhMJtrb2gAwGAx97DEwmq4LT0Uh9o2bRlEwmkz4fX6Sk5PxdnrQpKf1uNxgKBRGo9Ph7fSg0+no6IhejBdNiG9ju+ysdK6/9lKWXjiP1976mP0HKggEgry56hMUReHipfPlolsIcU5OhRyv0trWQV1dI88+/xqPPXwX9pTkM4KLBfNmANGRHD6fn9qzbNvjubLPPJfP5+e3v3udRx+8k4kT8nscIeHx+ti1+wA7yw5w6EglPp9/aP8A/fTeB2tISUmmdFYJpbNKmDK5UHogiWEnAYfoJj3NHrudYkuKYyVCCCEmTpnATbffTEN9/bCeJ6+4AACT0Uh6Rvq575+fe8Y/R5uUlGQe+fEdvPv+F3yxdjOBQJA33v6Y1NQUZk6fJBfdQohzkpOdzmMP380zv/0Lre0d1NY18sxzK3nskbtJSbaeETwsmDcDVYW/vPYefn/gjG3ttqQ+X3/OPJcLn8/fNWrkLiYU53ULOfy+AKFQGK/Ph1ajwWg0oEZGvkGpRqMQCATxeLx0uDrx+QOYTb2vqiXEUJCAYxxpa+ugsamFYPDMBnSBYBBPp5ecnAyys9P7HI57eqhhT0kellqFEEL038SSiUwsmdj3hmPEkIYJERXcnWffxmiI/gA3XHcZJqOR9z5cQzgc4bU3PqTg7x8gOUmmZAohzk1OdjqPPXIPTz/7Cm0drmhw8dtXueuOa5lQlHtG8LBw/gxA5ZWV7xEIBGPbPv7oPaQkJ9HXy+K3z+Xz+Xnm+ZU89vDd3c5ltyez7KL5LLtoPl6fnz17D9HS0jZMf4Wz1ZzJzBmTRvy84vwmAcc4UHm8hn3lR2hodNLa1tGtw34oFMbr9ZOWlkJaqp2C/GwKC3LIye79Gzq9Tkcw9VoAHAAAIABJREFUFEKnk2G7QgghhlaK3d73Rv1VW0/glsd7fkzT1RD1R7ei/f4tsbuvvvIiDh85zt7yw7S0trNm3WZuvP7yoatJCHHeyMlO5/FH7+GpZ/9Ce3s05Hj2uZU89vBdFBflodGcSi4Wzp8ZHcmx8j0CwWjI8fSzr/LEo3djsyXRV/T77XP5fH6eee5VHn/kbooLzzzXSWaTkYXzZw7xsxZi9JK2tmOYx+Nl/YatvPfBWlZ/8RVbtu7m0OFKjh6rPuPnRFUdTc0tlO+vYP2GrezafYCmppazHtvhsAGQljaEF6FCCCEEkDSEowMjew6ByRj9MRqioUYXZVIBysJZaJYu6Lbfj35wc6xB3zdb90RXgRFCiAHIyc7g8UfuIalrJJjX5+OZ51dyrLI6thz3SYsWzOSeu66LLVVdW9fA0799lfZ214DOFQ05ej6XEOcjCTjGqLZ2F+9/tI6PP9vIvv1H8HY1D0pIMJGamtLtJzszjflzp3P9Ncu5YHEp2WcZvQFgtVqA6JxlIYQQYrTSlE5F/8t/QP/Lf0D3sx+gFOedemzGFPS//HuUwpxu+5lNJmbPmgJAS2s7u3YfGKmShRDjUG5OBk88+j2Suq6hvV4fTz/3Kscqa3oIOWZxz53Xx0ZK19Q2REdldLiH/FxCnG9kisoYFAyGWP35V3y5cXtsOkqqI4WpJcXk5WViNpm67aPX6UhPd5Cebkev6/tf+8lUWQghhBjVIhFCf17V40PhT78kUnECzfJFaG+/ptvjixeWsqNsPwCHjlQyd860YS1VCDG+5eZk8ORj9/Lrp1/C5fbg9fp46rd/4SeP3UthQfYZ2y5eOAuAl1/9G+FwmJraBn7zzCv85PF7Y8HFQM715KPfo7AgWxoni/OWjOAYg3bvPcSmr3fEwo38vCyuv3Y5K65exsUXLWDh/JndfuaUTiUnO71f4QZEAxOAtNSUYXseQgghxgdVVQmHw91+evsm0WzuHsQPVKTsAOreQ6d+jlWferDTi7r3EEpWz6MWJ00qiN2uqh7eVWqEEOeH3JwMfvL4fSRaEoDo6IoPP15HTy+HixfO4t67r0erjX4kq6lt4NdPv4yrr8bJZznXb559heMnamUkhzhvydf0Y4zH4+OzzzfFpqQkJSVy7YpLmD1zypCe52RyLKuoDEwwGKK9IzqX0umMdq1ub3cTDIXweLx4vL4e90swm0hOsuJw2MjPy5KRNEKIMaG+tp5PP/y02/2LLljE1BlTu92fkZkxZOfWzJ2G/tf/PfZ75NBRwk+9DIAydzq6H96GclqQcbqE04KWmtrGIatJCHF+y83J4KdP3MuvnnoJj9fPnn2HcTpbSe3hi8PFC2ejqvDWqk/o9HipqW3gV0+9ws+evDcWXPTnXP/1m5fweL14vT5+/cwr/PTxe8nPz+6zcakQ4418ehpjjlVWU3m8Jvb75csXD3m4AaDX69HLCir95g8E2bX3MC0tbbhcboLBEC5XdB6l09kOQEfX/R6vD28vAYfZbCI5KRG7PZmiwlyKi3IpLswjIWHovu0UQoizUQE10v2bP0XpfXnXDWu+5MSx493u9/t8PQYcJyXbhiZEj+zcF73h6iT80brobUVBe/s1KHPPPu3Ebk+mpaW919dlIYQYiNycTP7lfz3Jrt0HKdu1n8MVJ3oMOACWLJpNbk4G//WbP+Px+qipredXT73Mz568D0uCuV/n+qd/fJDnfv86VdX1eL0+fvX0y/zsifvIz8sa6qcmxKgmAccYs3PX/thth93GsovmD8t5HA4bdrttWI49HoUi4AqAKwhtnjBudyfhYBiXKzqKo60tOoqj0+UmFAr3ehxvV/hR39DMocPHyc/LZPLEQpYsKiUzM3VEnosQ4vx2cN8B3vzLG93uX3jBIq6+7uoe95k1dzYH9h/sdn/JtJKznis5ZfDvM2ptE+E/vnXmnYkWtD+6Fc2y7qunfFtLS/ugaxBCiJ4kmE0sWTSbJYtm97ltXm4mP3vyfv7z1y/i9fmprqnnv37zEj//yf1njDbrjcNhi+1fXdOA1+vjv556iZ8/eT95uZlD8XSEGBMk4BhjqmtOzREuLMwZ0nnMp0tKSowtPyX6ptPrKZo0kSIgFArhdrkJBUOnAo7WMwOOUCiE2929U3any01baxvOZiehUIijx6qpqq7H2dLOBYtLmTZ1wkg+LSHEeehgec+riezeUdZrwFEyvYT/8f/9jx4e6X1wtNFoHEh53c8wuRAsCdDpAUB72wq0P7oN+tGk73STJvY8jUUIIUbKyZDjv37z5zNCjp89eV+/Qo4Esym2/+khx8+euE9CDnHekIBjjHGe9k1TcWHusJ0nKSmxXy+kojudToet61vJ1PSeR12cDEG+ze1y0+psoaaqhuqqamqrawkGQ2zdvoeWrpBEQg4hxHBadunFtLa0dbt/0YWLzrrfuXbsz8gaoottqwX9s/+T4KO/gE4P4Y/Xo73zWuhHSH96Y9FUh4xaFELEX35eFj994j5+9dRLeH1+qqrr+NVTL/PTJ+7t17W5JcHMT5+4n189FQ05PB4vv3r6JX76uIQc4vwgq6iMMR2nrY+dmZk2bOdJtdtwyMXesDkZgnz7Jzc/l5lzZnHJFctZdtnFzJwzC6022gul4mgVH3y8joZGZ5yrF0KMZymOFO594N5uPyXTzz7dZCBMpiEaxTGlGN0/PRz9xdVJ8L/9J7j6XoXg6y1lsduTJhYOSS1CCDFY+XlZ/OTx+zB3vUZWVdfx66df7rVJ/bclWsz85PH7yMmOriDV2enl18+8THVNw7DVLMRoIQHHGDacK2zo9TqSZYpK3JjMJiaXTOaSy5czZ/6cM0KOzz7fRLBriWAhhBgOGo2m28+5jtDojyFbTUVR0FyyCN3/8xAA6sGjhP7t+T5323xawFE6e+gDHCGEGAhFUSjIz+LJx+5Fo9Ggqionqur45X/8vt8hhTUxgZ88cSrkcLs9/Prplzl0pHtDaCHGEwk4RK8mTpD5yPGWYrex9NJlzCidGbtvy9bdHKk4EceqhBBiCJxlVZYB0WjQXHcpmquWgaoSWbeF0C97Dzk++mQ9nZ7ot6GLFszs10oFQggxUhRFobAgOxpQqCqqqtLY1MKvn3ml3yFHUqKF226+GqPRACq43J387o9vSnNlMa5JD44xzOv192u72tpGvL7+bXs6RVGoOFpFdNHAscFisZCZ4Yh3GWdwNjVTX9f3G5HdYScrp/tSXtYkK8suXcaJyuO0OlsJBkOsWbuZiRPy0evkf2Ehxht/P1/bx7qMzHRsKT0vmThgWg26f3oY9cqLor/38hp5uOIEH37yZez3a66+ZGjrEEKIIaAoSnQqn6JEQw7A5XLzm2df4clHv0duztlHwVXXNPDHl97B7w9A9BC4XJ387k9v8cSj90i/PTEuyaejMSYxMQG3u6tTvKbvATgHDh1j46btdHq8534ylbM1wB+VkqyJLF+2kMLCnHiXAoCz2cmGtRupPlHV57ZpGekUTyxmwZLuyxqm2FNYsHgBn334GQD7Dx6l4mgVJZOLhrxmIUR8ZGelU1vXSGNDAyeOV5FfkBfvkoZVxcEKFl+4eOgPbNCjLC7t9eGa2gZ+/6e3Ykt2X33FhaSn24e+DiGEGEqKgtGgxx8I0uFy89Rv/8KTj9xDTi8hR01NA0/99i90dDW1NxkNgILP7+f48Rr++rfV3H3HdSP4BIQYGRJwjDEL589kzbotpKWmkJfb99zlteu3ULar5yX/xiuTyTBqAo5d28vYvXMXEF2662zNoVqcLVQcPoI5wcyM2TO6PV46t5SdW3fQ1Nh8ahRHcR46GcUhxLiw/OKFvPr6B6iqyqqVb7PogoXkjUDIkWxLJsmWPOznOd2Rg0conlSEzT7EIzhO0vb8BcA32/bw6usfRL/NBGZMm8i1K5YPS38RIYQYajd+93LefW8NPr+fjg43Tz33Kk88cjc52Wd+JqipbeCp516NLk6ggslo5PFH7sbj8/HscyuJqCpffV3Gd65cht3e/fU/8ukGQq/8FcViQff3P0LpYRlt9chxQv/xB9SKEyizS9D/4klITBi25y5Ef8knozFm+cWLqKquZ96c6dhsSX1u39x8aqk/o9GIwWgYkjo0zS1DcBANEfvQrNTi9/kJBKIXrE1NrUNyzKFQVRntlWG1WiiZUszhw5U9bufz+/H5AoSCIb745HMmlUyOzpc8jSnBzMIlC/nwbx8BUH7gKBXHqpkyqXA4n4IQYoRcsLiUteu3UFvXhMvlYv0X69H0Y6TeYCka5YwP+EajifSs9DO2KSjIj902GI2kn7aKV3Jy/wISFWhsaGRv2W4i4QhXrLhqxIKFI0dP8NnqTRw4dCwWbmRnpXHPXdcPa8NuIYQYSllZ6Tz28F0889yr+PwB2ttdPP3cSh5/+O5YM9Ga2kaefm4l7e0uVFXFZDTw2MN3UVyUi6rCgnkz2Lp9L6FwmI8/28Ddd1x7xjnUXQcI/fIF8PtRFYXgz/8Vw6u/OiO8UCuOE/z5v0JzK4QjqJvLCK/6BO19N43o30OInsi7+hiTnmbnuhXLKSrq3wgFVT3VP6OguJDCCYVDUkficy8O+hiq0UTnDSuGoBo4VH6IyqPHAIioo69niF6nw25L4srLL+zxcWdLG1+s3QxAe1s7u3fuYsHi7lNVps2awZdrN+DqcBEMBlmzdrMEHEKMEzqdjscevpt33l3Nth37CAaDcanD5/Xh6ugAoj2AkmzJHDlcAYDRaCAjMwNPZ3QJ1mSbjYgK7V3b5+X3POKko62d9o4OIhGVpcuXAaA36IftOdTUNlJX30hNbSNHKk5QVV1PIBAkHI5OS5k/bzo3ffcKbMnWYatBCCGGmqIoTCjO49GH7uLZ51fi8wdoa+vgmedf5bGH7gbgmedfpa2tA1VVyc5K4wf33kxOTnosML/m6ovZun0vAF9vLuM7Vy49NYrD7SH4//4KvD7CqXa0zS3Q2IJ65DhK6VQA1IoTBH/+b9DYAqpKKD8P3YkqItv2SMAhRgUJOMagKZMLz2HrUx/28wvzh2y+c9r/+s9BHyOSZMU5RPW42l2xgEMdhQFHS2s7Ryur+buffL/Hxzs7vewrP0x9gxOATes29RhwmBPMzCidyddffgXAvv0V1Dc0k5mROnzFCyFGjD0lmXvuvI7bb/lOv7Y/cqyKQ5UNzFkwb1jq+fbysIqioDlt+odG0aBo+h6FYU1KwmKNLj1+ctnrobJv3xG27tiDzxcdmVFxrIpIOEI4EiYcjhAOR/8JYLMl8d1rLmVOaQkmk1GmpgghxhyNRsPECfk88uBd/PaFaMjR2trBsy+sRI1EaG1zxcKNRx+6G3tKMprTXqczMlKZP3d6NEgPhVjz3/6dm//hQZQJ+YT++elocAH4rr+KhNffRfF4oes1VK04QfDv/g0anF3hRi7oul7Tu/oanS7y9U7U3QeIHI32otMU56G94QqQ61YxjCTgEGIUsFjMXLJsIW+/8xmhcBhXh6vXbecumMeenXtwu6KjONau/4Y7bxuakTBCiPhSFAWz2YS5nyuWahUNqJDYFR6MVopGQcvQBhsnTZ5cSEZmKhs2bmPbzn3ROeffkpWZxkUXzmPh/JmYTUaZliKEGNNOhhwPP3gnz73wGj5/ILb0q6qqZGWm8ciDd+GwJ3cLcjUahUsvWcy2HfsA2BWO8N1fPIXmyqVEvt4ZXWoFMHy1DeX03nENzQT//pdQ3xxdittsJpJsxVB+KHrc4lNTGdWjJwj9y7Oo1fUQDEHX6Lnwll1E/roazU1Xor3reunZIYaFvMOPMTW1jdTWNmA0GcnPy5LhtePIwvkzOVZZw/Yd+wiFu6fgJzlS7cyYPYPNG78GYOv2vVx6ySIy0kfX8rhCiOFXU9uAz9d78+LzgV6vw2FP5jtXLeXS5Yuprmmgrq4Rn89PVlY6WVlpJFoSMBkNGIZxWowQQowkrVbDpAkFPPTjO3j+d6/j8wdi4cTcOdNIddh6HaVWWJCDzWalrc1Fs9FAnVZL5p/ejoYRQOe9t6HfuSd2PLXTQ/ifn4G6pli44frF32F54S+x8EJzUXQkobr7IKFfPIVa3wThCBGzGd/1V+BfcTkRSwKG8kNoXW5ML7+H8d7rUSTkEENMAo4xZtPXO9jyzW4sFjPXrriEhfNnxrskMUQslgRuuP4yDAY932zbQ6fLHRvS/W3zFs1j7649uF1uOjs9bNi0nVtuvHKEKxZCxFs4HKa+viHeZcSdoiiYTEZMJiOJFjMTi/NQVRWtTotOq5WpKEKIcUmr1TB5YgEPPnA7b779CXX1TQCsWbeZtjYX1624hJSU7osSRMORfLZu30dEUdij1ZLp8QIQmD8L7y3XoS/bG9s+/LfVqLv2nwo3/ufPiWRloDsebaZPghll3gzUPYcI/cP/QW13nbEt0yahSTCj1SroHHNRIhFQw0Qi6jCN7RPns+Fvzy6G1ImqOtydHhoanTQ0NMe7HDHE7CnJ3Hbz1Vy4ZC611bW9budIdTB91qmlZMt27Wdv+WHaexiaLYQYv+rqm2KNM0WUVqvFaDRgMhnR63QSbgghxjWtVsuUSYU89OM7mFpSDIDX62frtj388v//PW+98ym1dU3d9ps1syR2+4Qrev0YdthxP/4Aqtl06vjXXQoeX6zHRufD9xOYPR3d/iOx+5RZU/BU1hP8xVOobR2gqqgFORj/+K/YL5iBPc2Cw6LBblKwJhpITDJhtFnQyugNMQxkBMcYY7FEJ2YbjYbYbTG+GAx6brz+MvYdrj7rdvMWzWfvrr10ut20d7h5a9WnzJ5VwoJ5M8jLzRyhaoUQ8eRye2hudMa7DCGEEHGk1WrJSLPzw/tu5qNPv+Srr3fi8wcItAfZsGk7W7fvJc2RwrSpE5hbOo2srDQK8rJj+9cYDUTMZtx//zDhrAwATvYlDa/5OjZ1Rb11BQkrLiI5QU9k67bY/t6MDAz/9B9QEx1RqBTkoP8//4CSn432bI2o+9GkWohzJQHHGDO3dBomo5HExAQmFhfEuxzRT/aUJNLS7JTvrzjrdklJFtJS7RiNBvKzUznbzPrUNAcz58xkx5ZtBAJB6huaqV+9kcZGJzffcAVpafahfRJCiFFHVVW8Hg9+vx+j0RjvcoaVuz3afNlkNMS5EiGEGH0URcFqtXDdikuYN2c6n698j50Nzfj9Afz+AG5XJzV1DXy5aTs6nZb0tFO925xGA8rz/5vkwmw0+ugAf+WyxYR3lUNndOqKZuEstA/cBolGFCCwIzqFJZyXg37TVjTOVlBVlIIcdL/8e5T8bAkwRFxIwDHGLFowi0ULZsW7DFTd4P/TGYpjjBXWRAsZ6Q7eWPXJWbfLykhl0sQC0lLt1NQ3MWvxBWfdftEFi1AjEWqqaqmrqSEcjrBz136Sk63cevNV6IZ4OUYhxPCrq2/G5/dTVJDT57YptiRUVeXzj1dzzQ3XjkB18XHsyDHa2toAmDZ1QpyrEUKIkWM2nVt4nZBgpqgwlxvvuYULfD62frOTg4eO0t7uwuv14/X6AWhr64jtE1EU1h6v4uopp315es1yaGkn8s0uNEW5aO69CSXptN5wrdFVW0ITCzCu/zrakNRsRvffH0EpkHBDxM/58wlTDCnfFRcP+hinz+8br5JsyQAcr6rDYDRQX999DuTp6uub2LlrP+npqUwsmdzn8ZNtyVx17dUcP3acLZu2cGDffgC+2ryTRQtnUVyYO/gnIYQYUa+s/Bter59//PkPMfVxYTtv7nS+2baHPWV7CAZD5Ob1HYqMNU2NTRwsP0gkEgFgyuTiOFckhBAjJzsrjd17D53TPlqthrT8dBxAUW4a/kCAmppGdpSVU9/QROXxWkKhM/s3ffb5JjLSHcwpnRq9w2JGe/f1aG66EkWvh+RvNb6326C5FcOWnRDpCjf+5UmUqRNBI20eRfxIwCEGxP2zh+Jdwpgwo3QWdbX1eDs7qa1rwmI5ezMlg9FIakYa9pQUliy7sN/nKSgqIDklmfraOtpa2wgEgqxZu5ni798y2KcghBhBlcdrqDxei6pG2Fm2nyWLS8+6/dSSCcyeNYVduw+yf285FQePjFClIycUCuH3R79xnD1rCgsXyOphQojzh+60Ec+Zman93k+j1aABrFYLViwkJ1spKsolFAwRCAZpa+ugoamF997/Anenl06Pl51l5acCDgCrBcVq6bmux+8j9MvnUTzeaK+Nx76HZuFs0MnoYRFfEnAIMYwmTZmI3+vD2dy/FW8SrVZKZkztMwjpic1mY/7i+Xz+8ecA7NpzEJe7E2tiz29MQojRxx8IxlZFaeka/ns2RoOeO29dQXKSlS1bd9PZ2TncJcaF0Whg0YJZrLhqKQnnweg/IYQ4qfC00biDuabT63Torac++qWlplBYmEthfjZ/fGkVJqOR5Rcv6vfxNBcvQJ+XiXqsGqV0KkqaHQz6AdcnxFCRgEOIYTajdEbfGw2R0nmlrP98PcFgkEAgyKHDlcybM33Ezi+EGDonp2T0JSUlmetWXMLihbOpq2/i+PGaYa5sYNraXdiSree0T7ItCVuylazMNNJSU0hKSux7JyGEGEcMXaFBcnIimiFc9lqr1aLVasnLzeLxh+5G0Sik2JL6fwCTEaWkGKUoD8zju8m1GFsk4BBiHEmwWEhNT6Wupg6AiooTEnAIcR5ISkokMTGBnJwMZk6fFO9yerRm3RYuvaT/3w5CdGi2VqfFoNehkTndQojzUGZGdFqKw24bluNrNMrAV97TaCTcEKOOBBxCjDM5udmxgKOh0RnnaoQQI0Wj0WAyGkbtMqo6nZbkcxzBIYQQ5ztrYnTasiXBHOdKhBgbJOAQYpyxO06ta97S2nGWLYUQo5nPH4h3CUOmvd3F8aq6c9qnodHJiaq6WIPR4Zae7iA/L3vUBkRCiPOTRqMhKSmRrKy0eJcixJggAYcQ44wj7VSH7dq6xjhWIoQ4V7bTekxUHq+NYyVDq7mlHZ+v76CiodHJ3vLDHD58nKbmFrw+P5Fw/3qRDJbBaMBsMjJlchGTJxYwcWKBhB1CiFHBYbdh0EsDTyH6QwIOIcYZvVyQCzFmORw20tPsNDa1cKKqjhPVdeTnZsW7rEGLLvUa7HM7jaIQCoZoaGymtq5pBCo7k9GgJzkpkcyM1H43eRVCiOGW6rCRn58d7zKEGBMk4BBCCCFGCZ1Ox/JlC3lj1ScEAgE+/PhLvn/vjWN+JEFTUwsNDX0vl52SksSihbOZWjKBpqYW2jvcI1DdKYUF2ZhNJiyJCWP+by6EGD8cdhsmkzTzFKI/JOAQQgghRpGFC2axafNOqmsa2H+gghf+8CaXX7qY6VMnxru0AWtvd+EP9N1TRKfTYUu2xpaGDYZCI1DdKQlm04ieTwgh+sPhsJGfN/ZH8wkxEiTgEGIcS3WkEI5E0MryikKMGYmJCdxx2wpeeuVdmppbOXDwKC2tbaSn2klLs5OUlEhyV68Ovz+A0WhgQnE+6QNd5m8EDGS6h16vQ6+XyxQhhMjOSscsIziE6Be5chBiHJsxbSKHjxxn0sQCCTmEGEOKi/K4+87rWP/lN+zcdYD6+mYaG1swmYxnfPCPhCNotBqsiRbS0+wsWjib6VMnnHGsiooqmpwtpKXamVCcF4+nQ4crOtWkqqaevJzMuNQghBDxduDgMXbvOQBEGxsb+zkVzu8Pcrji+LDVlWgxo9UO7GNhepqd3NxMmdYnRg0JOIQYYT6vD5/PF73t86HRaDAYDJhMJgxGA5pBBhEGQ/QYkUiEffsr2Le/gh/94BYKpTmVEGOGVqNh8qRCUmxJFBfnU77/CEePVuHxeHvcPslqweFIIdVh6/bY0coqfD4/Lldn3AKOZmcbAB6PLy7nF0KIeNuwaQdfrP2a9nYXoKLRagd9zTdUdDotiqJEf1GBrptn3O6F0WBg/rzpXHP1xcNSW3qaY1iOK8YvCTiEGCFut5v21naqq6ppqK0HoL6uHoPBgN1hJyM7E7vdjs1uw5HqGPCbXmqag8LiQhrqG2hqbgHgg4/W8dhDdw3ZcxFCDD+tRkNmRipWq4XpUyfgcnXS2uaKjYY4KS01hVRHCklWC1ZrYrfjzJ5VMlIl9yoYHNleGkIIMdqcqKqjrr4Ju8PO7DmzWfv52niX1KsUewp6Q3REhtVqwZJ46r0lM+dUL5DERAvle8pZ/+VWLl++pN8jUvpy+vtcUlL39zUhzkYCDiGGWSQSobG+kfI95ZRt34nb1X1VgBOVJ2B79HZBYQEXXbaMzMwMLImWcz6fwWDgtu/dzlfrN/Llmg0AHDpcOZinIISII0uCGUuCGYBgMEggcGZYYDIZ0Wp7D0RHQ2+OQCC6RGxNTQNTJhXGtxghhIiDC5aU8uXGrej1evQGPcWTirFYzv06byicHlIAGPR6Uhyn3isMBgOarvcVvU6HTnfqI6MpISF2W6/T0dbWzoF9Bzh05Dgzp08akvpOjvoDMCdI82dxbiTgEGIYRSIRqk9U897b79HidMbu1+m06HQ6zGYjkUgEvz+Iz+cH4Hjlcer+8gaLLlzE7Lml2B3n/uHEYDAwf/HCWMDh9/e9eoEQYvTT6/Xo9fp4l3HOGhqjr3+dnZ7Yfc3NrTQ7W2lyttLc3NbbrqNCaqqNNEcKVquFnOyMeJcjhBiD8vOySE210drSyrYt28gryGXppcMzraMv5q7Q/CSNRoPROLAmpkVFhegNBsp27R+SgMPvD1B5vDb2e2a6TFER50YCDiGGUWN9I++tOhVuGAx6HHYbGekOkpISKcjLwucP0NDopKq6nra2DlrbOgj4A2xYs4H6mnpuuP1GzGZzH2fqLrGHoepCCBEPJwPc2rom3n1/DbV1DXi9fnw+P16vD6/XH+cKz85sNmI2m9Dr9SQmmsnOyqCma6qhEEL0h1aj4bpQbE0CAAAgAElEQVQVy3nx5b/S4mwhGAyyeOmFZGSmx7u0QUnPysBoNLBrz0FuCwQwGgY3TWX7zn2xflPFhbmYZPUYcY4k4BBimPj9ftZ+toaW5mi4kWA2MW3aBK68/CIKelnLfMOm7axZt4XGJiehUJjDBw+za3sZCy9YNGoaUQkhxEAFAkFSUpLo6HDR3u6mpbUdt9vT945x5u70kJiYgNVqIcVmjT0HIYQ4F6WzSrCnJNHS2oGrw8W6z9Zw4x03YRhkKBBPer2egsICyveW89nqTVx3zfIBH8sfCLDpq52x30dDDykx9kjAIcQwOVh+gMMHDwPRKSmLF83mu9dddtZltJZeOI/JkwpZ+cYHHDh4DIB1n6+joLiIrOxzW1oxHA4PvHghhBgGoXCYuaXTmDqlGLe7E4/Xh9vtOWO+9WiU6rCRmJiAwaDHmmghMdFCW1tHvMsSQowxJpORm2+6ij/++W0iYZWjR46y/ov1XPGdK+Jd2qAsXrqEA+X7+XLTdqZPm0RxUe6AjvP1ll2cqKoDwGpNYNGCWUNZpjhPSMAhxDAIh8Js6Op/AZCXm9VnuHFSRrqDu267lv/8zYu0d7gJ+AN8/tFnfO9H955TDbVVNbHbGk0fa3wJIcQICIfDWBMTsCYmxJqfhsNhPN7RvXxsgtmEVqs94z6NIq+rQohzN2vGZC5eupC167YQDAbZta2MpKQkFl24KN6lDVhmThZTp09j3559vPO3z3n8kbvOearKgYPHWP3FVwSC0abUV12xlJSUpOEoV4xzEnAI0YtIRCXY9SLbG6PR0OM2zY1NOLumpmg0Ct+5amm/wo2TMjIcXH3lRbzx9icA/5e9+46Pqk70//+eSW8kQAgtQEIJHQSkCkhRwLaIvexVwN2r7ncV67quP+vuqrvruq5evTbYVfSqa10EGyggXXontNAhkB6SzCSTmd8fQ87mZFLJJJOTvJ6Phw9zZs6c85nhnM85855P0Yljx1VUWKSg4KAaXinZbHY5igq1dPF/ph+LbxNX630DQGMKCgpSzHnMGAUAVhQaEqJLJ41WdnaetmzdrcLCQq1duUaukhKNuGikJQeSDrLbNWrcaKXuTtWBg0f18affadqUsYpvW7v7z1VrNmvZjz8pIyNbkjRwQIpGjxjckEVGM0bAgRaltLRULpe360ZJiUtuj0cet1vFJS6f5x1Op9LTM6vcliT16d1de1IP+uxjz+5UYzmuVYwGD+xd57IOvaC/Pv70W7k9Hjmdxfpp9TrFxsXW+LrQsDDt2bVbhw4ekiSFhARr0sRRdd4/AKBqmVlNu1sNgKarbZs4/eyKiXIUObVn70Hl5uTqpzU/KSszSyPHjVZCQrtAF7HO2ndsr1EXjdKKZSu0fsN2ZWfn6NoZU9SpY9WDqJ44eVobNu3U+g3bdfpMliSpd68kXX3VJEVHR1b5OqA6BBxottxujxwOp0pLS1VS4pLD6VROTr5ycr39pk+lZ8rpcMrhdOrkuSAjNydPObm1GzjukomjlNS1k7Zu2yO3262C/HwVFTmUl5un1J17jPX69et5XuWPi4tRdHSk8vILJEnLlixXXVtEh4QEq3/fnho96oLzKgMA+ENUVKQKCgp1Kj1DO3ftV//zrBebin37DxvjJIWGcCsFoO46d0rQNVdfok+/WKzUvWnKz8vXjq07lJWVraTuSeqU2EntEtoprrU1WuEGBQXpwtHDlZGRod07dmvXngNyfvSVkrp2VMeO7dQnpbtCQ0O84y5l5Wjv3kM6dOS4Tp48o/yz3nvdlF7ddM3Vlyqxc93GnQPK46qMZqu4uFip+w4pNydPJ9MzlLrXezNa4nLJ4/ZI8o7WLEket0clLm8rDrvNJrfHU+P2t+/ar/T0DNltNgXbPNq9ZYt27dgjZ3GJMjKyjPXiYmPO+z3Ex7c2Ag6bPJJqn3CEh4Wqd0qyZt02Q+HnObc5APjD+LHD9PW3K5SfX6AFC3/QTxu2B7pI9XImI0vZ5wYZHTggJcClAWBV3bp20jXTL9G69du1dLl3TI7DBw8p4/QZxbRqpaioSIVHhAe6mLXmkZRxOkOS94fGffsP6djxk4qJjtKGTTsVHBQkZ3GJCguLlJGZo6Jz4y+FhoTo4vHDNWxIPyV16xzAd4DmgIADzVZ4eJiGDPadXurUqQwVOZ2SpEOHjkmSHA6nTp7yVsjp6RlyOIuN9d0eT5WDyXVoH6/wsFBNGDdco0cO1vTLx0uSnnvhLR065B3ks6jIed7vITMr1/i7TZs4hYbWvl9mn5RkzZh+CfOHAwi48RddqBMnT2vrtlQdOnJCh46cCHSR/KJn9y66bOr4QBcDgIUldeusVjHRSkhoo2XLf1J6eoYKzhao4FyrhibL45HHJtlq+PGtqMipoiKn0QWlvNCQEA3o31ODBvZRn97Jah3HoKKoPwKOFqyosEhFRUXyVGitEBwcrKjoKAUHB1e7TkxMjOxBdhUUFMjpcFa7TlPSoUO88XdyLVLiIodTEXUMCTq0a2sEHBs379LV0ycrtI6DRhU5nMot111m1u3XKKVntzptAwCagjZtYnXVZRPUNbGj9h84oqzs3Jpf1ISFhoaoZ/euGja0v7ok0pQaQP20aROrMaOGqENCW+XnF2r9xh06cvRE055h6lzAIdnkcXvk8bjldvu2gLbb7bLbbLLZbSotLVVcXKy6JnZQh47t1KVTe3VoH6/2HeIVHFTzQPpAbRBwtGDLv1+mrZu2yukwtzCIb9dOV8y4Qt2Su1W7zrU3X6uEDgla/NVipe7aU+U67Tu2b/D30pDqGm5I0qiRF2j9ph0qLXUrJzdP27bv1bAh/WSr5SAaHo9HK1dvMpZDQoIVw2BLACysS5eOatMmTv369tDZgqJAF6degoOC1D6hrdrWcoYAAKhJWGiI+vbpIUkaMXxggEsDWBcBRwu2cd1GlZaW+jyeceaM9u7eq27J3bRh7Qa53e4q1klVbOs47diyvcp19u3Za/mA43z07dNdHTsm6NixU5Kkjz/7Vp07Jah9QlvZ7dW3aPF4PDqVnqElP6wxHuvXt6c6drDeiNoAUF5UVIS6J3cJdDEAAEAz1bT6DqBRJfdMVnRMtM9/rWJbqXMXb9eNzl07V7lO23bxCg8Pq3adjp07BfhdBs7lU8crLCxUkpSTk6c33v6X0g4dV3FxSZWvKSxy6MSpM3rj7X8p59wAdmFhoZo2ZWyjlBkAAAAArIoWHC3YLTNv1bEjx3web9WqlVqdG+Rn1p2z/bJOSzRsSD8dTDuqZT+ul8vl0slTZ/Tya+/p+hlTNWBALwUHBSnoXH/D0tJSlbhcWrxktVat3SzHue4+YaEhGnfRMHVPSgzkWwEAAACAJo+Ao4VL7FrzF2d/rdMSXX/NVGVm5Wj3noNyOJxyOJya/8ECtY5rpU4dE9Spo7fbyYmTZ3Qg7agRbEjelhtjxwzV9ddMDVTxAQAAAMAyCDiABnbXL27U4iWr9M2SVSoqcqi01K3snDxl5+Rp5+79PuuHBAcrPCJM4y4apulXTgpAiQEAAADAegg4gEZw6SUXqX//Xvrw46909Fi63KWlKnX/Zzotm807Kn9wSLAG9Oulq6+apNatYwNcagAAAACwDgKOFsTjdqu01He2k+bA4/Gdd7up6dQxQQ/cO1P7Dx7VyROndfxkujKzciVJkeFh6tmjmwb070mwAQAAAADngYCj2bMZf2WcydD+vb5dIpqD7Oxs42+7zVbNmoHXs3sX9ezONIkAAAAA4E8EHM3ef1o2bN20VVs3bQ1gWRqHR02/NQcAAAAAwL/sgS4AGlZERESgi9CobDYpsoW9ZwAAAAAALTiavdEjB+v0mUwVO4sDXZRGEREZoREXDgx0MQAAAAAAjczmscLojAAAAAAAANWgiwoAAAAAALA8Ag4AAAAAAGB5BBwAAAAAAMDyCDgAAAAAAIDlEXAAAAAAAADLI+AAAAAAAACWR8ABAAAAAAAsj4ADAAAAAABYHgEHAAAAAACwPAIOAAAAAABgeQQcAAAAAADA8gg4AAAAAACA5RFwAAAAAAAAyyPgAAAAAAAAlkfAAQAAAAAALI+AAwAAAAAAWB4BBwAAAAAAsDwCDgAAAAAAYHkEHAAAAAAAwPIIOAAAAAAAgOURcAAAAAAAAMsj4AAAAAAAAJZHwAEAAAAAACwvONAFQO199dVX+vvf/24sz5o1SzfddFMASwQAAACgTMX79RtuuEF33HFHAEsEtCy04AAAAAAAAJbXLFtw5Obm6oYbbqh2nYiICMXGxiopKUn9+/fX2LFj1alTp0YqIayqsmPrxhtv1OzZs2v1+k8//VRvvvmm6bG5c+cqMTHRb2UE0PS01OtSbd93mzZtlJycrMGDB2vMmDGKj49vpBICLQvnpDU98sgj2rJli+mx559/XkOGDAlQiYCmq1kGHLVRVFSkoqIinTp1SmvXrtW8efN0zTXXaPbs2QoObrEfC87D4sWLNXPmTNntNTeIWrx4cSOUCIAVtdTrUlFRkY4fP67jx49r5cqVeuONN3TzzTfrlltuqVW92pScPn1a8+bNM5Znz56thISEAJYIqDvOyaYlOztbW7du9Xl89erVBByot+ZwjlRkrVqqAXk8Hn366ad67rnn5PF4Al0cWEhWVlalF56KDhw4oLS0tEYoEYDmoKVel1wul+bPn6//+Z//CXRR6uzUqVNaunSp8V9BQUGgiwTUG+dkYK1fv77Sa8Dy5cvldrsDUCI0J83hHKmo+f4kVE5YWJgWLFhgLLvdbhUWFurIkSP64YcftHDhQqPiWLlypZYsWaJLL700UMWFBf3www81pujLly9vpNIAaOpa6nWpsvd99uxZHTp0SF9//bV++OEH47lFixZp3LhxlvqFMisrK9BFAOqEc7LpW7FihfH32LFjtXLlSkne7ka7du3SgAEDAlU0NAPN4RypqEW24LDb7YqOjla/fv3061//Wvfee6/p+U8//TRAJYNVLV++XEVFRVU+73a7tWTJkkYsEQAraanXJbvdrlatWmnQoEF65JFHfMYG+PbbbwNUsvOTmZkZ6CIA9cI52bScPXtWGzduNJavvPJKtWvXzlhevXp1IIqFZsTq50hlWmTAUdG0adPUunVrYzktLU1nzpwJYIlgFWWpudPp1Nq1a6tcb/v27UYFQtIOoCYt9bo0ffp003LFQfWauuZ4o4iWjXMysNavX6/S0lJJks1mU+/evU0taJYtW9aiujDC/6x+jlSmRXRRqYndblefPn20Zs0a47GsrCxTQip5f4XfunWrNm7cqO3btys9PV35+fmKjo5WcnKyxowZo6lTpyosLKxW+926datWrlypbdu26cyZM3K73WrXrp2GDRumadOmKSkp6bzeT8X5tzt37qyXXnpJrVq1Mq1XUlKipUuXatWqVdq7d6/y8/MVFxenXr16aezYsbr44ourHNiu/D5at26tDz/8UJJ0+PBhffrpp9q8ebNyc3OVnJysP//5z6bPZPPmzVqyZIl27dqlzMxMBQcHKyEhQcOGDdPEiRPVs2fP836/rVq10scffyxJOnbsmBYvXqx169bp1KlTstvt6tatmyZPnqxp06b5ZdC+4cOHa8eOHZK8A4hOnDix0vWWLl1q/H3hhRcar6kNl8ullStXatWqVdqzZ4+ys7MVExOj5ORkjRo1SpMnT1ZUVJTP677//nv9+c9/NpYvueQSPfzww1Xu5/Tp0/qv//ovY3n06NF66qmnfNZrLscN0JQ19HVp2bJleu6554zlCRMm6NFHH62yPOnp6brtttuM5arqh/qKj49XcHCwXC6XJCknJ0dut7vKgQ39VR/V59qxe/du/eUvf1Fubq5P3+W77rrLtHzDDTfojjvuqPsHAwRISzwn/X2/Xx9l3VEkqU+fPoqMjNTAgQP13XffSfJ+OU1NTVWfPn1q3Jbb7da6deu0fPly416q7N+1KnPmzNHll18uqX73cFL9jg1/baeqY2z//v366quvtGnTJmVlZalVq1ZKSUnRlVdeqaFDhxqvz8vL0zfffKPly5fr+PHjCgoKUs+ePTV16lRNnDhRNpstIOXnumVGwHFOxZPQ6XQaf5eUlOi7777TRx99pPT0dJ/X5uTkaPPmzdq8ebO+/PJLPfvssz43oeWdPHlSL7zwQqVfco8cOaIjR47o888/14wZM3TnnXfW6mQps23bNtMgUNHR0XrmmWd8wo1du3bp+eef93k/Z86c0ZkzZ7R69Wp9/PHHeuqpp9ShQ4dq91l2sVuyZIn+/ve/myrL9PR047MtKSnRX//6V9OXfcn7WaelpSktLU2ffPKJLrroIt11113nNYJvXl6ecnNz9dlnn+njjz82Uu/y73vXrl3auHGjHn/88XqPBt6tWze1adNGWVlZ2rRpkzIyMnymUnM6nVq2bJkkKSEhoU5Twu7du1fPP/+8jh8/bno8KytLWVlZ2rhxo959913dc889uvjii03rjBw50nRTsmbNGrlcriorzfXr15uWK25Par7HDdAUNeR1afTo0YqOjtbZs2cleW+iz549q+jo6ErLUrF+qCrMra/S0lKferuqa6A/66P6XDscDodPHQ00Fy3pnPT3/X59FRYWmloHl7XcGDhwoGm9NWvW1BhwZGVl6Y9//GOdfmCrTm3v4cr469hoiGPsgw8+0BdffGFqCVO2vVWrVumXv/ylrrvuOq1evVp///vflZOTY9rOli1btGXLFu3YscOne2ljlJ/rli+6qJyTkZFhWo6JiTH+TktL08svv1xpZVfRkSNH9Pzzz1c5qvHevXt1991316qCiYmJqVO4cfz4cT399NPGAR4UFKQnn3zS5wv1+vXr9fDDD9f4ftLS0vTwww8rPz+/2vU8Ho++//57vfjiiz5JcK9evYy/586d6/MltTKrVq3SoUOHalyvKr/+9a/14Ycf+pzo5a1evbpWZalJXl6eJk+eLMn7OZQfCKrMTz/9ZIzPMXnyZJ+KsSobN27U/fffX2MFlJ+fr2effdanj350dLTGjBljLBcUFGjnzp1VbmfVqlXG38HBwRoxYoTp+eZ+3ABNTUNel8LCwjRt2jRj2eVyad26dVVuo3w/77CwMJ/6wV/27t1rusns0KFDpddBf9dHUuNeOwCraEnnpD/v9/1h48aNpvujCy64QJLUsWNHderUyXi8pm4qTqdTjzzyiN/CDan293CS/46NhjjG7r33Xn3++efVfn5vv/22XnrpJT399NPV3sMvWrTI58eAhi4/163K0YJD3lGI9+zZYyyHhISYUrOUlBRNnjxZ33//vTp37qzrrrtOQ4YMUXx8vEpKSrRy5Uq99tprxpfYHTt2aNOmTbrwwgtN+8nOztbjjz9uGoyya9eumjVrlgYNGqSwsDDt379f77zzjsLCwnTzzTfX+j2cPXtWTzzxhPFrnCTdd999GjRokGm99PR0/fGPfzQqo4SEBP385z/XsGHDFBsbq+zsbK1Zs0bz5s2Tw+HQ6dOn9d577+nuu++udv8vvPBCpY/36NHDKN+XX35pPB4REaHf/va3GjRokIKCgnTw4EF99tln+vHHH3XzzTfX6+b59OnTkrwDMc2YMUPt2rXTiRMn9Morr5i+4C9atMgIJ85XXl6exo0bZzQR+/bbbzVjxgzTOuVHIB8/fny1XyLKnDp1Sr///e9NF42pU6fq+uuvV8eOHZWTk6Nvv/1W8+fPNyrlN998U8nJyaamdBMnTtSPP/5oLK9du1aDBw/22d/Zs2dN/WrHjBlj6vbSEo4boClpjOvS1KlT9cknnxjL33//faV1YsX6YezYsYqIiPDr+5W8v57+4x//MD1W8ToqNVx9dL7XjiFDhhgDL951112m6cBff/11JScn1/GTAJqGlnZO+ut+31/K//AUEhJiaqUxYsQIffHFF5K894wHDhyosqvuv//9bx05csRYHjJkiGbPnq1u3bqpsLBQy5Yt01tvvWV8Sb7uuuv0y1/+ssby1XQPJ/nv2GioY+zUqVOSpBkzZmjGjBmKiYnRhg0b9OKLLxr/zh6PR19//bXx3n71q1+pV69eOnz4sP7yl7+YPttFixZp+PDhPvtpLueIVbT4gMPj8ejtt982fZEcPXq0z83bzJkzNWTIEE2cONHUxD8kJERTpkyRw+HQq6++ajy+evVqnwpv/vz5puSvZ8+e+tOf/mRqEty3b189++yzKi4urnX3CZfLpWeffVbHjh0zHrvppps0ZcoUn3Xnz59vnLDx8fF68cUXTc3rEhISNH36dAUHB+vll1+WJH399deaPXt2jX0No6Ojdcstt2j06NFKSEhQYWGhUVkeO3bM9BlfdtllGjVqlOl9P/bYY7rmmmuUkpJSq/ddFZvNpgcffNA0pWJycrIeeeQRUx/yXbt2yel01qsPZV5enlJSUtS5c2cdP35caWlpOnDggFG55+bmGoFGcnKyunfvXqsU9d133zUFYVOmTNEDDzxgLMfHx+vWW29VZGSkXn/9dePxN998U6+99ppx7AwbNkwRERHGtlasWKH//u//9vn1ZdOmTab0d8KECabnW8JxAzQVjXVd6tq1qwYMGGD8qrdp0yZlZmaqbdu2pv3UVD/Uh9vtNqY6/OCDD7Rv3z7juaCgIF111VU+r2mo+qgxrx1AU9XSz0l/3O/7g9PpNLWcu+CCC0zvb+jQoUbAIXl/wKoq4Cgbr0Pyjtvw5JNPGteTsLAwzZgxQwUFBZo/f74k76xdN9xwg2JjY2ssZ3X3cJL/jo2GPMYeffRRU7fs8ePH69SpU5o7d65p3QEDBuj3v/+9IiMjJXkDsQceeED33Xefsc6WLVvk8Xh87rOb0zliBS2yi0pZ5b1hwwY9+uijphPfZrPp5z//uc9rEhISdOmll1Y5fsHIkSNNy6mpqablgoICn6m17r///kr7O9vtdoWHh9f6/bzxxhumKaTGjRun22+/3We9s2fPmqYqnT59epV9B8unj06n03SBq0zbtm316quv6tprr1WnTp0UHBysVq1aGbMAVDyhdu/e7TOojeT9whoUFFTtvmpy1VVXmU70Mu3btze9X4/HU++5nx0Oh2w2m6mp9/Lly42/V69ebVT0ZeuU70dfmfz8fFOrD5vNplmzZlW67vTp09WxY0djOS0tTbt27TKWw8LCTF9Gzpw5owMHDvhsp/xAhuHh4aaLdUs5boBACsR1SfL+6lPG4/GYBrQrU/4mOzo62jSCf105nU5NnTrV+O+yyy7TTTfdpGeeecZUX9hsNt1///3q1q2b6fUNWR815rUDaCo4J838Ua/6w+bNm033i8OGDTM9P2DAANN9T9lYbxW53W7TD6BJSUmVtsAr363E4/EYLRuqU9M9nL+OjYY+xiobc67ijIfR0dF64oknjHCjTO/evU3HSlFRkfLy8kzrNLdzxApaRAuOssq7NubMmeNTeVfk8Xh04MABpaamat++fcbAoOVlZ2eblrdt22b6Na5Hjx5+mfVhwYIFWrBggbHcq1cvPfTQQ5W2/ti+fbupj9ncuXN90smq1DQ94eTJk6sdDCcpKUnJyclGE6jdu3frrrvu0jXXXKOxY8f6dZCm6sKhuLg403sp30rifJSUlEjy/qI5b948o0/izJkzZbfbjbDDZrMZFWhNI1Zv27bN9O80YMAAtWnTptJ17Xa7xo0bp3/961/GYxs2bDBVzBdffLHRtE7yjglS/tgrKSkxBRxjx441BQst5bgBGlNTuC5J3u5o5QcbXbx4sWlayOLiYtMgd5MmTVJISEityn2+4uPj9atf/UoXXXSRz3MNWR815rUDsJKWek6eb73qD+W7p0j/GX+jTFRUlAYMGKCtW7dKko4ePaojR46oa9eupvXsdrvCwsLkcDgkeX8IKyoq8gk5KgY1lc3OV1FN93D+OjYCcYxVnJwhNja20hYtdrtdMTExpuPA4XCY1m3O50hT1SICjtpo06aN5syZY2r+XlFmZqYWLFigxYsX1zhncFlFUqbigDK1mc6pJuvXr/cZNNLlclX5S3Zt0tiq1PeksNlseuKJJ3TfffcpNzdXkrff2Ouvv67XX39dF1xwgS6//HKNHTu2QX+Jr7jt+g4OVfb6hIQEXXjhhVq/fr0yMjK0a9cude7c2ei3PmbMGCPRrmm+8rL+dGVqmi644sWs4r/z4MGD1bp1a6PyXblypW655Rbj+R07dpj+fSsm2Rw3QGA09HVJ8raSmjJlij777DNJ0r59+3T06FF16dJFkm/9MH78+PN5K7U2atQoPfbYYwoNDa30+UDVR/6+dgBW0RLPyfrWq/VVUlJiCjhat25d6b3g8OHDjYBD8rbGrXhPKEn9+/c3Wnrn5+fr6aefNo3BsXz5cmPKV0lq166daRDT8+WvYyMQx1hd7ilrOhab4znS1LXIgMNmsykqKkrx8fFKSUnR8OHDNXLkyGr7JS1ZskQvv/xyjd0LylQ8iMoP/inVLhmtSWWjIaelpenjjz82fYEtU1nT/toqP3r/+erUqZNef/11vfnmmz7jUJRNsdS9e3fNmTPHLwFQY5syZYoxevKKFSvUtWtXI8yorPlYVSr+O9U0mF/F5ys2jbPb7Zo8ebIxmOCBAweUnp6u9u3bS5Jp0NPKmp9z3AANLxDXpTJTp041Ag7JW3+VXUN++ukn4/H4+Hj179+/VvuqSlhYmKnV4c6dO03jC23ZskX5+fk+44CUCXR9BDQ3nJNm/qpX62Pbtm2mzzU7O9vUFboqy5cv14033ujz+PXXX2/qyr5582bdc889VW5n9uzZtR4HsDr+OjasfoxZvfxW1CICjoqVd12tWrVKf/nLX0yPRUVFady4cRo8eLCSk5MVExOjW2+9tcptVAw06nOwVxQREaHExESjn9b777+vsWPH+qS4Fctw77336oorrvBbOWqjTZs2+u1vf7tJH2UAACAASURBVKvbbrtNixcv1jfffGPqE3bw4EE99NBD+tvf/uYzzVRTN3LkSKOp97Jly4xme7GxsZWOqFyViv9ONf06UPH5is3qJG+rjPKzJWzatEmXXXaZPB6P6VeCiy++2Kf5OccN4H9N4bpUJikpSf369TPG71m+fLkRcJQPQCdPnuyXm97y+vfvr7FjxxpjfzgcDr377ru6//77K12/KdRHQHPWks9Jf9ar9S3H+Thw4IBOnDjh0/piyJAhuv322/XOO+9U+/rg4GD94he/0KRJk85r/xX569iw+jFm9fJbUYscZLQuPB6P5s2bZ3ps+vTpev/993X//fdr0qRJSk5O9hl0pqKKybe/BiWy2Wx6/PHH9dBDDxkj9rpcLr300ks+qXLF8Qq2b9/ulzKcj06dOun222/Xe++9p8cff1ydO3c2nqtsWjIrCAsL0yWXXCJJysnJMaZ4nDJlSpWDVVWm4r/ToUOHql3/8OHDpuXK+kP26tXL9Blv2LDB2Hb5LjHjxo2rsTwcN0Bg+eu6VF75wUYPHTqkY8eO6eTJkzpx4oTxeEN1T5k1a5apKe0333yjvXv3VrpuU6qPgOaqJZ6TDVGvno/S0lKtWLHivF9ffsyk8iZOnGi0Bih7L2FhYYqIiFBKSopuuukmvfnmm5oxY8Z577sifx0bVj/GrF5+KyLgqEF2drZp9OGuXbvq7rvvrrHbQEUDBw40Le/fv7/S2Szq6p577tGwYcOUlJSkq6++2nh8586dWrRokWndiiMCr1ixwme8h8YWFBSksWPH6uWXXzbGqJB8B9q0ivJzTFf3WHUGDhxoml5q+/btVQ5i5Xa7fS6EQ4cO9VnPZrOZyrFhwwaVlJRo06ZNxmNxcXEaNGiQz2s5boCmxV/XpfIuuugi069M69atM8YQkqQuXbr4ZWDsyiQmJpoCFsk7O1hl53JTrI/Kq9ilqCUN6obmoyWekw1Rr56PnTt3mroaT5gwQd9++22V/z377LOm1//4448+28zPz9dvfvMb5efna8yYMXrkkUf0+uuva8GCBfriiy/0yiuvaNasWaYfjfzBX8dGUz/GatLUy98cr1sEHDWo2AcvIiLCZ25jyTzHdGVat26tESNGmB576aWXVFhYWOn6Zb/+V2fq1KmmJk633nqrqXvC3LlzTSdQXFyc6Rd6l8ulF154odp+hhXHc6iP999/v8pprKKjo00313a7vdLPualLSUlRcnKysdyzZ0/Tcm3Exsaa/p0q+1WhzL///W+dPHnSWE5MTKyyj3z5X18dDof27Nljan4+YcKESgdV4rgBmhZ/XZfKCw8PN40VtHLlSm3evNlYLmud1lBuvvlm0xeJHTt2VPorZqDro5pUbK158ODBRts34E8t7Zz0Z71a8QtjXX54qdg9peK0tBUNGDDAtL/du3f7fHn+6quvjMfi4+NrXZb68tex0dSPsZo09fI3x+sWAUcN2rZta6o4UlNT9fnnnys/P19Op1Opqal6+umn9b//+781buv22283fYHcu3evHnjgAf30008qLCxUcXGx9u3bpz/+8Y+aM2eOaerOylTsYxcTE6PZs2cby0VFRXrttddM68ycOdP0frZu3ao5c+Zo1apVysvLk9vtVnZ2tlatWqX77rtPv/vd7/wygNLGjRv17rvv6rnnntMjjzyiNWvWKCcnRy6XSxkZGZo7d64pOa+sJYFVXHbZZZX+XRe333676d/pu+++04svvqhjx44Zn9n777+vN954w/S6O++8s8qRn7t06WIan2Lp0qWmgWor655ShuMGaDr8eV0qb8qUKcbfu3btMt1ojx07tv4Fr0br1q110003mR576623Kr0BDFR9VBt9+/Y1Lb/33nvatm2bnE6nMjIy6jWaPtCYWto56c96tU2bNqbl1NRUFRcX1xh0uN1uUwsMm83mM/B7RWFhYT7jvFXsplK+q+H333+vdevW6ezZs43S4tVfx0ZTPsZqoymXvzlet1rEIKP1ERoaqilTpujLL780HiuborKuevbsqTlz5ujFF180HktLS9Pjjz9e6fovvfSS+vbtq7i4uFrvY+rUqVq4cKH2798vyTtl1PLly42pPxMTE/W73/1OzzzzjEpLS40yPPPMM1Vuc/ny5Zo4cWKty1CRy+XSK6+8YiyXzXxRFZvN1uADODWk8ePHa+HChbLb7dWGBtVJTEzUo48+qqefftq4AJU1R6zKbbfd5tNKqKLJkycbg9GW78IUHx+vfv36VVsejhugafDndam8Hj16qG/fvtq9e7ck7zkoSb1791ZiYmK9tl0bV199tRYsWGBMy3j69Gl99tlnuvnmm03rBaI+qq0JEyZo/vz5xpfA7OxsPfzww8bzV155ZbWzFwBNSUs6J/1ZryYnJys4ONioQ7dt26arrrpKb731VqXTuJbZs2ePaQD1vn37mrrhVmXkyJHGoLCStwvEz372M2O5e/fuxt8FBQV64oknfLZhs9kUGRmphIQE9e7dW+PGjdOwYcPq3SrWX8dGUz7GaqMpl785XrdowVELs2bNUkpKSpXPh4SE6IYbbjD9+lWVqVOn6plnnqmxwrLZbJoyZUqd+/7Z7Xbdfffdpsdee+015ebmGsujRo3SX//611rdsHbq1EnR0dF1KkNFwcHB+vOf/1yrAeqio6P15JNP+qSJVtK6dWu99dZbeuONNxQbG3ve2xk9erReeOEFJSQkVLteRESEHnzwwVp9ua8qcJk0aVKNsyNw3ABNhz+vS+VdfvnlPo81dPeUMuHh4Zo5c6bpsQ8++EAZGRk+6zZ2fVRb7dq103333Vfll4Ly4x4BTV1LOyf9Va/GxcVp6tSpPo/XNGh8xZbbo0ePrnb9MsOGDTMtVxy7bdq0aT5jAVbk8XhUUFCgtLQ0ffPNN3rsscf0/PPP+6UVgb+OjaZ6jNVWUy1/c7xu0YKjFqKiovTCCy9o4cKFWrp0qY4cOSK73a7OnTtr+PDhuvLKKxUfH6/vvvuuVn3zRo4cqXfeeUdLly7VTz/9pH379ik7O1vh4eHq1q2bhg4dqksvvbTGL7ZVGTBggCZOnKilS5dK8s7o8fbbb+vBBx801unbt6/efPNNrV69WmvWrNHu3buVmZkpu92udu3aaeDAgRozZoyGDh3ql2kBExIS9Nhjj+m2227TypUrtWHDBh0/flz5+fmKjo5WcnKyhg8frksuuaReoUBzM2DAAM2bN08//vijVq9erdTUVGVnZysmJkbJyckaMWKELr300lpXgvHx8RoyZIipb71UffeU8jhugKbB39elMuPGjdNrr71mDDJms9l00UUXNdTb8HHJJZfos88+U1pamiRvv/h//vOfeuihh3zWbez6qLYmTZqkxMREff7559q2bZtycnIUExOjDh06aNCgQXK5XHWaWQsIpJZ0TvqzXr3zzjsVGRmp5cuXKysrSzExMXI4HFWu7/F4fMYbu/DCC2v1/tq2bauUlBRjphuPx6O1a9ca3aRDQkI0aNAgbd++XUFBQUpKStKJEyfkcDiq7aaybNkyjR49WhMmTKhVOarjr2OjqR5jtdVUy9/crls2D1MOAAAAebulXHfddUbAMXToUD333HMBLhUA4Hz99a9/NQKZP/zhDz5jdkje4Co9PV3vvfeeli9fbjx+xRVX6N577220sgL+0PSiLQAAEBAbNmwwTRE3bdq0AJYGAFAfmzZtMsKNnj17VhpuSN7BSrt27arrr7/e9HhTGqgTqC0CDgAAIKfTqfnz5xvL8fHxte4DDgBoesrPlpeVlVVtNxlJpllcJJlm3wOswjqdaQAAgF9lZmYqJiZGx48f19tvv23MwCV5p6sODQ0NYOkAAPURExNj/J2VlaUHH3xQ11xzjQYMGKDY2FgFBQUpNzdX+/bt06JFi7R+/Xpj/fj4eL+MvwE0NsbgAACgBXK5XLr22msr/UVvxIgReuaZZ+o9RSAAIHAyMjL0i1/8wtT1sDZiY2P1hz/8odpZZYCmii4qAAC0QAcOHKg03Bg6dKh++9vfEm4AgMXFx8fr2WefVXx8fK1fM2nSJL366quEG7AsWnAAANACrVu3Tq+88oqys7MVERGhXr166ZJLLtHEiROb5PR6AIDz43Q6tXr1aq1fv14HDhxQenq6HA6HoqKiFBsbqx49eqhfv34aM2aM2rdvH+jiAvVCwAEAAAAAACyPn2gAAAAAAIDlEXAAAAAAAADLI+AAAAAAAACWR8ABAAAAAAAsj4ADAAAAAABYHgEHAAAAAACwPAIOAAAAAABgeQQcAAAAAADA8gg4AAAAAACA5RFwAAAAAAAAyyPgAAAAAAAAlkfAAQAAAAAALI+AAwAAAAAAWB4BBwAAAAAAsDwCDgAAAAAAYHkEHAAAAAAAwPIIOAAAAAAAgOURcAAAAAAAAMsj4AAAAAAAAJZHwAEAAAAAACyPgAMAAAAAAFgeAQcAAAAAALA8Ag4AAAAAAGB5wYEuAADA16FDh4y/k5KSAlYOAIAZ9TMANF204AAAAAAAAJZHwAEAAAAAACyPgAMAAAAAAFgeAQcAAAAAALA8Ag4AAAAAAGB5BBwAAAAAAMDyCDgAAAAAAIDlEXAAAAAAAADLI+AAAAAAAACWR8ABAAAAAAAsj4ADAAAAAABYHgEHAAAAAACwPAIOAAAAAABgeQQcAAAAAADA8gg4AAAAAACA5RFwAAAAAAAAyyPgAAAAAAAAlkfAAQAAAAAALI+AAwAAAAAAWB4BBwAAAAAAsDwCDgAAAAAAYHkEHAAAAAAAwPIIOAAAAAAAgOURcAAAAAAAAMsj4AAAAAAAAJZHwAEAAAAAACyPgAMAAAAAAFgeAQcAAAAAALA8Ag4AAAAAAGB5BBwAAAAAAMDyCDgAAAAAAIDlEXAAAAAAAADLI+AAAAAAAACWR8ABAAAAAAAsj4ADAAAAAABYHgEHAAAAAACwPAIOAAAAAABgeQQcAAAAAADA8gg4AAAAAACA5RFwAAAAAAAAyyPgAAAAAAAAlkfAAQAAAAAALI+AAwAAAAAAWB4BBwAAAAAAsDwCDgAAAAAAYHkEHAAAAAAAwPIIOAAAAAAAgOURcAAAAAAAAMsj4AAAAAAAAJZHwAEAAAAAACyPgAMAAAAAAFgeAQcAAAAAALA8Ag4AAAAAAGB5BBwAAAAAAMDyCDgAAAAAAIDlEXAAAAAAAADLI+AAAAAAAACWR8ABAAAAAAAsj4ADAAAAAABYHgEHAAAAAACwPAIOAAAAAABgeQQcAAAAAADA8gg4AAAAAACA5dk8Ho8n0IUAgIoOHToU6CKgiUhKSgp0EQCUQ/2MMtTPAJoaWnAAAAAAAADLI+AAAAAAAACWRxcVAGiCyjcBpwkwADQd1M8A0HTRggMAAAAAAFgeAQcAAAAAALA8Ag4AAAAAAGB5BBwAAAAAAMDyCDgAAAAAAIDlEXAAAAAAAADLI+AAAAAAAACWR8ABAAAAAAAsj4ADAAAAAABYHgEHAAAAAACwPAIOAAAAAABgeQQcAAAAAADA8gg4AAAAAACA5RFwAAAAAAAAyyPgAAAAAAAAlkfAAQAAAAAALI+AAwAAAAAAWB4BBwAAAAAAsDwCDgAAAAAAYHkEHAAAAAAAwPIIOAAAAAAAgOURcAAAAAAAAMsj4AAAAAAAAJZHwAEAQEvncQe6BPXXHN4DAACol+BAFwAAADQSV4FUUiCPq1ByOSS3UyotPhcOeAJdunqySTa7FBQq2cOk4HDZgiOlkCgpOCrQhQMAAI2AgAMAgObMVSg5c+QpzpVK8ptxSweP5CmVXEWSiqTic5GNzS6FxMgWGiuFxUnBkQEuJwAAaCgEHAAANEclZ+VxZEqOTMldHOjSBI7HLRXnegOewlNSeFvZwttKIdGBLhkAAPAzAg4AAJqT0mLJcVqeojNSqTPQpWla3MVS4Ul5nFmyRbSTwhO8XVoAAECzQMABAEBz4cyRp+iU5MwJdEmatlKnPGePSSVnZYvo4O26AgAALI+AAwCA5qAoXZ6Ck1KpI9AlsQ5njjwuh2zujlJE+0CXBgAA1BMBBwAAVldwQp6CY814ANEGVOqQJ/+wbO5SKapToEsDAADqwR7oAgAAgHog3Kg/j9v7GRacCHRJAABAPRBwAABgVUXphBv+UhZyFKUHuiQAAOA8EXAAAGBFzhzvmBuEG/7jcXs/UwZpBQDAkgg4AACwmlKnd7YUBhT1v1LHuc+WKXYBALAaAg4AACzG4zhDK4OG5MyRHGcCXQoAAFBHBBwAAFhJyVmpiC/fDc1TdMb7WQMAAMsg4AAAwEI8jky6TzSGUqf3swYAAJZBwAEAgFW4CqUG+NK9dM02TbvtSU277Un9sHpbteumZ+QY6548neX3sjQpjkzvZw4AACyBgAMAAKtw5kju4gbdxdyPvlORo2H3YRnuYsY6AQDAQgg4AACwCE9xboPvIzM7X598tarB92MVjfGZAwAA/yDgAADACkoKpJL8Bt3F8MG9FBIcrI8WrlB6Bi0XJHk/85KCQJcCAADUAgEHAABW4CqQPO4G3UVMVKSunjpKLlep5n60uEH3ZRket/ezBwAATV5woAsAAABq5mmEwS7zzhbozlunauH3P+nHdTt01SUjNLB3t/PaVlZOvv69eJ3WbNyjk6ezFRUZpj49EzV1/FCNGtJbNptNknQiPUuzH/67JOlvT/xCfXt28dnWPU+8oX2HTmjogB569je3+Ty/I/WwHvrjPIWHheqT//2tgoODzqvMVfG4CmXz6xYBAEBDoAUHAABW4Cpq8F2cLXQoNiZK118xVpL0+ntfy+2ue6uR9Vv36Y7fvKyPvlyhIyfOqMTlUk5egdZuStXTL32gl+YukMfjkSR1at9Gndq3kSRt23PIZ1u5+QXad+iE8bzD6TsA6o7Uw5KkoQN6+D3ckNQonz0AAKg/Ag4AAKyggWdPkSSHs0SSNGPqKLWJi9GBwye1eMWWOm0j9eBxPf3SByoucen6K8bqrT/dowVv/3/64JWH9divb1BC21h9++Mmfb1so/GakRf0liRt3nnQZ3vb93jDi8SO8XK5SrVr31Gfdbbs8r5u6IAedSprrTXCZw8AAOqPgAMAACsobfgv2c5zrSMiwsN0x42XSpLm/WuJzhY6avV6j8ejV/75pVylpXrkrut0x42XqkvHeIWGhqh1bLTGjeivJ+bcLEn68MsVxuuGDvQGEzv2HJazuMS0zbLw4uafjTctG2UuLtGO1COSpMH9kuv0fmutET57AABQfwQcAAA0dR53gw8wKkku13/2MWnMIPXpkajc/AJ9VC6MqG4sil37j2r/oZPq3rWDxo/sX+k6PZM6ql2bWJ3OyNGpM9mSpAEpXRUcFCRXaan2HDhmWn/91n3q0K61xgzrK5vNpp+27jM9v/fgcblKSxXfppUSO7St4zuupUb47AEAQP0xyCgAAJAkeeQx/rbZbLrz1mm6/5m39dk3qzXt4qHq3KGtgoKq/m1k++5DkqSDR05p2m1P1ri/7Nyz6tCutSLCwzSob5I27TigbbsPaXBfb0uM46cylZ6RoysnD1dEeKh6d++sPQeOKTM7T21bt/Lu89z4GyMGpxgDlwIAgJaJFhwAADR1Nrv3v0bWt2cXTb5osEpL3Xrrw28lSSHBVf82kpGdV6ftlx8Q9MJBvSRJm3YcMB4rG3R0cL/u3v+fCz7KD0a6+dz6F5xbp0EE4LMHAAB1RwsOAACsICg0ILN5zLr+Eq1cv0trN6Vqe+ph9ezWscp1z02MouGDeun3D/28Tvu54Nz4GXsOHNPZQoeiI8ONQUcHpHSV5B1j46OFK7Rp+wFNHD1IDmexdu33Djo6sM/5TWdbK0GhDbdtAADgN/wkAQCAFdgD8yU7vk0rY4DPdz75XmGhwVV2BWnbOkaStO/QiTpPL5vcpb1ax0bL4/Fo78Hjcrvd2rR9v3p066DWsdGSpH69uig4KEjrt+2Tx+PRvrQTKi11m9ZpEAH67AEAQN0QcAAAYAXBEQHb9Yxpo5UQH6cdqYe1acdBRUeGV7pe/3MtLXLyCrRph++Ur9Wx2WwaOcQ7XWzqgWM6eCRdZwsdunBgL2Od8LBQDeqbpJy8Ah05cUapB49L+k/3lgYTwM8eAADUHgEHAAAWYAuODNi+w0JD9Mubp0rytuKIjAirdL2Bvbupa6d2kqTX5i9STl5BpetV1bpj2ADvdLG79h3Vzn3eqV8H9U0yrzOwpyRp+57D2nVunQYdf0OB/ewBAEDtEXAAAGAFwVEBHexy7IV9NahvkvYdOqH0jJxK17Hb7Zoz+2cKCrLrRHqW7nv6LS1ft0N5+YUqLXUrMztP3y7fpDt+87IOHD7p8/pBfZNks9m0e/9Rbd11UEFBdvXr1cW0TtlAo1t3p2nbnsMKDg5S356J/n/DZWx272cPAACaPAYZBQDACkKipJAYqTg3ILu32Wy685Zp+vUTb8jj8VS5Xv+Urnrqvlv0/Guf6NSZbD336sc+6wQHBWlf2gn1qDBgaWxMlHr36Kw9+49p9cY9GtQ3SRHh5tYi3bu2V0xUhFb8tFOSNHRAD4WHNeAYGSEx3s8eAAA0ebTgAADAImyhsQHdf49uHXX5xAtrXG/44F6a98K9uv3aSerdvbOiIsIVFhqirp3b6brLL9K8v9yraROGVfraEYNTjL+H9u/h87zdbjeNuVHWZaWhBPozBwAAtWfzVPczDAAgIA4dOmT8nZSUFLByoIlxFcqTvUdyFwe6JC2DPVS21n0kxuBAOdTPANB00YIDAACrCI6UwtsGuhQtR3hbwg0AACyEgAMAAAuxhbeVgiqfxQR+FBTm/awBAIBlEHAAAGAlIdGyRbQLdCmav4h2Ukh0oEsBAADqgIADAACrCW8nhcUFuhTNV1icbOGESAAAWA0BBwAAVhMUJltEBykoPNAlaX6Cws99tnQDAgDAaphFBQAAqypKlyf/sORxB7okzYPNLltMNymifaBLAgAAzgMtOAAAsKqI9rJFJUo2Luf1ZrN7P0vCDQAALIs7IgAArCyqEyFHfZWFG1GdAl0SAABQD3RRAQCgOShKl6fgpFTqCHRJrCUoXLaojrTcAACgGSDgAACguXDmyFN0SnLmBLok1hAW5x1QlBlpAABoFgg4AABoTkqLJcdpeYrOSKXOQJemaQoKky2inRSeIAWFBro0AADATwg4AABojkrOyuPIlByZkrs40KVpGuyhUnhb2cLbSiHRgS4NAADwMwIOAACaM1eht+tKca5Ukt/yppS12aWQGNlCY71dUYIjA10iAADQQAg4AABoKVwFUkmBPK5CyeWQ3E5vlxaPW5LVbwds3jAjKFSyh0nB4bIFR0ohUVJwVKALBwAAGgEBBwAAAAAAsDx7oAsAAAAAAABQXwQcAAAAAADA8gg4AAAAAACA5RFwAAAAAAAAyyPgAAAAAAAAlkfAAQAAAAAALI+AAwAAAAAAWB4BBwAAAAAAsDwCDgAAAAAAYHkEHAAAAAAAwPIIOAAAAAAAgOURcAAAAAAAAMsj4AAAAAAAAJZHwAEAAAAAACyPgAMAAAAAAFgeAQcAAAAAALA8Ag4AAAAAAGB5BBwAAAAAAMDyCDgAAAAAAIDlEXAAAAAAAADLI+AAAAAAAACWR8ABAAAAAAAsj4ADAAAAAABYHgEHAAAAAACwPAIONHv/XviD/vinN3T4yIlAFwUAAAAA0EAIONDsffXNjzpy9KS+XLQ00EUBAPiJJ78g0EUAAABNDAEHWgyHszjQRQAA+MnpXz9OyAEAAEwIONDk5OWdVU5OvoqLSwJdlEqVlc/lKg10UQCgRSpc9INK9h9S/r++DHRRAABAE0LAgSbn2yWrtPDrZdq6PbXJhRwZmdlG+dLTMwJdHABokXLnfiRJyv/XQlpxAAAAAwEHmpwflq3VilUbNf//Fmjb9r1yu92BLpIkKSMzRx9+/LWW/LBGK1Zt1NHj6YEuEgBYQmGRQ/+c/4W+X7q2/tta9INK089IkjxnC2nFAQAADAQcaHK6JnaU3W6T01msd//v3zp89GTAQ47MzBx99PFX2r5jryQpNjZGbeJaBbRMAGAFhUUO/fWlf2rNui3616ff6J/zv6jX9spab5ShFQcAAChDwIEmZ/bt16pLuZDjH+98piMBDDmyc/L04cdfa9u5cCMqKkJXXnaxUlKSAlIeALCKsnDj2PFTxmNr1m0575CjfOuNMrTiAAAAZQg40OS0b99Wd9x+rbp09oYc6aczNe+dz3Tk2KlGDzkKCor06ReLtW1HqiRvuDFh/AiNH3tho5YDAKymsnCjzPmGHOVbb9iiIo2/acUBAAAkKTjQBQAq0759W82eeY3m/fNTHT1+yhty/PNTPXjfLMW2iq7TtqIiI1TkcCjuPLqUrF63Res3bDe2M2HccP3siol13g4AtCSVhRujRw7W0WOndOzc+EVr1m2RJM38r6trt80KrTcSXv29Tv+/x+UpKDRacbS64yY/vgsAaFk8Ho9OnDitrxev1PYde+VwOANdpDoJDw/TwAEpuuzSserUKUE2my3QRUIABD311FNPBboQQGWioyPVq1eSDhw8qsIih5zFJRo8qLda1zGocDqLVVrq1vXXTFV0dGTNLyhn4VfLlJmZo4jICE0cP1w/u3JSnV4PAC1NVeHGzP+aoeEXDtTOXfuUd661xbHjp5SZmaMLBvepcbsZv31enoJCSVLkZRMUPWOaVFws5+adkqTifWmKuXqqbGGhDfCuAKD5O3UqQ396ca6OHj0ht9sjm81mqf9cLpeOnzitdRu2a8jgPoqOjgr0R4oAsHk8Hk+gCwFU51R6hhYs/EFhYaG68frLFB4W1mj7/nbxSm3dlqrevZM1nXADQDP2wkv/0L79h2u1bts2cXpwzky1bRtnery6cMO8zj+MlhyS9MCcmerdK6nK/eXN/VB5ZMT8GwAAIABJREFU8/5lLHf85HUFdUyQJ79AJ6698z/Bx+UT1fre2bLFcFMLIPBq07Xabm86Iwb85W/ztP/AEcXFxigxsUOgi1Nnx4+nKyc3Tx6PNLB/in599y2BLhICgC4qaPI6tI/Xf99xQ0D2PfXSsZp66diA7BsAGkvqvkO1DjckKTMrR6vXbtZV5brs1SbckKTIiHA9eN8sU8gR38YclBjbXPSDcud9pNJT/+maEnnZBAV1TJAk2WKiFHPjlUb4UfjVUhX9uE4xN16lmOuvJOgA0Cg8Hqm0tFRut1tut1tlvx/vP3Ckxtf27NFVkoxWCJIUFOQNPcrCj8YKQfYfOCK73aZ7/9/P1blT+0bZpz8VOZx67Im/qaDQoeMn0mt+AZolAg4AAFAvtQ03ypSFHGvWblHbNnG+LUEqCTbKxFYYZyPmhquU/9FCoxWH52yh8uZ+pPyPviToANCgPB7J5XIp/2yBflq/XfsPHNH+A0dU5HDUeVsR4eHq3Nkb3paFHik9kyTbf/4fHBSshh5WolPHBEuGG5IUER6mTp3aa9/+w8rKzg10cRAgBBwAAMCQ2Lm9brjuskqfW7N2s9as22p6rK7hRpnIiHBNnjjKvK1qgo3IyyYo9o6bjNYbZWwxUer06RvK/9eXBB0AGk1pqVu5efn65ruV+mn9diPUsKluLS7sdpskm0pcLh096q1Hjx1Pl80m7dt/WBER4Urdm6bI8HBdfPFwRYSHN8C78bLZbIqMjGiw7QONgYADAAAYIiLCqxwPY+/eNNPy+YYbFZ1PsFGeLSZKre64yduag6ADQANzuUq1afMuvf/RQmOmkaCgIAUHBykyIlydOlVdX1WU2Lm9EVr07Nnt3GMJDRpkVKVNm1hFRTb+fgF/IuAAAAB1VuJy+SXcOPP/Hpdzy85Kn2v3yjMKGzqg1tsqCzoixo/U6V8/Ls/ZQuO5sqCjaPk6JfzP7wk5AJyX0tJSLflhjT5fsESSFGS3KyYmSoMGpmjCuBHq3Nma3TskqU3rWMt2TwHKEHAAAIA6W7N2q/LyzxrL5xNuSFK7V3/vbcEx9yOVpptbcJy55wlFXj5RsbNvrLYFR5nSk6eVO+8jFX611Oe5oPbtFHvHjYq8ghmxAJwft9utlas3G+FGSEiwLhjUR9dMv1Rt2sQGuHT1Zy830ClgVQQcsCSXy6Xi4hK5/TjLcWhIiIJDgmWnYgeASnVJ7CjJO7BeXcON75euVds2cbpgcB+f5yKvmKTIKyZVGnQUfrVUhV8trTboINgA0NA8knbtOaj/+2ihJCk4OFjXzZiqCeOHB7ZgfpSY2F5t27Zu2J2UuqWy6XODg1SXUVM9Hg8BDGpEwAHL8Hg8Kix0qLCwSCdOnlHa4WNynuv36A9JSYnq2LGd4lrFKCYmigoUACpISUmSx2O+H61NuPHP+V9ozbotkqTbf361xoy6oNL1ahN0dPzkdVPI4ckv0KmZD5i6o0gEGwD86+zZAr39j08keQcRvf6a5hVuSN6ZXBq6JYpn4065N26XJAVNnyzVoUvM6dNZSkhowz06/n/27jwuqvNuH/91ZoCZAdlRQEBBZXGFuAHGDU3jHmNj1KRZTNPEpE2MaZ487ZM2bdJ8f33ytE2bpW0205poW5eYaNxNXKMCroAbm7IoAiowrDPAzJzfH8McGNYZmGEYuN6v8vLMcs65x9SZwzWf+3N3igEHOQVRFHGr5A5OnDiHU6lpUkMnmzp2GkqlAqOjR2DRglkIDhoMFxe57c9DROSETA1FexJuAMDnm3YAQIchB9B50FH52Wb4/XqtdLt66y6zcKOnwYa++DZq9x6GV6vlaIloYDt0OBkajXGllJioiH4XbgDG4Ma4qov9GNKvQP/5V8bzTY2FYEXAsWf/USxZmITBg/3sNTzqBxhwkFMoLrmDT9ZvQ0nTRa5cLoerq6tNE1ydXgetth4X0q/iatZ1/GT1coyOGcGQg4gGvO6ultI63DCxJOQAmoOOqs82o+ofW41j2XdUWlVFrK5F9dbd0vMHPbwIPuuetvh1tafys83QfH8aniuWsBEpEQEw9t44+v1ZAIBcLsPjjz7g4BHZx6hRwxE5crijh9EuURSRnVuArJx8BhzUKQYc1OfV1mnwcVO4IQgCVCoVQsJCEDIsBAo3hc3Oc+fOHeRk5qCutg5abT3Wb/gSz/74YYwZPZKlcEQ0YNkq3EiMj8WNmyW4WVQKwPKQAwC8nl6F2j1HpEoOUxVHy+oNwcMd3j2sutAX30bdvqMAjJUhrOIgIgBIS8+UqjcSpsb2i4ai7enL17uFN4pRUVGFtPRMTJ820dHDoT6MAQf1eXv2HZMqN3x9fTF9zgzETer6grg7bt4owvHvjuJ67nVotfX44t/f4Bf/9RP4+XjZ5XxERH2ZLcON1Y8vazreP7sVcng/vRLlv/+rcVz7jsJz5RKz6g3PlYt7XHFR+dlmabt6625WcRARACA7N1/ajpvQtlFyfxHah5e4zc4pAADkXi9ks1HqlMzRAyDqTH19A04mXwBg7Fa98MFFdgs3ACA0LAQPPbocgcHGN3i1ugqnms5PRDSQ2DrcAAB3lRKvrHvK7CL68007cCql7TSW1twXzYE8cLB0+/YLr5tVb3iuWGLZC+tAy+oNABBr6lC9dVePjklE/UPhjeb3wVGj+uYUDltwVykdPYQO5TSFTBqNVgrJidrDgIP6tOTUdKmhaPjICIyIHGH3cyoUCixYuggymfGfx4mT56DT6e1+XiKivsIe4YZJT0IO76dXStstG4vaunrDpHrrbojVtT06LhE5v2vXCwEY37/6cgjQn9U1TRFqvU3UGgMO6rNEUURaxlXpdtxE+1VutBYaFgI/f2MDowp1FfILinrt3EREjqQ3GOwWbph0N+RoXcUB2Kd6w4RVHETUUkgfnsLhNAyG5m09v0Ak22PAQX1WZVUNrmZeBwC4ubliZPTIXj3/6HGjpe1TqZymQkT9V8tvJG/dum3XcKPlObsTcrSs4gBsX70hDxwMrx+vkG6zioOIbEWn06OhodGpf3Q6HURR7N5fQJkahqbVaABAv3UvUKa20d8ukRGbjFKfdT6tuXpjwj0ToFDYbsUUS0yOn4xTx09Br9fj3PkreOThhXB1de3VMRAR9Yaw0CD4+HqhorxKmhYI2C/cMDGFHNY0HnVfNAeVn22BvvSOVL1x42YJysrV3Wr+V7fnsFn1hvfTK6GaGY/qLbsh1tZBrKlDxfv/gO/aH7PhKBF1iyiKqKquxfavDyL1TIajh9Mjo0YNx8J5MzA6eoQ0ndsiZWo0vvQWxNwC6S7DibNofOktuL73OuDvY4fR0kDECg7qkwwGA45/fwaAccmq6DGju9jD9jy9vRAcEgwA0GrrkZae2etjICLqDXUaLXQNOrRsSm/vcMOkO5UcpioOz5WLUd7QiP/39kf48JPN2LBxh8XnrdtzGMUPrZFWZgGM1Rvui+ZA8PSA58rFzc/dewS3lq9B1T+2sJqDiKyWX3ALv33rr1K4IZPJnPJHEATk5hbg/b9twsnkC5ZXcpS3DTdMxNwCNL70FlDOSg6yDVZwUJ90+3Y5ikuMS8O6e7hjZFTX01P0Oj3q6+u7fB5gDE2UKmWXS0zFTozDzcKbAIC0jExMmTzeouMTETkLU0PRmtrmpp29FW6YWFvJ4b5ojrSMa/LlHOl+03hWP/5gh+eq23MYlf/YAn3TZ0xLPut+LG17rlgiVXEAxn4cVZ9tQfWWXfBcuQSeD/d8agwR9X/VNXX45LOt0Gi0EAQB7u7uiB4TBS9vb0cPzWoX0y6iorwCBoMBm/6zC/7+PhgT08U1erkajWubwg1BAGSy5t4bLnJApzeGHGvfguv7rwN+rOSgnmHAQX3S+bQr0vaYcV1Xb+j1emRlZiHlRIpFx1cqFJj/wEL4+vl0GnJExUTigIsLdDodLl3JRUNDI9zcOE2FiPoHe66WYi1rQ44hf30LgqcHpiXE4dCRZGmfjkKOzoIN9wWz4f30KsiDh0j3CZ4eGLr9Y1Rv3cWgg4i6bffeIyivqAQABA8NxorHVsDLx/nCDQCYOXcWdn/1DS6cTYMoitj4r2/w+9+t6/haulW4IcSMhGxCNPRb9gAA5C8+Af0/vwLUlQw5yGY4RYX6HL3egOMnjA2IBJmASQlTutzn1s1b+ObLnbhZcMOin2s513Bw937U1zd0elxPby9EjY4CYJymkpya3vMXSETUB/SlcMPEmukqLUOF1vskp6ZJ01Xqz1+SpqK0DjcUcWMR/OVH8Pv1WrNwo+U5vJ5ehaHbPzZrPAo0Bx2mqStERO1JPXMRgLF6+OEfPey04YbJ4h8+gKDgIABAeUUlsnLy23+iurpVuDHCGF4McpeeIhsVDtcPXgd8vABACjlQWWPvl0H9GAMOskhjYyPq6rSordPY9aeqqga51wpRoa4CAPj5+WFIYNuLztbChodh1pxZGOQ5yKIfP39fzJk3F0pl141LR48dI22nX8xEVVUNamrrrH5tdXVaNDY2dv8/AhGRjfTFcMOkOz052tvHFHIoJo6D949XtlleFgDq0y4bqzqKb3c6Js3xVNTuPdLuY6oZU+GxIKmrl0VEA5RGowUARI2Ogrdv/6hMmHpvgrSd00HAof/qAMTrN1qEG78B2ql2EyLD4frBb5pDjvybMGSw7x11H6eoUKdEUURdnRapZzNw+XIONFrLelx017XrN+DbItmOGWt5R/zEmdOQOHOazcc0KmYUXFxdoGvU4dr1G3j1tT8hOHgI3FXWreqiUiowdmwkpk4aD5VKCbmc+SIR9b6+HG6YdGt1lXb2aTldxX3RHOM0laYVWEzq9h5B3d4jcF+Y1GalFGuntRARdSQwKLDrJzkJb9+uq1DkP14OseQOxJz8DsMNE1PI0fjiW3BZ+wRkMybbcrg0wDDgoA4ZDAbcLVfjw48341YX327ZUoW6EoIgwMXVBVMsmJ5ibwqFAvdMjsP5Mxek5ROLu/n3celKLg5+ewpPPbEMkaOGWbe8FhFRDzlDuGFir5Cjs6ADogi/X68FYJza0nKFFekcDDaIiCzi8trzQHVtc7hhMABVzdNPxMoqCKJorPKIDIfbtvc7DUKILMGAgzqUl1+E9/++CVptPQRBgJvCDXK5vFfO7eXthbETxvaZeYpz5t0HrbYe17Kvde8AIqDT69HY0IAKdSX+/sl/8MJzjyJy1HDbDpSIqAPOFG6Y2CPkANBh0FG376gUXlR9Zt5Xg8EG0cAlCAJEUexy9T1qR4tww7DrMPTb9kkP6X7/IVyDBkMYPdK4wgrDDbIBBhzULlEUsWffMSncGBI0BHPvvw+jYkY5emgOoVAosGzFD7u9f319PXIzc3Hi2Pe4XXIbWm09/r1lD379yzW9FhoR0cDljOGGib1CDqA56Cj+4Rop5Kj8bDM8Fs5Bfdpl6XmDP/gdFBPH2f7FEZFTiB0fjbSMTAwLDXL0UNoQRRGiCABim8cEQegboUxTuKH734+Mt2UyQBSBmjo0rv0dXN//TXPIQdRDrI+ndt2+XYbLV3MBAB4eHli95qkBG27YgkKhwNjYsVi95im4uxu7R98qvo2snIJuHa+xUQdRbPtBRkTUmjOHGya2bjzamvfTK6Xtun1HoX7/H9JtRdxYhhtEA1xc7GgIgoDEhHscPRQAxlDDYDCgtrYW+dfykHoyBd8fOo7jh47jmy934vih4/j+0HFkXs5E+d0y6PV6GAwGh107GvYcbRFuCJAtSoIQHWEMNJpCDjE7zyFjo/6HFRzUrtNnL0rbM+bMhEJhXUNNap9CocCUaVNw9NujAIBr1wowJmaEVccQRRGHjqQgIT4WPt6edhglEfUX/SHcMLF3JUfLqSqNLVYF8GoRfhDRwJQYH4uc3HyzwNQRDAYRleUVyLyahayrWSjMa/6izNXV1Wy1PlODfADw8fFB1JgoRI2JQXjE8F6v7DBkZAEy4/lki+bA5VfG3hyNL74JMSsP0GghXiuEEG3dNTFRe1jBQV0aHMT5xrY0LCJc2jYYDFbvX11Ti/3fnsCXXx2w3aCIqN/pT+GGiT0rObzbCTJYvUFEJk/8aKnDzi2KImpra3H80DF88rdP8e3eg1K4IYqAv58P7omNgVwuk34SpsTC1cX4XbZarcbpU6exaf0X+GL9F8i7nt+ta9DucvnV85AtmtMcbgCApwdcP/gthOgIuPzqp5AtnN1r46H+jRUc5LRM5XmmP413AgbR/A27ZUotE2TG2zIZZDLHz/MzfaNojSNHU6HRaHHm3CU8vfqhvjG3koj6lP4YbpjYs/Fo65VVWL1BRI5mMBiQfi4dB/ceRL1WCwDStZ9KpUBdnRbTEuIwedI4zJjevLzqkCF+OH/hMmRyGeq1DZDJBBhEEYV5Bdi0/gtMuGcC7l88Dyp3d/TGlaQUbLTk6QHXDX/ohbPTQMKAg5yKKIrGeYR6A9QVFSgsuIEqdSUK8gsBAPWaetwuNQ8NvL294dW0Xndg4BB4+/ogLDwMQUFBEGQC5HK5w5Zr1TQtO2uNnGuFdhgJEfUnW7/c1y/DDRNbhhxRkeHSPt5Pr5SWhmX1BhE5msFgwDdf7kTGhQwAxmBDJhMwa8YU3LlbjouXcoy9QeLj4O/vg6DAALP9ExPicOhIClTuSsydnYCUM+koL1fDYBCRcSEDpbduY8nDSxA8NJhfmFG/wYCDnIJep4der0dJSQkupV1EYd6NNkFGSzJBAAQBBoMBlZWVqKysBADcyG8OB7y9vREWHoao0dGIjImEXCaH3EXON3gicnp3y9Rmt6MiIzp9vjOFGybdDTnCQoPNqufKyiqaH29RxcHqDSJypLq6OmzdtFWaiiKTyZAYH4tF82fhQvpVHD6aCsC4wou/v0+7x5g7OwGHmyp/k1PT8KtfrkHq6Qzs3nsUdRoNSktLsHH9Rjz82ApEjIzolUoOIntjwEF9mkFv7BB9NuUMTiefkUrzgOYUWyaTSdNQTG/MQ4cOgUqlxLWmagcRkDpH6/WG5uAjvRKX0i8BAMbHjceM2TPgG+DHpVuJyKmtXL4A77z7T6lKrLNf/J0x3DCxNuRo/VpDQwIxd06i2XO8n16J2r1HWL1BRA6j0Wiw8dONKC0xVuLJZDI88aOlSIyPRW2dBrv3HQNgvBaeOyehw+P4+/sgatRwZOXko6xcjUOHk/HA4jmIHR+Nj9ZvwY2bJajXarFp/Rd45sVnETw0uFdeH5E9MeCgPslgMECv0yMjLQMnDn8vVWAIggC5TAaZXAY/P29EjhyOCeOioXJXwN/XB35+3u0er06jRdEt48VvxsUs5F4rxM2iUhgMBhgMxh4eF9MuIjszB1MTp2BywhS4e7gz6CAipxQWGiT94t9ZyOHM4YaJpSFHe+HGK+uegrtKaX68RXPgGtV5xQsRkb2IoogDu/ZL4YaHuxIvr12NsNAgAMChw8nQaIxf+MWOj0bUqPBOj/fkYw/iV2+8B1EUsWf/ccydkwh/fx+8vPZJfLFpB9IysiCKIrZt3Ipn1j4LlUpl19dHZG8MOKjP0ev0yLycie/2fWsWbLi4yBEaEoQJ46IwYXy0VUt1uauUiBw5HACkP8vLK5FxKQs5OQXIuJwNnU6Peq0W3x/5HqeTz2Bq4hTMSJrJaStE5JS6CjnsFW6cSklDebm66ye24u/vg8T49qeWdKWrkMPScMPEtYspPURE9nL02yNSzw13lXm4UVunweFjpwEYr41XPDS/y+MZ31tjpdWmTFUc7iolnntmFT7ftAPJqelQq9VI+T4ZSffPsdMrI+odDDioT6mpqcG3ew7iYtpFAE0VG3IZwkKD8NCD9yNy1HCbncvPzxuzZ07F7JlTUV5eiS+/PoD0i9nQ65uDjqwr2Xj4R8vhF+DPkIOInE5HIUdyahqyc/Kl59ky3DAFC90hih33z+hKRyFH69faVbhBRNRaZnYeBAAqlRLDwuw3jUNdXoHvj3wPwHgNvPrxZVK4AQDJKWlS9UZifGyHvTdaW7xgNpJT0yGKIg4fO40HFjeHGE8+ZlxJKjk1HaeTzyBhRqL9qzgqawAvD4DX1mQHjlk6gqgVURRRU1ODTes3SeGGXC7DkCF+ePzRpfjlfz1j03CjNT8/bzz79Aq89MLjiImOgIuLcWrK7dJSrP/7Zyi6WdSr64UTEdmKKeRQKRXSffYINwDzhp2O2N8UcrSs8GO4QUQ9tWffMezedwwpp9Ptep6d27+RthcvmIXYCdFmj7esRFu8YLbFx/X390HC1AkAAI1Gi8zsfLPHn3zsQSTGx6Jeq0X6Ofu+RogiGn/xB+j/8k/7nocGLFZwkMMZDCKKb93Cps82SU1EXeRyLP/hPCTNmtqrY4kaNRxRLzyB7NwCfLJ+C2pqNajXavGPv3+GJcuWIHZynMOWlCUi6q72KjkAYGLcaLv13PDz84a/X9ffLpaVq1FeXmmz85pCjv/65R+g1zcH0ww3iKi7Xnlptd3PkZ9XgILr+QCMgcScJPPmoXUarVSd5ufnbXH1hklUZASSU43hRXrGVcREhZs9/vBD81F4swTp59ORML3jxqU9pd+yB2LaFejTrkC2OAkCex6RjTHgIIcSRRHp59JwcO9B1Gu1EAQBHu4qrHlmJaLsWLHRlahRw/Hafz+Lj9ZvReGNYoiiiF1f70JpSSnuXzyPIQcROZ22IYeIocFD7Ha+afFxWLIoqcvn7dpzRFoRwFbS0jObwg0RgMBwg4j6vJTvT0nbixfMbvN+lZaeKW3HTYix+vhxsTH4fJNxOz0jCyuXLzB73F2lxOrHHsSf3v0nKivU8Pa1LkCxWHVti+06+5yDBjT+lkYOI4oi0s6mYddX30jhxrCwILy89kmHhhsmfn4+WPfiE7hnQgxkMuMcwdPJp/HNlzulJWeJiJxJWGgQ/uvlH8NN4QZAkL7N629OpVxo2hKQEB+L1//neYYbRNSnZV/NBgColIp2exGlpV+VtuNiR1t9fHeVUpruXVauRllZ22bQYaFBuCd2NPKvF1h9fKK+ggEHOUzxrWIc3HsQgLGRUlRkONa9+KRVq6PYm7tKiTXPrMSc2fFSk9GMCxlIPZnKkIOInFJtnQYN9Q0AjBe5/V2ABdNkiIgcKetylrQdF9t+dYapn5BKqUB0ZHi3znNPi2AkLSOz3ecsWTgbpcW3unV8or6AAQc5hKZOg43rN0o9N6Iih+Pna5/ss9+wPfzD+Vi8YJYUchzcc8Dsw4iIiIiIqDsyr1yRtuMmtF+dYeqfFNpiVRVrtdy3rk7T7nP8/X3g5dE3r8eJLMGAg3qdRqPBF59+IYUbYaFBeO6ZVQ4eVdcWL5yNxPhY6fbO7TtRfKvYgSMiIiIiImdXUdHcaDmqVfNPAMhqsRqUrXRWwRcdPcLm5yPqLQw4qNcd3H0ApSUlAIxTQJ587ME+W7nR2sMPzZfWI6/XavHNtm+gbVqPnIiIiIioJ7q6Ju7u9JTW+95tpwdHXxbQYtUYTj2kznAVFepVWZezkH6+uandc8+ukgIDZ+CuUuLnL63Ga6//BRptPUpLSnD0uyOYv2RB1zsTEREREbVSmGds6unn542yMjXSMjKRnZOPuqYv0SqraqTnJqemIzu3501AbxaV4p33Nki3w0KDEDchBlGR4QgO8EFf+/rOtMxtd5bIpYGFAQf1qgO790vbKx6ab30KXV0L0YZlekJkOODpYdU+7iolXln3FP7f2x8BAE6fOo3E6Yn2W06LiIiIiPq9em0DXvvtu50+p6xcbZMG0RqNVmpcChibmB46kgJ/Px88+fiDGBTk3eNz2JLpd4aeVLDQwMCAg3pN+rl0qNXGN2Q/P2/MTUqw+hhidj4aX/itzcbk+tc3IUwaa/V+YaFBSIyPlZZYPPrdESx9eJnNxkVEREREA4tSqcC6F59EcuoFZOfk42ZRaa+cV6VUIC42BlGREdIqLhW6Xjm1xfz9feDn542oyIhOn2ea4mNaEpcGHgYc1Cu0Wi0O7Dkg3V68YHb3D9ZHVmddvGC2FHCkn89A7OSJCI+w/5tpdGQ4cnILoFIqAAh2Px8RERER2c+wiOEozCtAWbkaw8KCMCzMOPVZbLrmzc7Nx5+bppMsXjALixcmdftcz734BgBjAPDKS08Z7xTMryivZOXDe6h9rmlls6ZCv3kPhODBENppqNqZuAkxHS6jaxIWGoT0i1zpcCBjk1HqFaknUqDVGJejihw1HNMS4hw8op4LCPDFovkzpdvHDx3rlfPOSUqASqnAnNnxEJhvEBEREfVLgoA213pZOfnS/db+aLTNnTUC/H2aH2t1XqUdm/8LURFw/fsbcP37m1ZPE1+5fIHFCxM4ywIGZHsMOKhXpJ46LW0vXjgbQnd/M/d0hxA3GkLcaCAowLp9gwKkfaVjeLp3bxxN5s5JbKqkAPKv56OkuKRHx7OEh7sKixfOxtw5iXY/FxERERHZl69vc7+LtPTMNo/bqiH/jZvN16n+naxEUnjDvtezQvQIwGuQXY7t7q4CYLu/M3I+nKJCdldSUiJVb4QMDexRcyAhMhyuf3uz6ZZo/N/5yzDk5sOw5yjEa4Xt7idbMAsuv/4p2mTUsp6VQHi4q5AQH4sjx04Dooisy5kICrb/G+rcpITuh0RERERE1GfEjBmD9PMZAICsnLw20zBaViP0pC9HmQVLw5aVqVFwoxiRE2K7fR5HCmWwMeCxgoPsLv1smrQdNyG6Z7+YCwIglzX9yAEXOYQp4yFftRiun/8R8hefaHc3l5dWG58v7dv0Y4OQYFrCPdJ21pXsHh/PEgw3iIh6pqxMjUNHUrB771Fs2LgDH36yGbv3HkVaRqa0NCMRUW8YPrK530V6Rvv9I2LHRwMwrn7SshLDGtk5edJ2XOzodp9zKuUCPH18u3X8vsTf3/lfA3UPKzjI7gquN1dVdPRm2iPUZxeNAAAgAElEQVSmCYQyQP7IYqDkDvTb9pk/R6MBfDxtf24YS+BUSgU02nqUlpRAq9VCqeS8PyKivig5NQ279hxtd5nFtIzm0vDE+DgsWTgb/v5cApyI7EupVJo1Gk1OTUdivHkFRXRUhNQ8Mz0js1tTMLKaloX18/Nud/+yMjUOHTuNx3/S/heGzoTv3QMXKzjIrior1CgtMabMvr7tv5nalEwG+cpFbe7W77VfA1BBEKRUXRRFZPdSFQcREVnuxs0SvPabd7Fh4452w43WklPT8NbbH7U7H56IyNZm3Tdb2t6992ibx2PHN09baRnGWurGzRKUl1cCQIfTxT/8dAvcFG69Mt3aXjR1WqiUih5NiSfnxoCD7CorMxti0xpX0ZHDe2dqRUgghFaVIvqteyE2pdb2EDuh+XxXr1yx23mIiPobS8KGnkpLz8Q7721oc67AoEBMnTYVM+fMxMw5MxE1OgoKhUJ6XKPR4sNPN0vfehIR2UvEiHAMizBOVblbVoHDR1PNHg8I8EFoSCAAY1hhST+Nlg4fTZG2Y8e3rajeun0/btwsRnRMtLVD71NSTqcjId45+4eQbXCKCtlVRVm5tN0yee62kjvQ7z/e9fPqNOa3K6vR+PT/QP7wQrOVU+TzZwJBg3s8rOjo8OZTlVf1+HhERM4oKioC2GesmLN0/vNdKy/SrVVZVYPdn242uy924gTMvi8J3r7tlzCnn0vHzi93SLezs/P4bSAR2d2s+2Zj46efAzAGDpGjhptVPyfGx2HbVwcAGKvMFi+cbdFx6zRapDX19lApFYiLNQ8xklPTpUAlYXpCT1+GmbIyNcorKru1b51Gi7IyNRLiYy1a9jU5NR01tXVY85MV3Tof9Q8MOMiuSoqbOz17DOrZkqwAIN66A/36bV0/0aBve19DI/RbdqPlSiqyCaMh2CDg8GhakgqANCXHXrbvOIhj35+Fr48X3vj1C7bok0pEZBMBLZYdtHT+c4C/D3JyC2w7jhbHTDmdLt2vUCiw8slHEB4xvKNdAQDerZZPbNlMmojIXsIjwjHhnvHIuHARoijiLx98jl/99xrp/TRuQowUcBw6moo5SQkW/eJ/+EgK6pq+/Itt1fB/z75j2LX3KERRxIR7xsPHzzbNOes0WuzZd6wpOBG7fRxRBHbvO4a5s+ORNDu+3ddbVqZGcmoaRFHEz9c+yWb8AxwDDrIr0/QUAPBvscZ3dwlB/pA/uqTL5xnSr0JsOW860B/y6VMAD5XZ84Qg/x6PycTX1wsVFVVmr9keli6ei8ULZkMQBIYbRNSntAw1LK148DcLRWxzYb1kYRKSU9MhkwloaNRJsfaDDy/rMtwAgGPfHZW2E+Nj2ayOiHqFIAAPLH8QFRWVuJFfiNpaDT5avxVPPvYAQkOCEBDgi4SpE5ByOgN1dRrs3nsUKx6a3+kxy8rUONRiusvihUnS9hf/+gbJKRcgiiIUCgXmLV5gs9eiqdOitrYOBoOhx8eqra1DTW1du4/VabTIzi1AWkYmQkOCUFFRxffsAY4BB9lVtbp5uoZN3myCh0D+zMounya+9qfmrNjdHW7v/hoICWq7LKyLvOdjauLv54OKCuPrrVJXwsun54FOe1xc5HCx4biJiEzqNFqkZ2QiKzu/W70xwkKDEBEegsZGnRX7BEvbtroo9ff3wdjRI3H5Sq70Td68xfMRPbbrueXp59JRcD1fur2kxS8DRET2JpPJsPLxldj4yRcoLS3FjZu38Of3v8Bzz6xE1KjhWLwwCSmnMwAAh4+mYu7shE7fO7d9tV+q3kiYOgGDA3xRp9Hi4/VbkZWdJ30x98BDS6FyV3V4HGv5+/vgiR8txcJ5s5B8Oq1Hx0qcGoeAAF/IZG2/2XNXKZEwdQLGj4vEux98gf/vD5/g52ufQGiI8zZKpZ5hwEF2pVY3XyDbpFxMEADXrv9va2hRvSFfMAMID20bbthYy9dXYceAg4jI1uo0Wmz9cj/SMjKh0Wi7fZzsnHwAInx9vFGn0VpUOt2dqg9LaBsapff9qNFRiL83vut9tFpWbxCRw7m7u2PF4yuwdeNWlJaWora2Dn95/3MsWTALs2fHY9H8mdiz/zhEUcTufUfx5GMPtnucsjK1We+Nhx9agOzcAnyxaSfullVI4caSHz6AmHE26JXXikwmw5AhfliyqGdBsayLa3hBEDDIwx3rXnwCr/ziD/jo06147RfPWvQZRP0PV1EhuzK9cQ4NHtJr59Rv3w9U10q3ZYtm2z3cAIDIkcOkbXtPUyEispVDR1Lw2m/eRXJqWo/CjWYCKioq8dpv3rVo9RFTAz0/P9uFwmVlaly7VgjA2HfjwRXLLNov5ftkKZhXKRWs3iAih/H198Pjzz6ByJhIAIDBYMCufUfx+psfwNXNFSMiQgEAaRlZqOvgvfvwsRTpmnTG9Mn49B/b8O4Hn+PO3XJpWspjP3kCcZPj7Nq3QiYIPfqx1CAPd4waOQx37pYjJTW96x2oX2IFB/UKdxuWvHXGcOB76D/bZuxIBED2g+kQYkb2yrllMuaFROR8tm7fb3ZboVAgZmw0wkeMaNNssyMyAJoqNb49eARl5ZWAIECj0eLP723AkoWzu+z0HxoSCJWNvmm7cbPE7DWtfPIRKJVdH7uyQo3jh5tX6Zqb1HnZNxGRvbm7u2Pl46twYPd+nEk+A4NBRE1NLb7ZfQSiKMLLywNVVbU4cjQFkyeNQ+CQAADGkNfVzQWnUtLhIpdD7iLHd4dPQRSbv4QLCx+GeYvnIXhocL9qyml6LRfSr2LO7K4r96j/YcBBvcKe75vitQIYMrJgOHke4tmLQH2D8ZwjwuCy9kmgl4KHolu3e+U8REQ90XLJQREihKYWnAqFArN/kGTRVI72DcfouFhcSEnFjh3NAcOuvUdxIT0T98R2XP4sNP3s3nu0zWNRkeFQqZRm4+7I7r1HsavFMaZOm2pRU1EA2PHlTmnbz8+7xyXVRES2IJPJMG/xfMRPi8fxw8eQceGi1LizqqoWEIFj359FWXklUpt6c4gAkmZNha6xEY16PXT65tUFvX28MXPOLMROim1qWN9/wo2WbL06FzkPBhzUK67n3bDJccRrBdB99B/jdsldoPQuoDcAej2g0wE64xu47Af3wuVnjwMBvfftW21TAycior6srEwNuVwGvd5gvAoWjD0qHlyxzKJKh84YRCA2Ph7Bw4Zj88bNUFdUAgBuFpXgZlEXS2iLQHYnF6T+fj6Ym5SAuUkJbR67cbMEGzbuwM2iEqiUCowdF40p0xIxONiyJnOpJ1PNGouuftyyKS1ERL1BJpPBL8AfDyx/EOMnxiH7ciayM7NRqa4EBKCyqgaXrl4zCzLOnL9stopUZEwkYsaMxoSJEyCTyfptsGHC6eIDFwOOfuyttz9ERUU1hgYPxn+te8ohY3Bzc0NDQ4PxQtoWKmshJl8wbhtEoNXSU7If3Av5svshjB4JKBW90nvDRKOpl7YVCrdeOy8RkaXqNFq8894G6PSGpqoJAUuXP4jYSbE2Pc+Q4CA8u/Y5HNi1D+nnM7p8vggAAtDZO3ZZuRpbt+/HqZQ0vLJutdQ8zlS1ERoSiJWrHkRETDTcFJYHNVqtFkdbNBaNHR9t02anRES2IpPJMGJkBCJGhOP+xfNQUlyCwrxCaOrqUFVZiYqmUBkAwiOGQxRFBAcPReSYKMgEAYKs/1ZsEJkw4OjHfr52NUSDCJnccb0hhgQH4maBsXqj6NZthAztWbNRYUI04OcN3C43f8BdBdc//gLC6FGAwhWQ9/4yqkW3SqXtwKDAXj8/EVFn6jRavPPuBmg0WggAXFxc8OiPH7N4Coe1lEollj68DLGTJyL97HmzC+/WBBjzaNNlt2lbgDGAuFnU/P56s6gE77y7AatWLMTOXYcQGhKEl195Dl6DA9GdL+x2btuBeq2xQZ9KqcDK5QusPwgRUS9pOa1kaMhQBA8diqaY2KxqwfScvjgNxdJVtmy1Hw0sDDj6MY9eauzZGT8/HyngKCur6HHAARc5XF99Fo2vvm12t+zeSRDiRjsk2DAxzYf08vZiw1Ei6nO2frlfmiYSGBSIVU+sgrev/afxhUcM73GIUq1WI/lEMlJOngZgDDmOHE3FM88/hdoGESLQrXAj63IWsq5kSbeXLEpiY1EichrG8ALovP6t79n4r28QFRmOpFlTrdrv4/VbMXdWPCZMiLbTyKg/4G9hZFeBwcHSdmdzq60hJMZBGB9lfmdDg0PDjUuXc6TtIUG9tyQuEQ1sdRot3vrfj7DmhTdwKiWtw+cdOpKC5FTj41OnTcWal57rlXDDVjx9fHD/4gWYOWemdN+lq9dQ0xRudIdWq8WOL3dItyNHDW+3vwcREZkL7MG1bnZuAS6kX8WuvUc7XN62PSmnM5CVnYdtXx/o9rlpYGDAQXY1LGKYtJ2dY6Nuxi4ucPnZY2Z3GZIvQMzI6mAH+8vMzpO2w0dEOGwcRDRwmKacmKoyPt+0o92QIysnH1u374dSocDKx1Zh/hLnnYKRMCNR2q7XalFS3EXj0k60npryFBuLEhFZRKVqrhKPtLJnUXZ2HkRRRG1tndn0w66cSjkPURRx526Fzb40pf6JAQfZVfDQYLi5GRtu3iwqhkZb38UelhHGRUM2d1rzHQ2N0P1tk02O3R0ZF7Ol7eEj7DOfnYjIpHW4YdI65KjTaPHhJ5sxLGI41rz0HKLHOndZr1KpxLAW01203fxMST2ZyqkpREQ2YG1/j5Z9QqxZ6cRgaO4zwhVSqDMMOMiuZDIZImNGAQD0egPOnr1kmwO7yOHy4+VAiz4j4uVsGL49aZvjW+FW8W3cuWtseurl5YXgocFd7NHMz9fLXsMion6qvXDDz89b2m4ZcvzxLxswJXEqVj+72qmmpHSmtNjyb/zaU1Jc0mbVFE5NISIi6h8YcPRz3x465eghIGbMGGn7VGrHc8StFhEK+YP3Nd/W6aH760agps5257BATm6B1GB0VMwoqxqM+vv1j184iKh3tBduPPnYg3j9f55HaEjz6k2fb9qBj/+xHfctno/ZP0hyxFDtIvVkqjStRKFQICjYuhWrtFotdm7daTY1ZfUTnJpCRETUX3AVlX6soqIKu/cdw/R7J0GlVDhsHNFjouHp5YnqqmoUFBbhWt4NjIwI6/mBZTLIVy2Gfsd3QJ3GeN/tMuj//Q3kz67q+fEtdPT4GWk7dlKcVftytRUislRH4ca0BOP7zivrnsI77/5TmtN8/vxFhI0cCdhpGdjelnoyFQd275dux4yNhlJp+XKBWq0Wn3/8OUpLmv/+nl/zCJccJKI+pbSkFBcvZKDgeiFul/asYs1SCqUSUTGRiB4Tg7DwMIveW8PCh+FGfiHfQ6nPYcDRj128nA2tth6XLudgyqRxDhuHi6sLxsWOQ/L3ydDrDdh/8AR+tuYR2xx8sB9cnl0J3bsbjLdFEfr/7DZWdgwJsM05OvHtoVMoKb0LAAgJC8XQkKFd7jN4yGB7D4uI+pn2wo3FC2ZJ4QYAuKuUbUKOndt2ACIQOzm2xSKCxi1RBASheYlr4yMt5lLbadXBguv5xj/zLGsSV3yrGKW3SqFWq6X7FAoF5lnRLLW9cGPO7HhEW9kcj4jIXqrUlfjmq10ozDNWBvdmr4nGxkaknUtD+oV0yAQZFi9bgvH3jO90H1PvjZbVg0R9AQOOfiwzy7iyR1Z2nkMDDgCIvzcB51LPoaGhAVeuXsOt4jsYGmyDX/QFAbKlPwD+9Q1wx9gHAxotdH/+J1zefrXnx++ERluPQ0dSpF8OpifNgNyCpWrdW/QNISLqSnvhRmJ8LJYsajv1pN2Qo2kp1NhJsU3PatngrfMGcYLp2a2eI4qGNoGJiVarRemtEqjVlaisUKP4VjG02nop2OgphUKBJ9estqp648Cu/WbhRmJ8LFYud97VZIio//H09sKqJ1ahpLgEGefTUZhXiNult3vl3AqFAlGjIzE8IgKRoyPh4eFh8b7WNhklsjcGHP1Ydk5+05+OX0rJ08sTE6dMRMrJFOh0OuzcfQjPP2OjaSQqBVxe/jF0r/1Justw6jwMKWmQJVg3ZcQaJ06eg7qyGgAQMDgAIyNHWLQfPwiIyFIdhRurO1nS1LKQwzJSFNLqW0Shk/IOdYUaoiCgoqwcWq0WGo0WlRXqDp9vjdiJEzBvyQKrwo2d23Yg/Xy6dLurvz8iIkcQBAEuLi4ICQ1B8NBgiIbeXS1EJpNBkAmcPk1OjwFHP1ZTa2y2aVrhw5EEQUD8jAScP3MeDQ0NuHwlF+cuXMGke8Z0vbMFZNMnQRgbCfFyjvGOhkboP/wXZOOjAA93m5yjpYqKKuzZf1z64EmaPxcuLtb/c1Jx3iIRdaA74YaJLUMOawUFBwEAwtvp/VFZoUaFuhKV5WpUlFv+2RQ8dCiGjxxudc+NA7v2M9wgIqciCIKxIrjromCHCgwagjvFJV0/kaiXMeDox0y/fLecX+1IXl5emH1fEg7uPYDGRh2+2vEtRoSHwtcWS6W6ucLl+UfR+MKb0l1ibiH0Ow9B/uiSnh+/BY22Hp//ayc0GmMX/ohREYiMGtWtYw0dOsSWQyOifqIn4YaJI0OOjnj7+hiXq7Vz49P2em4w3CAish2VSoWh7L9BfRBrkKjXCIKAiVMnYmhYCACgrFyNL/6103bHjx0N2eyE5jv0eui37AFul9nsHACwe+9R5OTmAwDc3Nzwg/k/6Fb1BgCLenYQ0cDT03DDxBRytGwCt/PLHUg/l97JXs6N4QYRUe/gtGvqixhwUK9yU7hh4QML4ObmBlEUkZ2bj+1ff2ubg7u6wOXHDwEtm3jeKYP+0622OT6AQ0dScOLkOeh0egDA/YvmYUiw9em1m8Jxy/YSUd/XMtzw9/Pp0S/nAynkYLhBREQ0sHGKCrWrZW+IBk29TY8dNDQY9y+ch907dkGn0+P4ibOAADz04A96fvCRw+Dy1joYdh2G2FS5YbhVCvntMmCIf48OfT7tKnbvOwZtfQMAIHZiLMbHje9WM6bGBuMxfH1sMD2HiPqd0JBAaVpJWbkaGzbuwOrHH+z28fridBVbY7hBRP1JlbrSbHlsexsWbt3UwaDgYNwqdPxCBkStMeCgdo2ICJO2L5y7gKgxUTY7tkwmw/h7xqOyshLfHzkObX09jp84i+CgwZjW01VP5HLIpk6AMHoUoNc33+/n3aPDnk+7iq92fou6Og0AIGJkBH6w8H64urlafazMS5kQRRFBgQHw9/Pp0biIqH9qHUYkp6YBAEOODpQUl+DzTz5HvVYr3cdwg4icTWlJKS6lXUTO1Ryo1epeXUVFqVJhWEQYomKiERkT2WVTZ6W7CqNGDOul0Rk/w0xUVjScpoGHU1SoXcPCghE+3Ngr41rONXy37zubHt/VzRWJMxIRMzYaAKDV1mP7joM4n3bVBgd3heDnDWGwn/SDHvS6OJ92Ff/Zsgd371YAMC4Ju+DBhXDvxuos1ZVV+Ha/cUrO/XPvhVzOf4JE1Ja7SonX/+d5JMY3Bw/JqWnYsHFHj4/b36ar5OcVtAk3Fi+YxXCDiJxKlboS6efTceXiFdy5cwcNDQ1obGzstZ/qqipcvXgVVy9dwY28G10PWEC3qpgnjDde+/v6epl9FnXFVOk9dfJ4hIWyuSl1jBUc1C4XFzlWLV+Ad//6BbT1DTiXeha3bhZhxKgRUCiN/SPcFAoMHhzQ7v6mRqKdUaqUWLh0MdzcFMi4kIGamjr8Z+seVFZWIWlWvE1fT3ddSLuK/2zdg6rqGgDA0NCheGD5Uvj7Wzbdpb6+HmW37wIAim4W4dzp81CXV2DBvBmYPGms3cZNRP2D6Zf05NT0pj9ZydFS+rl0aewmTz72YM+rAYmIepmntxfm3D8Hs+fORklJCXKuZPfq+QODgxA5OhIymcyuTfDDQoMxc/pkRI0Kh0fLvnldGDLEH8uW3ofE+Dg2N6VOMeCgDg0bNhQ/e+5R/GvzLpSUlqEwvxAlxSWQCca0VpAJHb4Btjd1Q+GmQEBgQNO2GwY39cQYFzcarm5yZJy/iKqqGuzeewxqdTWWLb3PTq/MMhfSr+LfW/egqsoYboyKGoFJ8ROh02lxLiUVAHDzZrH0/OrKalRVVZkdQzSI0Ol0AABdow5eXh5Y9fBCTJ08DgqFWy+9EiJyZgw52ndg936knkyVbquUCqxYvoDhBhE5JUEQjKvyuQBhw8IwNGRor55fJpN1qyLD+vMIWLJoNjzcrauEFgQB9yUlwsWFKxBS5xhwUIfkchlGjgjDiz99HDdvluBq1jWUlNyFUqmAj49nm+f7+Hi3e39wYACUSkXzGzea3sRdjduurq6IixqGWfETsH3HtygovIVjJ86gpPQuHlmxqN1j2pNWW4+vvzmEC2lXUFVVA29vTyxbeh9ioiKgVBmT5ujQwQCAxoYx0n4Ggx56vQEAkFdQ1Oa4vt6eCAjww6BB7lAy3CAiKzDkaKbVarFl4xYUXM+X7lMpFXhl3VMICw1y3MCIiGyk5TVzX+Xj7QVDN3vJeXkO6tZ+DDfIEn37Xw71iFLhJq340V1yuRwB/j7w9h6EUSOHoVGng0xov3JDLm+/pM3F1QWyLkrJVApXDHIfhjU/WYHjJ87h6LFUXLqSi79+9G/cl5SAhPjeudjOzLqO7Tu/w+1S47SS2TOm4N57JyJoSADcWlSlqBSdNxf1823b1LSjvx8iIkv05ZCjskINdYWx239JcalZPwxb0mg0SDuXbnb80JBAvLLuKbMGdEREZF/evj6AptLRwyBqgwFHPxYUNBj5TZUEWm09lE29M7rD1cUFroPs+38XuVwOfz8f3D93Gu6JjUFyShrSL2Vh+85vkZmdh1kzpyBieNe9PbpDW1+PHd8cQlpGJrSaeiRMjUViYhz8/Xzg4eHeZUDTmls3VlchIuqKI0OOguv5KMgzLgmY11Q9UXKrxG5hhiVix0dj9RPLGG4QEfUyQRAgk7EXBvU9DDj6Mc9BHtL29bybGDN6pANHYzkPDxVUqqHw9/PBnKQEXL6SiyuZ1/DpP7Yhdlw04qdOkFZ46Sm1uhqpZ9JxLu0qIIqYOX0KRseMQIAp2OAbNxH1Mb0dciiVSpw+lQxBAGQCUFamRkWFY7+1UykVWLIoCXOTEhw6DiIiS+Vk5mL2D5IcPQybqa6sxGC/thXLRI7GgKMfGxERiouXjR2Ys3PynSbgAIwNiDw9PeDp6QFvr0GImxCDisoqFBTcwumzGUg5nY7w4aGIiYqwukeHtr4eWVl5yCsoQm2NBqGhQfjhkrnw9zeGGkqlgsEGEfVp7YUcUZHhPWqw2VHIMWtGPH7586fa3ScrJx8AcPNmCerqNGb32Ut0ZDjmzklk1QYROQVfXy9UVFShpKQYhQU3MGx4mKOHZBsNGviHsO8R9T2CKIqiowdB9pF7vRB//PM/AAAhQwPxm9eed/CIesZgEKHV1qO+oQEGgwGiCFRWVqOxUSeFHEGB7S9bq1ZXAwBKSu/CTeEKpcINKpUSBoMBKqUSCoUr+2MQkdPZsPFrKeQAbLNEap1GaxZy2Oq4REQD0bHvz+LfW3YDAAZ5eWLJsiWIjIl08Kh6RgDgWq/G4ABfRw/FjEZbj1/99l3U1mqgVCjw3jv/4+ghkQMw4OjHGht1eOt/P0Tp7TLI5XK89NPHEB0d4ehh2YzBIKKxsREGUYRLUzjh6tp+UZJerwcANDQam6S6uMgZaBBRv8CQg4io79Lp9Pjwk824dCUHEAS4urrAz9cPXu00pO+KQumGoCDzqgk3pQKBgUPM7gsLH9ajMXemob4ewT5KKOQiBAt71Gm09SgqKkVFRSXKKyqRc63QLmMrL6/EreLbEEURUyePx9OrH7LLeahvY8DRzx387hS27zgIABgZEYb/fuVpB4+IiIhszR4hR1mZGq/99l3pduSo4fivde1PVSEioo6pK6vxyWdbce36DQDGBp2WhgMtCYIAodU0agFt75PJZGa3AwMDoXRvXmxAqVAiMGiwdFuhVCIw2BiShLcTjggABAHQ1dfD3RXw9Oh8imDRrds4c+4iiopKUXTrNjQaLQwGAwyiCFEUYdAbLHq91jIdX6lww5u/eRE+3tZNY6f+gQFHP1dWrsb/vbMelZU1cJHLsWL5fMyaMcXRwyIiIhtrHXI8/8wqxMXGdOtYxgqODbhZVCLdt3jBLCxZ1H8a5BER9RZRFFHf0IiU1HQc+/40bhXfsdmxR44w7+kRMnQIVEpli9uBcPdQSYGKSqlAaEgghBYhiABIt+WtwhGz1wGxKezoPJwxGAzQ6fQoK1PjTlkFcnMLUN5UvVFUVAptfYOVr9JyUyaNw4L7Z2Do0CHdCpHI+THg6OcMBgOOfX8Wm7ftBQB4ew3CT597FOHDhjp4ZEREZGstQw6VSolXXlqNsFDrm8Bt2LhDWp0FABLjY6XGpkRE1D06nR46nQ4Gg+0qGGStplzLWlWHyGSCsfyiiYC2FR72IooiDE0VG9K2wQDY8ddPFxcXuLq6MNwYwBhwDAAajRb/+PwrZFwyrqgSFhaMZ1YvR2Cgv4NHRkREttYy5AgNCcIr61ZbteLIoSMp2Lp9v3R7xUPzuRwrEREROQX5G2+88YajB0H25erqgpChQ3A16zpqazWoqanD1azr8PP1YchBRNTPxMWOhr+fD9IzMlFVXYPS0ruYMmmcRfveuFmCDz/dDMBYxvyjVUswa8Zkew6XiIiIyGYYcAwQgzzcMSI8FNm5+aipqUNNTR2u599AhboKIUOHQKlUdH0QIiJyCmGhQYibEIMzZy8aV0IRRURHdb6KVp1Giz+/twEajRZ+ft546WePY9yYUb00YiIiIqKe4xSVAcRgMCC/8Bb+vWUPbtwoBgC4uyvh5+uNe2LHYMrkcQgcwooOIqL+ok6jxd8//g9ycgu6XFnlwxKiwSUAACAASURBVE82Iy0jE7Hjo7H6iWVWTWshIiIi6gsYcAwwBoMBt2+X49vDp3Dm7CXUNxi7GA8a5A4vz0EYNzYS9yUlwJvLKhER9RtbvtyH5NT0DpuO7tpzBLv3HWO/DSIiInJqDDgGqAp1FW7cKMbxE2dx8XKOdL+7uwr+ft64J3Y0xo2LwvCwYAeOkoiIbOVUShoOHUnGK+ueMqvOSEvPxIaNX+P5NY8gOjLccQMkIiIi6iEGHAOYTqdDhboKRUWlyM4tQHZOPgKH+EOhcENoSBDGjh6JwMAARw+TiIhs5MbNEuzacwQ/XfOIdHvLl/vw0zWPcEoKEREROT0GHASdTofaOi1qa+ugcHODTCaDi6scKqUCLi4ujh4eERHZUJ1Gi7T0TMTFxiAtPbPTvhxEREREzoQBBxERERERERE5PZmjB0BERERERERE1FMMOIiIiIiIiIjI6THgICIiIiIiIiKnx4CDiIiIiIiIiJweAw4iIiIiIiIicnoMOIiIiIiIiIjI6THgICIiIiIiIiKnx4CDiIiIiIiIiJweAw4iIiIiIiIicnoMOIiIiIiIiIjI6THgICIiIiIiIiKnx4CDiIiIiIiIiJweAw4iIiIiIiIicnoMOIiIiIiIiIjI6THgICIiIiIiIiKnx4CDiIiIiIiIiJweAw4iIiIiIiIicnoMOIiIiIiIiIjI6THgICIiIiIiIiKnx4CDiIiIiIiIiJweAw4iIiIiIiIicnoMOIiIiIiIiIjI6THgICIiIiIiIiKn5+LoAZBt7N27F++99550e8WKFXj66afNnlNRUYEPPvgAaWlpiIiIwLp16xAWFmbXcTz11FNYtWqVTc9BRETU1/TGZywRERF1jhUcA8hnn32GkydPora2FpcuXcIf/vAHRw+JiIioX+BnLBFR77l69SrmzZsn/Tz//POOHhL1Eazg6EMMBgPOnz+PM2fO4NKlS7h79y40Gg38/PwQHh6OxMRE3HvvvRg0aFC3jp+VlWV2OycnB3q9HnK53BbD75cqKyuxYsUKq/dLSkrCL3/5SzuMiIhMWv/7VCgU+Oabb7rc75e//CUuXLgg3X777bdxzz332GWMA4nBYMDZs2dx6tQpXLx4EWVlZQAAPz8/jBw5EhMnTsT06dPh6enp4JHaBz9jiZxTd6/1EhIS8Oabb9phRLbV3ut78803kZCQ0Ol+P/vZz5Cbmyvd/vrrr+Hu7t7lsVtTqVTw8/NDREQEYmNjMW3aNAQEBFg83o4+293c3Dq9TQMXA44+4uzZs1i/fj3y8vLaPFZcXIzi4mIkJyfj008/xRNPPIElS5ZAEASrzhEZGYnCwkLp9siRI3nhRUREPZafn48//vGPZhfDJkVFRSgqKsLx48fx4YcfYunSpXj00UehUqkcMFL74WcsETmL9evXY/LkyXBxsf+vghqNRvocOHHiBD7++GM88sgjePTRRyGTdX8yQetAw9XVtadDpX6CU1QcTBRF/Otf/8KvfvWrdsON1qqrq/G3v/0NW7ZssfpczzzzDBITE6FSqTB27Fj84he/6M6QiYiIJLm5ufj5z3/ebrjRWn19PbZu3Ypf//rXEEWxF0bXe/gZS0TO4saNGzh48KBDzq3T6bBx40b89a9/7dFxFAqF2W1WcJAJKzgcbNOmTdi0aZPZfVOnTsXSpUsRGRkJDw8PlJWV4dSpU9i0aRNqamoQGxuLZcuWWX0uX19fvPHGGzYa+cBkaQk8EdFAoNPp8H//93+ora2V7psyZQoeffRRDBs2DK6urrhz5w7OnDmDbdu2oaysDC4uLvjJT35idRViX8fPWKL+YaBc633++eeYPXt2m2knPdH6785gMKCmpgb5+fnYt28fDh8+LD22Z88ezJgxo9tTRL29vc1udzbthQYWBhwOdO7cuTbhxgsvvIAlS5aY3RcYGIhly5Zh5syZ+OKLL/Dss8+2SS2JiIh625kzZ8ymZYwePRpvvPGGWdlzaGgoQkNDsXDhQvzzn/9EZGQkRo8e7YjhEhFRE7Vaje3bt+Pxxx+32zlkMhm8vLwwYcIETJgwAQEBAdi6dav0+IEDB7odcCgUCvj6+qKiogIAEBQUZJMxk/PjFBUHMRgM+Oijj8zu+9GPftQm3GjJ398fL7/8Mjw8POw9PCIioi5dvXrV7Pa0adM6nNOtUCjw3HPPYe7cub0xNCIiaseUKVOk7W3btuHu3bu9du6lS5ea3U5LS+vR8UJCQqTtwMDAHh2L+g9WcDjIqVOnzL71GjJkCFauXGnXc+7duxfvvfeedHvFihV4+umnO90nPT0dJ06cQEZGBu7cuQODwYDBgwdj0qRJmD9/PsLDw20ylpCQELz77rvw8vKyal8vLy9s27YNAHDz5k18++23SE1NRUlJCWQyGYYPH465c+di/vz5vdJIyRIGgwHp6ek4d+4cLl68iNLSUlRXV2PQoEGIiIjAtGnTMG/evA6rdFq+fl9fX2zevBkAUFBQgO3bt+PChQuorKxEREQE/vCHP0ChUDj93xmRI+l0Opw4cQInT55EZmYmKioq4OnpiYiICCQkJGDu3LmdBs8d/fvLzc3F3r17cf78eZSXl8PLywtRUVFYvHgxJk6cKO1fVVWF/fv349ixYygqKoJcLseoUaMwb948JCUlWTTVo7GxEUeOHMHJkyeRnZ2N6upq+Pj4IDIyEtOnT8esWbO69e+95dQUAKirq7P6GLYerzXvkQsWLMBf/vIXad/77rsPr776aofjun37ttm3nYmJidK0lN78jLXFf88LFy7gu+++w5UrV6SpQ0OGDMGkSZOQlJSEUaNGdbo/EbXPlp8Zll7nWWPmzJm4du0aysvLUV9fj02bNmHdunXdf8FWCAgIgIuLC3Q6HQBjFYnBYOh2s9HAwEBcunRJ2u4I3+8GFv724iAnTpwwu71o0aI+Ne2kuLgYf/rTn6Q3jZYKCwtRWFiIr7/+GsuWLcOaNWusmkudkZFh1lho0KBB+N3vfmdRuNFaVVUVKisr8dVXX2Hbtm3Q6/Vmj1+5cgVXrlzBuXPn8Prrr/eoW3NPNTY24uDBg9iyZQtKS0vbPK5Wq3HhwgVcuHABu3btwu9//3sMHjy402OaPhi+++47vPfee9IHBgCUlpa2+/8pZ/o7I3K07OxsvP322ygqKjK7v7y8HOXl5Th37hy++OILvPjii5g1a1aXxzP9+/vPf/6DHTt2mDXavHPnDu7cuYOTJ0/imWeewfLly3Hq1Cm89957UKvVZsdJS0tDWloaLl26hLVr13Z6zitXruDtt99u875jOt+pU6ewbds2vPHGG1aX+La+oNyxYwemTZuGqKgoq45jr/F29R45ffp0fPDBB9L9ycnJ0Ol0HYYDZ86cMbttyX/z9vTkM7anfz+NjY145513cOTIEbP76+vrkZeXh7y8PHz55Ze499578dxzz2HIkCHdeo1EA5GtPzO6c53XFa1WixUrVkiV5Pv378fSpUsRERFh9bGspdfr21x39qQfU8v3uPaumfl+NzDxNxcHMBgMOHfunNl9kydPdtBo2srOzsbzzz/f7oVXa56enla9MRUVFeHNN9+U3tzkcjl++9vfIjQ0tNvjfeGFF7B58+Y2b5gtnTp1qs2bW2/Ly8vD+++/32640VphYSHefvttGAyGTp8niiIOHTqEP//5z2YfeoBxycKOOMvfGZEjnTt3Di+//HKbC9XWqqur8fvf/x7bt2+36Lhr167F119/3ekqIuvXr8e7776LN998s0240dKePXva/NLd0pkzZ/Dqq692+b6Tl5eHV199FdXV1V2/gBYSExPNPgM0Gg1efvllbNiwQZoXbQ1bj7er98hBgwZh2rRp0n21tbW4/P+3d+dRVpb3HcB/9zJmmJFBwGGIiESOohK2CJWgxT1CJFqXmFYlwe201pzWvccV0+iJtY2xNDkSl6CJhpjW1FYMcUmMVURRERGIiqgkRBth2BwQGRnm9g/O3HKZGWaf4Rk+n3M8h/u8977vc99k3vd5v/dZfve7Rvc3b968/L+Liopi3Lhxuzx+Q9pyj22P8zNz5sxmXdvnzZsXv//975t8H7BdR9wzWtvO25UNGzbEl7/85SgrK8sf40c/+lGr9tVSb7/9dsG977Of/WybAo66kD2TycS+++5bb7vr3Z5JD44usG7duqiqqsq/zmQy8bnPfa4La/T/1q9fH9OmTYtPPvkkXzZ48OC44IILYtSoUVFcXBzvvPNO/OQnP4ni4uI455xzmr3vTZs2xU033RSbNm3Kl11++eUxatSoNtV59erVERFxyimnxBlnnBH9+/eP//3f/40f/OAHBQ3VOXPmdOnY70MOOSROPPHEePrpp2P//fePs846Kw4//PAoLy+PrVu3xvPPPx8zZszIn/ulS5fGwoULmwy/br/99gbLDzrooEY/k8o5g67y4Ycfxi233FLQoJw0aVJ87Wtfi/322y82bNgQTz75ZDz44IP5xto999wTQ4YMKRhe0ti+IyLOOOOMOOOMM6KsrCwWLFgQd9xxR/7vP5fLxeOPPx4R2/+Wv/nNb8bQoUPjD3/4Q3z3u98tGOI4Z86cgjHVdVatWhXf+c538t+hoqIivv71r8fYsWNjn332ifXr18eLL74Y9913X2zZsiVWr14dP/3pT+OSSy5p9nk64IAD4uyzz46HHnooX1ZTUxMPPfRQPPzww3HsscfG5MmTY/jw4U02Yjuqvk1dI48//vh47rnn8uXz58+P0aNH13v/pk2bCsaLH3XUUS2eE6st99j2OD+bNm2Kxx57LP+6pKQkrr322hg1alT06NEj3nvvvXjkkUfiueeei3POOadVAQ7siTryntGadt6ubNy4MUpKSuKrX/1q/PjHP46IiAULFsTChQubrEtbbN26Ne6///6Csrb+wDtp0qSYNGlSg9tc7/ZcAo4usPMvKmVlZbHXXnt1UW0KPfjggwW/Fh588MHxz//8z9GrV6982bBhw+LWW2+NTz/9tNnDF2pqauLWW2+N999/P1929tlnx8SJE9tc50wmE1dddVWcdNJJ+bIhQ4bENddcE1OnTs2XvfHGG1FdXd2moUDV1dWNXkjr3HvvvTF48OAGt51//vlx+OGHx/HHH1/QBXqvvfaKiRMnxpYtW+LOO+/Ml7/wwgvNuvj36tUrzj333DjyyCOjoqIiNm/evMveGZ15zqCzNOfvs7keeOCBgofQiRMnxpVXXpl/XV5eHlOmTInS0tKCCaPvueeemDFjxi6vjZlMJq677rqC7snHHHNMfPjhhzFz5syC944YMSJuueWW/DJ+hxxySFx55ZUF46UXLVoUuVyuXoDw4IMP5r9DeXl53HHHHQVdeCsqKuK0006LoqKi+P73vx8REY8//nhceOGFLfqbnzJlSnz00Ufxq1/9qqC8pqYmnn766Xj66adj8ODBceaZZ8ZJJ53U6PCPjqzvrq6RY8eOjZKSkvyx586dG3/zN39T73wuXLiw4Lp63HHHNePs1P+Orb3Htsf5ef/99wsewE4++eQYP358wbFvuOGGOPPMM9s0zAhS1px7yW233Vaw+kdH3jMiWt7O25W6uZJOPfXUeOSRR/I/ut57771x55135uvSHs8mtbW18dFHH8Ubb7wRDz30UCxfvjy/rUePHrtcXKGtXO/2XIaodIGdJ2Vrz/Wn2+Ljjz+OJ598sqDsiiuuKGh41clms9GzZ89m7/vuu+8uGJZz9NFHx3nnndf6yu7g1FNPLXhQrzNgwICCxl8ul4t169a1yzFbq6KiYpcN/C9+8YsFr5ctW9bkPvfdd9+4884746tf/WoMHDgwioqKonfv3tG3b99GP5PSOYPOtnHjxvjtb3+bf53JZOKCCy5o8L2nnXZa7LfffvnXK1asiDfeeGOX+z/11FMbHHs9YsSIgte9evWKm266qd494tBDDy24hnzyyScFvQIjtv9y9Zvf/Kagno3N6bNj74/q6uqCBmhz7LXXXnHZZZfFddddFwMHDmzwPStXrozp06fHRRdd1ODQjI6sb1PXyOLi4oKworKyMt599916+3nxxRfz/+7Zs2eLf3lsyz22vc7PzkHQm2++Wa9NErG94d+jR48mvhEQ0fH3jNa083alLojp1atXwaTJ7733XsH3aM3zSV04VPffySefHGeffXbcfPPNBdeiTCYTV1xxRYf2YHe923PpwdEFSkpKCl7vmPh2pcWLFxcknQcddFC7zCo8e/bsmD17dv710KFD4+qrr263ySt3FbT06dMnKisr8693l3MdsT08ePfdd2PZsmWxfPny/MRyO2rOGPYTTzyxxRMDpnrOoDMsXry4YIzwiBEjol+/fg2+N5vNxtFHHx3/8R//kS9bsGBBvbBiR439/e080fI+++wT++yzT4PHLCsrK7g+bNmypeC9S5YsKfgOM2fOrNc7pDE7/v23xHHHHRcTJkyIF154IR599NEGg4wPP/wwrrnmmrjxxhvjyCOP7JT6Nucaeeyxx+aHBEVEvPzyywX3v61btxYEHBMmTGhxz7a23GPb6/wceOCBMWTIkFixYkVEbG/w/+3f/m2ceeaZMWHChCYntgbq6+h7Rmvaebuy42pXkydPjv/+7//Ozxty//33x4QJE6Jnz571nlfaS3l5eXzzm9+MP//zP++Q/ddxvdtzCTi6QN2kPnU2bdq0y1nbO8vOk5Yddthhbd7nK6+8Um/Ctpqamk5LSnc+TlOTdjaluLi4IKxpjbVr18bs2bPj17/+daxdu3aX792yZUubjtUa7X3OoLM09+/z2muvjddee63R7XVz1NRpajnsnYek1c2x0VItuS429Xfa2jpEtC3ULCoqimOOOSa/DOFjjz0WTz31VEFX6pqamrjtttvi/vvvzz8EdFV964wePTr69u2bD42ef/75OPfcc/Pbly5dWnCc1qye0pZ7bHudn0wmEzfddFNcfvnl8dFHH0XE9v+/33XXXXHXXXfFF77whZg8eXJMmDDBL5rssVra1uuqe0Zrffrpp/l/FxUVxUUXXRQ333xzRESsWbMmnnjiiTj99NM7pIf5+PHj44YbbojPfOYz7b7vnbne7bkMUekC/fr1K/gFb9u2bQVzU3SVHSf/jIgWT57WkKVLl9ZbKWDFihXx8MMPt3nfKfrNb34TF1xwQfz85z9vMtyIEC5AV9i5C2tTv2LtvH3n4SJdoaFuuM21cwjfWgcddFBcfvnlcf/999ebvG3Lli0FQy66ur7ZbLZgQuV33323IJB46aWX8v/u1atXwdj75mrLPbY9z8/AgQPjrrvuiuOPP77eexctWhS33npr/N3f/V289dZbrT4m7ElSv2ccddRRMXz48Pzrf//3f4/q6uoGh881pbi4OJ588sn8f3fccUfB9kWLFrV4ta62cL3bM+nB0QWKioriC1/4QsyfPz9ftnjx4iYT3462c2OrLQ2qnZWUlMSgQYPy4+9mzZoVEyZMaHQyzu5o3rx58d3vfregbO+9946jjz46Ro8eHUOGDImysrKYMmVKF9UQiKh/LWyqJ9XO23ceatIVdv4Ol156aXzlK1/pkroMGDAgvvWtb8V1110XixcvzpfvOO58d6jvscceG7/4xS/yrxcuXBgnn3xy5HK5guVhjz322FZNvteWe2x7n59+/frFtddeG1OnTo1f//rX8cQTTxTMt/Tee+/F1VdfHf/6r//a6qUoYU+R+j0jk8nEX//1X+cnr163bl08/fTT0adPnzbve/jw4TFhwoR4/vnnI2L7d3/ggQfiiiuuaPO+m8v1bs+jB0cX2XkyyV/96ldd/mv9zutHN2eCy+bIZDIxbdq0uPrqq/Oz0tfU1MT06dO7/Dt3llwuF/fdd19B2WmnnRazZs2KK664Ik444YQYMmTIbjPhLOzJdh6X+/vf/36X7//DH/5Q8Lo9x0q31s7fYcmSJV1Uk+2Kioriy1/+ckHZjj0adof6Dh06NPbff//86wULFkTE9v/9d+yCfvTRR7dq/225x3bU+Rk4cGCcd9558dOf/jSmTZtW8P0bWtIRqK873DOGDRsWxxxzTP71z3/+83Zrk15wwQUFQ0CeeOKJePvtt9tl3y3herfnEHB0kRNPPLEgGV2xYkXBBGeNqa6uLpikrD2NHDmy4PU777zT4EzyLfX3f//3MXbs2DjwwAPj9NNPz5f/7ne/izlz5rR5/ylYv359wTCkwYMHxyWXXNJhEzgBrTdy5MiCJUKXLFnS6IS/tbW1MXfu3IKyMWPGdGj9mmPnCevmzp1bb5x4e3nttdfqDb9oyM5LGpaXl+f/3Zn1bUwmkykYprJgwYLYunVrLFy4MF/Wp0+fGDVqVKv235Z7bEefnx49esSECRPi+9//fsHKDDtPngjU1x3uGRGFQcSqVasKJlZui0GDBsUpp5xSUHb33Xd32bXF9a77E3B0keLi4pg6dWpB2YwZM+Lll19u9DMfffRR3HjjjfG9732vXs+HnWdzb80faN++feuNk54+fXrBbMs7as54tUmTJhV0o50yZUpBV7yZM2d2eiO2K1RXVxe8LikpKbgZ1nnqqac6q0pAI/bZZ5+CX+kb6oFV59FHH40//elP+deDBg0qGMvcVfr06VPwHWpqauL222+vdy3aUWvGgS9dujRuvPHGuPTSSwuGn+ystra23vVt7NixnV7fpuz4C+aWLVvirbfeKph/47jjjmv1ZHRtuce25/mZNWtW/M///E+D23r16lXQ3T6bzTZ4rwL+X3e4Z0Rs7+Gw4w+Rr776arvt+5xzzin4UW/p0qX1gp6O4Hq3ZxJwdKHJkycXzMReU1MT06ZNi+nTp+fXat66dWv86U9/itmzZ8fFF18cixcvjt/+9rfxwx/+sCDE2Hk5qmXLlsWnn37a4qDjvPPOK2i8vf3223HllVfGyy+/HJs3b45PP/00li9fHt/5znfisssuazLdHThwYMHrsrKyuPDCC/OvP/nkk5gxY0aL6piifffdtyCEWrZsWfzXf/1XbNy4Maqrq2PZsmXx7W9/O374wx92YS2BOuedd17B3+xTTz0Vd9xxR7z//vtRU1MTa9asiVmzZsXdd99d8LmLL754t5mN/fzzzy/4Dq+//npcdtllMW/evKiqqora2tpYv359zJs3Ly6//PK4/vrrWzRs8IMPPoh//Md/jJqamvjggw/iH/7hH2LatGnx3HPPRWVlZdTU1MSGDRti0aJFcf311xcMqxg4cGBBmNAZ9W2OAw44oGAM9jPPPFOw3G1rh6fUacs9tj3Oz6uvvhoPPPBA/NM//VNcc8018eKLL8aGDRvy/5+eOXNmQW/D1vZWgT1Nd7hnRET81V/9VbssMrCzvn37xtlnn11Qdu+99+4ypG0r17s9l0lGu1Amk4mrrroqMplMQbr4+OOPNzlc5YMPPojq6ur8aixDhgyJoqKi/PCVxYsXx6mnnhr33ntviybyPPjgg+Oyyy4rmPV4xYoVMW3atAbfP3369Bg2bFiLJiKaNGlS/PKXv4x33nknIiJefPHFePbZZ1u17F5nq66ujkmTJjXrvbNnz87f7D7zmc/ExIkT47HHHstvr1umCtj9DBo0KK677rr49re/nQ+K62aFb8zUqVPr/ULflQYNGhTXX3993HzzzfnhIStWrMgvB9iQZ599tsHZ5htSVVUVpaWlBTPiv/zyy7vsiRix/VezG264oV7Pw46ub3OdeOKJ+QmxdxxGWV5eHp///OfbtO+23GPben5qamriBz/4QX7bokWLYtGiRY1+NpPJmPQamqk73DMitvdGmTJlStxzzz3tvu/TTz89Zs+enV9FcPXq1fHII4/EOeec0+7Hcr3bs+nB0cWKi4vj2muvjUsvvbRgHFhjSkpK4qKLLopbbrmlYKnZPn36NPjg3dRERw2ZNGlS3HzzzU3WJ5PJxMSJE1s8j0Q2m41LLrmkoGzGjBn5Naq7qwsuuCAOOeSQRrfvtdde8Zd/+ZcxceLETqwV0Jgjjzwybr/99qioqNjl+0pKSuKqq67aLRtH48ePj+9973sxaNCgJt87cODAFi0LOGzYsLjrrrviG9/4RrOXah0+fHj827/9Wxx88MGdXt/maqyXxgknnBDZbNubTW25x7bl/BQVFcW//Mu/1Os505BevXrFt771rRg2bFiT7wW26w73jIiIU045pcnv0Bo9e/aM888/v6DsoYceijVr1rT7sVzv9mx6cOwGMplMfOUrX4kTTjgh5s+fH6+88kosX7481q1bF1u3bo1+/frFgQceGEcccURMmDAh9tlnnwb3c/HFF0dpaWk8++yzsW7duigrK2tyqarGfPGLX4yf/OQn8cwzz8TLL78cy5cvj/Xr10fPnj3jc5/7XIwZMyZOOumkVl8AR4wYEccff3w888wzERGxYcOG+NGPfhRXXXVVq/aXgr333jtuv/32+OUvfxnPPPNMrFy5MrLZbOy///5xxBFHxCmnnBLl5eXx1FNPmYsDdhMjRoyI++67L5577rl44YUXYtmyZbF+/fooKyuLIUOGxLhx4+Kkk07qkAft9jJs2LC455574oUXXogXX3wx3nzzzVi7dm1ks9no379/jBw5Mo466qgYM2ZMix/gS0tL4+tf/3p87Wtfi1deeSUWL14cb775ZqxZsyaqqqqipKQkKioqYsSIETFhwoR6k/F1dn2bo7y8PA4//PB47bXXCsrbOjxlR225x7bl/FRUVMQNN9wQU6dOjeeffz4WLFgQH3zwQWzcuDF69eoVQ4YMiSOOOCK+9KUvNdrWABrXHe4ZxcXFceGFF8Ztt93W7vv+0pe+FI888kisWLEiIrb3jP7xj38cV199dbsfy/Vuz5XJmS4WAAAASJwhKgAAAEDyBBwAAABA8gQcAAAAQPIEHAAAAEDyBBwAAABA8gQcAAAAQPIEHAAAAEDyBBwAJDYj7QAAD6RJREFUAABA8gQcAAAAQPIEHAAAAEDyBBwAAABA8gQcAAAAQPIEHAAAAEDyBBwAAABA8gQcAAAAQPIEHAAAAEDyBBwAAABA8gQcAAAAQPIEHAAAAEDyBBwAAABA8gQcAAAAQPIEHAAAAEDyBBwAAABA8gQcAAAAQPIEHAAAAEDyBBwAAABA8gQcAAAAQPIEHAAAAEDyBBwAAABA8gQcAAAAQPIEHAAAAEDyBBwAAABA8gQcAAAAQPIEHAAAAEDyBBwAAABA8gQcAAAAQPIEHAAAAEDyBBwAAABA8gQcAAAAQPIEHAAAAEDyBBwAAABA8gQcAAAAQPIEHAAAAEDyBBwAAABA8gQcAAAAQPIEHAAAAEDyBBwAAABA8gQcAAAAQPIEHAAAAEDyBBwAAABA8gQcAAAAQPIEHAAAAEDyBBwAAABA8gQcAAAAQPIEHAAAAEDyBBwAAABA8gQcAAAAQPIEHAAAAEDyBBwAAABA8gQcAAAAQPIEHAAAAEDyBBwAAABA8gQcAAAAQPIEHAAAAEDyBBwAAABA8gQcAAAAQPIEHAAAAEDyBBwAAABA8gQcAAAAQPIEHAAAAEDyBBwAAABA8gQcAAAAQPIEHAAAAEDyBBwAAABA8gQcAAAAQPIEHAAAAEDyBBwAAABA8gQcAAAAQPIEHAAAAEDyBBwAAABA8gQcAAAAQPIEHAAAAEDyBBwAAABA8gQcAAAAQPIEHAAAAEDyBBwAAABA8gQcAAAAQPIEHAAAAEDyBBwAAABA8gQcAAAAQPIEHAAAAEDyBBwAAABA8gQcAAAAQPIEHAAAAEDyBBwAAABA8orWrFnT1XUAAAAAaBM9OAAAAIDkCTgAAACA5Ak4AAAAgOQJOAAAAIDkCTgAAACA5Ak4AAAAgOQJOAAAAIDkCTgAAACA5Ak4AAAAgOQJOAAAAIDkCTgAAACA5Ak4AAAAgOQJOAAAAIDkCTgAAACA5Ak4AAAAgOQV1f0jm81GcXFx9OzZM3r06NGVdQIAAABo1LZt22LLli1RXV0dtbW1ERGRqayszBUVFUWfPn26uHoAAAAALbNhw4aoqamJbDabjd69e3d1fQAAAABarHfv3pHNZiNbXFwc2aypOAAAAID01E25kampqcmZcwMAAABI1bZt2yKTy+VyXV0RAAAAgLYwNgUAAABInoADAAAASJ6AAwAAAEiegAMAAABInoADAAAASJ6AAwAAAEiegAMAAABInoADAAAASJ6AAwAAAEiegAMAAABInoADAAAASJ6AAwAAAEiegAMAAABInoADAAAASJ6AAwAAAEiegAMAAABInoADAAAASJ6AAwAAAEiegAMAAABInoADAAAASJ6AAwAAAEiegAMAAABInoADAAAASJ6AAwAAAEiegAMAAABInoADAAAASJ6AAwAAAEiegAMAAABInoADAAAASJ6AAwAAAEiegAMAAABInoADAAAASJ6AAwAAAEiegAMAAABInoADAAAASJ6AAwAAAEiegAMAAABInoADAAAASJ6AAwAAAEiegAMAAABInoADAAAASJ6AAwAAAEiegAMAAABInoADAAAASJ6AAwAAAEiegAMAAABInoADAAAASF7Rxo0bu7oOAAAAAG2iBwcAAACQPAEHAAAAkDwBBwAAAJA8AQcAAACQPAEHAAAAkDwBBwAAAJA8AQcAAACQPAEHAAAAkDwBBwAAAJA8AQcAAACQPAEHAAAAkDwBBwAAAJA8AQcAAACQPAEHAAAAkDwBBwAAAJA8AQcAAACQPAEHAAAAkDwBBwAAAJA8AQcAAACQPAEHAAAAkDwBBwAAAJA8AQcAAACQPAEHAAAAkDwBBwAAAJA8AQcAAACQPAEHAAAAkDwBBwAAAJA8AQcAAACQPAEHAAAAkDwBBwAAAJA8AQcAAACQPAEHAAAAkDwBBwAAAJA8AQcAAACQPAEHAAAAkDwBBwAAAJA8AQcAAACQPAEHAAAAkDwBBwAAAJA8AQcAAACQPAEHAAAAkDwBBwAAAJA8AQcAAACQvKKurgAAkKZMJhPZbDZyuVz+dUvs+Lna2tr8awCA1hBwQCepa/jXPQzU1ta2+PPZ7PZOV615EKj7fN1xPUgALZXJZPJhRGVlZaxduzZWr14dK1eujM2bN7dqn6WlpTF48OCoqKiIfffdN/r375+/TrpOAbujtrbpgI6Tqaqq0nqADpbJZGLz5s2xbNmy2LBhQ4waNSrKy8ubfUPMZrNRVVUVS5cujYiIESNGRO/evVv0+TVr1sTixYujT58+ceihh0ZpaamHB6BZ6gLSqqqqePXVV+Ott97q0OMddthhMXbs2CgrK4tt27a1uGcIQEfJZDKxdevWWLp0aWzYsCGGDRsW++23n5ADdhMCDugEuVwufvazn8XHH3+cLzvttNPis5/9bJMhQyaTiY0bN8bPfvazgvJvfOMbzQopMplMfPjhh/Hoo4/my/bee+8499xzPTQATarrsTF37twODzZ2dthhh8XRRx9dMAwGoKvU/WD1n//5nwW91k4++eQYPHiw6xTsBkwyCh0sk8nE6tWrC8KNiIg33nij2QHDypUr65WtWLGi2cd/4403Cso+/vjjWL16tYAD2KVMJhNbtmyJWbNmdXq4ERHx1ltvxaxZs2LLli2uV0CXaizciIh45513XKNgNyHggE6wadOmBsubczPMZDKxatWqeuWrVq1q9udbUieAiP8PNx5++OFWz6/RHjZv3hwPP/ywkAPoMrsKN4Ddi0lGAYACdcNSmgo3SktL83MCDRgwoFXHWrVqVX6OocaOVRdyTJkyJV8/gM7QnHBj7NixhqfAbkLAAQAUyGaz8eyzzzbamB88eHCMHz8++vXrFxH/vypTbW1ts8OHXC4X2Ww2evXqFZlMJsaMGRPr1q2L+fPnNzgsb/PmzTF37tw47rjjTOYHdIrmhBt/8Rd/EX369HFdgt2EISoAQF4mk4mqqqpG59wYN25cTJ48Ofr27Ru1tbX5ZatzuVyLelZkMpn85+r207dv35g8eXKMGzeuwc+89dZbsXHjRj04gA7X3HBj4MCBwg3YjQg4AIC8TCYTr776aoPbxo0bF2PGjIlt27Z1SHfsXC4X27ZtizFjxjQacixdulTAAXQo4QakS8ABAOTV1tY22Htj8ODB+XCjIwOGTCaTDzkGDx5cb/vrr7/ugQLoMMINSJuAAwCIiO0N+8rKyga3jR8/vsXDUNpSj1wuF+PHj29we2VlpV4cQLsTbkD6BBwAQN4HH3xQr6y0tDT69evXqasE5HK56NevX5SWltbbtnbt2k6rB7BnEG5A9yDgAAAiYvvqKR999FG98hEjRnRBbbYbOnRovbJVq1ZFNqsJA7QP4QZ0H1oHAEDeH//4x3plvXv37tTeG3VyuVz079+/XnlDdQRoDeEGdC8CDgAgr6EG/oABA7qgJtv169evXlljDyEALSHcgO5HwAEANKkrGve1tbWx1157dfpxge5PuAHdk4ADAGhSV6xaYqUUoCMIN6D7EnAAAAB7BOEGdG8CDgAAoNsTbkD3J+AAAAC6NeEG7BkEHAAAQLcl3IA9h4ADAADo1pqatDiTyUQul+uk2gAdRcABAAB0W7lcLkpKSuKss86K0tLSBt/z6KOPxocffmj1JkicgAMAAOjWhBywZxBwAAAA3Z6QA7o/AQcAALBHEHJA9ybgAAAiInY5wV5XTL63u9UH6B6EHNB9CTgAgIjY9SoD2WznNxl2dUwPHUBbCDmgexJwAAB5DTX0V61a1QU1afzYjT2MALSEkAO6HwEHAJB3wAEH1CurqqrqksZ9JpOJysrKeuUN1RGgNYQc0L0IOACAiIiora2NAQMG1CtfunRplwUcy5cvr1c+YMCAqK2t7fT6AN2TkAO6DwEHAJC377771ivbvHlzrF27tlMb9plMJtauXRubN2+ut62hOgK0hZADugcBBwAQEdsb+P37929w2/z58yObzXbK6iW5XC6y2WzMnz+/we39+/e3igrQ7oQckD4BBwCQl81m49BDD61XvnLlyli4cGGHhxx14cbChQtj5cqV9baPHj26S1Z0AfYMQg5ImxYCAJCXy+Xiz/7szxrc9tJLL8WiRYuiqKioQxr2mUwmioqKYtGiRfHSSy81+J4RI0bovQF0KCEHpEvAAQDk5XK56N27d4O9OCK2hxxz5syJ9evXR48ePSKbzeYb+C0JHurem8lkIpvNRo8ePWL9+vUxZ86cRsON0aNHR1lZmYAD6HAtCTn0KoPdR1FXVwAA2L3U1tbGMcccE3/84x8bnORz5cqVsXLlyigtLY2hQ4dG//79G1x9pTlWrVoVlZWVsXz58gaPVae0tDTGjRsX27Zt84sp0Cl2DDl+8YtfNHiNevTRR+Pcc88VvsJuQsABABSomwdjV436iO2rq7z++usdXp/S0tI466yzOm2SU4A6zQk5XnnllTjxxBNdn2A3oD8VdIJevXo1WN6cG2Eul2vwl9EBAwY0+/MtqRNARPO6Z3eGunCjpKTEwwPQJXaX6yHQNAEHdLBcLhcVFRX1boijR49udmN9yJAhzSpr7Pif//znC8pKS0ujoqLCwwKwS3WN+ilTpjQ6J0dHGj16dEyZMkW4AXS5XYUcBx98sGsU7CYyVVVV/hqhg2UymaipqYklS5bE+vXrY/To0VFeXh61tbXN+nw2m42qqqpYsmRJREQMHz48+vTp06LPr1mzJl5//fXo27dvjBw5MoqKityMgWbJZDKRyWRi48aNsWDBgli2bFmHHm/UqFExcuTIKCsrM+cGsFvJZDKxdevWWLJkSWzYsCGGDRsW+++/f2zbtq2rqwaEgAM6Td0DQsT2XwFaGi509ecB6q4jtbW1UVlZGWvWrIlVq1bF+++/v8sJQneltLQ0Bg0aFAMGDIjy8vLo379/fq4N1ylgd6RNBbsvAQcA0GJ1jfsdl0fM5XLN7m2x83vreqR5UAAAWssqKgBAi9UFEbplAwC7C5OMAgAAAMkTcAAAAADJE3AAAAAAyRNwAAAAAMkTcAAAAADJE3AAAAAAyRNwAAAAAMkTcAAAAADJE3AAAAAAyRNwAAAAAMkTcAAAAADJE3AAAAAAyRNwAAAAAMkTcAAAAADJE3AAAAAAyRNwAAAAAMkTcAAAAADJE3AAAAAAyRNwAAAAAMkTcAAAAADJE3AAAAAAyRNwAAAAAMkTcAAAAADJE3AAAAAAyRNwAAAAAMkTcAAAAADJE3AAAAAAyRNwAAAAAMkTcAAAAADJE3AAAAAAyRNwAAAAAMkTcAAAAADJE3AAAAAAyRNwAAAAAMkTcAAAAADJE3AAAAAAyRNwAAAAAMn7PzkLo7vj5+PDAAAAAElFTkSuQmCC
]]></system-out>
    <system-err><![CDATA[Nov 22, 2020 3:15:33 PM io.appium.java_client.remote.AppiumCommandExecutor$1 lambda$0
INFO: Detected dialect: W3C
]]></system-err>
  </testcase>
</testsuite>